[UTIL]   running in SA mode (no --phy-test, --do-ra, --nsa option present)
[0m[OPT]   OPT disabled
[0m[HW]   Version: Branch: HEAD Abrev. Hash: f0fce7c167 Date: Tue Feb 25 22:58:21 2025 +0000
[0m[GNB_APP]   Initialized RAN Context: RC.nb_nr_inst = 1, RC.nb_nr_macrlc_inst = 1, RC.nb_nr_L1_inst = 0, RC.nb_RU = 0, RC.nb_nr_CC[0] = 0
[0m[GNB_APP]   pdsch_AntennaPorts N1 2 N2 1 XP 2 pusch_AntennaPorts 2
[0m[1;31m[GNB_APP]   RU information not present in config file. Assuming physical antenna ports equal to logical antenna ports 4
[0m[GNB_APP]   minTXRXTIME 3
[0m[GNB_APP]   SIB1 TDA 1
[0m[GNB_APP]   CSI-RS 1, SRS 0, 256 QAM may be on, delta_MCS off, maxMIMO_Layers -1, HARQ feedback enabled, num DLHARQ:16, num ULHARQ:16
[0m[GNB_APP]   sr_ProhibitTimer 0, sr_TransMax 64, sr_ProhibitTimer_v1700 0, t300 400, t301 400, t310 2000, n310 10, t311 3000, n311 1, t319 400
[0m[NR_MAC]   Candidates per PDCCH aggregation level on UESS: L1: 0, L2: 2, L4: 0, L8: 0, L16: 0
[0m[RRC]   Read in ServingCellConfigCommon (PhysCellId 0, ABSFREQSSB 649920, DLBand 78, ABSFREQPOINTA 646724, DLBW 273,RACH_TargetReceivedPower -96
[0m[RRC]   absoluteFrequencySSB 649920 corresponds to 3748800000 Hz
[0m[NR_MAC]   TDD period index = 6, based on the sum of dl_UL_TransmissionPeriodicity from Pattern1 (5.000000 ms) and Pattern2 (0.000000 ms): Total = 5.000000 ms
[0m[UTIL]   threadCreate() for MAC_STATS: creating thread with affinity ffffffff, priority 2
[0m[NR_MAC]   PUSCH Target 280, PUCCH Target 100, PUCCH Failure 10, PUSCH Failure 10
[0m[GNB_APP]   Configuring VNF for Aerial connection with prefix (null)
[0m[NR_PHY]   Copying 0 blacklisted PRB to L1 context
[0m[NR_MAC]   Set TX antenna number to 4, Set RX antenna number to 2 (num ssb 1: 80000000,0)
[0m[NR_MAC]   TDD period index = 6, based on the sum of dl_UL_TransmissionPeriodicity from Pattern1 (5.000000 ms) and Pattern2 (0.000000 ms): Total = 5.000000 ms
[0m[NR_MAC]   Set TDD configuration period to: 7 DL slots, 3 UL slots, 10 slots per period (NR_TDD_UL_DL_Pattern is 6 DL slots, 3 UL slots, 10 DL symbols, 0 UL symbols)
[0m[NR_MAC]   Configured 1 TDD patterns (total slots: pattern1 = 10, pattern2 = 0)
[0m[NR_PHY]   Set TDD Period Configuration: 2 periods per frame, 20 slots to be configured (7 DL, 3 UL)
[0m[NR_PHY]   TDD period configuration: slot 0 is DOWNLINK
[0m[NR_PHY]   TDD period configuration: slot 1 is DOWNLINK
[0m[NR_PHY]   TDD period configuration: slot 2 is DOWNLINK
[0m[NR_PHY]   TDD period configuration: slot 3 is DOWNLINK
[0m[NR_PHY]   TDD period configuration: slot 4 is DOWNLINK
[0m[NR_PHY]   TDD period configuration: slot 5 is DOWNLINK
[0m[NR_PHY]   TDD period configuration: slot 6 is FLEXIBLE: DDDDDDDDDDFFFF
[0m[NR_PHY]   TDD period configuration: slot 7 is UPLINK
[0m[NR_PHY]   TDD period configuration: slot 8 is UPLINK
[0m[NR_PHY]   TDD period configuration: slot 9 is UPLINK
[0m[NR_RRC]   SIB1 freq: offsetToPointA 246
[0m[GNB_APP]   F1AP: gNB idx 0 gNB_DU_id 3589, gNB_DU_name gNB-OAI-devkit05, TAC 1 MCC/MNC/length 1/1/2 cellID 12345678
[0m[GNB_APP]   ngran_DU: Configuring Cell 0 for TDD
[0m[GNB_APP]   SDAP layer is disabled
[0m[GNB_APP]   Data Radio Bearer count 1
[0m[NR_RRC]   do_SIB23_NR, size 9
[0m[UTIL]   threadCreate() for TASK_SCTP: creating thread with affinity ffffffff, priority 50
[0m[X2AP]   X2AP is disabled.
[0m[UTIL]   threadCreate() for TASK_NGAP: creating thread with affinity ffffffff, priority 50
[0m[UTIL]   threadCreate() for TASK_GNB_APP: creating thread with affinity ffffffff, priority 50
[0m[34m[NGAP]   Starting NGAP layer
[0m[NGAP]   Registered new gNB[0] and macro gNB id 3589
[0m[UTIL]   threadCreate() for TASK_RRC_GNB: creating thread with affinity ffffffff, priority 50
[0m[NGAP]   [gNB 0] check the amf registration state
[0m[NR_RRC]   Entering main loop of NR_RRC message task
[0m[GTPU]   Configuring GTPu
[0m[NR_RRC]   Received F1 Setup Request from gNB_DU 3589 (gNB-OAI-devkit05) on assoc_id -1
[0m[GTPU]   SA mode 
[0m[GTPU]   Configuring GTPu address : 10.131.3.93, port : 2152
[0m[GTPU]   Initializing UDP for local address 10.131.3.93 with port 2152
[0m[RRC]   Accepting DU 3589 (gNB-OAI-devkit05), sending F1 Setup Response
[0m[RRC]   DU uses RRC version 17.3.0
[0m[GTPU]   Created gtpu instance id: 95
[0m[MAC]   received F1 Setup Response from CU (null)
[0m[MAC]   CU uses RRC version 17.3.0
[0m[MAC]   Clearing the DU's UE states before, if any.
[0m[UTIL]   threadCreate() for TASK_GTPV1_U: creating thread with affinity ffffffff, priority 50
[0m[NR_RRC]   Accepting new CU-UP ID 3589 name gNB-OAI-devkit05 (assoc_id -1)
[0m[32m[NGAP]   Send NGSetupRequest to AMF
[0m[NGAP]   3589 -> 0000e050
[0m[34m[NGAP]   servedGUAMIs.list.count 1
[0m[34m[NGAP]   PLMNSupportList.list.count 1
[0m[34m[NGAP]   PLMNSupportList.list.count 3
[0m[32m[NGAP]   Received NGSetupResponse from AMF
[0m[GNB_APP]   [gNB 0] Received NGAP_REGISTER_GNB_CNF: associated AMF 1
[0m[NFAPI_VNF]   nvIPC_Init: creating IPC interface with prefix nvipc
[0m[NFAPI_VNF]   nvIPC_Init: create IPC interface successful
[0m[UTIL]   threadCreate() for vnf_nvipc_aerial: creating thread with affinity 1c, priority 50
[0m[NFAPI_VNF]   Received CONFIG.response, gNB is ready! 
[0m[1;31m[NFAPI_VNF]   
============================================================================
sfn slot doesn't match unpacked one! L2->L1 0.0  vs L1->L2 0.3  
============================================================================
[0m[NR_MAC]   Frame.Slot 128.0

[0m[NR_MAC]   Frame.Slot 256.0

[0m[NR_MAC]   Frame.Slot 384.0

[0m[NR_MAC]   Frame.Slot 512.0

[0m[NR_MAC]   Frame.Slot 640.0

[0m[NR_MAC]   Frame.Slot 768.0

[0m[NR_MAC]   Frame.Slot 896.0

[0m[NR_MAC]   Frame.Slot 0.0

[0m[NR_MAC]   Frame.Slot 128.0

[0m[NR_MAC]   Frame.Slot 256.0

[0m[NR_MAC]   RACH.indication put_queue successfull
[0m[32m[NR_MAC]   298.19 UE RA-RNTI 010b TC-RNTI c86c: Activating RA process index 0
[0m[NR_MAC]   UE c86c: Msg3 scheduled at 299.17 (299.6 TDA 2)
[0m[32m[NR_MAC]   UE c86c: 299.6 Generating RA-Msg2 DCI, RA RNTI 0x10b, state 1, CoreSetType 0, preamble_index(RAPID) 51, timing_offset = 4 (estimated distance 156.3 [m])
[0m[32m[NR_MAC]   299.6 Send RAR to RA-RNTI 010b
[0m[1;31m[NR_MAC]   Couldn't identify UE connected with current UL HARQ process
[0m[NR_MAC]    300 9: RA RNTI c86c CC_id 0 Scheduling retransmission of Msg3 in (300,17)
[0m[1;31m[NR_MAC]   Couldn't identify UE connected with current UL HARQ process
[0m[NR_MAC]    301 9: RA RNTI c86c CC_id 0 Scheduling retransmission of Msg3 in (301,17)
[0m[1;31m[NR_MAC]   Couldn't identify UE connected with current UL HARQ process
[0m[NR_MAC]    302 9: RA RNTI c86c CC_id 0 Scheduling retransmission of Msg3 in (302,17)
[0m[93m[NR_MAC]   Random Access 0 failed at state WAIT_Msg3 (Reached msg3 max harq rounds)
[0m[1;31m[NR_MAC]   Couldn't identify UE connected with current UL HARQ process
[0m[NR_MAC]   Frame.Slot 384.0

[0m[NR_MAC]   Frame.Slot 512.0

[0m[NR_MAC]   Frame.Slot 640.0

[0m[NR_MAC]   Frame.Slot 768.0

[0m[NR_MAC]   Frame.Slot 896.0

[0m[NR_MAC]   Frame.Slot 0.0

[0m[NR_MAC]   Frame.Slot 128.0

[0m[NR_MAC]   Frame.Slot 256.0

[0m[NR_MAC]   Frame.Slot 384.0

[0m[NR_MAC]   Frame.Slot 512.0

[0m[NR_MAC]   Frame.Slot 640.0

[0m[NR_MAC]   Frame.Slot 768.0

[0m[NR_MAC]   Frame.Slot 896.0

[0m[NR_MAC]   Frame.Slot 0.0

[0m[NR_MAC]   Frame.Slot 128.0

[0m[NR_MAC]   Frame.Slot 256.0

[0m[NR_MAC]   Frame.Slot 384.0

[0m[NR_MAC]   Frame.Slot 512.0

[0m[NR_MAC]   Frame.Slot 640.0

[0m[NR_MAC]   Frame.Slot 768.0

[0m[NR_MAC]   Frame.Slot 896.0

[0m[NR_MAC]   Frame.Slot 0.0

[0m[NR_MAC]   Frame.Slot 128.0

[0m[NR_MAC]   Frame.Slot 256.0

[0m[NR_MAC]   Frame.Slot 384.0

[0m[1;31m[NFAPI_VNF]   
============================================================================
sfn slot doesn't match unpacked one! L2->L1 400.4  vs L1->L2 400.6  
============================================================================
[0m[NR_MAC]   Frame.Slot 512.0

[0m[NR_MAC]   Frame.Slot 640.0

[0m[NR_MAC]   Frame.Slot 768.0

[0m[NR_MAC]   Frame.Slot 896.0

[0m[NR_MAC]   Frame.Slot 0.0

[0m[NR_MAC]   Frame.Slot 128.0

[0m[NR_MAC]   Frame.Slot 256.0

[0m[NR_MAC]   Frame.Slot 384.0

[0m[NR_MAC]   Frame.Slot 512.0

[0m[NR_MAC]   Frame.Slot 640.0

[0m[NR_MAC]   Frame.Slot 768.0

[0m[NR_MAC]   Frame.Slot 896.0

[0m[NR_MAC]   Frame.Slot 0.0

[0m[NR_MAC]   Frame.Slot 128.0

[0m[NR_MAC]   Frame.Slot 256.0

[0m[NR_MAC]   Frame.Slot 384.0

[0m[NR_MAC]   Frame.Slot 512.0

[0m[NR_MAC]   Frame.Slot 640.0

[0m[NR_MAC]   Frame.Slot 768.0

[0m[NR_MAC]   Frame.Slot 896.0

[0m[NR_MAC]   Frame.Slot 0.0

[0m[NR_MAC]   Frame.Slot 128.0

[0m[NR_MAC]   Frame.Slot 256.0

[0m[NR_MAC]   RACH.indication put_queue successfull
[0m[32m[NR_MAC]   365.19 UE RA-RNTI 010b TC-RNTI 0764: Activating RA process index 0
[0m[NR_MAC]   UE 0764: Msg3 scheduled at 366.17 (366.6 TDA 2)
[0m[32m[NR_MAC]   UE 0764: 366.6 Generating RA-Msg2 DCI, RA RNTI 0x10b, state 1, CoreSetType 0, preamble_index(RAPID) 55, timing_offset = 0 (estimated distance 0.0 [m])
[0m[32m[NR_MAC]   366.6 Send RAR to RA-RNTI 010b
[0m[NR_MAC]   Adding new UE context with RNTI 0x0764
[0m[32m[NR_MAC]    366.17 PUSCH with TC_RNTI 0x0764 received correctly
[0m[MAC]   [RAPROC] Received SDU for CCCH length 6 for UE 0764
[0m[RLC]   Activated srb0 for UE 1892
[0m[RLC]   Added srb 1 to UE 1892
[0m[NR_MAC]   Activating scheduling Msg4 for TC_RNTI 0x0764 (state WAIT_Msg3)
[0m[93m[NR_MAC]   Unexpected ULSCH HARQ PID 0 (have -1) for RNTI 0x0764
[0m[NR_RRC]   Decoding CCCH: RNTI 0764, payload_size 6
[0m[32m[NR_RRC]   [--] (cellID 0, UE ID 1 RNTI 0764) Create UE context: CU UE ID 1 DU UE ID 1892 (rnti: 0764, random ue id dce2631093000000)
[0m[RRC]   activate SRB 1 of UE 1
[0m[32m[NR_RRC]   [DL] (cellID bc614e, UE ID 1 RNTI 0764) Send RRC Setup
[0m[NR_MAC]   UE 0764 Generate Msg4: feedback at  367. 7, payload 225 bytes, next state nrRA_WAIT_Msg4_MsgB_ACK
[0m[32m[NR_MAC]    367.13 UE 0764: Received Ack of Msg4. CBRA procedure succeeded!
[0m[32m[NR_RRC]   [UL] (cellID bc614e, UE ID 1 RNTI 0764) Received RRCSetupComplete (RRC_CONNECTED reached)
[0m[NGAP]   Build NGAP_NAS_FIRST_REQ adding in s_TMSI: GUAMI amf_set_id 1 amf_region_id 2 ue 764
[0m[NGAP]   UE 1: Chose AMF 'open5gs-amf' (assoc_id 62) through selected PLMN Identity index 0 MCC 1 MNC 1
[0m[34m[NGAP]   NGAP_FIND_PROTOCOLIE_BY_ID ie is NULL (searching for ie: 110)
[0m[93m[NGAP]   could not find NGAP_ProtocolIE_ID_id_UEAggregateMaximumBitRate
[0m[34m[NGAP]   NGAP_FIND_PROTOCOLIE_BY_ID ie is NULL (searching for ie: 71)
[0m[34m[NGAP]   AllowedNSSAI.list.count 2
[0m[34m[NGAP]   NGAP_FIND_PROTOCOLIE_BY_ID ie is NULL (searching for ie: 36)
[0m[32m[NR_RRC]   [--] (cellID bc614e, UE ID 1 RNTI 0764) Selected security algorithms: ciphering 0, integrity 2
[0m[NR_RRC]   [UE 764] Saved security key 6A
[0m[NR_RRC]   UE 1 Logical Channel DL-DCCH, Generate SecurityModeCommand (bytes 3)
[0m[32m[NR_RRC]   [UL] (cellID bc614e, UE ID 1 RNTI 0764) Received Security Mode Complete
[0m[NR_RRC]   UE 1: Logical Channel DL-DCCH, Generate NR UECapabilityEnquiry (bytes 8, xid 3)
[0m[32m[NR_RRC]   [UL] (cellID bc614e, UE ID 1 RNTI 0764) Received UE capabilities
[0m[NR_RRC]   Send message to ngap: NGAP_UE_CAPABILITIES_IND
[0m[32m[NR_RRC]   [DL] (cellID bc614e, UE ID 1 RNTI 0764) Send DL Information Transfer [57 bytes]
[0m[NR_RRC]   Send message to sctp: NGAP_InitialContextSetupResponse
[0m[32m[NR_RRC]   [UL] (cellID bc614e, UE ID 1 RNTI 0764) Received RRC UL Information Transfer [13 bytes]
[0m[NR_MAC]   Frame.Slot 384.0
UE RNTI 0764 CU-UE-ID 1 in-sync PH 44 dB PCMAX 21 dBm, average RSRP -77 (1 meas)
UE 0764: dlsch_rounds 7/0/0/0, dlsch_errors 0, pucch0_DTX 0, BLER 0.10000 MCS (0) 9
UE 0764: ulsch_rounds 8/0/0/0, ulsch_errors 0, ulsch_DTX 0, BLER 0.10000 MCS (0) 9 (Qm 2 deltaMCS 0 dB) NPRB 5  SNR 27.0 dB
UE 0764: MAC:    TX            666 RX           2180 bytes
UE 0764: LCID 1: TX            107 RX           1257 bytes

[0m[32m[NR_RRC]   [DL] (cellID bc614e, UE ID 1 RNTI 0764) Send DL Information Transfer [46 bytes]
[0m[NR_MAC]   Frame.Slot 512.0
UE RNTI 0764 CU-UE-ID 1 in-sync PH 36 dB PCMAX 21 dBm, average RSRP -77 (15 meas)
UE 0764: CQI 15, RI 2, PMI (11,1)
UE 0764: dlsch_rounds 9/0/0/0, dlsch_errors 0, pucch0_DTX 0, BLER 0.08100 MCS (0) 9
UE 0764: ulsch_rounds 23/0/0/0, ulsch_errors 0, ulsch_DTX 0, BLER 0.02542 MCS (0) 9 (Qm 2 deltaMCS 0 dB) NPRB 5  SNR 25.0 dB
UE 0764: MAC:    TX           1116 RX           3695 bytes
UE 0764: LCID 1: TX            164 RX           1260 bytes

[0m[NR_MAC]   Frame.Slot 640.0
UE RNTI 0764 CU-UE-ID 1 in-sync PH 34 dB PCMAX 21 dBm, average RSRP -77 (16 meas)
UE 0764: CQI 15, RI 2, PMI (11,1)
UE 0764: dlsch_rounds 10/0/0/0, dlsch_errors 0, pucch0_DTX 0, BLER 0.07290 MCS (0) 9
UE 0764: ulsch_rounds 36/0/0/0, ulsch_errors 0, ulsch_DTX 0, BLER 0.00646 MCS (0) 9 (Qm 2 deltaMCS 0 dB) NPRB 5  SNR 26.0 dB
UE 0764: MAC:    TX           1341 RX           5008 bytes
UE 0764: LCID 1: TX            164 RX           1260 bytes

[0m[NR_MAC]   Frame.Slot 768.0
UE RNTI 0764 CU-UE-ID 1 in-sync PH 32 dB PCMAX 21 dBm, average RSRP -77 (16 meas)
UE 0764: CQI 15, RI 2, PMI (11,1)
UE 0764: dlsch_rounds 12/0/0/0, dlsch_errors 0, pucch0_DTX 0, BLER 0.05905 MCS (0) 9
UE 0764: ulsch_rounds 48/0/0/0, ulsch_errors 0, ulsch_DTX 0, BLER 0.00182 MCS (0) 9 (Qm 2 deltaMCS 0 dB) NPRB 5  SNR 26.0 dB
UE 0764: MAC:    TX           1791 RX           6220 bytes
UE 0764: LCID 1: TX            164 RX           1260 bytes

[0m[NR_MAC]   Frame.Slot 896.0
UE RNTI 0764 CU-UE-ID 1 in-sync PH 32 dB PCMAX 21 dBm, average RSRP -77 (16 meas)
UE 0764: CQI 15, RI 2, PMI (11,1)
UE 0764: dlsch_rounds 13/0/0/0, dlsch_errors 0, pucch0_DTX 0, BLER 0.05314 MCS (0) 9
UE 0764: ulsch_rounds 61/0/0/0, ulsch_errors 0, ulsch_DTX 0, BLER 0.00046 MCS (0) 9 (Qm 2 deltaMCS 0 dB) NPRB 5  SNR 29.0 dB
UE 0764: MAC:    TX           2016 RX           7533 bytes
UE 0764: LCID 1: TX            164 RX           1260 bytes

[0m[NR_MAC]   Frame.Slot 0.0
UE RNTI 0764 CU-UE-ID 1 in-sync PH 32 dB PCMAX 21 dBm, average RSRP -77 (16 meas)
UE 0764: CQI 15, RI 2, PMI (11,1)
UE 0764: dlsch_rounds 14/0/0/0, dlsch_errors 0, pucch0_DTX 0, BLER 0.04783 MCS (0) 9
UE 0764: ulsch_rounds 74/0/0/0, ulsch_errors 0, ulsch_DTX 0, BLER 0.00012 MCS (0) 9 (Qm 2 deltaMCS 0 dB) NPRB 5  SNR 27.0 dB
UE 0764: MAC:    TX           2241 RX           8846 bytes
UE 0764: LCID 1: TX            164 RX           1260 bytes

[0m[NR_MAC]   Frame.Slot 128.0
UE RNTI 0764 CU-UE-ID 1 in-sync PH 32 dB PCMAX 21 dBm, average RSRP -77 (16 meas)
UE 0764: CQI 15, RI 2, PMI (11,1)
UE 0764: dlsch_rounds 15/0/0/0, dlsch_errors 0, pucch0_DTX 0, BLER 0.04305 MCS (0) 9
UE 0764: ulsch_rounds 88/0/0/0, ulsch_errors 0, ulsch_DTX 0, BLER 0.00003 MCS (0) 9 (Qm 2 deltaMCS 0 dB) NPRB 5  SNR 27.0 dB
UE 0764: MAC:    TX           2466 RX          10260 bytes
UE 0764: LCID 1: TX            164 RX           1260 bytes

[0m[NR_MAC]   Frame.Slot 256.0
UE RNTI 0764 CU-UE-ID 1 in-sync PH 32 dB PCMAX 21 dBm, average RSRP -77 (16 meas)
UE 0764: CQI 15, RI 2, PMI (11,1)
UE 0764: dlsch_rounds 17/0/0/0, dlsch_errors 0, pucch0_DTX 0, BLER 0.03487 MCS (0) 9
UE 0764: ulsch_rounds 101/0/0/0, ulsch_errors 0, ulsch_DTX 0, BLER 0.00001 MCS (0) 9 (Qm 2 deltaMCS 0 dB) NPRB 5  SNR 26.0 dB
UE 0764: MAC:    TX           2916 RX          11573 bytes
UE 0764: LCID 1: TX            164 RX           1260 bytes

[0m[1;31m[NR_MAC]   UE 0764: reported RSRP index 0 invalid
[0m[NR_MAC]   RACH.indication put_queue successfull
[0m[32m[NR_MAC]   369.19 UE RA-RNTI 010b TC-RNTI acfe: Activating RA process index 0
[0m[NR_MAC]   UE acfe: Msg3 scheduled at 370.17 (370.6 TDA 2)
[0m[32m[NR_MAC]   UE acfe: 370.6 Generating RA-Msg2 DCI, RA RNTI 0x10b, state 1, CoreSetType 0, preamble_index(RAPID) 11, timing_offset = 0 (estimated distance 0.0 [m])
[0m[32m[NR_MAC]   370.6 Send RAR to RA-RNTI 010b
[0m[NR_MAC]   Adding new UE context with RNTI 0xacfe
[0m[32m[NR_MAC]    370.17 PUSCH with TC_RNTI 0xacfe received correctly
[0m[MAC]   [RAPROC] Received SDU for CCCH length 6 for UE acfe
[0m[RLC]   Activated srb0 for UE 44286
[0m[RLC]   Added srb 1 to UE 44286
[0m[NR_MAC]   Activating scheduling Msg4 for TC_RNTI 0xacfe (state WAIT_Msg3)
[0m[93m[NR_MAC]   Unexpected ULSCH HARQ PID 0 (have -1) for RNTI 0xacfe
[0m[NR_RRC]   Decoding CCCH: RNTI acfe, payload_size 6
[0m[NR_RRC]   Received UE 5G-S-TMSI-Part1 278099133942
[0m[32m[NR_RRC]   [--] (cellID 0, UE ID 2 RNTI acfe) Create UE context: CU UE ID 2 DU UE ID 44286 (rnti: acfe, random ue id 40c00005f6)
[0m[RRC]   activate SRB 1 of UE 2
[0m[32m[NR_RRC]   [DL] (cellID bc614e, UE ID 2 RNTI acfe) Send RRC Setup
[0m[NR_MAC]   UE acfe Generate Msg4: feedback at  371. 7, payload 225 bytes, next state nrRA_WAIT_Msg4_MsgB_ACK
[0m[32m[NR_MAC]    371.13 UE acfe: Received Ack of Msg4. CBRA procedure succeeded!
[0m[32m[NR_RRC]   [UL] (cellID bc614e, UE ID 2 RNTI acfe) Received RRCSetupComplete (RRC_CONNECTED reached)
[0m[RRC]   s_tmsi part2 0 (00 00)
[0m[NR_RRC]   5g_s_TMSI: 0x40C00005F6, amf_set_id: 0x1 (1), amf_pointer: 0x0 (0), 5g TMSI: 0xC00005F6 
[0m[NGAP]   UE 2: Chose AMF 'open5gs-amf' (assoc_id 62) through selected PLMN Identity index 0 MCC 1 MNC 1
[0m[34m[NGAP]   FIVEG_S_TMSI_PRESENT
[0m[32m[NR_RRC]   [DL] (cellID bc614e, UE ID 1 RNTI 0764) Send RRC Release
[0m[34m[NGAP]   NGAP_FIND_PROTOCOLIE_BY_ID ie is NULL (searching for ie: 110)
[0m[93m[NGAP]   could not find NGAP_ProtocolIE_ID_id_UEAggregateMaximumBitRate
[0m[34m[NGAP]   NGAP_FIND_PROTOCOLIE_BY_ID ie is NULL (searching for ie: 71)
[0m[34m[NGAP]   AllowedNSSAI.list.count 2
[0m[34m[NGAP]   NGAP_FIND_PROTOCOLIE_BY_ID ie is NULL (searching for ie: 36)
[0m[32m[NR_RRC]   [--] (cellID bc614e, UE ID 2 RNTI acfe) Selected security algorithms: ciphering 0, integrity 2
[0m[NR_RRC]   [UE acfe] Saved security key 38
[0m[NR_RRC]   UE 2 Logical Channel DL-DCCH, Generate SecurityModeCommand (bytes 3)
[0m[32m[NR_RRC]   [UL] (cellID bc614e, UE ID 2 RNTI acfe) Received Security Mode Complete
[0m[NR_RRC]   UE 2: Logical Channel DL-DCCH, Generate NR UECapabilityEnquiry (bytes 8, xid 1)
[0m[32m[NR_RRC]   [UL] (cellID bc614e, UE ID 2 RNTI acfe) Received UE capabilities
[0m[NR_RRC]   Send message to ngap: NGAP_UE_CAPABILITIES_IND
[0m[32m[NR_RRC]   [DL] (cellID bc614e, UE ID 2 RNTI acfe) Send DL Information Transfer [14 bytes]
[0m[NR_RRC]   Send message to sctp: NGAP_InitialContextSetupResponse
[0m[93m[NR_MAC]   UE 0764: Detected UL Failure on PUSCH after 10 PUSCH DTX, stopping scheduling
[0m[32m[NR_RRC]   [UL] (cellID bc614e, UE ID 2 RNTI acfe) Received RRC UL Information Transfer [83 bytes]
[0m[NR_MAC]   Frame.Slot 384.0
UE RNTI 0764 CU-UE-ID 1 out-of-sync PH 34 dB PCMAX 21 dBm, average RSRP -79 (15 meas)
UE 0764: CQI 9, RI 2, PMI (8,1)
UE 0764: dlsch_rounds 19/1/1/1, dlsch_errors 1, pucch0_DTX 4, BLER 0.02824 MCS (0) 6
UE 0764: ulsch_rounds 113/3/2/2, ulsch_errors 2, ulsch_DTX 10, BLER 0.19000 MCS (0) 8 (Qm 2 deltaMCS 0 dB) NPRB 5  SNR -11.0 dB
UE 0764: MAC:    TX           3286 RX          12482 bytes
UE 0764: LCID 1: TX            175 RX           1260 bytes
UE RNTI acfe CU-UE-ID 2 in-sync PH 40 dB PCMAX 21 dBm, average RSRP -77 (1 meas)
UE acfe: CQI 15, RI 2, PMI (13,1)
UE acfe: dlsch_rounds 7/0/0/0, dlsch_errors 0, pucch0_DTX 0, BLER 0.10000 MCS (0) 9
UE acfe: ulsch_rounds 8/0/0/0, ulsch_errors 0, ulsch_DTX 0, BLER 0.10000 MCS (0) 9 (Qm 2 deltaMCS 0 dB) NPRB 5  SNR 24.0 dB
UE acfe: MAC:    TX            894 RX           2180 bytes
UE acfe: LCID 1: TX             64 RX           1284 bytes

[0m[93m[RLC]   Remove UE 1892
[0m[NR_RRC]   removed UE CU UE ID 1/RNTI 0764 
[0m[NR_MAC]   Remove NR rnti 0x0764
[0m[32m[NR_RRC]   [--] (cellID bc614e, UE ID 1 RNTI 0764) Remove UE context
[0m[NGAP]   PDUSESSIONSetup initiating message
[0m[NR_RRC]   UE 2: received PDU Session Resource Setup Request
[0m[NR_RRC]   Adding pdusession 1, total nb of sessions 1
[0m[NR_RRC]   UE 2: configure DRB ID 1 for PDU session ID 1
[0m[32m[NR_RRC]   [--] (cellID bc614e, UE ID 2 RNTI acfe) selecting CU-UP ID 3589 based on exact NSSAI match (1:0xffffff)
[0m[RRC]   UE 2 associating to CU-UP assoc_id -1 out of 1 CU-UPs
[0m[GTPU]   [95] Created tunnel for UE ID 2, teid for incoming: 80591088, teid for outgoing 8fef to remote IPv4: 10.128.3.206, IPv6 ::
[0m[PDCP]   added drb 1 to UE ID 2
[0m[SDAP]   Default DRB for the created SDAP entity: 1 
[0m[RRC]   activate SRB 2 of UE 2
[0m[RLC]   Added srb 2 to UE 44286
[0m[RLC]   Added drb 1 to UE 44286
[0m[RLC]   Added DRB to UE 44286
[0m[RRC]   UE 2 trigger UE context setup request with 1 DRBs
[0m[RRC]   UE acfe replacing existing CellGroupConfig with new one received from DU
[0m[E1AP]   UE 2: updating PDU session ID 1 (1 bearers)
[0m[PDCP]   DRB 1 re-established
[0m[32m[NR_RRC]   [DL] (cellID bc614e, UE ID 2 RNTI acfe) Generate RRCReconfiguration (bytes 360, xid 3)
[0m[RRC]   UE 2: PDU session ID 1 modified 1 bearers
[0m[1;31m[RLC]   max RETX reached on SRB 1
[0m[93m[RLC]   UE acfe: RLF detected, but no callable RLF handler registered
[0m[1;31m[RLC]   max RETX reached on SRB 1
[0m[93m[RLC]   UE acfe: RLF detected, but no callable RLF handler registered
[0m[1;31m[RLC]   max RETX reached on SRB 1
[0m[93m[RLC]   UE acfe: RLF detected, but no callable RLF handler registered
[0m[1;31m[RLC]   max RETX reached on SRB 1
[0m[93m[RLC]   UE acfe: RLF detected, but no callable RLF handler registered
[0m[1;31m[RLC]   max RETX reached on SRB 1
[0m[93m[RLC]   UE acfe: RLF detected, but no callable RLF handler registered
[0m[1;31m[RLC]   max RETX reached on SRB 1
[0m[93m[RLC]   UE acfe: RLF detected, but no callable RLF handler registered
[0m[1;31m[RLC]   max RETX reached on SRB 1
[0m[93m[RLC]   UE acfe: RLF detected, but no callable RLF handler registered
[0m[1;31m[RLC]   max RETX reached on SRB 1
[0m[93m[RLC]   UE acfe: RLF detected, but no callable RLF handler registered
[0m[1;31m[RLC]   max RETX reached on SRB 1
[0m[93m[RLC]   UE acfe: RLF detected, but no callable RLF handler registered
[0m[1;31m[RLC]   max RETX reached on SRB 1
[0m[93m[RLC]   UE acfe: RLF detected, but no callable RLF handler registered
[0m[1;31m[RLC]   max RETX reached on SRB 1
[0m[93m[RLC]   UE acfe: RLF detected, but no callable RLF handler registered
[0m[1;31m[RLC]   max RETX reached on SRB 1
[0m[93m[RLC]   UE acfe: RLF detected, but no callable RLF handler registered
[0m[1;31m[RLC]   max RETX reached on SRB 1
[0m[93m[RLC]   UE acfe: RLF detected, but no callable RLF handler registered
[0m[1;31m[RLC]   max RETX reached on SRB 1
[0m[93m[RLC]   UE acfe: RLF detected, but no callable RLF handler registered
[0m[1;31m[RLC]   max RETX reached on SRB 1
[0m[93m[RLC]   UE acfe: RLF detected, but no callable RLF handler registered
[0m[1;31m[RLC]   max RETX reached on SRB 1
[0m[93m[RLC]   UE acfe: RLF detected, but no callable RLF handler registered
[0m[NR_MAC]   Frame.Slot 512.0
UE RNTI acfe CU-UE-ID 2 in-sync PH 38 dB PCMAX 21 dBm, average RSRP -89 (15 meas)
UE acfe: CQI 12, RI 4, PMI (7,1)
UE acfe: dlsch_rounds 33/26/25/25, dlsch_errors 25, pucch0_DTX 90, BLER 0.64745 MCS (1) 6
UE acfe: ulsch_rounds 20/10/10/10, ulsch_errors 10, ulsch_DTX 0, BLER 0.60091 MCS (1) 6 (Qm 4 deltaMCS 0 dB) NPRB 5  SNR 28.0 dB
UE acfe: MAC:    TX          14608 RX           2382 bytes
UE acfe: LCID 1: TX           9264 RX           1284 bytes
UE acfe: LCID 2: TX              0 RX              0 bytes
UE acfe: LCID 4: TX              0 RX              0 bytes

[0m[1;31m[RLC]   max RETX reached on SRB 1
[0m[93m[RLC]   UE acfe: RLF detected, but no callable RLF handler registered
[0m[1;31m[RLC]   max RETX reached on SRB 1
[0m[93m[RLC]   UE acfe: RLF detected, but no callable RLF handler registered
[0m[1;31m[RLC]   max RETX reached on SRB 1
[0m[93m[RLC]   UE acfe: RLF detected, but no callable RLF handler registered
[0m[1;31m[RLC]   max RETX reached on SRB 1
[0m[93m[RLC]   UE acfe: RLF detected, but no callable RLF handler registered
[0m[1;31m[RLC]   max RETX reached on SRB 1
[0m[93m[RLC]   UE acfe: RLF detected, but no callable RLF handler registered
[0m[1;31m[RLC]   max RETX reached on SRB 1
[0m[93m[RLC]   UE acfe: RLF detected, but no callable RLF handler registered
[0m[1;31m[RLC]   max RETX reached on SRB 1
[0m[93m[RLC]   UE acfe: RLF detected, but no callable RLF handler registered
[0m[1;31m[RLC]   max RETX reached on SRB 1
[0m[93m[RLC]   UE acfe: RLF detected, but no callable RLF handler registered
[0m[1;31m[RLC]   max RETX reached on SRB 1
[0m[93m[RLC]   UE acfe: RLF detected, but no callable RLF handler registered
[0m[1;31m[RLC]   max RETX reached on SRB 1
[0m[93m[RLC]   UE acfe: RLF detected, but no callable RLF handler registered
[0m[1;31m[RLC]   max RETX reached on SRB 1
[0m[93m[RLC]   UE acfe: RLF detected, but no callable RLF handler registered
[0m[1;31m[RLC]   max RETX reached on SRB 1
[0m[93m[RLC]   UE acfe: RLF detected, but no callable RLF handler registered
[0m[1;31m[RLC]   max RETX reached on SRB 1
[0m[93m[RLC]   UE acfe: RLF detected, but no callable RLF handler registered
[0m[1;31m[RLC]   max RETX reached on SRB 1
[0m[93m[RLC]   UE acfe: RLF detected, but no callable RLF handler registered
[0m[1;31m[RLC]   max RETX reached on SRB 1
[0m[93m[RLC]   UE acfe: RLF detected, but no callable RLF handler registered
[0m[1;31m[RLC]   max RETX reached on SRB 1
[0m[93m[RLC]   UE acfe: RLF detected, but no callable RLF handler registered
[0m[1;31m[RLC]   max RETX reached on SRB 1
[0m[93m[RLC]   UE acfe: RLF detected, but no callable RLF handler registered
[0m[1;31m[RLC]   max RETX reached on SRB 1
[0m[93m[RLC]   UE acfe: RLF detected, but no callable RLF handler registered
[0m[1;31m[RLC]   max RETX reached on SRB 1
[0m[93m[RLC]   UE acfe: RLF detected, but no callable RLF handler registered
[0m[1;31m[RLC]   max RETX reached on SRB 1
[0m[93m[RLC]   UE acfe: RLF detected, but no callable RLF handler registered
[0m[1;31m[RLC]   max RETX reached on SRB 1
[0m[93m[RLC]   UE acfe: RLF detected, but no callable RLF handler registered
[0m[1;31m[RLC]   max RETX reached on SRB 1
[0m[93m[RLC]   UE acfe: RLF detected, but no callable RLF handler registered
[0m[1;31m[RLC]   max RETX reached on SRB 1
[0m[93m[RLC]   UE acfe: RLF detected, but no callable RLF handler registered
[0m[1;31m[RLC]   max RETX reached on SRB 1
[0m[93m[RLC]   UE acfe: RLF detected, but no callable RLF handler registered
[0m[1;31m[RLC]   max RETX reached on SRB 1
[0m[93m[RLC]   UE acfe: RLF detected, but no callable RLF handler registered
[0m[1;31m[RLC]   max RETX reached on SRB 1
[0m[93m[RLC]   UE acfe: RLF detected, but no callable RLF handler registered
[0m[1;31m[RLC]   max RETX reached on SRB 1
[0m[93m[RLC]   UE acfe: RLF detected, but no callable RLF handler registered
[0m[NR_MAC]   Frame.Slot 640.0
UE RNTI acfe CU-UE-ID 2 in-sync PH 38 dB PCMAX 21 dBm, average RSRP -98 (16 meas)
UE acfe: CQI 12, RI 4, PMI (2,1)
UE acfe: dlsch_rounds 61/54/54/54, dlsch_errors 54, pucch0_DTX 197, BLER 0.87707 MCS (1) 6
UE acfe: ulsch_rounds 32/22/22/22, ulsch_errors 21, ulsch_DTX 0, BLER 0.88729 MCS (1) 6 (Qm 4 deltaMCS 0 dB) NPRB 5  SNR 31.0 dB
UE acfe: MAC:    TX          29427 RX           2382 bytes
UE acfe: LCID 1: TX          19200 RX           1284 bytes
UE acfe: LCID 2: TX              0 RX              0 bytes
UE acfe: LCID 4: TX              0 RX              0 bytes

[0m[1;31m[RLC]   max RETX reached on SRB 1
[0m[93m[RLC]   UE acfe: RLF detected, but no callable RLF handler registered
[0m[1;31m[RLC]   max RETX reached on SRB 1
[0m[93m[RLC]   UE acfe: RLF detected, but no callable RLF handler registered
[0m[1;31m[RLC]   max RETX reached on SRB 1
[0m[93m[RLC]   UE acfe: RLF detected, but no callable RLF handler registered
[0m[1;31m[RLC]   max RETX reached on SRB 1
[0m[93m[RLC]   UE acfe: RLF detected, but no callable RLF handler registered
[0m[1;31m[RLC]   max RETX reached on SRB 1
[0m[93m[RLC]   UE acfe: RLF detected, but no callable RLF handler registered
[0m[1;31m[RLC]   max RETX reached on SRB 1
[0m[93m[RLC]   UE acfe: RLF detected, but no callable RLF handler registered
[0m[1;31m[RLC]   max RETX reached on SRB 1
[0m[93m[RLC]   UE acfe: RLF detected, but no callable RLF handler registered
[0m[1;31m[RLC]   max RETX reached on SRB 1
[0m[93m[RLC]   UE acfe: RLF detected, but no callable RLF handler registered
[0m[1;31m[RLC]   max RETX reached on SRB 1
[0m[93m[RLC]   UE acfe: RLF detected, but no callable RLF handler registered
[0m[1;31m[RLC]   max RETX reached on SRB 1
[0m[93m[RLC]   UE acfe: RLF detected, but no callable RLF handler registered
[0m[1;31m[RLC]   max RETX reached on SRB 1
[0m[93m[RLC]   UE acfe: RLF detected, but no callable RLF handler registered
[0m[1;31m[RLC]   max RETX reached on SRB 1
[0m[93m[RLC]   UE acfe: RLF detected, but no callable RLF handler registered
[0m[1;31m[RLC]   max RETX reached on SRB 1
[0m[93m[RLC]   UE acfe: RLF detected, but no callable RLF handler registered
[0m[1;31m[RLC]   max RETX reached on SRB 1
[0m[93m[RLC]   UE acfe: RLF detected, but no callable RLF handler registered
[0m[1;31m[RLC]   max RETX reached on SRB 1
[0m[93m[RLC]   UE acfe: RLF detected, but no callable RLF handler registered
[0m[1;31m[RLC]   max RETX reached on SRB 1
[0m[93m[RLC]   UE acfe: RLF detected, but no callable RLF handler registered
[0m[1;31m[RLC]   max RETX reached on SRB 1
[0m[93m[RLC]   UE acfe: RLF detected, but no callable RLF handler registered
[0m[1;31m[RLC]   max RETX reached on SRB 1
[0m[93m[RLC]   UE acfe: RLF detected, but no callable RLF handler registered
[0m[1;31m[RLC]   max RETX reached on SRB 1
[0m[93m[RLC]   UE acfe: RLF detected, but no callable RLF handler registered
[0m[1;31m[RLC]   max RETX reached on SRB 1
[0m[93m[RLC]   UE acfe: RLF detected, but no callable RLF handler registered
[0m[1;31m[RLC]   max RETX reached on SRB 1
[0m[93m[RLC]   UE acfe: RLF detected, but no callable RLF handler registered
[0m[1;31m[RLC]   max RETX reached on SRB 1
[0m[93m[RLC]   UE acfe: RLF detected, but no callable RLF handler registered
[0m[1;31m[RLC]   max RETX reached on SRB 1
[0m[93m[RLC]   UE acfe: RLF detected, but no callable RLF handler registered
[0m[1;31m[RLC]   max RETX reached on SRB 1
[0m[93m[RLC]   UE acfe: RLF detected, but no callable RLF handler registered
[0m[1;31m[RLC]   max RETX reached on SRB 1
[0m[93m[RLC]   UE acfe: RLF detected, but no callable RLF handler registered
[0m[1;31m[RLC]   max RETX reached on SRB 1
[0m[93m[RLC]   UE acfe: RLF detected, but no callable RLF handler registered
[0m[1;31m[RLC]   max RETX reached on SRB 1
[0m[93m[RLC]   UE acfe: RLF detected, but no callable RLF handler registered
[0m[1;31m[RLC]   max RETX reached on SRB 1
[0m[93m[RLC]   UE acfe: RLF detected, but no callable RLF handler registered
[0m[NR_MAC]   Frame.Slot 768.0
UE RNTI acfe CU-UE-ID 2 in-sync PH 38 dB PCMAX 21 dBm, average RSRP -95 (16 meas)
UE acfe: CQI 12, RI 4, PMI (2,1)
UE acfe: dlsch_rounds 90/83/83/83, dlsch_errors 83, pucch0_DTX 305, BLER 0.95714 MCS (1) 6
UE acfe: ulsch_rounds 43/33/33/33, ulsch_errors 33, ulsch_DTX 0, BLER 0.96463 MCS (1) 6 (Qm 4 deltaMCS 0 dB) NPRB 5  SNR 28.0 dB
UE acfe: MAC:    TX          44611 RX           2382 bytes
UE acfe: LCID 1: TX          29504 RX           1284 bytes
UE acfe: LCID 2: TX              0 RX              0 bytes
UE acfe: LCID 4: TX              0 RX              0 bytes

[0m[1;31m[RLC]   max RETX reached on SRB 1
[0m[93m[RLC]   UE acfe: RLF detected, but no callable RLF handler registered
[0m[1;31m[RLC]   max RETX reached on SRB 1
[0m[93m[RLC]   UE acfe: RLF detected, but no callable RLF handler registered
[0m[1;31m[RLC]   max RETX reached on SRB 1
[0m[93m[RLC]   UE acfe: RLF detected, but no callable RLF handler registered
[0m[1;31m[RLC]   max RETX reached on SRB 1
[0m[93m[RLC]   UE acfe: RLF detected, but no callable RLF handler registered
[0m[1;31m[RLC]   max RETX reached on SRB 1
[0m[93m[RLC]   UE acfe: RLF detected, but no callable RLF handler registered
[0m[1;31m[RLC]   max RETX reached on SRB 1
[0m[93m[RLC]   UE acfe: RLF detected, but no callable RLF handler registered
[0m[1;31m[RLC]   max RETX reached on SRB 1
[0m[93m[RLC]   UE acfe: RLF detected, but no callable RLF handler registered
[0m[1;31m[RLC]   max RETX reached on SRB 1
[0m[93m[RLC]   UE acfe: RLF detected, but no callable RLF handler registered
[0m[1;31m[RLC]   max RETX reached on SRB 1
[0m[93m[RLC]   UE acfe: RLF detected, but no callable RLF handler registered
[0m[1;31m[RLC]   max RETX reached on SRB 1
[0m[93m[RLC]   UE acfe: RLF detected, but no callable RLF handler registered
[0m[1;31m[RLC]   max RETX reached on SRB 1
[0m[93m[RLC]   UE acfe: RLF detected, but no callable RLF handler registered
[0m[1;31m[RLC]   max RETX reached on SRB 1
[0m[93m[RLC]   UE acfe: RLF detected, but no callable RLF handler registered
[0m[1;31m[RLC]   max RETX reached on SRB 1
[0m[93m[RLC]   UE acfe: RLF detected, but no callable RLF handler registered
[0m[1;31m[RLC]   max RETX reached on SRB 1
[0m[93m[RLC]   UE acfe: RLF detected, but no callable RLF handler registered
[0m[1;31m[RLC]   max RETX reached on SRB 1
[0m[93m[RLC]   UE acfe: RLF detected, but no callable RLF handler registered
[0m[1;31m[RLC]   max RETX reached on SRB 1
[0m[93m[RLC]   UE acfe: RLF detected, but no callable RLF handler registered
[0m[1;31m[RLC]   max RETX reached on SRB 1
[0m[93m[RLC]   UE acfe: RLF detected, but no callable RLF handler registered
[0m[1;31m[RLC]   max RETX reached on SRB 1
[0m[93m[RLC]   UE acfe: RLF detected, but no callable RLF handler registered
[0m[1;31m[RLC]   max RETX reached on SRB 1
[0m[93m[RLC]   UE acfe: RLF detected, but no callable RLF handler registered
[0m[1;31m[RLC]   max RETX reached on SRB 1
[0m[93m[RLC]   UE acfe: RLF detected, but no callable RLF handler registered
[0m[1;31m[RLC]   max RETX reached on SRB 1
[0m[93m[RLC]   UE acfe: RLF detected, but no callable RLF handler registered
[0m[1;31m[RLC]   max RETX reached on SRB 1
[0m[93m[RLC]   UE acfe: RLF detected, but no callable RLF handler registered
[0m[1;31m[RLC]   max RETX reached on SRB 1
[0m[93m[RLC]   UE acfe: RLF detected, but no callable RLF handler registered
[0m[1;31m[RLC]   max RETX reached on SRB 1
[0m[93m[RLC]   UE acfe: RLF detected, but no callable RLF handler registered
[0m[1;31m[RLC]   max RETX reached on SRB 1
[0m[93m[RLC]   UE acfe: RLF detected, but no callable RLF handler registered
[0m[1;31m[RLC]   max RETX reached on SRB 1
[0m[93m[RLC]   UE acfe: RLF detected, but no callable RLF handler registered
[0m[1;31m[RLC]   max RETX reached on SRB 1
[0m[93m[RLC]   UE acfe: RLF detected, but no callable RLF handler registered
[0m[1;31m[RLC]   max RETX reached on SRB 1
[0m[93m[RLC]   UE acfe: RLF detected, but no callable RLF handler registered
[0m[NR_MAC]   Frame.Slot 896.0
UE RNTI acfe CU-UE-ID 2 in-sync PH 38 dB PCMAX 21 dBm, average RSRP -95 (16 meas)
UE acfe: CQI 12, RI 4, PMI (2,1)
UE acfe: dlsch_rounds 119/112/112/111, dlsch_errors 111, pucch0_DTX 412, BLER 0.98655 MCS (1) 6
UE acfe: ulsch_rounds 55/45/45/45, ulsch_errors 45, ulsch_DTX 0, BLER 0.99001 MCS (1) 6 (Qm 4 deltaMCS 0 dB) NPRB 5  SNR 25.0 dB
UE acfe: MAC:    TX          59990 RX           2382 bytes
UE acfe: LCID 1: TX          39808 RX           1284 bytes
UE acfe: LCID 2: TX              0 RX              0 bytes
UE acfe: LCID 4: TX              0 RX              0 bytes

[0m[1;31m[RLC]   max RETX reached on SRB 1
[0m[93m[RLC]   UE acfe: RLF detected, but no callable RLF handler registered
[0m[1;31m[RLC]   max RETX reached on SRB 1
[0m[93m[RLC]   UE acfe: RLF detected, but no callable RLF handler registered
[0m[1;31m[RLC]   max RETX reached on SRB 1
[0m[93m[RLC]   UE acfe: RLF detected, but no callable RLF handler registered
[0m[1;31m[RLC]   max RETX reached on SRB 1
[0m[93m[RLC]   UE acfe: RLF detected, but no callable RLF handler registered
[0m[1;31m[RLC]   max RETX reached on SRB 1
[0m[93m[RLC]   UE acfe: RLF detected, but no callable RLF handler registered
[0m[1;31m[RLC]   max RETX reached on SRB 1
[0m[93m[RLC]   UE acfe: RLF detected, but no callable RLF handler registered
[0m[1;31m[RLC]   max RETX reached on SRB 1
[0m[93m[RLC]   UE acfe: RLF detected, but no callable RLF handler registered
[0m[1;31m[RLC]   max RETX reached on SRB 1
[0m[93m[RLC]   UE acfe: RLF detected, but no callable RLF handler registered
[0m[1;31m[RLC]   max RETX reached on SRB 1
[0m[93m[RLC]   UE acfe: RLF detected, but no callable RLF handler registered
[0m[1;31m[RLC]   max RETX reached on SRB 1
[0m[93m[RLC]   UE acfe: RLF detected, but no callable RLF handler registered
[0m[1;31m[RLC]   max RETX reached on SRB 1
[0m[93m[RLC]   UE acfe: RLF detected, but no callable RLF handler registered
[0m[1;31m[RLC]   max RETX reached on SRB 1
[0m[93m[RLC]   UE acfe: RLF detected, but no callable RLF handler registered
[0m[1;31m[RLC]   max RETX reached on SRB 1
[0m[93m[RLC]   UE acfe: RLF detected, but no callable RLF handler registered
[0m[1;31m[RLC]   max RETX reached on SRB 1
[0m[93m[RLC]   UE acfe: RLF detected, but no callable RLF handler registered
[0m[1;31m[RLC]   max RETX reached on SRB 1
[0m[93m[RLC]   UE acfe: RLF detected, but no callable RLF handler registered
[0m[1;31m[RLC]   max RETX reached on SRB 1
[0m[93m[RLC]   UE acfe: RLF detected, but no callable RLF handler registered
[0m[1;31m[RLC]   max RETX reached on SRB 1
[0m[93m[RLC]   UE acfe: RLF detected, but no callable RLF handler registered
[0m[1;31m[RLC]   max RETX reached on SRB 1
[0m[93m[RLC]   UE acfe: RLF detected, but no callable RLF handler registered
[0m[1;31m[RLC]   max RETX reached on SRB 1
[0m[93m[RLC]   UE acfe: RLF detected, but no callable RLF handler registered
[0m[1;31m[RLC]   max RETX reached on SRB 1
[0m[93m[RLC]   UE acfe: RLF detected, but no callable RLF handler registered
[0m[1;31m[RLC]   max RETX reached on SRB 1
[0m[93m[RLC]   UE acfe: RLF detected, but no callable RLF handler registered
[0m[1;31m[RLC]   max RETX reached on SRB 1
[0m[93m[RLC]   UE acfe: RLF detected, but no callable RLF handler registered
[0m[1;31m[RLC]   max RETX reached on SRB 1
[0m[93m[RLC]   UE acfe: RLF detected, but no callable RLF handler registered
[0m[1;31m[RLC]   max RETX reached on SRB 1
[0m[93m[RLC]   UE acfe: RLF detected, but no callable RLF handler registered
[0m[1;31m[RLC]   max RETX reached on SRB 1
[0m[93m[RLC]   UE acfe: RLF detected, but no callable RLF handler registered
[0m[1;31m[RLC]   max RETX reached on SRB 1
[0m[93m[RLC]   UE acfe: RLF detected, but no callable RLF handler registered
[0m[1;31m[RLC]   max RETX reached on SRB 1
[0m[93m[RLC]   UE acfe: RLF detected, but no callable RLF handler registered
[0m[NR_MAC]   Frame.Slot 0.0
UE RNTI acfe CU-UE-ID 2 in-sync PH 38 dB PCMAX 21 dBm, average RSRP -92 (16 meas)
UE acfe: CQI 12, RI 4, PMI (2,1)
UE acfe: dlsch_rounds 148/141/140/139, dlsch_errors 138, pucch0_DTX 519, BLER 0.99531 MCS (1) 6
UE acfe: ulsch_rounds 67/57/56/56, ulsch_errors 56, ulsch_DTX 0, BLER 0.99718 MCS (1) 6 (Qm 4 deltaMCS 0 dB) NPRB 5  SNR 26.0 dB
UE acfe: MAC:    TX          75436 RX           2382 bytes
UE acfe: LCID 1: TX          49744 RX           1284 bytes
UE acfe: LCID 2: TX              0 RX              0 bytes
UE acfe: LCID 4: TX              0 RX              0 bytes

[0m[1;31m[RLC]   max RETX reached on SRB 1
[0m[93m[RLC]   UE acfe: RLF detected, but no callable RLF handler registered
[0m[1;31m[RLC]   max RETX reached on SRB 1
[0m[93m[RLC]   UE acfe: RLF detected, but no callable RLF handler registered
[0m[1;31m[RLC]   max RETX reached on SRB 1
[0m[93m[RLC]   UE acfe: RLF detected, but no callable RLF handler registered
[0m[1;31m[RLC]   max RETX reached on SRB 1
[0m[93m[RLC]   UE acfe: RLF detected, but no callable RLF handler registered
[0m[1;31m[RLC]   max RETX reached on SRB 1
[0m[93m[RLC]   UE acfe: RLF detected, but no callable RLF handler registered
[0m[1;31m[RLC]   max RETX reached on SRB 1
[0m[93m[RLC]   UE acfe: RLF detected, but no callable RLF handler registered
[0m[1;31m[RLC]   max RETX reached on SRB 1
[0m[93m[RLC]   UE acfe: RLF detected, but no callable RLF handler registered
[0m[1;31m[RLC]   max RETX reached on SRB 1
[0m[93m[RLC]   UE acfe: RLF detected, but no callable RLF handler registered
[0m[1;31m[RLC]   max RETX reached on SRB 1
[0m[93m[RLC]   UE acfe: RLF detected, but no callable RLF handler registered
[0m[1;31m[RLC]   max RETX reached on SRB 1
[0m[93m[RLC]   UE acfe: RLF detected, but no callable RLF handler registered
[0m[1;31m[RLC]   max RETX reached on SRB 1
[0m[93m[RLC]   UE acfe: RLF detected, but no callable RLF handler registered
[0m[1;31m[RLC]   max RETX reached on SRB 1
[0m[93m[RLC]   UE acfe: RLF detected, but no callable RLF handler registered
[0m[1;31m[RLC]   max RETX reached on SRB 1
[0m[93m[RLC]   UE acfe: RLF detected, but no callable RLF handler registered
[0m[1;31m[RLC]   max RETX reached on SRB 1
[0m[93m[RLC]   UE acfe: RLF detected, but no callable RLF handler registered
[0m[1;31m[RLC]   max RETX reached on SRB 1
[0m[93m[RLC]   UE acfe: RLF detected, but no callable RLF handler registered
[0m[1;31m[RLC]   max RETX reached on SRB 1
[0m[93m[RLC]   UE acfe: RLF detected, but no callable RLF handler registered
[0m[1;31m[RLC]   max RETX reached on SRB 1
[0m[93m[RLC]   UE acfe: RLF detected, but no callable RLF handler registered
[0m[1;31m[RLC]   max RETX reached on SRB 1
[0m[93m[RLC]   UE acfe: RLF detected, but no callable RLF handler registered
[0m[1;31m[RLC]   max RETX reached on SRB 1
[0m[93m[RLC]   UE acfe: RLF detected, but no callable RLF handler registered
[0m[1;31m[RLC]   max RETX reached on SRB 1
[0m[93m[RLC]   UE acfe: RLF detected, but no callable RLF handler registered
[0m[1;31m[RLC]   max RETX reached on SRB 1
[0m[93m[RLC]   UE acfe: RLF detected, but no callable RLF handler registered
[0m[1;31m[RLC]   max RETX reached on SRB 1
[0m[93m[RLC]   UE acfe: RLF detected, but no callable RLF handler registered
[0m[1;31m[RLC]   max RETX reached on SRB 1
[0m[93m[RLC]   UE acfe: RLF detected, but no callable RLF handler registered
[0m[1;31m[RLC]   max RETX reached on SRB 1
[0m[93m[RLC]   UE acfe: RLF detected, but no callable RLF handler registered
[0m[1;31m[RLC]   max RETX reached on SRB 1
[0m[93m[RLC]   UE acfe: RLF detected, but no callable RLF handler registered
[0m[1;31m[RLC]   max RETX reached on SRB 1
[0m[93m[RLC]   UE acfe: RLF detected, but no callable RLF handler registered
[0m[1;31m[RLC]   max RETX reached on SRB 1
[0m[93m[RLC]   UE acfe: RLF detected, but no callable RLF handler registered
[0m[1;31m[RLC]   max RETX reached on SRB 1
[0m[93m[RLC]   UE acfe: RLF detected, but no callable RLF handler registered
[0m[NR_MAC]   Frame.Slot 128.0
UE RNTI acfe CU-UE-ID 2 in-sync PH 38 dB PCMAX 21 dBm, average RSRP -99 (16 meas)
UE acfe: CQI 12, RI 4, PMI (2,1)
UE acfe: dlsch_rounds 177/170/169/168, dlsch_errors 167, pucch0_DTX 627, BLER 0.99836 MCS (1) 6
UE acfe: ulsch_rounds 79/69/69/69, ulsch_errors 69, ulsch_DTX 0, BLER 0.99911 MCS (1) 6 (Qm 4 deltaMCS 0 dB) NPRB 5  SNR 27.0 dB
UE acfe: MAC:    TX          90676 RX           2382 bytes
UE acfe: LCID 1: TX          60048 RX           1284 bytes
UE acfe: LCID 2: TX              0 RX              0 bytes
UE acfe: LCID 4: TX              0 RX              0 bytes

[0m[1;31m[RLC]   max RETX reached on SRB 1
[0m[93m[RLC]   UE acfe: RLF detected, but no callable RLF handler registered
[0m[1;31m[RLC]   max RETX reached on SRB 1
[0m[93m[RLC]   UE acfe: RLF detected, but no callable RLF handler registered
[0m[1;31m[RLC]   max RETX reached on SRB 1
[0m[93m[RLC]   UE acfe: RLF detected, but no callable RLF handler registered
[0m[1;31m[RLC]   max RETX reached on SRB 1
[0m[93m[RLC]   UE acfe: RLF detected, but no callable RLF handler registered
[0m[1;31m[RLC]   max RETX reached on SRB 1
[0m[93m[RLC]   UE acfe: RLF detected, but no callable RLF handler registered
[0m[1;31m[RLC]   max RETX reached on SRB 1
[0m[93m[RLC]   UE acfe: RLF detected, but no callable RLF handler registered
[0m[1;31m[RLC]   max RETX reached on SRB 1
[0m[93m[RLC]   UE acfe: RLF detected, but no callable RLF handler registered
[0m[1;31m[RLC]   max RETX reached on SRB 1
[0m[93m[RLC]   UE acfe: RLF detected, but no callable RLF handler registered
[0m[1;31m[RLC]   max RETX reached on SRB 1
[0m[93m[RLC]   UE acfe: RLF detected, but no callable RLF handler registered
[0m[1;31m[RLC]   max RETX reached on SRB 1
[0m[93m[RLC]   UE acfe: RLF detected, but no callable RLF handler registered
[0m[1;31m[RLC]   max RETX reached on SRB 1
[0m[93m[RLC]   UE acfe: RLF detected, but no callable RLF handler registered
[0m[1;31m[RLC]   max RETX reached on SRB 1
[0m[93m[RLC]   UE acfe: RLF detected, but no callable RLF handler registered
[0m[1;31m[RLC]   max RETX reached on SRB 1
[0m[93m[RLC]   UE acfe: RLF detected, but no callable RLF handler registered
[0m[1;31m[RLC]   max RETX reached on SRB 1
[0m[93m[RLC]   UE acfe: RLF detected, but no callable RLF handler registered
[0m[1;31m[RLC]   max RETX reached on SRB 1
[0m[93m[RLC]   UE acfe: RLF detected, but no callable RLF handler registered
[0m[1;31m[RLC]   max RETX reached on SRB 1
[0m[93m[RLC]   UE acfe: RLF detected, but no callable RLF handler registered
[0m[1;31m[RLC]   max RETX reached on SRB 1
[0m[93m[RLC]   UE acfe: RLF detected, but no callable RLF handler registered
[0m[1;31m[RLC]   max RETX reached on SRB 1
[0m[93m[RLC]   UE acfe: RLF detected, but no callable RLF handler registered
[0m[1;31m[RLC]   max RETX reached on SRB 1
[0m[93m[RLC]   UE acfe: RLF detected, but no callable RLF handler registered
[0m[1;31m[RLC]   max RETX reached on SRB 1
[0m[93m[RLC]   UE acfe: RLF detected, but no callable RLF handler registered
[0m[1;31m[RLC]   max RETX reached on SRB 1
[0m[93m[RLC]   UE acfe: RLF detected, but no callable RLF handler registered
[0m[1;31m[RLC]   max RETX reached on SRB 1
[0m[93m[RLC]   UE acfe: RLF detected, but no callable RLF handler registered
[0m[1;31m[RLC]   max RETX reached on SRB 1
[0m[93m[RLC]   UE acfe: RLF detected, but no callable RLF handler registered
[0m[1;31m[RLC]   max RETX reached on SRB 1
[0m[93m[RLC]   UE acfe: RLF detected, but no callable RLF handler registered
[0m[1;31m[RLC]   max RETX reached on SRB 1
[0m[93m[RLC]   UE acfe: RLF detected, but no callable RLF handler registered
[0m[1;31m[RLC]   max RETX reached on SRB 1
[0m[93m[RLC]   UE acfe: RLF detected, but no callable RLF handler registered
[0m[1;31m[RLC]   max RETX reached on SRB 1
[0m[93m[RLC]   UE acfe: RLF detected, but no callable RLF handler registered
[0m[1;31m[RLC]   max RETX reached on SRB 1
[0m[93m[RLC]   UE acfe: RLF detected, but no callable RLF handler registered
[0m[NR_MAC]   Frame.Slot 256.0
UE RNTI acfe CU-UE-ID 2 in-sync PH 38 dB PCMAX 21 dBm, average RSRP -94 (16 meas)
UE acfe: CQI 12, RI 4, PMI (2,1)
UE acfe: dlsch_rounds 206/199/198/196, dlsch_errors 194, pucch0_DTX 735, BLER 0.99949 MCS (1) 6
UE acfe: ulsch_rounds 90/80/80/80, ulsch_errors 80, ulsch_DTX 0, BLER 0.99972 MCS (1) 6 (Qm 4 deltaMCS 0 dB) NPRB 5  SNR 30.0 dB
UE acfe: MAC:    TX         106055 RX           2382 bytes
UE acfe: LCID 1: TX          70352 RX           1284 bytes
UE acfe: LCID 2: TX              0 RX              0 bytes
UE acfe: LCID 4: TX              0 RX              0 bytes

[0m[1;31m[RLC]   max RETX reached on SRB 1
[0m[93m[RLC]   UE acfe: RLF detected, but no callable RLF handler registered
[0m[1;31m[RLC]   max RETX reached on SRB 1
[0m[93m[RLC]   UE acfe: RLF detected, but no callable RLF handler registered
[0m[1;31m[RLC]   max RETX reached on SRB 1
[0m[93m[RLC]   UE acfe: RLF detected, but no callable RLF handler registered
[0m[1;31m[RLC]   max RETX reached on SRB 1
[0m[93m[RLC]   UE acfe: RLF detected, but no callable RLF handler registered
[0m[1;31m[RLC]   max RETX reached on SRB 1
[0m[93m[RLC]   UE acfe: RLF detected, but no callable RLF handler registered
[0m[1;31m[RLC]   max RETX reached on SRB 1
[0m[93m[RLC]   UE acfe: RLF detected, but no callable RLF handler registered
[0m[1;31m[RLC]   max RETX reached on SRB 1
[0m[93m[RLC]   UE acfe: RLF detected, but no callable RLF handler registered
[0m[1;31m[RLC]   max RETX reached on SRB 1
[0m[93m[RLC]   UE acfe: RLF detected, but no callable RLF handler registered
[0m[1;31m[RLC]   max RETX reached on SRB 1
[0m[93m[RLC]   UE acfe: RLF detected, but no callable RLF handler registered
[0m[1;31m[RLC]   max RETX reached on SRB 1
[0m[93m[RLC]   UE acfe: RLF detected, but no callable RLF handler registered
[0m[1;31m[RLC]   max RETX reached on SRB 1
[0m[93m[RLC]   UE acfe: RLF detected, but no callable RLF handler registered
[0m[1;31m[RLC]   max RETX reached on SRB 1
[0m[93m[RLC]   UE acfe: RLF detected, but no callable RLF handler registered
[0m[1;31m[RLC]   max RETX reached on SRB 1
[0m[93m[RLC]   UE acfe: RLF detected, but no callable RLF handler registered
[0m[1;31m[RLC]   max RETX reached on SRB 1
[0m[93m[RLC]   UE acfe: RLF detected, but no callable RLF handler registered
[0m[1;31m[RLC]   max RETX reached on SRB 1
[0m[93m[RLC]   UE acfe: RLF detected, but no callable RLF handler registered
[0m[1;31m[RLC]   max RETX reached on SRB 1
[0m[93m[RLC]   UE acfe: RLF detected, but no callable RLF handler registered
[0m[1;31m[RLC]   max RETX reached on SRB 1
[0m[93m[RLC]   UE acfe: RLF detected, but no callable RLF handler registered
[0m[1;31m[RLC]   max RETX reached on SRB 1
[0m[93m[RLC]   UE acfe: RLF detected, but no callable RLF handler registered
[0m[1;31m[RLC]   max RETX reached on SRB 1
[0m[93m[RLC]   UE acfe: RLF detected, but no callable RLF handler registered
[0m[1;31m[RLC]   max RETX reached on SRB 1
[0m[93m[RLC]   UE acfe: RLF detected, but no callable RLF handler registered
[0m[1;31m[RLC]   max RETX reached on SRB 1
[0m[93m[RLC]   UE acfe: RLF detected, but no callable RLF handler registered
[0m[1;31m[RLC]   max RETX reached on SRB 1
[0m[93m[RLC]   UE acfe: RLF detected, but no callable RLF handler registered
[0m[1;31m[RLC]   max RETX reached on SRB 1
[0m[93m[RLC]   UE acfe: RLF detected, but no callable RLF handler registered
[0m[1;31m[RLC]   max RETX reached on SRB 1
[0m[93m[RLC]   UE acfe: RLF detected, but no callable RLF handler registered
[0m[1;31m[RLC]   max RETX reached on SRB 1
[0m[93m[RLC]   UE acfe: RLF detected, but no callable RLF handler registered
[0m[1;31m[RLC]   max RETX reached on SRB 1
[0m[93m[RLC]   UE acfe: RLF detected, but no callable RLF handler registered
[0m[1;31m[RLC]   max RETX reached on SRB 1
[0m[93m[RLC]   UE acfe: RLF detected, but no callable RLF handler registered
[0m[NR_MAC]   Frame.Slot 384.0
UE RNTI acfe CU-UE-ID 2 in-sync PH 38 dB PCMAX 21 dBm, average RSRP -96 (16 meas)
UE acfe: CQI 14, RI 4, PMI (2,1)
UE acfe: dlsch_rounds 235/228/227/226, dlsch_errors 224, pucch0_DTX 846, BLER 0.99982 MCS (1) 6
UE acfe: ulsch_rounds 102/92/92/92, ulsch_errors 92, ulsch_DTX 0, BLER 0.99992 MCS (1) 6 (Qm 4 deltaMCS 0 dB) NPRB 5  SNR 29.0 dB
UE acfe: MAC:    TX         121239 RX           2382 bytes
UE acfe: LCID 1: TX          80288 RX           1284 bytes
UE acfe: LCID 2: TX              0 RX              0 bytes
UE acfe: LCID 4: TX              0 RX              0 bytes

[0m[1;31m[RLC]   max RETX reached on SRB 1
[0m[93m[RLC]   UE acfe: RLF detected, but no callable RLF handler registered
[0m[1;31m[RLC]   max RETX reached on SRB 1
[0m[93m[RLC]   UE acfe: RLF detected, but no callable RLF handler registered
[0m[1;31m[RLC]   max RETX reached on SRB 1
[0m[93m[RLC]   UE acfe: RLF detected, but no callable RLF handler registered
[0m[1;31m[RLC]   max RETX reached on SRB 1
[0m[93m[RLC]   UE acfe: RLF detected, but no callable RLF handler registered
[0m[1;31m[RLC]   max RETX reached on SRB 1
[0m[93m[RLC]   UE acfe: RLF detected, but no callable RLF handler registered
[0m[1;31m[RLC]   max RETX reached on SRB 1
[0m[93m[RLC]   UE acfe: RLF detected, but no callable RLF handler registered
[0m[1;31m[RLC]   max RETX reached on SRB 1
[0m[93m[RLC]   UE acfe: RLF detected, but no callable RLF handler registered
[0m[1;31m[RLC]   max RETX reached on SRB 1
[0m[93m[RLC]   UE acfe: RLF detected, but no callable RLF handler registered
[0m[1;31m[RLC]   max RETX reached on SRB 1
[0m[93m[RLC]   UE acfe: RLF detected, but no callable RLF handler registered
[0m[1;31m[RLC]   max RETX reached on SRB 1
[0m[93m[RLC]   UE acfe: RLF detected, but no callable RLF handler registered
[0m[1;31m[RLC]   max RETX reached on SRB 1
[0m[93m[RLC]   UE acfe: RLF detected, but no callable RLF handler registered
[0m[1;31m[RLC]   max RETX reached on SRB 1
[0m[93m[RLC]   UE acfe: RLF detected, but no callable RLF handler registered
[0m[1;31m[RLC]   max RETX reached on SRB 1
[0m[93m[RLC]   UE acfe: RLF detected, but no callable RLF handler registered
[0m[1;31m[RLC]   max RETX reached on SRB 1
[0m[93m[RLC]   UE acfe: RLF detected, but no callable RLF handler registered
[0m[1;31m[RLC]   max RETX reached on SRB 1
[0m[93m[RLC]   UE acfe: RLF detected, but no callable RLF handler registered
[0m[1;31m[RLC]   max RETX reached on SRB 1
[0m[93m[RLC]   UE acfe: RLF detected, but no callable RLF handler registered
[0m[1;31m[RLC]   max RETX reached on SRB 1
[0m[93m[RLC]   UE acfe: RLF detected, but no callable RLF handler registered
[0m[1;31m[RLC]   max RETX reached on SRB 1
[0m[93m[RLC]   UE acfe: RLF detected, but no callable RLF handler registered
[0m[1;31m[RLC]   max RETX reached on SRB 1
[0m[93m[RLC]   UE acfe: RLF detected, but no callable RLF handler registered
[0m[1;31m[RLC]   max RETX reached on SRB 1
[0m[93m[RLC]   UE acfe: RLF detected, but no callable RLF handler registered
[0m[1;31m[RLC]   max RETX reached on SRB 1
[0m[93m[RLC]   UE acfe: RLF detected, but no callable RLF handler registered
[0m[1;31m[RLC]   max RETX reached on SRB 1
[0m[93m[RLC]   UE acfe: RLF detected, but no callable RLF handler registered
[0m[1;31m[RLC]   max RETX reached on SRB 1
[0m[93m[RLC]   UE acfe: RLF detected, but no callable RLF handler registered
[0m[1;31m[RLC]   max RETX reached on SRB 1
[0m[93m[RLC]   UE acfe: RLF detected, but no callable RLF handler registered
[0m[1;31m[RLC]   max RETX reached on SRB 1
[0m[93m[RLC]   UE acfe: RLF detected, but no callable RLF handler registered
[0m[1;31m[RLC]   max RETX reached on SRB 1
[0m[93m[RLC]   UE acfe: RLF detected, but no callable RLF handler registered
[0m[1;31m[RLC]   max RETX reached on SRB 1
[0m[93m[RLC]   UE acfe: RLF detected, but no callable RLF handler registered
[0m[1;31m[RLC]   max RETX reached on SRB 1
[0m[93m[RLC]   UE acfe: RLF detected, but no callable RLF handler registered
[0m[NR_MAC]   Frame.Slot 512.0
UE RNTI acfe CU-UE-ID 2 in-sync PH 38 dB PCMAX 21 dBm, average RSRP -99 (16 meas)
UE acfe: CQI 12, RI 4, PMI (2,1)
UE acfe: dlsch_rounds 264/257/256/255, dlsch_errors 253, pucch0_DTX 951, BLER 0.99994 MCS (1) 6
UE acfe: ulsch_rounds 114/104/104/104, ulsch_errors 104, ulsch_DTX 0, BLER 0.99998 MCS (1) 6 (Qm 4 deltaMCS 0 dB) NPRB 5  SNR 29.0 dB
UE acfe: MAC:    TX         136618 RX           2382 bytes
UE acfe: LCID 1: TX          90592 RX           1284 bytes
UE acfe: LCID 2: TX              0 RX              0 bytes
UE acfe: LCID 4: TX              0 RX              0 bytes

[0m[1;31m[RLC]   max RETX reached on SRB 1
[0m[93m[RLC]   UE acfe: RLF detected, but no callable RLF handler registered
[0m[1;31m[RLC]   max RETX reached on SRB 1
[0m[93m[RLC]   UE acfe: RLF detected, but no callable RLF handler registered
[0m[1;31m[RLC]   max RETX reached on SRB 1
[0m[93m[RLC]   UE acfe: RLF detected, but no callable RLF handler registered
[0m[1;31m[RLC]   max RETX reached on SRB 1
[0m[93m[RLC]   UE acfe: RLF detected, but no callable RLF handler registered
[0m[1;31m[RLC]   max RETX reached on SRB 1
[0m[93m[RLC]   UE acfe: RLF detected, but no callable RLF handler registered
[0m[1;31m[RLC]   max RETX reached on SRB 1
[0m[93m[RLC]   UE acfe: RLF detected, but no callable RLF handler registered
[0m[1;31m[RLC]   max RETX reached on SRB 1
[0m[93m[RLC]   UE acfe: RLF detected, but no callable RLF handler registered
[0m[1;31m[RLC]   max RETX reached on SRB 1
[0m[93m[RLC]   UE acfe: RLF detected, but no callable RLF handler registered
[0m[1;31m[RLC]   max RETX reached on SRB 1
[0m[93m[RLC]   UE acfe: RLF detected, but no callable RLF handler registered
[0m[1;31m[RLC]   max RETX reached on SRB 1
[0m[93m[RLC]   UE acfe: RLF detected, but no callable RLF handler registered
[0m[1;31m[RLC]   max RETX reached on SRB 1
[0m[93m[RLC]   UE acfe: RLF detected, but no callable RLF handler registered
[0m[1;31m[RLC]   max RETX reached on SRB 1
[0m[93m[RLC]   UE acfe: RLF detected, but no callable RLF handler registered
[0m[1;31m[RLC]   max RETX reached on SRB 1
[0m[93m[RLC]   UE acfe: RLF detected, but no callable RLF handler registered
[0m[1;31m[RLC]   max RETX reached on SRB 1
[0m[93m[RLC]   UE acfe: RLF detected, but no callable RLF handler registered
[0m[1;31m[RLC]   max RETX reached on SRB 1
[0m[93m[RLC]   UE acfe: RLF detected, but no callable RLF handler registered
[0m[1;31m[RLC]   max RETX reached on SRB 1
[0m[93m[RLC]   UE acfe: RLF detected, but no callable RLF handler registered
[0m[1;31m[RLC]   max RETX reached on SRB 1
[0m[93m[RLC]   UE acfe: RLF detected, but no callable RLF handler registered
[0m[1;31m[RLC]   max RETX reached on SRB 1
[0m[93m[RLC]   UE acfe: RLF detected, but no callable RLF handler registered
[0m[1;31m[RLC]   max RETX reached on SRB 1
[0m[93m[RLC]   UE acfe: RLF detected, but no callable RLF handler registered
[0m[1;31m[RLC]   max RETX reached on SRB 1
[0m[93m[RLC]   UE acfe: RLF detected, but no callable RLF handler registered
[0m[1;31m[RLC]   max RETX reached on SRB 1
[0m[93m[RLC]   UE acfe: RLF detected, but no callable RLF handler registered
[0m[1;31m[RLC]   max RETX reached on SRB 1
[0m[93m[RLC]   UE acfe: RLF detected, but no callable RLF handler registered
[0m[1;31m[RLC]   max RETX reached on SRB 1
[0m[93m[RLC]   UE acfe: RLF detected, but no callable RLF handler registered
[0m[1;31m[RLC]   max RETX reached on SRB 1
[0m[93m[RLC]   UE acfe: RLF detected, but no callable RLF handler registered
[0m[1;31m[RLC]   max RETX reached on SRB 1
[0m[93m[RLC]   UE acfe: RLF detected, but no callable RLF handler registered
[0m[1;31m[RLC]   max RETX reached on SRB 1
[0m[93m[RLC]   UE acfe: RLF detected, but no callable RLF handler registered
[0m[1;31m[RLC]   max RETX reached on SRB 1
[0m[93m[RLC]   UE acfe: RLF detected, but no callable RLF handler registered
[0m[1;31m[RLC]   max RETX reached on SRB 1
[0m[93m[RLC]   UE acfe: RLF detected, but no callable RLF handler registered
[0m[NR_MAC]   Frame.Slot 640.0
UE RNTI acfe CU-UE-ID 2 in-sync PH 38 dB PCMAX 21 dBm, average RSRP -93 (16 meas)
UE acfe: CQI 12, RI 4, PMI (2,1)
UE acfe: dlsch_rounds 293/286/285/283, dlsch_errors 281, pucch0_DTX 1058, BLER 0.99998 MCS (1) 6
UE acfe: ulsch_rounds 125/115/115/115, ulsch_errors 115, ulsch_DTX 0, BLER 0.99999 MCS (1) 6 (Qm 4 deltaMCS 0 dB) NPRB 5  SNR 32.0 dB
UE acfe: MAC:    TX         151802 RX           2382 bytes
UE acfe: LCID 1: TX         100896 RX           1284 bytes
UE acfe: LCID 2: TX              0 RX              0 bytes
UE acfe: LCID 4: TX              0 RX              0 bytes

[0m[1;31m[RLC]   max RETX reached on SRB 1
[0m[93m[RLC]   UE acfe: RLF detected, but no callable RLF handler registered
[0m[1;31m[RLC]   max RETX reached on SRB 1
[0m[93m[RLC]   UE acfe: RLF detected, but no callable RLF handler registered
[0m[1;31m[RLC]   max RETX reached on SRB 1
[0m[93m[RLC]   UE acfe: RLF detected, but no callable RLF handler registered
[0m[1;31m[RLC]   max RETX reached on SRB 1
[0m[93m[RLC]   UE acfe: RLF detected, but no callable RLF handler registered
[0m[1;31m[RLC]   max RETX reached on SRB 1
[0m[93m[RLC]   UE acfe: RLF detected, but no callable RLF handler registered
[0m[1;31m[RLC]   max RETX reached on SRB 1
[0m[93m[RLC]   UE acfe: RLF detected, but no callable RLF handler registered
[0m[1;31m[RLC]   max RETX reached on SRB 1
[0m[93m[RLC]   UE acfe: RLF detected, but no callable RLF handler registered
[0m[1;31m[RLC]   max RETX reached on SRB 1
[0m[93m[RLC]   UE acfe: RLF detected, but no callable RLF handler registered
[0m[1;31m[RLC]   max RETX reached on SRB 1
[0m[93m[RLC]   UE acfe: RLF detected, but no callable RLF handler registered
[0m[1;31m[RLC]   max RETX reached on SRB 1
[0m[93m[RLC]   UE acfe: RLF detected, but no callable RLF handler registered
[0m[1;31m[RLC]   max RETX reached on SRB 1
[0m[93m[RLC]   UE acfe: RLF detected, but no callable RLF handler registered
[0m[1;31m[RLC]   max RETX reached on SRB 1
[0m[93m[RLC]   UE acfe: RLF detected, but no callable RLF handler registered
[0m[1;31m[RLC]   max RETX reached on SRB 1
[0m[93m[RLC]   UE acfe: RLF detected, but no callable RLF handler registered
[0m[1;31m[RLC]   max RETX reached on SRB 1
[0m[93m[RLC]   UE acfe: RLF detected, but no callable RLF handler registered
[0m[1;31m[RLC]   max RETX reached on SRB 1
[0m[93m[RLC]   UE acfe: RLF detected, but no callable RLF handler registered
[0m[1;31m[RLC]   max RETX reached on SRB 1
[0m[93m[RLC]   UE acfe: RLF detected, but no callable RLF handler registered
[0m[1;31m[RLC]   max RETX reached on SRB 1
[0m[93m[RLC]   UE acfe: RLF detected, but no callable RLF handler registered
[0m[1;31m[RLC]   max RETX reached on SRB 1
[0m[93m[RLC]   UE acfe: RLF detected, but no callable RLF handler registered
[0m[1;31m[RLC]   max RETX reached on SRB 1
[0m[93m[RLC]   UE acfe: RLF detected, but no callable RLF handler registered
[0m[1;31m[RLC]   max RETX reached on SRB 1
[0m[93m[RLC]   UE acfe: RLF detected, but no callable RLF handler registered
[0m[1;31m[RLC]   max RETX reached on SRB 1
[0m[93m[RLC]   UE acfe: RLF detected, but no callable RLF handler registered
[0m[1;31m[RLC]   max RETX reached on SRB 1
[0m[93m[RLC]   UE acfe: RLF detected, but no callable RLF handler registered
[0m[1;31m[RLC]   max RETX reached on SRB 1
[0m[93m[RLC]   UE acfe: RLF detected, but no callable RLF handler registered
[0m[1;31m[RLC]   max RETX reached on SRB 1
[0m[93m[RLC]   UE acfe: RLF detected, but no callable RLF handler registered
[0m[1;31m[RLC]   max RETX reached on SRB 1
[0m[93m[RLC]   UE acfe: RLF detected, but no callable RLF handler registered
[0m[1;31m[RLC]   max RETX reached on SRB 1
[0m[93m[RLC]   UE acfe: RLF detected, but no callable RLF handler registered
[0m[1;31m[RLC]   max RETX reached on SRB 1
[0m[93m[RLC]   UE acfe: RLF detected, but no callable RLF handler registered
[0m[NR_MAC]   Frame.Slot 768.0
UE RNTI acfe CU-UE-ID 2 in-sync PH 38 dB PCMAX 21 dBm, average RSRP -96 (16 meas)
UE acfe: CQI 12, RI 4, PMI (2,1)
UE acfe: dlsch_rounds 321/314/313/312, dlsch_errors 310, pucch0_DTX 1166, BLER 0.99999 MCS (1) 6
UE acfe: ulsch_rounds 137/127/127/127, ulsch_errors 127, ulsch_DTX 0, BLER 1.00000 MCS (1) 6 (Qm 4 deltaMCS 0 dB) NPRB 5  SNR 26.0 dB
UE acfe: MAC:    TX         166621 RX           2382 bytes
UE acfe: LCID 1: TX         110832 RX           1284 bytes
UE acfe: LCID 2: TX              0 RX              0 bytes
UE acfe: LCID 4: TX              0 RX              0 bytes

[0m[1;31m[RLC]   max RETX reached on SRB 1
[0m[93m[RLC]   UE acfe: RLF detected, but no callable RLF handler registered
[0m[1;31m[RLC]   max RETX reached on SRB 1
[0m[93m[RLC]   UE acfe: RLF detected, but no callable RLF handler registered
[0m[1;31m[RLC]   max RETX reached on SRB 1
[0m[93m[RLC]   UE acfe: RLF detected, but no callable RLF handler registered
[0m[1;31m[RLC]   max RETX reached on SRB 1
[0m[93m[RLC]   UE acfe: RLF detected, but no callable RLF handler registered
[0m[1;31m[RLC]   max RETX reached on SRB 1
[0m[93m[RLC]   UE acfe: RLF detected, but no callable RLF handler registered
[0m[1;31m[RLC]   max RETX reached on SRB 1
[0m[93m[RLC]   UE acfe: RLF detected, but no callable RLF handler registered
[0m[1;31m[RLC]   max RETX reached on SRB 1
[0m[93m[RLC]   UE acfe: RLF detected, but no callable RLF handler registered
[0m[1;31m[RLC]   max RETX reached on SRB 1
[0m[93m[RLC]   UE acfe: RLF detected, but no callable RLF handler registered
[0m[1;31m[RLC]   max RETX reached on SRB 1
[0m[93m[RLC]   UE acfe: RLF detected, but no callable RLF handler registered
[0m[1;31m[RLC]   max RETX reached on SRB 1
[0m[93m[RLC]   UE acfe: RLF detected, but no callable RLF handler registered
[0m[1;31m[RLC]   max RETX reached on SRB 1
[0m[93m[RLC]   UE acfe: RLF detected, but no callable RLF handler registered
[0m[1;31m[RLC]   max RETX reached on SRB 1
[0m[93m[RLC]   UE acfe: RLF detected, but no callable RLF handler registered
[0m[1;31m[RLC]   max RETX reached on SRB 1
[0m[93m[RLC]   UE acfe: RLF detected, but no callable RLF handler registered
[0m[1;31m[RLC]   max RETX reached on SRB 1
[0m[93m[RLC]   UE acfe: RLF detected, but no callable RLF handler registered
[0m[1;31m[RLC]   max RETX reached on SRB 1
[0m[93m[RLC]   UE acfe: RLF detected, but no callable RLF handler registered
[0m[1;31m[RLC]   max RETX reached on SRB 1
[0m[93m[RLC]   UE acfe: RLF detected, but no callable RLF handler registered
[0m[1;31m[RLC]   max RETX reached on SRB 1
[0m[93m[RLC]   UE acfe: RLF detected, but no callable RLF handler registered
[0m[1;31m[RLC]   max RETX reached on SRB 1
[0m[93m[RLC]   UE acfe: RLF detected, but no callable RLF handler registered
[0m[1;31m[RLC]   max RETX reached on SRB 1
[0m[93m[RLC]   UE acfe: RLF detected, but no callable RLF handler registered
[0m[1;31m[RLC]   max RETX reached on SRB 1
[0m[93m[RLC]   UE acfe: RLF detected, but no callable RLF handler registered
[0m[1;31m[RLC]   max RETX reached on SRB 1
[0m[93m[RLC]   UE acfe: RLF detected, but no callable RLF handler registered
[0m[1;31m[RLC]   max RETX reached on SRB 1
[0m[93m[RLC]   UE acfe: RLF detected, but no callable RLF handler registered
[0m[1;31m[RLC]   max RETX reached on SRB 1
[0m[93m[RLC]   UE acfe: RLF detected, but no callable RLF handler registered
[0m[1;31m[RLC]   max RETX reached on SRB 1
[0m[93m[RLC]   UE acfe: RLF detected, but no callable RLF handler registered
[0m[1;31m[RLC]   max RETX reached on SRB 1
[0m[93m[RLC]   UE acfe: RLF detected, but no callable RLF handler registered
[0m[1;31m[RLC]   max RETX reached on SRB 1
[0m[93m[RLC]   UE acfe: RLF detected, but no callable RLF handler registered
[0m[1;31m[RLC]   max RETX reached on SRB 1
[0m[93m[RLC]   UE acfe: RLF detected, but no callable RLF handler registered
[0m[1;31m[RLC]   max RETX reached on SRB 1
[0m[93m[RLC]   UE acfe: RLF detected, but no callable RLF handler registered
[0m[NR_MAC]   Frame.Slot 896.0
UE RNTI acfe CU-UE-ID 2 in-sync PH 38 dB PCMAX 21 dBm, average RSRP -96 (16 meas)
UE acfe: CQI 5, RI 3, PMI (4,1)
UE acfe: dlsch_rounds 351/342/341/340, dlsch_errors 338, pucch0_DTX 1270, BLER 0.94570 MCS (1) 6
UE acfe: ulsch_rounds 149/139/139/139, ulsch_errors 139, ulsch_DTX 0, BLER 1.00000 MCS (1) 6 (Qm 4 deltaMCS 0 dB) NPRB 5  SNR 34.0 dB
UE acfe: MAC:    TX         182365 RX           2382 bytes
UE acfe: LCID 1: TX         121136 RX           1284 bytes
UE acfe: LCID 2: TX              0 RX              0 bytes
UE acfe: LCID 4: TX              0 RX              0 bytes

[0m[1;31m[RLC]   max RETX reached on SRB 1
[0m[93m[RLC]   UE acfe: RLF detected, but no callable RLF handler registered
[0m[1;31m[RLC]   max RETX reached on SRB 1
[0m[93m[RLC]   UE acfe: RLF detected, but no callable RLF handler registered
[0m[1;31m[RLC]   max RETX reached on SRB 1
[0m[93m[RLC]   UE acfe: RLF detected, but no callable RLF handler registered
[0m[1;31m[RLC]   max RETX reached on SRB 1
[0m[93m[RLC]   UE acfe: RLF detected, but no callable RLF handler registered
[0m[1;31m[RLC]   max RETX reached on SRB 1
[0m[93m[RLC]   UE acfe: RLF detected, but no callable RLF handler registered
[0m[1;31m[RLC]   max RETX reached on SRB 1
[0m[93m[RLC]   UE acfe: RLF detected, but no callable RLF handler registered
[0m[1;31m[RLC]   max RETX reached on SRB 1
[0m[93m[RLC]   UE acfe: RLF detected, but no callable RLF handler registered
[0m[1;31m[RLC]   max RETX reached on SRB 1
[0m[93m[RLC]   UE acfe: RLF detected, but no callable RLF handler registered
[0m[1;31m[RLC]   max RETX reached on SRB 1
[0m[93m[RLC]   UE acfe: RLF detected, but no callable RLF handler registered
[0m[1;31m[RLC]   max RETX reached on SRB 1
[0m[93m[RLC]   UE acfe: RLF detected, but no callable RLF handler registered
[0m[1;31m[RLC]   max RETX reached on SRB 1
[0m[93m[RLC]   UE acfe: RLF detected, but no callable RLF handler registered
[0m[1;31m[RLC]   max RETX reached on SRB 1
[0m[93m[RLC]   UE acfe: RLF detected, but no callable RLF handler registered
[0m[1;31m[RLC]   max RETX reached on SRB 1
[0m[93m[RLC]   UE acfe: RLF detected, but no callable RLF handler registered
[0m[1;31m[RLC]   max RETX reached on SRB 1
[0m[93m[RLC]   UE acfe: RLF detected, but no callable RLF handler registered
[0m[1;31m[RLC]   max RETX reached on SRB 1
[0m[93m[RLC]   UE acfe: RLF detected, but no callable RLF handler registered
[0m[1;31m[RLC]   max RETX reached on SRB 1
[0m[93m[RLC]   UE acfe: RLF detected, but no callable RLF handler registered
[0m[1;31m[RLC]   max RETX reached on SRB 1
[0m[93m[RLC]   UE acfe: RLF detected, but no callable RLF handler registered
[0m[1;31m[RLC]   max RETX reached on SRB 1
[0m[93m[RLC]   UE acfe: RLF detected, but no callable RLF handler registered
[0m[1;31m[RLC]   max RETX reached on SRB 1
[0m[93m[RLC]   UE acfe: RLF detected, but no callable RLF handler registered
[0m[1;31m[RLC]   max RETX reached on SRB 1
[0m[93m[RLC]   UE acfe: RLF detected, but no callable RLF handler registered
[0m[1;31m[RLC]   max RETX reached on SRB 1
[0m[93m[RLC]   UE acfe: RLF detected, but no callable RLF handler registered
[0m[1;31m[RLC]   max RETX reached on SRB 1
[0m[93m[RLC]   UE acfe: RLF detected, but no callable RLF handler registered
[0m[1;31m[RLC]   max RETX reached on SRB 1
[0m[93m[RLC]   UE acfe: RLF detected, but no callable RLF handler registered
[0m[1;31m[RLC]   max RETX reached on SRB 1
[0m[93m[RLC]   UE acfe: RLF detected, but no callable RLF handler registered
[0m[1;31m[RLC]   max RETX reached on SRB 1
[0m[93m[RLC]   UE acfe: RLF detected, but no callable RLF handler registered
[0m[1;31m[RLC]   max RETX reached on SRB 1
[0m[93m[RLC]   UE acfe: RLF detected, but no callable RLF handler registered
[0m[1;31m[RLC]   max RETX reached on SRB 1
[0m[93m[RLC]   UE acfe: RLF detected, but no callable RLF handler registered
[0m[1;31m[RLC]   max RETX reached on SRB 1
[0m[93m[RLC]   UE acfe: RLF detected, but no callable RLF handler registered
[0m[NR_MAC]   Frame.Slot 0.0
UE RNTI acfe CU-UE-ID 2 in-sync PH 38 dB PCMAX 21 dBm, average RSRP -99 (14 meas)
UE acfe: CQI 12, RI 4, PMI (2,1)
UE acfe: dlsch_rounds 380/371/370/368, dlsch_errors 366, pucch0_DTX 1376, BLER 0.98107 MCS (1) 6
UE acfe: ulsch_rounds 166/156/156/156, ulsch_errors 156, ulsch_DTX 0, BLER 1.00000 MCS (1) 6 (Qm 4 deltaMCS 0 dB) NPRB 5  SNR 27.0 dB
UE acfe: MAC:    TX         197744 RX           2382 bytes
UE acfe: LCID 1: TX         131440 RX           1284 bytes
UE acfe: LCID 2: TX              0 RX              0 bytes
UE acfe: LCID 4: TX              0 RX              0 bytes

[0m[1;31m[RLC]   max RETX reached on SRB 1
[0m[93m[RLC]   UE acfe: RLF detected, but no callable RLF handler registered
[0m[1;31m[RLC]   max RETX reached on SRB 1
[0m[93m[RLC]   UE acfe: RLF detected, but no callable RLF handler registered
[0m[1;31m[RLC]   max RETX reached on SRB 1
[0m[93m[RLC]   UE acfe: RLF detected, but no callable RLF handler registered
[0m[1;31m[RLC]   max RETX reached on SRB 1
[0m[93m[RLC]   UE acfe: RLF detected, but no callable RLF handler registered
[0m[1;31m[RLC]   max RETX reached on SRB 1
[0m[93m[RLC]   UE acfe: RLF detected, but no callable RLF handler registered
[0m[1;31m[RLC]   max RETX reached on SRB 1
[0m[93m[RLC]   UE acfe: RLF detected, but no callable RLF handler registered
[0m[1;31m[RLC]   max RETX reached on SRB 1
[0m[93m[RLC]   UE acfe: RLF detected, but no callable RLF handler registered
[0m[1;31m[RLC]   max RETX reached on SRB 1
[0m[93m[RLC]   UE acfe: RLF detected, but no callable RLF handler registered
[0m[1;31m[RLC]   max RETX reached on SRB 1
[0m[93m[RLC]   UE acfe: RLF detected, but no callable RLF handler registered
[0m[1;31m[RLC]   max RETX reached on SRB 1
[0m[93m[RLC]   UE acfe: RLF detected, but no callable RLF handler registered
[0m[1;31m[RLC]   max RETX reached on SRB 1
[0m[93m[RLC]   UE acfe: RLF detected, but no callable RLF handler registered
[0m[1;31m[RLC]   max RETX reached on SRB 1
[0m[93m[RLC]   UE acfe: RLF detected, but no callable RLF handler registered
[0m[NR_MAC]   RACH.indication put_queue successfull
[0m[32m[NR_MAC]   55.19 UE RA-RNTI 010b TC-RNTI 3da1: Activating RA process index 0
[0m[NR_MAC]   UE 3da1: Msg3 scheduled at 56.17 (56.6 TDA 2)
[0m[32m[NR_MAC]   UE 3da1: 56.6 Generating RA-Msg2 DCI, RA RNTI 0x10b, state 1, CoreSetType 0, preamble_index(RAPID) 55, timing_offset = 0 (estimated distance 0.0 [m])
[0m[32m[NR_MAC]   56.6 Send RAR to RA-RNTI 010b
[0m[NR_MAC]   Adding new UE context with RNTI 0x3da1
[0m[32m[NR_MAC]     56.17 PUSCH with TC_RNTI 0x3da1 received correctly
[0m[MAC]   [RAPROC] Received SDU for CCCH length 6 for UE 3da1
[0m[RLC]   Activated srb0 for UE 15777
[0m[RLC]   Added srb 1 to UE 15777
[0m[NR_MAC]   Activating scheduling Msg4 for TC_RNTI 0x3da1 (state WAIT_Msg3)
[0m[93m[NR_MAC]   Unexpected ULSCH HARQ PID 0 (have -1) for RNTI 0x3da1
[0m[NR_RRC]   Decoding CCCH: RNTI 3da1, payload_size 6
[0m[NR_RRC]   Received UE 5G-S-TMSI-Part1 278099133942
[0m[32m[NR_RRC]   [--] (cellID 0, UE ID 1 RNTI 3da1) Create UE context: CU UE ID 1 DU UE ID 15777 (rnti: 3da1, random ue id 40c00005f6)
[0m[RRC]   activate SRB 1 of UE 1
[0m[32m[NR_RRC]   [DL] (cellID bc614e, UE ID 1 RNTI 3da1) Send RRC Setup
[0m[NR_MAC]   UE 3da1 Generate Msg4: feedback at   57. 7, payload 225 bytes, next state nrRA_WAIT_Msg4_MsgB_ACK
[0m[32m[NR_MAC]     57.13 UE 3da1: Received Ack of Msg4. CBRA procedure succeeded!
[0m[1;31m[RLC]   max RETX reached on SRB 1
[0m[93m[RLC]   UE acfe: RLF detected, but no callable RLF handler registered
[0m[32m[NR_RRC]   [UL] (cellID bc614e, UE ID 1 RNTI 3da1) Received RRCSetupComplete (RRC_CONNECTED reached)
[0m[RRC]   s_tmsi part2 0 (00 00)
[0m[NR_RRC]   5g_s_TMSI: 0x40C00005F6, amf_set_id: 0x1 (1), amf_pointer: 0x0 (0), 5g TMSI: 0xC00005F6 
[0m[NGAP]   UE 1: Chose AMF 'open5gs-amf' (assoc_id 62) through selected PLMN Identity index 0 MCC 1 MNC 1
[0m[34m[NGAP]   FIVEG_S_TMSI_PRESENT
[0m[E1AP]   releasing UE 2
[0m[GTPU]   [95] Deleted all tunnels for ue id 2 (1 tunnels deleted)
[0m[32m[NR_RRC]   [DL] (cellID bc614e, UE ID 2 RNTI acfe) Send RRC Release
[0m[34m[NGAP]   NGAP_FIND_PROTOCOLIE_BY_ID ie is NULL (searching for ie: 110)
[0m[93m[NGAP]   could not find NGAP_ProtocolIE_ID_id_UEAggregateMaximumBitRate
[0m[34m[NGAP]   NGAP_FIND_PROTOCOLIE_BY_ID ie is NULL (searching for ie: 71)
[0m[34m[NGAP]   AllowedNSSAI.list.count 2
[0m[34m[NGAP]   NGAP_FIND_PROTOCOLIE_BY_ID ie is NULL (searching for ie: 36)
[0m[RRC]   UE 2: received bearer release complete
[0m[32m[NR_RRC]   [--] (cellID bc614e, UE ID 1 RNTI 3da1) Selected security algorithms: ciphering 0, integrity 2
[0m[NR_RRC]   [UE 3da1] Saved security key A8
[0m[NR_RRC]   UE 1 Logical Channel DL-DCCH, Generate SecurityModeCommand (bytes 3)
[0m[32m[NR_RRC]   [UL] (cellID bc614e, UE ID 1 RNTI 3da1) Received Security Mode Complete
[0m[NR_RRC]   UE 1: Logical Channel DL-DCCH, Generate NR UECapabilityEnquiry (bytes 8, xid 3)
[0m[32m[NR_RRC]   [UL] (cellID bc614e, UE ID 1 RNTI 3da1) Received UE capabilities
[0m[NR_RRC]   Send message to ngap: NGAP_UE_CAPABILITIES_IND
[0m[32m[NR_RRC]   [DL] (cellID bc614e, UE ID 1 RNTI 3da1) Send DL Information Transfer [61 bytes]
[0m[NR_RRC]   Send message to sctp: NGAP_InitialContextSetupResponse
[0m[32m[NR_RRC]   [UL] (cellID bc614e, UE ID 1 RNTI 3da1) Received RRC UL Information Transfer [13 bytes]
[0m[1;31m[RLC]   max RETX reached on SRB 1
[0m[93m[RLC]   UE acfe: RLF detected, but no callable RLF handler registered
[0m[93m[NR_MAC]   UE acfe: Detected UL Failure on PUSCH after 10 PUSCH DTX, stopping scheduling
[0m[1;31m[RLC]   max RETX reached on SRB 1
[0m[93m[RLC]   UE acfe: RLF detected, but no callable RLF handler registered
[0m[93m[RLC]   Remove UE 44286
[0m[NR_RRC]   removed UE CU UE ID 2/RNTI acfe 
[0m[32m[NR_RRC]   [--] (cellID bc614e, UE ID 2 RNTI acfe) Remove UE context
[0m[NR_MAC]   Remove NR rnti 0xacfe
[0m[32m[NR_RRC]   [DL] (cellID bc614e, UE ID 1 RNTI 3da1) Send DL Information Transfer [46 bytes]
[0m[NR_MAC]   Frame.Slot 128.0
UE RNTI 3da1 CU-UE-ID 1 in-sync PH 40 dB PCMAX 21 dBm, average RSRP -78 (8 meas)
UE 3da1: CQI 15, RI 2, PMI (13,1)
UE 3da1: dlsch_rounds 8/0/0/0, dlsch_errors 0, pucch0_DTX 0, BLER 0.09000 MCS (0) 9
UE 3da1: ulsch_rounds 14/0/0/0, ulsch_errors 0, ulsch_DTX 0, BLER 0.05314 MCS (0) 9 (Qm 2 deltaMCS 0 dB) NPRB 5  SNR 25.0 dB
UE 3da1: MAC:    TX           1005 RX           2786 bytes
UE 3da1: LCID 1: TX            168 RX           1258 bytes

[0m[32m[NR_RRC]   [UL] (cellID bc614e, UE ID 1 RNTI 3da1) Received RRC UL Information Transfer [83 bytes]
[0m[NGAP]   PDUSESSIONSetup initiating message
[0m[NR_RRC]   UE 1: received PDU Session Resource Setup Request
[0m[NR_RRC]   Adding pdusession 1, total nb of sessions 1
[0m[NR_RRC]   UE 1: configure DRB ID 1 for PDU session ID 1
[0m[32m[NR_RRC]   [--] (cellID bc614e, UE ID 1 RNTI 3da1) selecting CU-UP ID 3589 based on exact NSSAI match (1:0xffffff)
[0m[RRC]   UE 1 associating to CU-UP assoc_id -1 out of 1 CU-UPs
[0m[GTPU]   [95] Created tunnel for UE ID 1, teid for incoming: b34ff059, teid for outgoing 8dc3 to remote IPv4: 10.128.3.206, IPv6 ::
[0m[PDCP]   added drb 1 to UE ID 1
[0m[SDAP]   Default DRB for the created SDAP entity: 1 
[0m[RRC]   activate SRB 2 of UE 1
[0m[RLC]   Added srb 2 to UE 15777
[0m[RLC]   Added drb 1 to UE 15777
[0m[RLC]   Added DRB to UE 15777
[0m[RRC]   UE 1 trigger UE context setup request with 1 DRBs
[0m[RRC]   UE 3da1 replacing existing CellGroupConfig with new one received from DU
[0m[E1AP]   UE 1: updating PDU session ID 1 (1 bearers)
[0m[PDCP]   DRB 1 re-established
[0m[32m[NR_RRC]   [DL] (cellID bc614e, UE ID 1 RNTI 3da1) Generate RRCReconfiguration (bytes 360, xid 2)
[0m[RRC]   UE 1: PDU session ID 1 modified 1 bearers
[0m[32m[NR_RRC]   [UL] (cellID bc614e, UE ID 1 RNTI 3da1) Received RRCReconfigurationComplete
[0m[NR_RRC]   msg index 0, pdu_sessions index 0, status 2, xid 2): nb_of_pdusessions 1,  pdusession_id 1, teid: 3008360537 
 [0m[NR_RRC]   NGAP_PDUSESSION_SETUP_RESP: sending the message
[0m[34m[NGAP]   pdusession_setup_resp_p: pdusession ID 1, gnb_addr 10.131.3.93, SIZE 4, TEID 3008360537
[0m[NR_MAC]   Frame.Slot 256.0
UE RNTI 3da1 CU-UE-ID 1 in-sync PH 42 dB PCMAX 21 dBm, average RSRP -77 (15 meas)
UE 3da1: CQI 10, RI 4, PMI (6,1)
UE 3da1: dlsch_rounds 14/1/1/1, dlsch_errors 1, pucch0_DTX 4, BLER 0.09790 MCS (1) 9
UE 3da1: ulsch_rounds 33/0/0/0, ulsch_errors 0, ulsch_DTX 0, BLER 0.01501 MCS (1) 9 (Qm 4 deltaMCS 0 dB) NPRB 5  SNR 25.0 dB
UE 3da1: MAC:    TX           4013 RX           6049 bytes
UE 3da1: LCID 1: TX            548 RX           1406 bytes
UE 3da1: LCID 2: TX              0 RX              0 bytes
UE 3da1: LCID 4: TX              0 RX              0 bytes

[0m[NR_MAC]   Frame.Slot 384.0
UE RNTI 3da1 CU-UE-ID 1 in-sync PH 38 dB PCMAX 21 dBm, average RSRP -77 (16 meas)
UE 3da1: CQI 10, RI 4, PMI (5,1)
UE 3da1: dlsch_rounds 20/2/1/1, dlsch_errors 1, pucch0_DTX 5, BLER 0.05781 MCS (1) 9
UE 3da1: ulsch_rounds 53/0/0/0, ulsch_errors 0, ulsch_DTX 0, BLER 0.00382 MCS (1) 9 (Qm 4 deltaMCS 0 dB) NPRB 5  SNR 27.0 dB
UE 3da1: MAC:    TX           8717 RX           9749 bytes
UE 3da1: LCID 1: TX            551 RX           1428 bytes
UE 3da1: LCID 2: TX              0 RX              0 bytes
UE 3da1: LCID 4: TX             12 RX            417 bytes

[0m[NR_MAC]   Frame.Slot 512.0
UE RNTI 3da1 CU-UE-ID 1 in-sync PH 36 dB PCMAX 21 dBm, average RSRP -77 (15 meas)
UE 3da1: CQI 10, RI 4, PMI (5,1)
UE 3da1: dlsch_rounds 26/2/1/1, dlsch_errors 1, pucch0_DTX 5, BLER 0.11083 MCS (1) 8
UE 3da1: ulsch_rounds 72/0/0/0, ulsch_errors 0, ulsch_DTX 0, BLER 0.00133 MCS (1) 9 (Qm 4 deltaMCS 0 dB) NPRB 5  SNR 27.0 dB
UE 3da1: MAC:    TX          12941 RX          13264 bytes
UE 3da1: LCID 1: TX            554 RX           1450 bytes
UE 3da1: LCID 2: TX              0 RX              0 bytes
UE 3da1: LCID 4: TX             24 RX           1216 bytes

[0m[1;31m[NFAPI_VNF]   
============================================================================
sfn slot doesn't match unpacked one! L2->L1 631.14  vs L1->L2 631.16  
============================================================================
[0m[NR_MAC]   Frame.Slot 640.0
UE RNTI 3da1 CU-UE-ID 1 in-sync PH 36 dB PCMAX 21 dBm, average RSRP -77 (15 meas)
UE 3da1: CQI 10, RI 4, PMI (5,1)
UE 3da1: dlsch_rounds 29/2/1/1, dlsch_errors 1, pucch0_DTX 5, BLER 0.08079 MCS (1) 8
UE 3da1: ulsch_rounds 89/0/0/0, ulsch_errors 0, ulsch_DTX 0, BLER 0.00034 MCS (1) 9 (Qm 4 deltaMCS 0 dB) NPRB 5  SNR 24.0 dB
UE 3da1: MAC:    TX          15053 RX          16409 bytes
UE 3da1: LCID 1: TX            557 RX           1472 bytes
UE 3da1: LCID 2: TX              0 RX              0 bytes
UE 3da1: LCID 4: TX             27 RX           1444 bytes

[0m[NR_MAC]   Frame.Slot 768.0
UE RNTI 3da1 CU-UE-ID 1 in-sync PH 34 dB PCMAX 21 dBm, average RSRP -77 (16 meas)
UE 3da1: CQI 10, RI 4, PMI (5,1)
UE 3da1: dlsch_rounds 34/2/1/1, dlsch_errors 1, pucch0_DTX 5, BLER 0.04771 MCS (1) 8
UE 3da1: ulsch_rounds 105/0/0/0, ulsch_errors 0, ulsch_DTX 0, BLER 0.00011 MCS (1) 9 (Qm 4 deltaMCS 0 dB) NPRB 5  SNR 25.0 dB
UE 3da1: MAC:    TX          18573 RX          19369 bytes
UE 3da1: LCID 1: TX            563 RX           1516 bytes
UE 3da1: LCID 2: TX              0 RX              0 bytes
UE 3da1: LCID 4: TX             30 RX           1523 bytes

[0m[NR_MAC]   Frame.Slot 896.0
UE RNTI 3da1 CU-UE-ID 1 in-sync PH 34 dB PCMAX 21 dBm, average RSRP -77 (15 meas)
UE 3da1: CQI 10, RI 4, PMI (5,1)
UE 3da1: dlsch_rounds 37/2/1/1, dlsch_errors 1, pucch0_DTX 5, BLER 0.03478 MCS (1) 8
UE 3da1: ulsch_rounds 121/0/0/0, ulsch_errors 0, ulsch_DTX 0, BLER 0.00003 MCS (1) 9 (Qm 4 deltaMCS 0 dB) NPRB 5  SNR 28.0 dB
UE 3da1: MAC:    TX          20685 RX          22329 bytes
UE 3da1: LCID 1: TX            566 RX           1538 bytes
UE 3da1: LCID 2: TX              0 RX              0 bytes
UE 3da1: LCID 4: TX             33 RX           1751 bytes

[0m[NR_MAC]   Frame.Slot 0.0
UE RNTI 3da1 CU-UE-ID 1 in-sync PH 34 dB PCMAX 21 dBm, average RSRP -77 (16 meas)
UE 3da1: CQI 10, RI 4, PMI (5,1)
UE 3da1: dlsch_rounds 39/2/1/1, dlsch_errors 1, pucch0_DTX 5, BLER 0.02817 MCS (1) 8
UE 3da1: ulsch_rounds 135/0/0/0, ulsch_errors 0, ulsch_DTX 0, BLER 0.00001 MCS (1) 9 (Qm 4 deltaMCS 0 dB) NPRB 5  SNR 28.0 dB
UE 3da1: MAC:    TX          22093 RX          24919 bytes
UE 3da1: LCID 1: TX            569 RX           1560 bytes
UE 3da1: LCID 2: TX              0 RX              0 bytes
UE 3da1: LCID 4: TX             33 RX           1751 bytes

[0m[NR_MAC]   Frame.Slot 128.0
UE RNTI 3da1 CU-UE-ID 1 in-sync PH 34 dB PCMAX 21 dBm, average RSRP -77 (16 meas)
UE 3da1: CQI 10, RI 4, PMI (5,1)
UE 3da1: dlsch_rounds 43/2/1/1, dlsch_errors 1, pucch0_DTX 5, BLER 0.02054 MCS (1) 8
UE 3da1: ulsch_rounds 151/0/0/0, ulsch_errors 0, ulsch_DTX 0, BLER 0.00000 MCS (1) 9 (Qm 4 deltaMCS 0 dB) NPRB 5  SNR 27.0 dB
UE 3da1: MAC:    TX          24909 RX          27879 bytes
UE 3da1: LCID 1: TX            572 RX           1582 bytes
UE 3da1: LCID 2: TX              0 RX              0 bytes
UE 3da1: LCID 4: TX             36 RX           1830 bytes

[0m[NR_MAC]   Frame.Slot 256.0
UE RNTI 3da1 CU-UE-ID 1 in-sync PH 31 dB PCMAX 21 dBm, average RSRP -77 (16 meas)
UE 3da1: CQI 12, RI 3, PMI (6,1)
UE 3da1: dlsch_rounds 46/2/1/1, dlsch_errors 1, pucch0_DTX 5, BLER 0.01497 MCS (1) 8
UE 3da1: ulsch_rounds 167/0/0/0, ulsch_errors 0, ulsch_DTX 0, BLER 0.00000 MCS (1) 9 (Qm 4 deltaMCS 0 dB) NPRB 5  SNR 30.0 dB
UE 3da1: MAC:    TX          26669 RX          30839 bytes
UE 3da1: LCID 1: TX            578 RX           1626 bytes
UE 3da1: LCID 2: TX              0 RX              0 bytes
UE 3da1: LCID 4: TX             36 RX           1830 bytes

[0m[NR_MAC]   Frame.Slot 384.0
UE RNTI 3da1 CU-UE-ID 1 in-sync PH 31 dB PCMAX 21 dBm, average RSRP -77 (16 meas)
UE 3da1: CQI 9, RI 4, PMI (6,0)
UE 3da1: dlsch_rounds 48/2/1/1, dlsch_errors 1, pucch0_DTX 5, BLER 0.01213 MCS (1) 8
UE 3da1: ulsch_rounds 182/0/0/0, ulsch_errors 0, ulsch_DTX 0, BLER 0.00000 MCS (1) 9 (Qm 4 deltaMCS 0 dB) NPRB 5  SNR 31.0 dB
UE 3da1: MAC:    TX          27901 RX          33614 bytes
UE 3da1: LCID 1: TX            581 RX           1648 bytes
UE 3da1: LCID 2: TX              0 RX              0 bytes
UE 3da1: LCID 4: TX             36 RX           1830 bytes

[0m[NR_MAC]   Frame.Slot 512.0
UE RNTI 3da1 CU-UE-ID 1 in-sync PH 32 dB PCMAX 21 dBm, average RSRP -77 (16 meas)
UE 3da1: CQI 10, RI 4, PMI (5,1)
UE 3da1: dlsch_rounds 50/2/1/1, dlsch_errors 1, pucch0_DTX 5, BLER 0.00982 MCS (1) 8
UE 3da1: ulsch_rounds 197/0/0/0, ulsch_errors 0, ulsch_DTX 0, BLER 0.00000 MCS (1) 9 (Qm 4 deltaMCS 0 dB) NPRB 5  SNR 28.0 dB
UE 3da1: MAC:    TX          29309 RX          36389 bytes
UE 3da1: LCID 1: TX            584 RX           1670 bytes
UE 3da1: LCID 2: TX              0 RX              0 bytes
UE 3da1: LCID 4: TX             36 RX           1830 bytes

[0m[NR_MAC]   Frame.Slot 640.0
UE RNTI 3da1 CU-UE-ID 1 in-sync PH 34 dB PCMAX 21 dBm, average RSRP -76 (15 meas)
UE 3da1: CQI 11, RI 4, PMI (7,0)
UE 3da1: dlsch_rounds 163/2/1/1, dlsch_errors 1, pucch0_DTX 5, BLER 0.00423 MCS (1) 13
UE 3da1: ulsch_rounds 237/0/0/0, ulsch_errors 0, ulsch_DTX 0, BLER 0.00000 MCS (1) 14 (Qm 6 deltaMCS 0 dB) NPRB 5  SNR 26.0 dB
UE 3da1: MAC:    TX        4746610 RX          43905 bytes
UE 3da1: LCID 1: TX            587 RX           1692 bytes
UE 3da1: LCID 2: TX              0 RX              0 bytes
UE 3da1: LCID 4: TX        4696953 RX           2585 bytes

[0m[NR_MAC]   Frame.Slot 768.0
UE RNTI 3da1 CU-UE-ID 1 in-sync PH 34 dB PCMAX 21 dBm, average RSRP -77 (12 meas)
UE 3da1: CQI 11, RI 4, PMI (7,1)
UE 3da1: dlsch_rounds 347/17/1/1, dlsch_errors 1, pucch0_DTX 5, BLER 0.07073 MCS (1) 19
UE 3da1: ulsch_rounds 292/0/0/0, ulsch_errors 0, ulsch_DTX 0, BLER 0.00000 MCS (1) 18 (Qm 6 deltaMCS 0 dB) NPRB 5  SNR 30.0 dB
UE 3da1: MAC:    TX       15876064 RX          54080 bytes
UE 3da1: LCID 1: TX            593 RX           1736 bytes
UE 3da1: LCID 2: TX              0 RX              0 bytes
UE 3da1: LCID 4: TX       15775700 RX           2660 bytes

[0m[NR_MAC]   Frame.Slot 896.0
UE RNTI 3da1 CU-UE-ID 1 in-sync PH 34 dB PCMAX 21 dBm, average RSRP -77 (13 meas)
UE 3da1: CQI 11, RI 4, PMI (7,1)
UE 3da1: dlsch_rounds 538/43/1/1, dlsch_errors 1, pucch0_DTX 5, BLER 0.12814 MCS (1) 19
UE 3da1: ulsch_rounds 346/0/0/0, ulsch_errors 0, ulsch_DTX 0, BLER 0.00000 MCS (1) 25 (Qm 8 deltaMCS 0 dB) NPRB 5  SNR 29.0 dB
UE 3da1: MAC:    TX       27757689 RX          64070 bytes
UE 3da1: LCID 1: TX            596 RX           1758 bytes
UE 3da1: LCID 2: TX              0 RX              0 bytes
UE 3da1: LCID 4: TX       27589604 RX           2817 bytes

[0m[NR_MAC]   Frame.Slot 0.0
UE RNTI 3da1 CU-UE-ID 1 in-sync PH 34 dB PCMAX 21 dBm, average RSRP -78 (11 meas)
UE 3da1: CQI 11, RI 4, PMI (7,1)
UE 3da1: dlsch_rounds 738/50/1/1, dlsch_errors 1, pucch0_DTX 5, BLER 0.05414 MCS (1) 19
UE 3da1: ulsch_rounds 400/0/0/0, ulsch_errors 0, ulsch_DTX 0, BLER 0.00000 MCS (1) 27 (Qm 8 deltaMCS 0 dB) NPRB 5  SNR 28.0 dB
UE 3da1: MAC:    TX       39706373 RX          74060 bytes
UE 3da1: LCID 1: TX            599 RX           1780 bytes
UE 3da1: LCID 2: TX              0 RX              0 bytes
UE 3da1: LCID 4: TX       39467142 RX           2895 bytes

[0m