[UTIL]   running in SA mode (no --phy-test, --do-ra, --nsa option present)
[0m[OPT]   OPT disabled
[0m[HW]   Version: Branch: HEAD Abrev. Hash: f0fce7c167 Date: Tue Feb 25 22:58:21 2025 +0000
[0m[GNB_APP]   Initialized RAN Context: RC.nb_nr_inst = 1, RC.nb_nr_macrlc_inst = 1, RC.nb_nr_L1_inst = 0, RC.nb_RU = 0, RC.nb_nr_CC[0] = 0
[0m[GNB_APP]   pdsch_AntennaPorts N1 2 N2 1 XP 2 pusch_AntennaPorts 2
[0m[1;31m[GNB_APP]   RU information not present in config file. Assuming physical antenna ports equal to logical antenna ports 4
[0m[GNB_APP]   minTXRXTIME 3
[0m[GNB_APP]   SIB1 TDA 1
[0m[GNB_APP]   CSI-RS 1, SRS 0, 256 QAM may be on, delta_MCS off, maxMIMO_Layers -1, HARQ feedback enabled, num DLHARQ:16, num ULHARQ:16
[0m[GNB_APP]   sr_ProhibitTimer 0, sr_TransMax 64, sr_ProhibitTimer_v1700 0, t300 400, t301 400, t310 2000, n310 10, t311 3000, n311 1, t319 400
[0m[NR_MAC]   Candidates per PDCCH aggregation level on UESS: L1: 0, L2: 2, L4: 0, L8: 0, L16: 0
[0m[RRC]   Read in ServingCellConfigCommon (PhysCellId 0, ABSFREQSSB 649920, DLBand 78, ABSFREQPOINTA 646724, DLBW 273,RACH_TargetReceivedPower -96
[0m[RRC]   absoluteFrequencySSB 649920 corresponds to 3748800000 Hz
[0m[NR_MAC]   TDD period index = 6, based on the sum of dl_UL_TransmissionPeriodicity from Pattern1 (5.000000 ms) and Pattern2 (0.000000 ms): Total = 5.000000 ms
[0m[UTIL]   threadCreate() for MAC_STATS: creating thread with affinity ffffffff, priority 2
[0m[NR_MAC]   PUSCH Target 280, PUCCH Target 100, PUCCH Failure 10, PUSCH Failure 10
[0m[GNB_APP]   Configuring VNF for Aerial connection with prefix (null)
[0m[NR_PHY]   Copying 0 blacklisted PRB to L1 context
[0m[NR_MAC]   Set TX antenna number to 4, Set RX antenna number to 2 (num ssb 1: 80000000,0)
[0m[NR_MAC]   TDD period index = 6, based on the sum of dl_UL_TransmissionPeriodicity from Pattern1 (5.000000 ms) and Pattern2 (0.000000 ms): Total = 5.000000 ms
[0m[NR_MAC]   Set TDD configuration period to: 7 DL slots, 3 UL slots, 10 slots per period (NR_TDD_UL_DL_Pattern is 6 DL slots, 3 UL slots, 10 DL symbols, 0 UL symbols)
[0m[NR_MAC]   Configured 1 TDD patterns (total slots: pattern1 = 10, pattern2 = 0)
[0m[NR_PHY]   Set TDD Period Configuration: 2 periods per frame, 20 slots to be configured (7 DL, 3 UL)
[0m[NR_PHY]   TDD period configuration: slot 0 is DOWNLINK
[0m[NR_PHY]   TDD period configuration: slot 1 is DOWNLINK
[0m[NR_PHY]   TDD period configuration: slot 2 is DOWNLINK
[0m[NR_PHY]   TDD period configuration: slot 3 is DOWNLINK
[0m[NR_PHY]   TDD period configuration: slot 4 is DOWNLINK
[0m[NR_PHY]   TDD period configuration: slot 5 is DOWNLINK
[0m[NR_PHY]   TDD period configuration: slot 6 is FLEXIBLE: DDDDDDDDDDFFFF
[0m[NR_PHY]   TDD period configuration: slot 7 is UPLINK
[0m[NR_PHY]   TDD period configuration: slot 8 is UPLINK
[0m[NR_PHY]   TDD period configuration: slot 9 is UPLINK
[0m[NR_RRC]   SIB1 freq: offsetToPointA 246
[0m[GNB_APP]   F1AP: gNB idx 0 gNB_DU_id 3589, gNB_DU_name gNB-OAI-devkit05, TAC 1 MCC/MNC/length 1/1/2 cellID 12345678
[0m[GNB_APP]   ngran_DU: Configuring Cell 0 for TDD
[0m[GNB_APP]   SDAP layer is disabled
[0m[GNB_APP]   Data Radio Bearer count 1
[0m[NR_RRC]   do_SIB23_NR, size 9
[0m[UTIL]   threadCreate() for TASK_SCTP: creating thread with affinity ffffffff, priority 50
[0m[X2AP]   X2AP is disabled.
[0m[UTIL]   threadCreate() for TASK_NGAP: creating thread with affinity ffffffff, priority 50
[0m[34m[NGAP]   Starting NGAP layer
[0m[UTIL]   threadCreate() for TASK_GNB_APP: creating thread with affinity ffffffff, priority 50
[0m[NGAP]   Registered new gNB[0] and macro gNB id 3589
[0m[NGAP]   [gNB 0] check the amf registration state
[0m[UTIL]   threadCreate() for TASK_RRC_GNB: creating thread with affinity ffffffff, priority 50
[0m[NR_RRC]   Entering main loop of NR_RRC message task
[0m[GTPU]   Configuring GTPu
[0m[NR_RRC]   Received F1 Setup Request from gNB_DU 3589 (gNB-OAI-devkit05) on assoc_id -1
[0m[GTPU]   SA mode 
[0m[GTPU]   Configuring GTPu address : 10.131.3.93, port : 2152
[0m[GTPU]   Initializing UDP for local address 10.131.3.93 with port 2152
[0m[RRC]   Accepting DU 3589 (gNB-OAI-devkit05), sending F1 Setup Response
[0m[RRC]   DU uses RRC version 17.3.0
[0m[GTPU]   Created gtpu instance id: 95
[0m[MAC]   received F1 Setup Response from CU (null)
[0m[MAC]   CU uses RRC version 17.3.0
[0m[MAC]   Clearing the DU's UE states before, if any.
[0m[UTIL]   threadCreate() for TASK_GTPV1_U: creating thread with affinity ffffffff, priority 50
[0m[NR_RRC]   Accepting new CU-UP ID 3589 name gNB-OAI-devkit05 (assoc_id -1)
[0m[32m[NGAP]   Send NGSetupRequest to AMF
[0m[NGAP]   3589 -> 0000e050
[0m[34m[NGAP]   servedGUAMIs.list.count 1
[0m[34m[NGAP]   PLMNSupportList.list.count 1
[0m[34m[NGAP]   PLMNSupportList.list.count 3
[0m[32m[NGAP]   Received NGSetupResponse from AMF
[0m[GNB_APP]   [gNB 0] Received NGAP_REGISTER_GNB_CNF: associated AMF 1
[0m[NFAPI_VNF]   nvIPC_Init: creating IPC interface with prefix nvipc
[0m[NFAPI_VNF]   nvIPC_Init: create IPC interface successful
[0m[UTIL]   threadCreate() for vnf_nvipc_aerial: creating thread with affinity 1c, priority 50
[0m[NFAPI_VNF]   Received CONFIG.response, gNB is ready! 
[0m[1;31m[NFAPI_VNF]   
============================================================================
sfn slot doesn't match unpacked one! L2->L1 0.0  vs L1->L2 0.3  
============================================================================
[0m[NR_MAC]   Frame.Slot 128.0

[0m[NR_MAC]   Frame.Slot 256.0

[0m[NR_MAC]   Frame.Slot 384.0

[0m[NR_MAC]   Frame.Slot 512.0

[0m[NR_MAC]   Frame.Slot 640.0

[0m[NR_MAC]   Frame.Slot 768.0

[0m[NR_MAC]   Frame.Slot 896.0

[0m[NR_MAC]   Frame.Slot 0.0

[0m[NR_MAC]   Frame.Slot 128.0

[0m[NR_MAC]   Frame.Slot 256.0

[0m[NR_MAC]   Frame.Slot 384.0

[0m[NR_MAC]   Frame.Slot 512.0

[0m[NR_MAC]   Frame.Slot 640.0

[0m[NR_MAC]   Frame.Slot 768.0

[0m[NR_MAC]   Frame.Slot 896.0

[0m[NR_MAC]   Frame.Slot 0.0

[0m[NR_MAC]   Frame.Slot 128.0

[0m[1;31m[NFAPI_VNF]   
============================================================================
sfn slot doesn't match unpacked one! L2->L1 171.1  vs L1->L2 171.3  
============================================================================
[0m[NR_MAC]   Frame.Slot 256.0

[0m[NR_MAC]   Frame.Slot 384.0

[0m[NR_MAC]   Frame.Slot 512.0

[0m[NR_MAC]   Frame.Slot 640.0

[0m[1;31m[NFAPI_VNF]   
============================================================================
sfn slot doesn't match unpacked one! L2->L1 667.16  vs L1->L2 667.18  
============================================================================
[0m[NR_MAC]   Frame.Slot 768.0

[0m[NR_MAC]   Frame.Slot 896.0

[0m[NR_MAC]   Frame.Slot 0.0

[0m[NR_MAC]   Frame.Slot 128.0

[0m[1;31m[NFAPI_VNF]   
============================================================================
sfn slot doesn't match unpacked one! L2->L1 151.10  vs L1->L2 151.12  
============================================================================
[0m[NR_MAC]   Frame.Slot 256.0

[0m[NR_MAC]   Frame.Slot 384.0

[0m[NR_MAC]   Frame.Slot 512.0

[0m[NR_MAC]   RACH.indication put_queue successfull
[0m[32m[NR_MAC]   594.19 UE RA-RNTI 010b TC-RNTI 8679: Activating RA process index 0
[0m[NR_MAC]   UE 8679: Msg3 scheduled at 595.17 (595.6 TDA 2)
[0m[32m[NR_MAC]   UE 8679: 595.6 Generating RA-Msg2 DCI, RA RNTI 0x10b, state 1, CoreSetType 0, preamble_index(RAPID) 48, timing_offset = 0 (estimated distance 0.0 [m])
[0m[32m[NR_MAC]   595.6 Send RAR to RA-RNTI 010b
[0m[1;31m[NR_MAC]   Couldn't identify UE connected with current UL HARQ process
[0m[NR_MAC]    596 9: RA RNTI 8679 CC_id 0 Scheduling retransmission of Msg3 in (596,17)
[0m[1;31m[NR_MAC]   Couldn't identify UE connected with current UL HARQ process
[0m[NR_MAC]    597 9: RA RNTI 8679 CC_id 0 Scheduling retransmission of Msg3 in (597,17)
[0m[1;31m[NR_MAC]   Couldn't identify UE connected with current UL HARQ process
[0m[NR_MAC]    598 9: RA RNTI 8679 CC_id 0 Scheduling retransmission of Msg3 in (598,17)
[0m[93m[NR_MAC]   Random Access 0 failed at state WAIT_Msg3 (Reached msg3 max harq rounds)
[0m[1;31m[NR_MAC]   Couldn't identify UE connected with current UL HARQ process
[0m[NR_MAC]   Frame.Slot 640.0

[0m[NR_MAC]   Frame.Slot 768.0

[0m[NR_MAC]   Frame.Slot 896.0

[0m[NR_MAC]   Frame.Slot 0.0

[0m[NR_MAC]   Frame.Slot 128.0

[0m[NR_MAC]   Frame.Slot 256.0

[0m[NR_MAC]   Frame.Slot 384.0

[0m[NR_MAC]   Frame.Slot 512.0

[0m[1;31m[NFAPI_VNF]   
============================================================================
sfn slot doesn't match unpacked one! L2->L1 588.13  vs L1->L2 588.15  
============================================================================
[0m[NR_MAC]   Frame.Slot 640.0

[0m[NR_MAC]   Frame.Slot 768.0

[0m[NR_MAC]   Frame.Slot 896.0

[0m[NR_MAC]   Frame.Slot 0.0

[0m[NR_MAC]   Frame.Slot 128.0

[0m[NR_MAC]   Frame.Slot 256.0

[0m[NR_MAC]   Frame.Slot 384.0

[0m[NR_MAC]   Frame.Slot 512.0

[0m[NR_MAC]   Frame.Slot 640.0

[0m[NR_MAC]   Frame.Slot 768.0

[0m[NR_MAC]   Frame.Slot 896.0

[0m[NR_MAC]   Frame.Slot 0.0

[0m[NR_MAC]   Frame.Slot 128.0

[0m[NR_MAC]   Frame.Slot 256.0

[0m[NR_MAC]   Frame.Slot 384.0

[0m[NR_MAC]   Frame.Slot 512.0

[0m[NR_MAC]   Frame.Slot 640.0

[0m[NR_MAC]   Frame.Slot 768.0

[0m[NR_MAC]   Frame.Slot 896.0

[0m[NR_MAC]   RACH.indication put_queue successfull
[0m[32m[NR_MAC]   1002.19 UE RA-RNTI 010b TC-RNTI 3012: Activating RA process index 0
[0m[NR_MAC]   UE 3012: Msg3 scheduled at 1003.17 (1003.6 TDA 2)
[0m[32m[NR_MAC]   UE 3012: 1003.6 Generating RA-Msg2 DCI, RA RNTI 0x10b, state 1, CoreSetType 0, preamble_index(RAPID) 62, timing_offset = 0 (estimated distance 0.0 [m])
[0m[32m[NR_MAC]   1003.6 Send RAR to RA-RNTI 010b
[0m[NR_MAC]   Adding new UE context with RNTI 0x3012
[0m[32m[NR_MAC]   1003.17 PUSCH with TC_RNTI 0x3012 received correctly
[0m[MAC]   [RAPROC] Received SDU for CCCH length 6 for UE 3012
[0m[RLC]   Activated srb0 for UE 12306
[0m[RLC]   Added srb 1 to UE 12306
[0m[NR_MAC]   Activating scheduling Msg4 for TC_RNTI 0x3012 (state WAIT_Msg3)
[0m[93m[NR_MAC]   Unexpected ULSCH HARQ PID 0 (have -1) for RNTI 0x3012
[0m[NR_RRC]   Decoding CCCH: RNTI 3012, payload_size 6
[0m[32m[NR_RRC]   [--] (cellID 0, UE ID 1 RNTI 3012) Create UE context: CU UE ID 1 DU UE ID 12306 (rnti: 3012, random ue id 8015eec77d000000)
[0m[RRC]   activate SRB 1 of UE 1
[0m[32m[NR_RRC]   [DL] (cellID bc614e, UE ID 1 RNTI 3012) Send RRC Setup
[0m[NR_MAC]   UE 3012 Generate Msg4: feedback at 1004. 7, payload 225 bytes, next state nrRA_WAIT_Msg4_MsgB_ACK
[0m[32m[NR_MAC]   1004.13 UE 3012: Received Ack of Msg4. CBRA procedure succeeded!
[0m[32m[NR_RRC]   [UL] (cellID bc614e, UE ID 1 RNTI 3012) Received RRCSetupComplete (RRC_CONNECTED reached)
[0m[NGAP]   Build NGAP_NAS_FIRST_REQ adding in s_TMSI: GUAMI amf_set_id 1 amf_region_id 2 ue 3012
[0m[NGAP]   UE 1: Chose AMF 'open5gs-amf' (assoc_id 60) through selected PLMN Identity index 0 MCC 1 MNC 1
[0m[34m[NGAP]   NGAP_FIND_PROTOCOLIE_BY_ID ie is NULL (searching for ie: 110)
[0m[93m[NGAP]   could not find NGAP_ProtocolIE_ID_id_UEAggregateMaximumBitRate
[0m[34m[NGAP]   NGAP_FIND_PROTOCOLIE_BY_ID ie is NULL (searching for ie: 71)
[0m[34m[NGAP]   AllowedNSSAI.list.count 2
[0m[34m[NGAP]   NGAP_FIND_PROTOCOLIE_BY_ID ie is NULL (searching for ie: 36)
[0m[32m[NR_RRC]   [--] (cellID bc614e, UE ID 1 RNTI 3012) Selected security algorithms: ciphering 0, integrity 2
[0m[NR_RRC]   [UE 3012] Saved security key 0C
[0m[NR_RRC]   UE 1 Logical Channel DL-DCCH, Generate SecurityModeCommand (bytes 3)
[0m[32m[NR_RRC]   [UL] (cellID bc614e, UE ID 1 RNTI 3012) Received Security Mode Complete
[0m[NR_RRC]   UE 1: Logical Channel DL-DCCH, Generate NR UECapabilityEnquiry (bytes 8, xid 3)
[0m[32m[NR_RRC]   [UL] (cellID bc614e, UE ID 1 RNTI 3012) Received UE capabilities
[0m[NR_RRC]   Send message to ngap: NGAP_UE_CAPABILITIES_IND
[0m[32m[NR_RRC]   [DL] (cellID bc614e, UE ID 1 RNTI 3012) Send DL Information Transfer [57 bytes]
[0m[NR_RRC]   Send message to sctp: NGAP_InitialContextSetupResponse
[0m[32m[NR_RRC]   [UL] (cellID bc614e, UE ID 1 RNTI 3012) Received RRC UL Information Transfer [13 bytes]
[0m[NR_MAC]   Frame.Slot 0.0
UE RNTI 3012 CU-UE-ID 1 in-sync PH 42 dB PCMAX 21 dBm, average RSRP -79 (1 meas)
UE 3012: CQI 15, RI 2, PMI (15,1)
UE 3012: dlsch_rounds 7/0/0/0, dlsch_errors 0, pucch0_DTX 0, BLER 0.10000 MCS (0) 9
UE 3012: ulsch_rounds 9/0/0/0, ulsch_errors 0, ulsch_DTX 0, BLER 0.09000 MCS (0) 9 (Qm 2 deltaMCS 0 dB) NPRB 5  SNR 20.0 dB
UE 3012: MAC:    TX           1236 RX           2281 bytes
UE 3012: LCID 1: TX            107 RX           1257 bytes

[0m[32m[NR_RRC]   [DL] (cellID bc614e, UE ID 1 RNTI 3012) Send DL Information Transfer [46 bytes]
[0m[NR_MAC]   Frame.Slot 128.0
UE RNTI 3012 CU-UE-ID 1 in-sync PH 36 dB PCMAX 21 dBm, average RSRP -78 (16 meas)
UE 3012: CQI 15, RI 2, PMI (15,1)
UE 3012: dlsch_rounds 9/0/0/0, dlsch_errors 0, pucch0_DTX 0, BLER 0.08100 MCS (0) 9
UE 3012: ulsch_rounds 23/0/0/0, ulsch_errors 0, ulsch_DTX 0, BLER 0.02542 MCS (0) 9 (Qm 2 deltaMCS 0 dB) NPRB 5  SNR 23.0 dB
UE 3012: MAC:    TX           1686 RX           3695 bytes
UE 3012: LCID 1: TX            164 RX           1260 bytes

[0m[NR_MAC]   Frame.Slot 256.0
UE RNTI 3012 CU-UE-ID 1 in-sync PH 34 dB PCMAX 21 dBm, average RSRP -77 (16 meas)
UE 3012: CQI 15, RI 2, PMI (13,1)
UE 3012: dlsch_rounds 10/0/0/0, dlsch_errors 0, pucch0_DTX 0, BLER 0.07290 MCS (0) 9
UE 3012: ulsch_rounds 36/0/0/0, ulsch_errors 0, ulsch_DTX 0, BLER 0.00646 MCS (0) 9 (Qm 2 deltaMCS 0 dB) NPRB 5  SNR 28.0 dB
UE 3012: MAC:    TX           1911 RX           5008 bytes
UE 3012: LCID 1: TX            164 RX           1260 bytes

[0m[NR_MAC]   Frame.Slot 384.0
UE RNTI 3012 CU-UE-ID 1 in-sync PH 32 dB PCMAX 21 dBm, average RSRP -77 (16 meas)
UE 3012: CQI 15, RI 2, PMI (13,1)
UE 3012: dlsch_rounds 12/0/0/0, dlsch_errors 0, pucch0_DTX 0, BLER 0.05905 MCS (0) 9
UE 3012: ulsch_rounds 49/0/0/0, ulsch_errors 0, ulsch_DTX 0, BLER 0.00164 MCS (0) 9 (Qm 2 deltaMCS 0 dB) NPRB 5  SNR 29.0 dB
UE 3012: MAC:    TX           2361 RX           6321 bytes
UE 3012: LCID 1: TX            164 RX           1260 bytes

[0m[NR_MAC]   Frame.Slot 512.0
UE RNTI 3012 CU-UE-ID 1 in-sync PH 32 dB PCMAX 21 dBm, average RSRP -78 (16 meas)
UE 3012: CQI 15, RI 2, PMI (13,1)
UE 3012: dlsch_rounds 13/0/0/0, dlsch_errors 0, pucch0_DTX 0, BLER 0.05314 MCS (0) 9
UE 3012: ulsch_rounds 62/0/0/0, ulsch_errors 0, ulsch_DTX 0, BLER 0.00052 MCS (0) 9 (Qm 2 deltaMCS 0 dB) NPRB 5  SNR 28.0 dB
UE 3012: MAC:    TX           2586 RX           7634 bytes
UE 3012: LCID 1: TX            164 RX           1260 bytes

[0m[NR_MAC]   Frame.Slot 640.0
UE RNTI 3012 CU-UE-ID 1 in-sync PH 32 dB PCMAX 21 dBm, average RSRP -78 (16 meas)
UE 3012: CQI 15, RI 2, PMI (13,1)
UE 3012: dlsch_rounds 14/0/0/0, dlsch_errors 0, pucch0_DTX 0, BLER 0.04783 MCS (0) 9
UE 3012: ulsch_rounds 76/0/0/0, ulsch_errors 0, ulsch_DTX 0, BLER 0.00013 MCS (0) 9 (Qm 2 deltaMCS 0 dB) NPRB 5  SNR 28.0 dB
UE 3012: MAC:    TX           2811 RX           9048 bytes
UE 3012: LCID 1: TX            164 RX           1260 bytes

[0m[NR_MAC]   Frame.Slot 768.0
UE RNTI 3012 CU-UE-ID 1 in-sync PH 32 dB PCMAX 21 dBm, average RSRP -78 (16 meas)
UE 3012: CQI 15, RI 2, PMI (13,1)
UE 3012: dlsch_rounds 15/0/0/0, dlsch_errors 0, pucch0_DTX 0, BLER 0.04305 MCS (0) 9
UE 3012: ulsch_rounds 89/0/0/0, ulsch_errors 0, ulsch_DTX 0, BLER 0.00004 MCS (0) 9 (Qm 2 deltaMCS 0 dB) NPRB 5  SNR 29.0 dB
UE 3012: MAC:    TX           3036 RX          10361 bytes
UE 3012: LCID 1: TX            164 RX           1260 bytes

[0m[NR_MAC]   Frame.Slot 896.0
UE RNTI 3012 CU-UE-ID 1 in-sync PH 31 dB PCMAX 21 dBm, average RSRP -78 (16 meas)
UE 3012: CQI 15, RI 2, PMI (13,1)
UE 3012: dlsch_rounds 17/0/0/0, dlsch_errors 0, pucch0_DTX 0, BLER 0.03487 MCS (0) 9
UE 3012: ulsch_rounds 102/0/0/0, ulsch_errors 0, ulsch_DTX 0, BLER 0.00001 MCS (0) 9 (Qm 2 deltaMCS 0 dB) NPRB 5  SNR 30.0 dB
UE 3012: MAC:    TX           3486 RX          11674 bytes
UE 3012: LCID 1: TX            164 RX           1260 bytes

[0m[1;31m[NR_MAC]   UE 3012: reported RSRP index 119 invalid
[0m[NR_MAC]   RACH.indication put_queue successfull
[0m[32m[NR_MAC]   1006.19 UE RA-RNTI 010b TC-RNTI 8dc8: Activating RA process index 0
[0m[NR_MAC]   UE 8dc8: Msg3 scheduled at 1007.17 (1007.6 TDA 2)
[0m[32m[NR_MAC]   UE 8dc8: 1007.6 Generating RA-Msg2 DCI, RA RNTI 0x10b, state 1, CoreSetType 0, preamble_index(RAPID) 26, timing_offset = 0 (estimated distance 0.0 [m])
[0m[32m[NR_MAC]   1007.6 Send RAR to RA-RNTI 010b
[0m[NR_MAC]   Adding new UE context with RNTI 0x8dc8
[0m[32m[NR_MAC]   1007.17 PUSCH with TC_RNTI 0x8dc8 received correctly
[0m[MAC]   [RAPROC] Received SDU for CCCH length 6 for UE 8dc8
[0m[RLC]   Activated srb0 for UE 36296
[0m[RLC]   Added srb 1 to UE 36296
[0m[NR_MAC]   Activating scheduling Msg4 for TC_RNTI 0x8dc8 (state WAIT_Msg3)
[0m[93m[NR_MAC]   Unexpected ULSCH HARQ PID 0 (have -1) for RNTI 0x8dc8
[0m[NR_RRC]   Decoding CCCH: RNTI 8dc8, payload_size 6
[0m[NR_RRC]   Received UE 5G-S-TMSI-Part1 278099134382
[0m[32m[NR_RRC]   [--] (cellID 0, UE ID 2 RNTI 8dc8) Create UE context: CU UE ID 2 DU UE ID 36296 (rnti: 8dc8, random ue id 40c00007ae)
[0m[RRC]   activate SRB 1 of UE 2
[0m[32m[NR_RRC]   [DL] (cellID bc614e, UE ID 2 RNTI 8dc8) Send RRC Setup
[0m[NR_MAC]   UE 8dc8 Generate Msg4: feedback at 1008. 7, payload 225 bytes, next state nrRA_WAIT_Msg4_MsgB_ACK
[0m[32m[NR_MAC]   1008.13 UE 8dc8: Received Ack of Msg4. CBRA procedure succeeded!
[0m[1;31m[NR_MAC]   UE 3012: reported RSRP index 13 invalid
[0m[32m[NR_RRC]   [UL] (cellID bc614e, UE ID 2 RNTI 8dc8) Received RRCSetupComplete (RRC_CONNECTED reached)
[0m[RRC]   s_tmsi part2 0 (00 00)
[0m[NR_RRC]   5g_s_TMSI: 0x40C00007AE, amf_set_id: 0x1 (1), amf_pointer: 0x0 (0), 5g TMSI: 0xC00007AE 
[0m[NGAP]   UE 2: Chose AMF 'open5gs-amf' (assoc_id 60) through selected PLMN Identity index 0 MCC 1 MNC 1
[0m[34m[NGAP]   FIVEG_S_TMSI_PRESENT
[0m[32m[NR_RRC]   [DL] (cellID bc614e, UE ID 1 RNTI 3012) Send RRC Release
[0m[34m[NGAP]   NGAP_FIND_PROTOCOLIE_BY_ID ie is NULL (searching for ie: 110)
[0m[93m[NGAP]   could not find NGAP_ProtocolIE_ID_id_UEAggregateMaximumBitRate
[0m[34m[NGAP]   NGAP_FIND_PROTOCOLIE_BY_ID ie is NULL (searching for ie: 71)
[0m[34m[NGAP]   AllowedNSSAI.list.count 2
[0m[34m[NGAP]   NGAP_FIND_PROTOCOLIE_BY_ID ie is NULL (searching for ie: 36)
[0m[32m[NR_RRC]   [--] (cellID bc614e, UE ID 2 RNTI 8dc8) Selected security algorithms: ciphering 0, integrity 2
[0m[NR_RRC]   [UE 8dc8] Saved security key 29
[0m[NR_RRC]   UE 2 Logical Channel DL-DCCH, Generate SecurityModeCommand (bytes 3)
[0m[32m[NR_RRC]   [UL] (cellID bc614e, UE ID 2 RNTI 8dc8) Received Security Mode Complete
[0m[NR_RRC]   UE 2: Logical Channel DL-DCCH, Generate NR UECapabilityEnquiry (bytes 8, xid 1)
[0m[32m[NR_RRC]   [UL] (cellID bc614e, UE ID 2 RNTI 8dc8) Received UE capabilities
[0m[NR_RRC]   Send message to ngap: NGAP_UE_CAPABILITIES_IND
[0m[32m[NR_RRC]   [DL] (cellID bc614e, UE ID 2 RNTI 8dc8) Send DL Information Transfer [14 bytes]
[0m[NR_RRC]   Send message to sctp: NGAP_InitialContextSetupResponse
[0m[93m[NR_MAC]   UE 3012: Detected UL Failure on PUSCH after 10 PUSCH DTX, stopping scheduling
[0m[32m[NR_RRC]   [UL] (cellID bc614e, UE ID 2 RNTI 8dc8) Received RRC UL Information Transfer [83 bytes]
[0m[93m[RLC]   Remove UE 12306
[0m[NR_RRC]   removed UE CU UE ID 1/RNTI 3012 
[0m[NR_MAC]   Remove NR rnti 0x3012
[0m[32m[NR_RRC]   [--] (cellID bc614e, UE ID 1 RNTI 3012) Remove UE context
[0m[NR_MAC]   Frame.Slot 0.0
UE RNTI 8dc8 CU-UE-ID 2 in-sync PH 42 dB PCMAX 21 dBm, average RSRP -78 (1 meas)
UE 8dc8: CQI 15, RI 2, PMI (15,1)
UE 8dc8: dlsch_rounds 7/0/0/0, dlsch_errors 0, pucch0_DTX 0, BLER 0.10000 MCS (0) 9
UE 8dc8: ulsch_rounds 8/0/0/0, ulsch_errors 0, ulsch_DTX 0, BLER 0.10000 MCS (0) 9 (Qm 2 deltaMCS 0 dB) NPRB 5  SNR 21.0 dB
UE 8dc8: MAC:    TX            666 RX           2180 bytes
UE 8dc8: LCID 1: TX             64 RX           1284 bytes

[0m[NGAP]   PDUSESSIONSetup initiating message
[0m[NR_RRC]   UE 2: received PDU Session Resource Setup Request
[0m[NR_RRC]   Adding pdusession 1, total nb of sessions 1
[0m[NR_RRC]   UE 2: configure DRB ID 1 for PDU session ID 1
[0m[32m[NR_RRC]   [--] (cellID bc614e, UE ID 2 RNTI 8dc8) selecting CU-UP ID 3589 based on exact NSSAI match (1:0xffffff)
[0m[RRC]   UE 2 associating to CU-UP assoc_id -1 out of 1 CU-UPs
[0m[GTPU]   [95] Created tunnel for UE ID 2, teid for incoming: a7d50dd3, teid for outgoing d3e9 to remote IPv4: 10.128.3.206, IPv6 ::
[0m[PDCP]   added drb 1 to UE ID 2
[0m[SDAP]   Default DRB for the created SDAP entity: 1 
[0m[RRC]   activate SRB 2 of UE 2
[0m[RLC]   Added srb 2 to UE 36296
[0m[RLC]   Added drb 1 to UE 36296
[0m[RLC]   Added DRB to UE 36296
[0m[RRC]   UE 2 trigger UE context setup request with 1 DRBs
[0m[RRC]   UE 8dc8 replacing existing CellGroupConfig with new one received from DU
[0m[E1AP]   UE 2: updating PDU session ID 1 (1 bearers)
[0m[PDCP]   DRB 1 re-established
[0m[32m[NR_RRC]   [DL] (cellID bc614e, UE ID 2 RNTI 8dc8) Generate RRCReconfiguration (bytes 360, xid 3)
[0m[RRC]   UE 2: PDU session ID 1 modified 1 bearers
[0m[32m[NR_RRC]   [UL] (cellID bc614e, UE ID 2 RNTI 8dc8) Received RRCReconfigurationComplete
[0m[NR_RRC]   msg index 0, pdu_sessions index 0, status 2, xid 3): nb_of_pdusessions 1,  pdusession_id 1, teid: 2815757779 
 [0m[NR_RRC]   NGAP_PDUSESSION_SETUP_RESP: sending the message
[0m[34m[NGAP]   pdusession_setup_resp_p: pdusession ID 1, gnb_addr 10.131.3.93, SIZE 4, TEID 2815757779
[0m[NR_MAC]   Frame.Slot 128.0
UE RNTI 8dc8 CU-UE-ID 2 in-sync PH 38 dB PCMAX 21 dBm, average RSRP -78 (14 meas)
UE 8dc8: CQI 11, RI 4, PMI (7,1)
UE 8dc8: dlsch_rounds 12/2/1/1, dlsch_errors 1, pucch0_DTX 5, BLER 0.14767 MCS (1) 9
UE 8dc8: ulsch_rounds 26/0/0/0, ulsch_errors 0, ulsch_DTX 0, BLER 0.02824 MCS (1) 9 (Qm 4 deltaMCS 0 dB) NPRB 5  SNR 24.0 dB
UE 8dc8: MAC:    TX           3449 RX           5342 bytes
UE 8dc8: LCID 1: TX            441 RX           1341 bytes
UE 8dc8: LCID 2: TX              0 RX              0 bytes
UE 8dc8: LCID 4: TX              0 RX              0 bytes

[0m[NR_MAC]   Frame.Slot 256.0
UE RNTI 8dc8 CU-UE-ID 2 in-sync PH 36 dB PCMAX 21 dBm, average RSRP -78 (16 meas)
UE 8dc8: CQI 11, RI 4, PMI (7,1)
UE 8dc8: dlsch_rounds 17/2/1/1, dlsch_errors 1, pucch0_DTX 5, BLER 0.08720 MCS (1) 9
UE 8dc8: ulsch_rounds 45/0/0/0, ulsch_errors 0, ulsch_DTX 0, BLER 0.00718 MCS (1) 9 (Qm 4 deltaMCS 0 dB) NPRB 5  SNR 31.0 dB
UE 8dc8: MAC:    TX           7369 RX           8672 bytes
UE 8dc8: LCID 1: TX            444 RX           1363 bytes
UE 8dc8: LCID 2: TX              0 RX              0 bytes
UE 8dc8: LCID 4: TX              9 RX            371 bytes

[0m[NR_MAC]   Frame.Slot 384.0
UE RNTI 8dc8 CU-UE-ID 2 in-sync PH 32 dB PCMAX 21 dBm, average RSRP -78 (15 meas)
UE 8dc8: CQI 11, RI 4, PMI (7,1)
UE 8dc8: dlsch_rounds 23/2/1/1, dlsch_errors 1, pucch0_DTX 5, BLER 0.05721 MCS (1) 9
UE 8dc8: ulsch_rounds 65/0/0/0, ulsch_errors 0, ulsch_DTX 0, BLER 0.00250 MCS (1) 9 (Qm 4 deltaMCS 0 dB) NPRB 5  SNR 26.0 dB
UE 8dc8: MAC:    TX          12073 RX          12557 bytes
UE 8dc8: LCID 1: TX            447 RX           1385 bytes
UE 8dc8: LCID 2: TX              0 RX              0 bytes
UE 8dc8: LCID 4: TX             24 RX           1216 bytes

[0m[NR_MAC]   Frame.Slot 512.0
UE RNTI 8dc8 CU-UE-ID 2 in-sync PH 32 dB PCMAX 21 dBm, average RSRP -78 (16 meas)
UE 8dc8: CQI 11, RI 4, PMI (6,1)
UE 8dc8: dlsch_rounds 27/2/1/1, dlsch_errors 1, pucch0_DTX 5, BLER 0.03753 MCS (1) 9
UE 8dc8: ulsch_rounds 81/0/0/0, ulsch_errors 0, ulsch_DTX 0, BLER 0.00071 MCS (1) 9 (Qm 4 deltaMCS 0 dB) NPRB 5  SNR 28.0 dB
UE 8dc8: MAC:    TX          15209 RX          15517 bytes
UE 8dc8: LCID 1: TX            450 RX           1407 bytes
UE 8dc8: LCID 2: TX              0 RX              0 bytes
UE 8dc8: LCID 4: TX             27 RX           1444 bytes

[0m[NR_MAC]   Frame.Slot 640.0
UE RNTI 8dc8 CU-UE-ID 2 in-sync PH 31 dB PCMAX 21 dBm, average RSRP -78 (15 meas)
UE 8dc8: CQI 11, RI 4, PMI (6,1)
UE 8dc8: dlsch_rounds 31/2/1/1, dlsch_errors 1, pucch0_DTX 5, BLER 0.02463 MCS (1) 9
UE 8dc8: ulsch_rounds 98/0/0/0, ulsch_errors 0, ulsch_DTX 0, BLER 0.00022 MCS (1) 9 (Qm 4 deltaMCS 0 dB) NPRB 5  SNR 29.0 dB
UE 8dc8: MAC:    TX          18345 RX          18662 bytes
UE 8dc8: LCID 1: TX            456 RX           1451 bytes
UE 8dc8: LCID 2: TX              0 RX              0 bytes
UE 8dc8: LCID 4: TX             30 RX           1523 bytes

[0m[NR_MAC]   Frame.Slot 768.0
UE RNTI 8dc8 CU-UE-ID 2 in-sync PH 31 dB PCMAX 21 dBm, average RSRP -78 (16 meas)
UE 8dc8: CQI 11, RI 4, PMI (6,1)
UE 8dc8: dlsch_rounds 34/2/1/1, dlsch_errors 1, pucch0_DTX 5, BLER 0.01795 MCS (1) 9
UE 8dc8: ulsch_rounds 114/0/0/0, ulsch_errors 0, ulsch_DTX 0, BLER 0.00006 MCS (1) 9 (Qm 4 deltaMCS 0 dB) NPRB 5  SNR 27.0 dB
UE 8dc8: MAC:    TX          20697 RX          21622 bytes
UE 8dc8: LCID 1: TX            459 RX           1473 bytes
UE 8dc8: LCID 2: TX              0 RX              0 bytes
UE 8dc8: LCID 4: TX             33 RX           1751 bytes

[0m[NR_MAC]   Frame.Slot 896.0
UE RNTI 8dc8 CU-UE-ID 2 in-sync PH 31 dB PCMAX 21 dBm, average RSRP -78 (16 meas)
UE 8dc8: CQI 11, RI 4, PMI (7,1)
UE 8dc8: dlsch_rounds 36/2/1/1, dlsch_errors 1, pucch0_DTX 5, BLER 0.01454 MCS (1) 9
UE 8dc8: ulsch_rounds 129/0/0/0, ulsch_errors 0, ulsch_DTX 0, BLER 0.00002 MCS (1) 9 (Qm 4 deltaMCS 0 dB) NPRB 5  SNR 28.0 dB
UE 8dc8: MAC:    TX          22265 RX          24397 bytes
UE 8dc8: LCID 1: TX            462 RX           1495 bytes
UE 8dc8: LCID 2: TX              0 RX              0 bytes
UE 8dc8: LCID 4: TX             33 RX           1751 bytes

[0m[NR_MAC]   Frame.Slot 0.0
UE RNTI 8dc8 CU-UE-ID 2 in-sync PH 31 dB PCMAX 21 dBm, average RSRP -78 (15 meas)
UE 8dc8: CQI 11, RI 4, PMI (7,1)
UE 8dc8: dlsch_rounds 40/2/1/1, dlsch_errors 1, pucch0_DTX 5, BLER 0.01060 MCS (1) 9
UE 8dc8: ulsch_rounds 145/0/0/0, ulsch_errors 0, ulsch_DTX 0, BLER 0.00001 MCS (1) 9 (Qm 4 deltaMCS 0 dB) NPRB 5  SNR 29.0 dB
UE 8dc8: MAC:    TX          25401 RX          27357 bytes
UE 8dc8: LCID 1: TX            465 RX           1517 bytes
UE 8dc8: LCID 2: TX              0 RX              0 bytes
UE 8dc8: LCID 4: TX             36 RX           1830 bytes

[0m[NR_MAC]   Frame.Slot 128.0
UE RNTI 8dc8 CU-UE-ID 2 in-sync PH 34 dB PCMAX 21 dBm, average RSRP -78 (15 meas)
UE 8dc8: CQI 11, RI 4, PMI (7,1)
UE 8dc8: dlsch_rounds 43/2/1/1, dlsch_errors 1, pucch0_DTX 5, BLER 0.00773 MCS (1) 9
UE 8dc8: ulsch_rounds 161/0/0/0, ulsch_errors 0, ulsch_DTX 0, BLER 0.00000 MCS (1) 9 (Qm 4 deltaMCS 0 dB) NPRB 5  SNR 28.0 dB
UE 8dc8: MAC:    TX          27753 RX          30317 bytes
UE 8dc8: LCID 1: TX            471 RX           1561 bytes
UE 8dc8: LCID 2: TX              0 RX              0 bytes
UE 8dc8: LCID 4: TX             36 RX           1830 bytes

[0m[NR_MAC]   Frame.Slot 256.0
UE RNTI 8dc8 CU-UE-ID 2 in-sync PH 34 dB PCMAX 21 dBm, average RSRP -78 (16 meas)
UE 8dc8: CQI 11, RI 4, PMI (6,1)
UE 8dc8: dlsch_rounds 45/2/1/1, dlsch_errors 1, pucch0_DTX 5, BLER 0.00626 MCS (1) 9
UE 8dc8: ulsch_rounds 175/0/0/0, ulsch_errors 0, ulsch_DTX 0, BLER 0.00000 MCS (1) 9 (Qm 4 deltaMCS 0 dB) NPRB 5  SNR 25.0 dB
UE 8dc8: MAC:    TX          29321 RX          32907 bytes
UE 8dc8: LCID 1: TX            474 RX           1583 bytes
UE 8dc8: LCID 2: TX              0 RX              0 bytes
UE 8dc8: LCID 4: TX             36 RX           1830 bytes

[0m[NR_MAC]   Frame.Slot 384.0
UE RNTI 8dc8 CU-UE-ID 2 in-sync PH 34 dB PCMAX 21 dBm, average RSRP -78 (15 meas)
UE 8dc8: CQI 11, RI 4, PMI (6,1)
UE 8dc8: dlsch_rounds 47/2/1/1, dlsch_errors 1, pucch0_DTX 5, BLER 0.00507 MCS (1) 9
UE 8dc8: ulsch_rounds 190/0/0/0, ulsch_errors 0, ulsch_DTX 0, BLER 0.00000 MCS (1) 9 (Qm 4 deltaMCS 0 dB) NPRB 5  SNR 28.0 dB
UE 8dc8: MAC:    TX          30889 RX          35682 bytes
UE 8dc8: LCID 1: TX            477 RX           1605 bytes
UE 8dc8: LCID 2: TX              0 RX              0 bytes
UE 8dc8: LCID 4: TX             36 RX           1830 bytes

[0m[NR_MAC]   Frame.Slot 512.0
UE RNTI 8dc8 CU-UE-ID 2 in-sync PH 31 dB PCMAX 21 dBm, average RSRP -77 (13 meas)
UE 8dc8: CQI 11, RI 4, PMI (6,0)
UE 8dc8: dlsch_rounds 146/2/1/1, dlsch_errors 1, pucch0_DTX 5, BLER 0.00243 MCS (1) 13
UE 8dc8: ulsch_rounds 228/0/0/0, ulsch_errors 0, ulsch_DTX 0, BLER 0.00000 MCS (1) 14 (Qm 6 deltaMCS 0 dB) NPRB 5  SNR 22.0 dB
UE 8dc8: MAC:    TX        3786647 RX          42828 bytes
UE 8dc8: LCID 1: TX            480 RX           1627 bytes
UE 8dc8: LCID 2: TX              0 RX              0 bytes
UE 8dc8: LCID 4: TX        3730785 RX           2584 bytes

[0m[NR_MAC]   Frame.Slot 640.0
UE RNTI 8dc8 CU-UE-ID 2 in-sync PH 31 dB PCMAX 21 dBm, average RSRP -77 (13 meas)
UE 8dc8: CQI 11, RI 4, PMI (6,1)
UE 8dc8: dlsch_rounds 400/11/1/1, dlsch_errors 1, pucch0_DTX 5, BLER 0.03545 MCS (1) 19
UE 8dc8: ulsch_rounds 277/0/0/0, ulsch_errors 0, ulsch_DTX 0, BLER 0.00000 MCS (1) 19 (Qm 6 deltaMCS 0 dB) NPRB 5  SNR 30.0 dB
UE 8dc8: MAC:    TX       16265527 RX          51893 bytes
UE 8dc8: LCID 1: TX            486 RX           1671 bytes
UE 8dc8: LCID 2: TX              0 RX              0 bytes
UE 8dc8: LCID 4: TX       16119668 RX           2662 bytes

[0m[NR_MAC]   Frame.Slot 768.0
UE RNTI 8dc8 CU-UE-ID 2 in-sync PH 32 dB PCMAX 21 dBm, average RSRP -77 (12 meas)
UE 8dc8: CQI 11, RI 4, PMI (7,0)
UE 8dc8: dlsch_rounds 632/17/1/1, dlsch_errors 1, pucch0_DTX 5, BLER 0.02790 MCS (1) 19
UE 8dc8: ulsch_rounds 330/0/0/0, ulsch_errors 0, ulsch_DTX 0, BLER 0.00000 MCS (1) 26 (Qm 8 deltaMCS 0 dB) NPRB 5  SNR 28.0 dB
UE 8dc8: MAC:    TX       31281236 RX          61698 bytes
UE 8dc8: LCID 1: TX            489 RX           1693 bytes
UE 8dc8: LCID 2: TX              0 RX              0 bytes
UE 8dc8: LCID 4: TX       31048720 RX           2819 bytes

[0m[NR_MAC]   Frame.Slot 896.0
UE RNTI 8dc8 CU-UE-ID 2 in-sync PH 31 dB PCMAX 21 dBm, average RSRP -77 (13 meas)
UE 8dc8: CQI 11, RI 4, PMI (7,0)
UE 8dc8: dlsch_rounds 838/33/1/1, dlsch_errors 1, pucch0_DTX 5, BLER 0.06119 MCS (1) 19
UE 8dc8: ulsch_rounds 381/0/0/0, ulsch_errors 0, ulsch_DTX 0, BLER 0.00000 MCS (1) 27 (Qm 8 deltaMCS 0 dB) NPRB 5  SNR 29.0 dB
UE 8dc8: MAC:    TX       45997103 RX          70948 bytes
UE 8dc8: LCID 1: TX            492 RX           1715 bytes
UE 8dc8: LCID 2: TX              0 RX              0 bytes
UE 8dc8: LCID 4: TX       45693117 RX           2897 bytes

[0m[NR_MAC]   Frame.Slot 0.0
UE RNTI 8dc8 CU-UE-ID 2 in-sync PH 34 dB PCMAX 21 dBm, average RSRP -77 (13 meas)
UE 8dc8: CQI 11, RI 4, PMI (7,0)
UE 8dc8: dlsch_rounds 1040/34/1/1, dlsch_errors 1, pucch0_DTX 5, BLER 0.01751 MCS (1) 19
UE 8dc8: ulsch_rounds 429/0/0/0, ulsch_errors 0, ulsch_DTX 0, BLER 0.00000 MCS (1) 27 (Qm 8 deltaMCS 0 dB) NPRB 5  SNR 25.0 dB
UE 8dc8: MAC:    TX       61734123 RX          80013 bytes
UE 8dc8: LCID 1: TX            495 RX           1737 bytes
UE 8dc8: LCID 2: TX              0 RX              0 bytes
UE 8dc8: LCID 4: TX       61365802 RX           2972 bytes

[0m[NR_MAC]   Frame.Slot 128.0
UE RNTI 8dc8 CU-UE-ID 2 in-sync PH 29 dB PCMAX 21 dBm, average RSRP -77 (13 meas)
UE 8dc8: CQI 11, RI 4, PMI (7,1)
UE 8dc8: dlsch_rounds 1231/39/1/1, dlsch_errors 1, pucch0_DTX 5, BLER 0.02695 MCS (1) 19
UE 8dc8: ulsch_rounds 478/0/0/0, ulsch_errors 0, ulsch_DTX 0, BLER 0.00000 MCS (1) 27 (Qm 8 deltaMCS 0 dB) NPRB 5  SNR 29.0 dB
UE 8dc8: MAC:    TX       76223377 RX          89078 bytes
UE 8dc8: LCID 1: TX            501 RX           1781 bytes
UE 8dc8: LCID 2: TX              0 RX              0 bytes
UE 8dc8: LCID 4: TX       75789049 RX           3047 bytes

[0m[NR_MAC]   Frame.Slot 256.0
UE RNTI 8dc8 CU-UE-ID 2 in-sync PH 26 dB PCMAX 21 dBm, average RSRP -77 (13 meas)
UE 8dc8: CQI 11, RI 4, PMI (7,1)
UE 8dc8: dlsch_rounds 1432/47/1/1, dlsch_errors 1, pucch0_DTX 5, BLER 0.04226 MCS (1) 19
UE 8dc8: ulsch_rounds 528/0/0/0, ulsch_errors 0, ulsch_DTX 0, BLER 0.00000 MCS (1) 27 (Qm 8 deltaMCS 0 dB) NPRB 5  SNR 33.0 dB
UE 8dc8: MAC:    TX       91984246 RX          98328 bytes
UE 8dc8: LCID 1: TX            504 RX           1803 bytes
UE 8dc8: LCID 2: TX              0 RX              0 bytes
UE 8dc8: LCID 4: TX       91483841 RX           3125 bytes

[0m[NR_MAC]   Frame.Slot 384.0
UE RNTI 8dc8 CU-UE-ID 2 in-sync PH 32 dB PCMAX 21 dBm, average RSRP -77 (13 meas)
UE 8dc8: CQI 11, RI 4, PMI (7,1)
UE 8dc8: dlsch_rounds 1635/48/1/1, dlsch_errors 1, pucch0_DTX 5, BLER 0.01484 MCS (1) 19
UE 8dc8: ulsch_rounds 578/0/0/0, ulsch_errors 0, ulsch_DTX 0, BLER 0.00000 MCS (1) 26 (Qm 8 deltaMCS 0 dB) NPRB 5  SNR 26.0 dB
UE 8dc8: MAC:    TX      107133483 RX         107578 bytes
UE 8dc8: LCID 1: TX            507 RX           1825 bytes
UE 8dc8: LCID 2: TX              0 RX              0 bytes
UE 8dc8: LCID 4: TX      106570533 RX           3200 bytes

[0m