[UTIL]   running in SA mode (no --phy-test, --do-ra, --nsa option present)
[0m[OPT]   OPT disabled
[0m[HW]   Version: Branch: HEAD Abrev. Hash: f0fce7c167 Date: Tue Feb 25 22:58:21 2025 +0000
[0m[GNB_APP]   Initialized RAN Context: RC.nb_nr_inst = 1, RC.nb_nr_macrlc_inst = 1, RC.nb_nr_L1_inst = 0, RC.nb_RU = 0, RC.nb_nr_CC[0] = 0
[0m[GNB_APP]   pdsch_AntennaPorts N1 2 N2 1 XP 2 pusch_AntennaPorts 2
[0m[1;31m[GNB_APP]   RU information not present in config file. Assuming physical antenna ports equal to logical antenna ports 4
[0m[GNB_APP]   minTXRXTIME 3
[0m[GNB_APP]   SIB1 TDA 1
[0m[GNB_APP]   CSI-RS 1, SRS 0, 256 QAM may be on, delta_MCS off, maxMIMO_Layers -1, HARQ feedback enabled, num DLHARQ:16, num ULHARQ:16
[0m[GNB_APP]   sr_ProhibitTimer 0, sr_TransMax 64, sr_ProhibitTimer_v1700 0, t300 400, t301 400, t310 2000, n310 10, t311 3000, n311 1, t319 400
[0m[NR_MAC]   Candidates per PDCCH aggregation level on UESS: L1: 0, L2: 2, L4: 0, L8: 0, L16: 0
[0m[RRC]   Read in ServingCellConfigCommon (PhysCellId 0, ABSFREQSSB 649920, DLBand 78, ABSFREQPOINTA 646724, DLBW 273,RACH_TargetReceivedPower -96
[0m[RRC]   absoluteFrequencySSB 649920 corresponds to 3748800000 Hz
[0m[NR_MAC]   TDD period index = 6, based on the sum of dl_UL_TransmissionPeriodicity from Pattern1 (5.000000 ms) and Pattern2 (0.000000 ms): Total = 5.000000 ms
[0m[UTIL]   threadCreate() for MAC_STATS: creating thread with affinity ffffffff, priority 2
[0m[NR_MAC]   PUSCH Target 280, PUCCH Target 100, PUCCH Failure 10, PUSCH Failure 10
[0m[GNB_APP]   Configuring VNF for Aerial connection with prefix (null)
[0m[NR_PHY]   Copying 0 blacklisted PRB to L1 context
[0m[NR_MAC]   Set TX antenna number to 4, Set RX antenna number to 2 (num ssb 1: 80000000,0)
[0m[NR_MAC]   TDD period index = 6, based on the sum of dl_UL_TransmissionPeriodicity from Pattern1 (5.000000 ms) and Pattern2 (0.000000 ms): Total = 5.000000 ms
[0m[NR_MAC]   Set TDD configuration period to: 7 DL slots, 3 UL slots, 10 slots per period (NR_TDD_UL_DL_Pattern is 6 DL slots, 3 UL slots, 10 DL symbols, 0 UL symbols)
[0m[NR_MAC]   Configured 1 TDD patterns (total slots: pattern1 = 10, pattern2 = 0)
[0m[NR_PHY]   Set TDD Period Configuration: 2 periods per frame, 20 slots to be configured (7 DL, 3 UL)
[0m[NR_PHY]   TDD period configuration: slot 0 is DOWNLINK
[0m[NR_PHY]   TDD period configuration: slot 1 is DOWNLINK
[0m[NR_PHY]   TDD period configuration: slot 2 is DOWNLINK
[0m[NR_PHY]   TDD period configuration: slot 3 is DOWNLINK
[0m[NR_PHY]   TDD period configuration: slot 4 is DOWNLINK
[0m[NR_PHY]   TDD period configuration: slot 5 is DOWNLINK
[0m[NR_PHY]   TDD period configuration: slot 6 is FLEXIBLE: DDDDDDDDDDFFFF
[0m[NR_PHY]   TDD period configuration: slot 7 is UPLINK
[0m[NR_PHY]   TDD period configuration: slot 8 is UPLINK
[0m[NR_PHY]   TDD period configuration: slot 9 is UPLINK
[0m[NR_RRC]   SIB1 freq: offsetToPointA 246
[0m[GNB_APP]   F1AP: gNB idx 0 gNB_DU_id 3589, gNB_DU_name gNB-OAI-devkit05, TAC 1 MCC/MNC/length 1/1/2 cellID 12345678
[0m[GNB_APP]   ngran_DU: Configuring Cell 0 for TDD
[0m[GNB_APP]   SDAP layer is disabled
[0m[GNB_APP]   Data Radio Bearer count 1
[0m[NR_RRC]   do_SIB23_NR, size 9
[0m[UTIL]   threadCreate() for TASK_SCTP: creating thread with affinity ffffffff, priority 50
[0m[X2AP]   X2AP is disabled.
[0m[UTIL]   threadCreate() for TASK_NGAP: creating thread with affinity ffffffff, priority 50
[0m[34m[NGAP]   Starting NGAP layer
[0m[UTIL]   threadCreate() for TASK_GNB_APP: creating thread with affinity ffffffff, priority 50
[0m[NGAP]   Registered new gNB[0] and macro gNB id 3589
[0m[NGAP]   [gNB 0] check the amf registration state
[0m[UTIL]   threadCreate() for TASK_RRC_GNB: creating thread with affinity ffffffff, priority 50
[0m[NR_RRC]   Entering main loop of NR_RRC message task
[0m[GTPU]   Configuring GTPu
[0m[NR_RRC]   Received F1 Setup Request from gNB_DU 3589 (gNB-OAI-devkit05) on assoc_id -1
[0m[GTPU]   SA mode 
[0m[GTPU]   Configuring GTPu address : 10.131.3.93, port : 2152
[0m[GTPU]   Initializing UDP for local address 10.131.3.93 with port 2152
[0m[RRC]   Accepting DU 3589 (gNB-OAI-devkit05), sending F1 Setup Response
[0m[RRC]   DU uses RRC version 17.3.0
[0m[MAC]   received F1 Setup Response from CU (null)
[0m[GTPU]   Created gtpu instance id: 95
[0m[MAC]   CU uses RRC version 17.3.0
[0m[MAC]   Clearing the DU's UE states before, if any.
[0m[NR_RRC]   Accepting new CU-UP ID 3589 name gNB-OAI-devkit05 (assoc_id -1)
[0m[UTIL]   threadCreate() for TASK_GTPV1_U: creating thread with affinity ffffffff, priority 50
[0m[32m[NGAP]   Send NGSetupRequest to AMF
[0m[NGAP]   3589 -> 0000e050
[0m[34m[NGAP]   servedGUAMIs.list.count 1
[0m[34m[NGAP]   PLMNSupportList.list.count 1
[0m[34m[NGAP]   PLMNSupportList.list.count 3
[0m[32m[NGAP]   Received NGSetupResponse from AMF
[0m[GNB_APP]   [gNB 0] Received NGAP_REGISTER_GNB_CNF: associated AMF 1
[0m[NFAPI_VNF]   nvIPC_Init: creating IPC interface with prefix nvipc
[0m[NFAPI_VNF]   nvIPC_Init: create IPC interface successful
[0m[UTIL]   threadCreate() for vnf_nvipc_aerial: creating thread with affinity 1c, priority 50
[0m[NFAPI_VNF]   Received CONFIG.response, gNB is ready! 
[0m[1;31m[NFAPI_VNF]   
============================================================================
sfn slot doesn't match unpacked one! L2->L1 0.0  vs L1->L2 0.3  
============================================================================
[0m[NR_MAC]   Frame.Slot 128.0

[0m[NR_MAC]   Frame.Slot 256.0

[0m[NR_MAC]   Frame.Slot 384.0

[0m[NR_MAC]   Frame.Slot 512.0

[0m[NR_MAC]   Frame.Slot 640.0

[0m[NR_MAC]   Frame.Slot 768.0

[0m[NR_MAC]   Frame.Slot 896.0

[0m[NR_MAC]   Frame.Slot 0.0

[0m[NR_MAC]   Frame.Slot 128.0

[0m[NR_MAC]   Frame.Slot 256.0

[0m[NR_MAC]   Frame.Slot 384.0

[0m[NR_MAC]   Frame.Slot 512.0

[0m[NR_MAC]   Frame.Slot 640.0

[0m[NR_MAC]   Frame.Slot 768.0

[0m[NR_MAC]   Frame.Slot 896.0

[0m[NR_MAC]   Frame.Slot 0.0

[0m[NR_MAC]   Frame.Slot 128.0

[0m[NR_MAC]   Frame.Slot 256.0

[0m[NR_MAC]   Frame.Slot 384.0

[0m[NR_MAC]   Frame.Slot 512.0

[0m[NR_MAC]   Frame.Slot 640.0

[0m[NR_MAC]   Frame.Slot 768.0

[0m[NR_MAC]   Frame.Slot 896.0

[0m[NR_MAC]   Frame.Slot 0.0

[0m[NR_MAC]   Frame.Slot 128.0

[0m[NR_MAC]   Frame.Slot 256.0

[0m[1;31m[NFAPI_VNF]   
============================================================================
sfn slot doesn't match unpacked one! L2->L1 272.10  vs L1->L2 272.12  
============================================================================
[0m[NR_MAC]   Frame.Slot 384.0

[0m[NR_MAC]   Frame.Slot 512.0

[0m[NR_MAC]   Frame.Slot 640.0

[0m[NR_MAC]   Frame.Slot 768.0

[0m[NR_MAC]   Frame.Slot 896.0

[0m[NR_MAC]   Frame.Slot 0.0

[0m[NR_MAC]   Frame.Slot 128.0

[0m[NR_MAC]   Frame.Slot 256.0

[0m[NR_MAC]   Frame.Slot 384.0

[0m[NR_MAC]   Frame.Slot 512.0

[0m[NR_MAC]   Frame.Slot 640.0

[0m[NR_MAC]   Frame.Slot 768.0

[0m[NR_MAC]   Frame.Slot 896.0

[0m[NR_MAC]   Frame.Slot 0.0

[0m[NR_MAC]   Frame.Slot 128.0

[0m[NR_MAC]   Frame.Slot 256.0

[0m[NR_MAC]   Frame.Slot 384.0

[0m[NR_MAC]   Frame.Slot 512.0

[0m[NR_MAC]   Frame.Slot 640.0

[0m[NR_MAC]   Frame.Slot 768.0

[0m[NR_MAC]   Frame.Slot 896.0

[0m[NR_MAC]   Frame.Slot 0.0

[0m[NR_MAC]   Frame.Slot 128.0

[0m[NR_MAC]   Frame.Slot 256.0

[0m[NR_MAC]   Frame.Slot 384.0

[0m[NR_MAC]   Frame.Slot 512.0

[0m[1;31m[NFAPI_VNF]   
============================================================================
sfn slot doesn't match unpacked one! L2->L1 515.14  vs L1->L2 515.16  
============================================================================
[0m[NR_MAC]   Frame.Slot 640.0

[0m[1;31m[NFAPI_VNF]   
============================================================================
sfn slot doesn't match unpacked one! L2->L1 712.10  vs L1->L2 712.12  
============================================================================
[0m[NR_MAC]   Frame.Slot 768.0

[0m[NR_MAC]   Frame.Slot 896.0

[0m[NR_MAC]   Frame.Slot 0.0

[0m[NR_MAC]   Frame.Slot 128.0

[0m[NR_MAC]   Frame.Slot 256.0

[0m[NR_MAC]   Frame.Slot 384.0

[0m[1;31m[NFAPI_VNF]   
============================================================================
sfn slot doesn't match unpacked one! L2->L1 489.12  vs L1->L2 489.14  
============================================================================
[0m[NR_MAC]   Frame.Slot 512.0

[0m[NR_MAC]   RACH.indication put_queue successfull
[0m[32m[NR_MAC]   585.19 UE RA-RNTI 010b TC-RNTI 79ae: Activating RA process index 0
[0m[NR_MAC]   UE 79ae: Msg3 scheduled at 586.17 (586.6 TDA 2)
[0m[32m[NR_MAC]   UE 79ae: 586.6 Generating RA-Msg2 DCI, RA RNTI 0x10b, state 1, CoreSetType 0, preamble_index(RAPID) 37, timing_offset = 0 (estimated distance 0.0 [m])
[0m[32m[NR_MAC]   586.6 Send RAR to RA-RNTI 010b
[0m[NR_MAC]   Adding new UE context with RNTI 0x79ae
[0m[32m[NR_MAC]    586.17 PUSCH with TC_RNTI 0x79ae received correctly
[0m[MAC]   [RAPROC] Received SDU for CCCH length 6 for UE 79ae
[0m[RLC]   Activated srb0 for UE 31150
[0m[RLC]   Added srb 1 to UE 31150
[0m[NR_MAC]   Activating scheduling Msg4 for TC_RNTI 0x79ae (state WAIT_Msg3)
[0m[93m[NR_MAC]   Unexpected ULSCH HARQ PID 0 (have -1) for RNTI 0x79ae
[0m[NR_RRC]   Decoding CCCH: RNTI 79ae, payload_size 6
[0m[32m[NR_RRC]   [--] (cellID 0, UE ID 1 RNTI 79ae) Create UE context: CU UE ID 1 DU UE ID 31150 (rnti: 79ae, random ue id 7642cc3f3e000000)
[0m[RRC]   activate SRB 1 of UE 1
[0m[32m[NR_RRC]   [DL] (cellID bc614e, UE ID 1 RNTI 79ae) Send RRC Setup
[0m[NR_MAC]   UE 79ae Generate Msg4: feedback at  587. 7, payload 225 bytes, next state nrRA_WAIT_Msg4_MsgB_ACK
[0m[32m[NR_MAC]    587.13 UE 79ae: Received Ack of Msg4. CBRA procedure succeeded!
[0m[32m[NR_RRC]   [UL] (cellID bc614e, UE ID 1 RNTI 79ae) Received RRCSetupComplete (RRC_CONNECTED reached)
[0m[NGAP]   Build NGAP_NAS_FIRST_REQ adding in s_TMSI: GUAMI amf_set_id 1 amf_region_id 2 ue 79ae
[0m[NGAP]   UE 1: Chose AMF 'open5gs-amf' (assoc_id 65) through selected PLMN Identity index 0 MCC 1 MNC 1
[0m[34m[NGAP]   NGAP_FIND_PROTOCOLIE_BY_ID ie is NULL (searching for ie: 110)
[0m[93m[NGAP]   could not find NGAP_ProtocolIE_ID_id_UEAggregateMaximumBitRate
[0m[34m[NGAP]   NGAP_FIND_PROTOCOLIE_BY_ID ie is NULL (searching for ie: 71)
[0m[34m[NGAP]   AllowedNSSAI.list.count 2
[0m[34m[NGAP]   NGAP_FIND_PROTOCOLIE_BY_ID ie is NULL (searching for ie: 36)
[0m[32m[NR_RRC]   [--] (cellID bc614e, UE ID 1 RNTI 79ae) Selected security algorithms: ciphering 0, integrity 2
[0m[NR_RRC]   [UE 79ae] Saved security key E8
[0m[NR_RRC]   UE 1 Logical Channel DL-DCCH, Generate SecurityModeCommand (bytes 3)
[0m[32m[NR_RRC]   [UL] (cellID bc614e, UE ID 1 RNTI 79ae) Received Security Mode Complete
[0m[NR_RRC]   UE 1: Logical Channel DL-DCCH, Generate NR UECapabilityEnquiry (bytes 8, xid 3)
[0m[32m[NR_RRC]   [UL] (cellID bc614e, UE ID 1 RNTI 79ae) Received UE capabilities
[0m[NR_RRC]   Send message to ngap: NGAP_UE_CAPABILITIES_IND
[0m[32m[NR_RRC]   [DL] (cellID bc614e, UE ID 1 RNTI 79ae) Send DL Information Transfer [57 bytes]
[0m[NR_RRC]   Send message to sctp: NGAP_InitialContextSetupResponse
[0m[32m[NR_RRC]   [UL] (cellID bc614e, UE ID 1 RNTI 79ae) Received RRC UL Information Transfer [13 bytes]
[0m[32m[NR_RRC]   [DL] (cellID bc614e, UE ID 1 RNTI 79ae) Send DL Information Transfer [46 bytes]
[0m[NR_MAC]   Frame.Slot 640.0
UE RNTI 79ae CU-UE-ID 1 in-sync PH 42 dB PCMAX 21 dBm, average RSRP -77 (6 meas)
UE 79ae: CQI 15, RI 2, PMI (15,1)
UE 79ae: dlsch_rounds 8/0/0/0, dlsch_errors 0, pucch0_DTX 0, BLER 0.09000 MCS (0) 9
UE 79ae: ulsch_rounds 12/0/0/0, ulsch_errors 0, ulsch_DTX 0, BLER 0.06561 MCS (0) 9 (Qm 2 deltaMCS 0 dB) NPRB 5  SNR 22.0 dB
UE 79ae: MAC:    TX            807 RX           2584 bytes
UE 79ae: LCID 1: TX            164 RX           1260 bytes

[0m[NR_MAC]   Frame.Slot 768.0
UE RNTI 79ae CU-UE-ID 1 in-sync PH 36 dB PCMAX 21 dBm, average RSRP -77 (16 meas)
UE 79ae: CQI 15, RI 2, PMI (11,1)
UE 79ae: dlsch_rounds 9/0/0/0, dlsch_errors 0, pucch0_DTX 0, BLER 0.08100 MCS (0) 9
UE 79ae: ulsch_rounds 25/0/0/0, ulsch_errors 0, ulsch_DTX 0, BLER 0.01853 MCS (0) 9 (Qm 2 deltaMCS 0 dB) NPRB 5  SNR 27.0 dB
UE 79ae: MAC:    TX           1032 RX           3897 bytes
UE 79ae: LCID 1: TX            164 RX           1260 bytes

[0m[NR_MAC]   Frame.Slot 896.0
UE RNTI 79ae CU-UE-ID 1 in-sync PH 36 dB PCMAX 21 dBm, average RSRP -77 (16 meas)
UE 79ae: CQI 15, RI 2, PMI (11,1)
UE 79ae: dlsch_rounds 11/0/0/0, dlsch_errors 0, pucch0_DTX 0, BLER 0.06561 MCS (0) 9
UE 79ae: ulsch_rounds 38/0/0/0, ulsch_errors 0, ulsch_DTX 0, BLER 0.00471 MCS (0) 9 (Qm 2 deltaMCS 0 dB) NPRB 5  SNR 31.0 dB
UE 79ae: MAC:    TX           1482 RX           5210 bytes
UE 79ae: LCID 1: TX            164 RX           1260 bytes

[0m[NR_MAC]   Frame.Slot 0.0
UE RNTI 79ae CU-UE-ID 1 in-sync PH 38 dB PCMAX 21 dBm, average RSRP -77 (16 meas)
UE 79ae: CQI 15, RI 2, PMI (11,1)
UE 79ae: dlsch_rounds 12/0/0/0, dlsch_errors 0, pucch0_DTX 0, BLER 0.05905 MCS (0) 9
UE 79ae: ulsch_rounds 51/0/0/0, ulsch_errors 0, ulsch_DTX 0, BLER 0.00120 MCS (0) 9 (Qm 2 deltaMCS 0 dB) NPRB 5  SNR 26.0 dB
UE 79ae: MAC:    TX           1707 RX           6523 bytes
UE 79ae: LCID 1: TX            164 RX           1260 bytes

[0m[NR_MAC]   Frame.Slot 128.0
UE RNTI 79ae CU-UE-ID 1 in-sync PH 36 dB PCMAX 21 dBm, average RSRP -77 (16 meas)
UE 79ae: CQI 15, RI 2, PMI (11,1)
UE 79ae: dlsch_rounds 13/0/0/0, dlsch_errors 0, pucch0_DTX 0, BLER 0.05314 MCS (0) 9
UE 79ae: ulsch_rounds 63/0/0/0, ulsch_errors 0, ulsch_DTX 0, BLER 0.00034 MCS (0) 9 (Qm 2 deltaMCS 0 dB) NPRB 5  SNR 30.0 dB
UE 79ae: MAC:    TX           1932 RX           7735 bytes
UE 79ae: LCID 1: TX            164 RX           1260 bytes

[0m[NR_MAC]   Frame.Slot 256.0
UE RNTI 79ae CU-UE-ID 1 in-sync PH 38 dB PCMAX 21 dBm, average RSRP -77 (16 meas)
UE 79ae: CQI 15, RI 2, PMI (11,1)
UE 79ae: dlsch_rounds 14/0/0/0, dlsch_errors 0, pucch0_DTX 0, BLER 0.04783 MCS (0) 9
UE 79ae: ulsch_rounds 76/0/0/0, ulsch_errors 0, ulsch_DTX 0, BLER 0.00009 MCS (0) 9 (Qm 2 deltaMCS 0 dB) NPRB 5  SNR 27.0 dB
UE 79ae: MAC:    TX           2157 RX           9048 bytes
UE 79ae: LCID 1: TX            164 RX           1260 bytes

[0m[NR_MAC]   Frame.Slot 384.0
UE RNTI 79ae CU-UE-ID 1 in-sync PH 34 dB PCMAX 21 dBm, average RSRP -77 (16 meas)
UE 79ae: CQI 15, RI 2, PMI (11,1)
UE 79ae: dlsch_rounds 16/0/0/0, dlsch_errors 0, pucch0_DTX 0, BLER 0.03874 MCS (0) 9
UE 79ae: ulsch_rounds 90/0/0/0, ulsch_errors 0, ulsch_DTX 0, BLER 0.00002 MCS (0) 9 (Qm 2 deltaMCS 0 dB) NPRB 5  SNR 28.0 dB
UE 79ae: MAC:    TX           2607 RX          10462 bytes
UE 79ae: LCID 1: TX            164 RX           1260 bytes

[0m[NR_MAC]   Frame.Slot 512.0
UE RNTI 79ae CU-UE-ID 1 in-sync PH 34 dB PCMAX 21 dBm, average RSRP -76 (16 meas)
UE 79ae: CQI 15, RI 2, PMI (11,1)
UE 79ae: dlsch_rounds 17/0/0/0, dlsch_errors 0, pucch0_DTX 0, BLER 0.03487 MCS (0) 9
UE 79ae: ulsch_rounds 104/0/0/0, ulsch_errors 0, ulsch_DTX 0, BLER 0.00001 MCS (0) 9 (Qm 2 deltaMCS 0 dB) NPRB 5  SNR 26.0 dB
UE 79ae: MAC:    TX           2832 RX          11876 bytes
UE 79ae: LCID 1: TX            164 RX           1260 bytes

[0m[NR_MAC]   RACH.indication put_queue successfull
[0m[32m[NR_MAC]   587.19 UE RA-RNTI 010b TC-RNTI d417: Activating RA process index 0
[0m[NR_MAC]   UE d417: Msg3 scheduled at 588.17 (588.6 TDA 2)
[0m[32m[NR_MAC]   UE d417: 588.6 Generating RA-Msg2 DCI, RA RNTI 0x10b, state 1, CoreSetType 0, preamble_index(RAPID) 29, timing_offset = 0 (estimated distance 0.0 [m])
[0m[32m[NR_MAC]   588.6 Send RAR to RA-RNTI 010b
[0m[NR_MAC]   Adding new UE context with RNTI 0xd417
[0m[32m[NR_MAC]    588.17 PUSCH with TC_RNTI 0xd417 received correctly
[0m[MAC]   [RAPROC] Received SDU for CCCH length 6 for UE d417
[0m[RLC]   Activated srb0 for UE 54295
[0m[RLC]   Added srb 1 to UE 54295
[0m[NR_MAC]   Activating scheduling Msg4 for TC_RNTI 0xd417 (state WAIT_Msg3)
[0m[93m[NR_MAC]   Unexpected ULSCH HARQ PID 0 (have -1) for RNTI 0xd417
[0m[NR_RRC]   Decoding CCCH: RNTI d417, payload_size 6
[0m[NR_RRC]   Received UE 5G-S-TMSI-Part1 278099133262
[0m[32m[NR_RRC]   [--] (cellID 0, UE ID 2 RNTI d417) Create UE context: CU UE ID 2 DU UE ID 54295 (rnti: d417, random ue id 40c000034e)
[0m[RRC]   activate SRB 1 of UE 2
[0m[32m[NR_RRC]   [DL] (cellID bc614e, UE ID 2 RNTI d417) Send RRC Setup
[0m[NR_MAC]   UE d417 Generate Msg4: feedback at  589. 7, payload 225 bytes, next state nrRA_WAIT_Msg4_MsgB_ACK
[0m[32m[NR_MAC]    589.13 UE d417: Received Ack of Msg4. CBRA procedure succeeded!
[0m[32m[NR_RRC]   [UL] (cellID bc614e, UE ID 2 RNTI d417) Received RRCSetupComplete (RRC_CONNECTED reached)
[0m[RRC]   s_tmsi part2 0 (00 00)
[0m[NR_RRC]   5g_s_TMSI: 0x40C000034E, amf_set_id: 0x1 (1), amf_pointer: 0x0 (0), 5g TMSI: 0xC000034E 
[0m[NGAP]   UE 2: Chose AMF 'open5gs-amf' (assoc_id 65) through selected PLMN Identity index 0 MCC 1 MNC 1
[0m[34m[NGAP]   FIVEG_S_TMSI_PRESENT
[0m[32m[NR_RRC]   [DL] (cellID bc614e, UE ID 1 RNTI 79ae) Send RRC Release
[0m[34m[NGAP]   NGAP_FIND_PROTOCOLIE_BY_ID ie is NULL (searching for ie: 110)
[0m[93m[NGAP]   could not find NGAP_ProtocolIE_ID_id_UEAggregateMaximumBitRate
[0m[34m[NGAP]   NGAP_FIND_PROTOCOLIE_BY_ID ie is NULL (searching for ie: 71)
[0m[34m[NGAP]   AllowedNSSAI.list.count 2
[0m[34m[NGAP]   NGAP_FIND_PROTOCOLIE_BY_ID ie is NULL (searching for ie: 36)
[0m[32m[NR_RRC]   [--] (cellID bc614e, UE ID 2 RNTI d417) Selected security algorithms: ciphering 0, integrity 2
[0m[NR_RRC]   [UE d417] Saved security key AF
[0m[NR_RRC]   UE 2 Logical Channel DL-DCCH, Generate SecurityModeCommand (bytes 3)
[0m[32m[NR_RRC]   [UL] (cellID bc614e, UE ID 2 RNTI d417) Received Security Mode Complete
[0m[NR_RRC]   UE 2: Logical Channel DL-DCCH, Generate NR UECapabilityEnquiry (bytes 8, xid 1)
[0m[32m[NR_RRC]   [UL] (cellID bc614e, UE ID 2 RNTI d417) Received UE capabilities
[0m[NR_RRC]   Send message to ngap: NGAP_UE_CAPABILITIES_IND
[0m[32m[NR_RRC]   [DL] (cellID bc614e, UE ID 2 RNTI d417) Send DL Information Transfer [14 bytes]
[0m[NR_RRC]   Send message to sctp: NGAP_InitialContextSetupResponse
[0m[32m[NR_RRC]   [UL] (cellID bc614e, UE ID 2 RNTI d417) Received RRC UL Information Transfer [83 bytes]
[0m[93m[NR_MAC]   UE 79ae: Detected UL Failure on PUSCH after 10 PUSCH DTX, stopping scheduling
[0m[93m[RLC]   Remove UE 31150
[0m[NR_RRC]   removed UE CU UE ID 1/RNTI 79ae 
[0m[NR_MAC]   Remove NR rnti 0x79ae
[0m[32m[NR_RRC]   [--] (cellID bc614e, UE ID 1 RNTI 79ae) Remove UE context
[0m[NGAP]   PDUSESSIONSetup initiating message
[0m[NR_RRC]   UE 2: received PDU Session Resource Setup Request
[0m[NR_RRC]   Adding pdusession 1, total nb of sessions 1
[0m[NR_RRC]   UE 2: configure DRB ID 1 for PDU session ID 1
[0m[32m[NR_RRC]   [--] (cellID bc614e, UE ID 2 RNTI d417) selecting CU-UP ID 3589 based on exact NSSAI match (1:0xffffff)
[0m[RRC]   UE 2 associating to CU-UP assoc_id -1 out of 1 CU-UPs
[0m[GTPU]   [95] Created tunnel for UE ID 2, teid for incoming: 748b647a, teid for outgoing e0b3 to remote IPv4: 10.128.3.206, IPv6 ::
[0m[PDCP]   added drb 1 to UE ID 2
[0m[SDAP]   Default DRB for the created SDAP entity: 1 
[0m[RRC]   activate SRB 2 of UE 2
[0m[RLC]   Added srb 2 to UE 54295
[0m[RLC]   Added drb 1 to UE 54295
[0m[RLC]   Added DRB to UE 54295
[0m[RRC]   UE 2 trigger UE context setup request with 1 DRBs
[0m[RRC]   UE d417 replacing existing CellGroupConfig with new one received from DU
[0m[E1AP]   UE 2: updating PDU session ID 1 (1 bearers)
[0m[PDCP]   DRB 1 re-established
[0m[32m[NR_RRC]   [DL] (cellID bc614e, UE ID 2 RNTI d417) Generate RRCReconfiguration (bytes 360, xid 3)
[0m[RRC]   UE 2: PDU session ID 1 modified 1 bearers
[0m[32m[NR_RRC]   [UL] (cellID bc614e, UE ID 2 RNTI d417) Received RRCReconfigurationComplete
[0m[NR_RRC]   msg index 0, pdu_sessions index 0, status 2, xid 3): nb_of_pdusessions 1,  pdusession_id 1, teid: 1955292282 
 [0m[NR_RRC]   NGAP_PDUSESSION_SETUP_RESP: sending the message
[0m[34m[NGAP]   pdusession_setup_resp_p: pdusession ID 1, gnb_addr 10.131.3.93, SIZE 4, TEID 1955292282
[0m[NR_MAC]   Frame.Slot 640.0
UE RNTI d417 CU-UE-ID 2 in-sync PH 44 dB PCMAX 21 dBm, average RSRP -76 (5 meas)
UE d417: CQI 10, RI 4, PMI (6,0)
UE d417: dlsch_rounds 10/1/1/1, dlsch_errors 1, pucch0_DTX 4, BLER 0.09000 MCS (1) 9
UE d417: ulsch_rounds 15/0/0/0, ulsch_errors 0, ulsch_DTX 0, BLER 0.07290 MCS (1) 9 (Qm 4 deltaMCS 0 dB) NPRB 5  SNR 14.0 dB
UE d417: MAC:    TX           2295 RX           3307 bytes
UE d417: LCID 1: TX            438 RX           1319 bytes
UE d417: LCID 2: TX              0 RX              0 bytes
UE d417: LCID 4: TX              0 RX              0 bytes

[0m[NR_MAC]   Frame.Slot 768.0
UE RNTI d417 CU-UE-ID 2 in-sync PH 38 dB PCMAX 21 dBm, average RSRP -76 (16 meas)
UE d417: CQI 10, RI 4, PMI (5,1)
UE d417: dlsch_rounds 12/1/1/1, dlsch_errors 1, pucch0_DTX 4, BLER 0.11433 MCS (1) 9
UE d417: ulsch_rounds 30/0/0/0, ulsch_errors 0, ulsch_DTX 0, BLER 0.01853 MCS (1) 9 (Qm 4 deltaMCS 0 dB) NPRB 5  SNR 26.0 dB
UE d417: MAC:    TX           3863 RX           6082 bytes
UE d417: LCID 1: TX            441 RX           1341 bytes
UE d417: LCID 2: TX              0 RX              0 bytes
UE d417: LCID 4: TX              0 RX              0 bytes

[0m[NR_MAC]   Frame.Slot 896.0
UE RNTI d417 CU-UE-ID 2 in-sync PH 34 dB PCMAX 21 dBm, average RSRP -76 (15 meas)
UE d417: CQI 9, RI 4, PMI (5,1)
UE d417: dlsch_rounds 19/1/1/1, dlsch_errors 1, pucch0_DTX 4, BLER 0.07501 MCS (1) 9
UE d417: ulsch_rounds 50/0/0/0, ulsch_errors 0, ulsch_DTX 0, BLER 0.00581 MCS (1) 9 (Qm 4 deltaMCS 0 dB) NPRB 5  SNR 30.0 dB
UE d417: MAC:    TX           9351 RX           9782 bytes
UE d417: LCID 1: TX            444 RX           1363 bytes
UE d417: LCID 2: TX              0 RX              0 bytes
UE d417: LCID 4: TX             15 RX            663 bytes

[0m[NR_MAC]   Frame.Slot 0.0
UE RNTI d417 CU-UE-ID 2 in-sync PH 34 dB PCMAX 21 dBm, average RSRP -76 (16 meas)
UE d417: CQI 9, RI 4, PMI (5,1)
UE d417: dlsch_rounds 25/1/1/1, dlsch_errors 1, pucch0_DTX 4, BLER 0.04430 MCS (1) 9
UE d417: ulsch_rounds 68/0/0/0, ulsch_errors 0, ulsch_DTX 0, BLER 0.00182 MCS (1) 9 (Qm 4 deltaMCS 0 dB) NPRB 5  SNR 26.0 dB
UE d417: MAC:    TX          14055 RX          13112 bytes
UE d417: LCID 1: TX            447 RX           1385 bytes
UE d417: LCID 2: TX              0 RX              0 bytes
UE d417: LCID 4: TX             24 RX           1216 bytes

[0m[1;31m[NR_MAC]   UE d417: reported RSRP index 126 invalid
[0m[NR_MAC]   Frame.Slot 128.0
UE RNTI d417 CU-UE-ID 2 in-sync PH 32 dB PCMAX 21 dBm, average RSRP -76 (14 meas)
UE d417: CQI 10, RI 4, PMI (5,1)
UE d417: dlsch_rounds 30/1/1/1, dlsch_errors 1, pucch0_DTX 4, BLER 0.02906 MCS (1) 9
UE d417: ulsch_rounds 88/0/0/0, ulsch_errors 0, ulsch_DTX 0, BLER 0.00052 MCS (1) 9 (Qm 4 deltaMCS 0 dB) NPRB 5  SNR 29.0 dB
UE d417: MAC:    TX          17975 RX          16812 bytes
UE d417: LCID 1: TX            453 RX           1429 bytes
UE d417: LCID 2: TX              0 RX              0 bytes
UE d417: LCID 4: TX             30 RX           1523 bytes

[0m[NR_MAC]   Frame.Slot 256.0
UE RNTI d417 CU-UE-ID 2 in-sync PH 34 dB PCMAX 21 dBm, average RSRP -77 (16 meas)
UE d417: CQI 10, RI 4, PMI (5,1)
UE d417: dlsch_rounds 33/1/1/1, dlsch_errors 1, pucch0_DTX 4, BLER 0.02119 MCS (1) 9
UE d417: ulsch_rounds 103/0/0/0, ulsch_errors 0, ulsch_DTX 0, BLER 0.00016 MCS (1) 9 (Qm 4 deltaMCS 0 dB) NPRB 5  SNR 23.0 dB
UE d417: MAC:    TX          20327 RX          19587 bytes
UE d417: LCID 1: TX            456 RX           1451 bytes
UE d417: LCID 2: TX              0 RX              0 bytes
UE d417: LCID 4: TX             33 RX           1751 bytes

[0m[NR_MAC]   Frame.Slot 384.0
UE RNTI d417 CU-UE-ID 2 in-sync PH 31 dB PCMAX 21 dBm, average RSRP -77 (16 meas)
UE d417: CQI 9, RI 4, PMI (5,1)
UE d417: dlsch_rounds 35/1/1/1, dlsch_errors 1, pucch0_DTX 4, BLER 0.01716 MCS (1) 9
UE d417: ulsch_rounds 118/0/0/0, ulsch_errors 0, ulsch_DTX 0, BLER 0.00005 MCS (1) 9 (Qm 4 deltaMCS 0 dB) NPRB 5  SNR 28.0 dB
UE d417: MAC:    TX          21895 RX          22362 bytes
UE d417: LCID 1: TX            459 RX           1473 bytes
UE d417: LCID 2: TX              0 RX              0 bytes
UE d417: LCID 4: TX             33 RX           1751 bytes

[0m[NR_MAC]   Frame.Slot 512.0
UE RNTI d417 CU-UE-ID 2 in-sync PH 32 dB PCMAX 21 dBm, average RSRP -76 (15 meas)
UE d417: CQI 10, RI 4, PMI (5,1)
UE d417: dlsch_rounds 38/1/1/1, dlsch_errors 1, pucch0_DTX 4, BLER 0.01251 MCS (1) 9
UE d417: ulsch_rounds 133/0/0/0, ulsch_errors 0, ulsch_DTX 0, BLER 0.00001 MCS (1) 9 (Qm 4 deltaMCS 0 dB) NPRB 5  SNR 30.0 dB
UE d417: MAC:    TX          24247 RX          25137 bytes
UE d417: LCID 1: TX            462 RX           1495 bytes
UE d417: LCID 2: TX              0 RX              0 bytes
UE d417: LCID 4: TX             33 RX           1751 bytes

[0m[NR_MAC]   Frame.Slot 640.0
UE RNTI d417 CU-UE-ID 2 in-sync PH 31 dB PCMAX 21 dBm, average RSRP -76 (16 meas)
UE d417: CQI 10, RI 4, PMI (5,1)
UE d417: dlsch_rounds 42/1/1/1, dlsch_errors 1, pucch0_DTX 4, BLER 0.00912 MCS (1) 9
UE d417: ulsch_rounds 150/0/0/0, ulsch_errors 0, ulsch_DTX 0, BLER 0.00000 MCS (1) 9 (Qm 4 deltaMCS 0 dB) NPRB 5  SNR 27.0 dB
UE d417: MAC:    TX          27383 RX          28282 bytes
UE d417: LCID 1: TX            468 RX           1539 bytes
UE d417: LCID 2: TX              0 RX              0 bytes
UE d417: LCID 4: TX             36 RX           1830 bytes

[0m[NR_MAC]   Frame.Slot 768.0
UE RNTI d417 CU-UE-ID 2 in-sync PH 29 dB PCMAX 21 dBm, average RSRP -77 (16 meas)
UE d417: CQI 10, RI 4, PMI (5,1)
UE d417: dlsch_rounds 44/1/1/1, dlsch_errors 1, pucch0_DTX 4, BLER 0.00739 MCS (1) 9
UE d417: ulsch_rounds 165/0/0/0, ulsch_errors 0, ulsch_DTX 0, BLER 0.00000 MCS (1) 9 (Qm 4 deltaMCS 0 dB) NPRB 5  SNR 27.0 dB
UE d417: MAC:    TX          28951 RX          31057 bytes
UE d417: LCID 1: TX            471 RX           1561 bytes
UE d417: LCID 2: TX              0 RX              0 bytes
UE d417: LCID 4: TX             36 RX           1830 bytes

[0m[NR_MAC]   Frame.Slot 896.0
UE RNTI d417 CU-UE-ID 2 in-sync PH 29 dB PCMAX 21 dBm, average RSRP -77 (15 meas)
UE d417: CQI 10, RI 4, PMI (5,1)
UE d417: dlsch_rounds 47/1/1/1, dlsch_errors 1, pucch0_DTX 4, BLER 0.00539 MCS (1) 9
UE d417: ulsch_rounds 180/0/0/0, ulsch_errors 0, ulsch_DTX 0, BLER 0.00000 MCS (1) 9 (Qm 4 deltaMCS 0 dB) NPRB 5  SNR 29.0 dB
UE d417: MAC:    TX          31303 RX          33832 bytes
UE d417: LCID 1: TX            474 RX           1583 bytes
UE d417: LCID 2: TX              0 RX              0 bytes
UE d417: LCID 4: TX             36 RX           1830 bytes

[0m[NR_MAC]   Frame.Slot 0.0
UE RNTI d417 CU-UE-ID 2 in-sync PH 28 dB PCMAX 21 dBm, average RSRP -76 (16 meas)
UE d417: CQI 10, RI 4, PMI (5,1)
UE d417: dlsch_rounds 49/1/1/1, dlsch_errors 1, pucch0_DTX 4, BLER 0.00436 MCS (1) 9
UE d417: ulsch_rounds 194/0/0/0, ulsch_errors 0, ulsch_DTX 0, BLER 0.00000 MCS (1) 9 (Qm 4 deltaMCS 0 dB) NPRB 5  SNR 27.0 dB
UE d417: MAC:    TX          32871 RX          36422 bytes
UE d417: LCID 1: TX            477 RX           1605 bytes
UE d417: LCID 2: TX              0 RX              0 bytes
UE d417: LCID 4: TX             36 RX           1830 bytes

[0m[NR_MAC]   Frame.Slot 128.0
UE RNTI d417 CU-UE-ID 2 in-sync PH 27 dB PCMAX 21 dBm, average RSRP -76 (15 meas)
UE d417: CQI 11, RI 4, PMI (6,1)
UE d417: dlsch_rounds 209/1/1/1, dlsch_errors 1, pucch0_DTX 4, BLER 0.00152 MCS (1) 17
UE d417: ulsch_rounds 247/0/0/0, ulsch_errors 0, ulsch_DTX 0, BLER 0.00000 MCS (1) 18 (Qm 6 deltaMCS 0 dB) NPRB 5  SNR 33.0 dB
UE d417: MAC:    TX        7980964 RX          46343 bytes
UE d417: LCID 1: TX            483 RX           1649 bytes
UE d417: LCID 2: TX              0 RX              0 bytes
UE d417: LCID 4: TX        7907489 RX           2608 bytes

[0m[NR_MAC]   Frame.Slot 256.0
UE RNTI d417 CU-UE-ID 2 in-sync PH 28 dB PCMAX 21 dBm, average RSRP -76 (14 meas)
UE d417: CQI 11, RI 4, PMI (5,1)
UE d417: dlsch_rounds 404/36/1/1, dlsch_errors 1, pucch0_DTX 4, BLER 0.14306 MCS (1) 17
UE d417: ulsch_rounds 303/0/0/0, ulsch_errors 0, ulsch_DTX 0, BLER 0.00000 MCS (1) 27 (Qm 8 deltaMCS 0 dB) NPRB 5  SNR 29.0 dB
UE d417: MAC:    TX       22644703 RX          56703 bytes
UE d417: LCID 1: TX            486 RX           1671 bytes
UE d417: LCID 2: TX              0 RX              0 bytes
UE d417: LCID 4: TX       22518778 RX           2686 bytes

[0m[NR_MAC]   Frame.Slot 384.0
UE RNTI d417 CU-UE-ID 2 in-sync PH 29 dB PCMAX 21 dBm, average RSRP -77 (16 meas)
UE d417: CQI 11, RI 4, PMI (7,1)
UE d417: dlsch_rounds 622/40/1/1, dlsch_errors 1, pucch0_DTX 4, BLER 0.05661 MCS (1) 17
UE d417: ulsch_rounds 357/0/0/0, ulsch_errors 0, ulsch_DTX 0, BLER 0.00000 MCS (1) 27 (Qm 8 deltaMCS 0 dB) NPRB 5  SNR 29.0 dB
UE d417: MAC:    TX       38879707 RX          66693 bytes
UE d417: LCID 1: TX            489 RX           1693 bytes
UE d417: LCID 2: TX              0 RX              0 bytes
UE d417: LCID 4: TX       38705740 RX           2843 bytes

[0m[NR_MAC]   Frame.Slot 512.0
UE RNTI d417 CU-UE-ID 2 in-sync PH 32 dB PCMAX 21 dBm, average RSRP -77 (16 meas)
UE d417: CQI 11, RI 4, PMI (4,1)
UE d417: dlsch_rounds 812/58/1/1, dlsch_errors 1, pucch0_DTX 4, BLER 0.08307 MCS (1) 19
UE d417: ulsch_rounds 404/0/0/0, ulsch_errors 0, ulsch_DTX 0, BLER 0.00000 MCS (1) 27 (Qm 8 deltaMCS 0 dB) NPRB 5  SNR 30.0 dB
UE d417: MAC:    TX       54615688 RX          75388 bytes
UE d417: LCID 1: TX            492 RX           1715 bytes
UE d417: LCID 2: TX              0 RX              0 bytes
UE d417: LCID 4: TX       54395064 RX           2918 bytes

[0m[NR_MAC]   Frame.Slot 640.0
UE RNTI d417 CU-UE-ID 2 in-sync PH 31 dB PCMAX 21 dBm, average RSRP -77 (14 meas)
UE d417: CQI 11, RI 4, PMI (6,1)
UE d417: dlsch_rounds 998/81/1/1, dlsch_errors 1, pucch0_DTX 4, BLER 0.10481 MCS (1) 18
UE d417: ulsch_rounds 454/0/0/0, ulsch_errors 0, ulsch_DTX 0, BLER 0.00000 MCS (1) 27 (Qm 8 deltaMCS 0 dB) NPRB 5  SNR 26.0 dB
UE d417: MAC:    TX       69577638 RX          84638 bytes
UE d417: LCID 1: TX            498 RX           1759 bytes
UE d417: LCID 2: TX              0 RX              0 bytes
UE d417: LCID 4: TX       69311747 RX           2993 bytes

[0m[NR_MAC]   Frame.Slot 768.0
UE RNTI d417 CU-UE-ID 2 in-sync PH 31 dB PCMAX 21 dBm, average RSRP -77 (16 meas)
UE d417: CQI 11, RI 4, PMI (5,1)
UE d417: dlsch_rounds 1191/88/1/1, dlsch_errors 1, pucch0_DTX 4, BLER 0.04764 MCS (1) 19
UE d417: ulsch_rounds 504/0/0/0, ulsch_errors 0, ulsch_DTX 0, BLER 0.00000 MCS (1) 27 (Qm 8 deltaMCS 0 dB) NPRB 5  SNR 31.0 dB
UE d417: MAC:    TX       84672460 RX          93888 bytes
UE d417: LCID 1: TX            501 RX           1781 bytes
UE d417: LCID 2: TX              0 RX              0 bytes
UE d417: LCID 4: TX       84358494 RX           3071 bytes

[0m[NR_MAC]   Frame.Slot 896.0
UE RNTI d417 CU-UE-ID 2 in-sync PH 30 dB PCMAX 21 dBm, average RSRP -77 (16 meas)
UE d417: CQI 11, RI 4, PMI (4,1)
UE d417: dlsch_rounds 1387/97/1/1, dlsch_errors 1, pucch0_DTX 4, BLER 0.05941 MCS (1) 19
UE d417: ulsch_rounds 553/0/0/0, ulsch_errors 0, ulsch_DTX 0, BLER 0.00000 MCS (1) 26 (Qm 8 deltaMCS 0 dB) NPRB 5  SNR 29.0 dB
UE d417: MAC:    TX      100276367 RX         102953 bytes
UE d417: LCID 1: TX            504 RX           1803 bytes
UE d417: LCID 2: TX              0 RX              0 bytes
UE d417: LCID 4: TX       99915161 RX           3149 bytes

[0m[1;31m[NFAPI_VNF]   
============================================================================
sfn slot doesn't match unpacked one! L2->L1 987.15  vs L1->L2 987.17  
============================================================================
[0m[NR_MAC]   Frame.Slot 0.0
UE RNTI d417 CU-UE-ID 2 in-sync PH 31 dB PCMAX 21 dBm, average RSRP -77 (16 meas)
UE d417: CQI 11, RI 4, PMI (6,0)
UE d417: dlsch_rounds 1577/109/1/1, dlsch_errors 1, pucch0_DTX 4, BLER 0.07081 MCS (1) 19
UE d417: ulsch_rounds 607/0/0/0, ulsch_errors 0, ulsch_DTX 0, BLER 0.00000 MCS (1) 27 (Qm 8 deltaMCS 0 dB) NPRB 5  SNR 28.0 dB
UE d417: MAC:    TX      115769165 RX         112758 bytes
UE d417: LCID 1: TX            507 RX           1825 bytes
UE d417: LCID 2: TX              0 RX              0 bytes
UE d417: LCID 4: TX      115361233 RX           3227 bytes

[0m[NR_MAC]   Frame.Slot 128.0
UE RNTI d417 CU-UE-ID 2 in-sync PH 30 dB PCMAX 21 dBm, average RSRP -77 (14 meas)
UE d417: CQI 11, RI 4, PMI (6,0)
UE d417: dlsch_rounds 1768/116/1/1, dlsch_errors 1, pucch0_DTX 4, BLER 0.04515 MCS (1) 19
UE d417: ulsch_rounds 660/0/0/0, ulsch_errors 0, ulsch_DTX 0, BLER 0.00000 MCS (1) 27 (Qm 8 deltaMCS 0 dB) NPRB 5  SNR 30.0 dB
UE d417: MAC:    TX      131428019 RX         122748 bytes
UE d417: LCID 1: TX            513 RX           1869 bytes
UE d417: LCID 2: TX              0 RX              0 bytes
UE d417: LCID 4: TX      130967607 RX           3302 bytes

[0m[NR_MAC]   Frame.Slot 256.0
UE RNTI d417 CU-UE-ID 2 in-sync PH 32 dB PCMAX 21 dBm, average RSRP -77 (16 meas)
UE d417: CQI 11, RI 4, PMI (6,1)
UE d417: dlsch_rounds 1950/120/1/1, dlsch_errors 1, pucch0_DTX 4, BLER 0.02536 MCS (1) 19
UE d417: ulsch_rounds 712/0/0/0, ulsch_errors 0, ulsch_DTX 0, BLER 0.00000 MCS (1) 27 (Qm 8 deltaMCS 0 dB) NPRB 5  SNR 23.0 dB
UE d417: MAC:    TX      146559095 RX         132368 bytes
UE d417: LCID 1: TX            516 RX           1891 bytes
UE d417: LCID 2: TX              0 RX              0 bytes
UE d417: LCID 4: TX      146043926 RX           3377 bytes

[0m[NR_MAC]   Frame.Slot 384.0
UE RNTI d417 CU-UE-ID 2 in-sync PH 29 dB PCMAX 21 dBm, average RSRP -77 (16 meas)
UE d417: CQI 11, RI 4, PMI (6,1)
UE d417: dlsch_rounds 2146/123/1/1, dlsch_errors 1, pucch0_DTX 4, BLER 0.01594 MCS (1) 19
UE d417: ulsch_rounds 762/0/0/0, ulsch_errors 0, ulsch_DTX 0, BLER 0.00000 MCS (1) 27 (Qm 8 deltaMCS 0 dB) NPRB 5  SNR 28.0 dB
UE d417: MAC:    TX      161835271 RX         141618 bytes
UE d417: LCID 1: TX            519 RX           1913 bytes
UE d417: LCID 2: TX              0 RX              0 bytes
UE d417: LCID 4: TX      161262642 RX           3455 bytes

[0m[NR_MAC]   Frame.Slot 512.0
UE RNTI d417 CU-UE-ID 2 in-sync PH 29 dB PCMAX 21 dBm, average RSRP -77 (14 meas)
UE d417: CQI 11, RI 4, PMI (6,0)
UE d417: dlsch_rounds 2344/179/1/1, dlsch_errors 1, pucch0_DTX 4, BLER 0.23910 MCS (1) 17
UE d417: ulsch_rounds 813/0/0/0, ulsch_errors 0, ulsch_DTX 0, BLER 0.00000 MCS (1) 26 (Qm 8 deltaMCS 0 dB) NPRB 5  SNR 30.0 dB
UE d417: MAC:    TX      176787192 RX         151053 bytes
UE d417: LCID 1: TX            525 RX           1957 bytes
UE d417: LCID 2: TX              0 RX              0 bytes
UE d417: LCID 4: TX      176150351 RX           3533 bytes

[0m[NR_MAC]   Frame.Slot 640.0
UE RNTI d417 CU-UE-ID 2 in-sync PH 21 dB PCMAX 21 dBm, average RSRP -78 (15 meas)
UE d417: CQI 11, RI 4, PMI (7,1)
UE d417: dlsch_rounds 2675/182/1/1, dlsch_errors 1, pucch0_DTX 4, BLER 0.09135 MCS (1) 9
UE d417: ulsch_rounds 867/0/0/0, ulsch_errors 0, ulsch_DTX 0, BLER 0.00000 MCS (1) 27 (Qm 8 deltaMCS 0 dB) NPRB 5  SNR 30.0 dB
UE d417: MAC:    TX      192546105 RX         161043 bytes
UE d417: LCID 1: TX            528 RX           1979 bytes
UE d417: LCID 2: TX              0 RX              0 bytes
UE d417: LCID 4: TX      191868030 RX           3611 bytes

[0m[NR_MAC]   Frame.Slot 768.0
UE RNTI d417 CU-UE-ID 2 in-sync PH 31 dB PCMAX 21 dBm, average RSRP -78 (15 meas)
UE d417: CQI 11, RI 4, PMI (7,0)
UE d417: dlsch_rounds 2991/194/1/1, dlsch_errors 1, pucch0_DTX 4, BLER 0.02322 MCS (1) 17
UE d417: ulsch_rounds 919/0/0/0, ulsch_errors 0, ulsch_DTX 0, BLER 0.00000 MCS (1) 27 (Qm 8 deltaMCS 0 dB) NPRB 5  SNR 27.0 dB
UE d417: MAC:    TX      207944292 RX         170478 bytes
UE d417: LCID 1: TX            531 RX           2001 bytes
UE d417: LCID 2: TX              0 RX              0 bytes
UE d417: LCID 4: TX      207226309 RX           3686 bytes

[0m[NR_MAC]   Frame.Slot 896.0
UE RNTI d417 CU-UE-ID 2 in-sync PH 26 dB PCMAX 21 dBm, average RSRP -78 (16 meas)
UE d417: CQI 11, RI 4, PMI (7,1)
UE d417: dlsch_rounds 3222/211/1/1, dlsch_errors 1, pucch0_DTX 4, BLER 0.06003 MCS (1) 14
UE d417: ulsch_rounds 969/0/0/0, ulsch_errors 0, ulsch_DTX 0, BLER 0.00000 MCS (1) 26 (Qm 8 deltaMCS 0 dB) NPRB 5  SNR 25.0 dB
UE d417: MAC:    TX      222380391 RX         179913 bytes
UE d417: LCID 1: TX            534 RX           2023 bytes
UE d417: LCID 2: TX              0 RX              0 bytes
UE d417: LCID 4: TX      221622401 RX           3840 bytes

[0m[NR_MAC]   Frame.Slot 0.0
UE RNTI d417 CU-UE-ID 2 in-sync PH 21 dB PCMAX 21 dBm, average RSRP -78 (15 meas)
UE d417: CQI 11, RI 4, PMI (7,0)
UE d417: dlsch_rounds 3477/254/1/1, dlsch_errors 1, pucch0_DTX 4, BLER 0.15241 MCS (1) 10
UE d417: ulsch_rounds 1022/0/0/0, ulsch_errors 0, ulsch_DTX 0, BLER 0.00000 MCS (1) 26 (Qm 8 deltaMCS 0 dB) NPRB 5  SNR 30.0 dB
UE d417: MAC:    TX      237497991 RX         189718 bytes
UE d417: LCID 1: TX            540 RX           2067 bytes
UE d417: LCID 2: TX              0 RX              0 bytes
UE d417: LCID 4: TX      236698360 RX           3918 bytes

[0m[NR_MAC]   Frame.Slot 128.0
UE RNTI d417 CU-UE-ID 2 in-sync PH 23 dB PCMAX 21 dBm, average RSRP -77 (14 meas)
UE d417: CQI 11, RI 4, PMI (6,1)
UE d417: dlsch_rounds 3823/254/1/1, dlsch_errors 1, pucch0_DTX 4, BLER 0.03874 MCS (1) 13
UE d417: ulsch_rounds 1073/2/0/0, ulsch_errors 0, ulsch_DTX 0, BLER 0.04305 MCS (1) 26 (Qm 8 deltaMCS 0 dB) NPRB 5  SNR 23.0 dB
UE d417: MAC:    TX      253104954 RX         199153 bytes
UE d417: LCID 1: TX            543 RX           2089 bytes
UE d417: LCID 2: TX              0 RX              0 bytes
UE d417: LCID 4: TX      252261330 RX           3996 bytes

[0m[NR_MAC]   Frame.Slot 256.0
UE RNTI d417 CU-UE-ID 2 in-sync PH 21 dB PCMAX 21 dBm, average RSRP -78 (15 meas)
UE d417: CQI 11, RI 4, PMI (5,1)
UE d417: dlsch_rounds 4030/259/1/1, dlsch_errors 1, pucch0_DTX 4, BLER 0.02662 MCS (1) 19
UE d417: ulsch_rounds 1126/2/0/0, ulsch_errors 0, ulsch_DTX 0, BLER 0.01216 MCS (1) 27 (Qm 8 deltaMCS 0 dB) NPRB 5  SNR 26.0 dB
UE d417: MAC:    TX      268703825 RX         208958 bytes
UE d417: LCID 1: TX            546 RX           2111 bytes
UE d417: LCID 2: TX              0 RX              0 bytes
UE d417: LCID 4: TX      267812519 RX           4074 bytes

[0m[NR_MAC]   Frame.Slot 384.0
UE RNTI d417 CU-UE-ID 2 in-sync PH 22 dB PCMAX 21 dBm, average RSRP -78 (16 meas)
UE d417: CQI 11, RI 4, PMI (6,1)
UE d417: dlsch_rounds 4222/262/1/1, dlsch_errors 1, pucch0_DTX 4, BLER 0.02001 MCS (1) 19
UE d417: ulsch_rounds 1176/2/0/0, ulsch_errors 0, ulsch_DTX 0, BLER 0.00309 MCS (1) 27 (Qm 8 deltaMCS 0 dB) NPRB 5  SNR 28.0 dB
UE d417: MAC:    TX      284607568 RX         218208 bytes
UE d417: LCID 1: TX            549 RX           2133 bytes
UE d417: LCID 2: TX              0 RX              0 bytes
UE d417: LCID 4: TX      283667663 RX           4149 bytes

[0m[NR_MAC]   Frame.Slot 512.0
UE RNTI d417 CU-UE-ID 2 in-sync PH 26 dB PCMAX 21 dBm, average RSRP -77 (16 meas)
UE d417: CQI 11, RI 4, PMI (6,1)
UE d417: dlsch_rounds 4404/262/1/1, dlsch_errors 1, pucch0_DTX 4, BLER 0.00509 MCS (1) 19
UE d417: ulsch_rounds 1228/2/0/0, ulsch_errors 0, ulsch_DTX 0, BLER 0.00087 MCS (1) 27 (Qm 8 deltaMCS 0 dB) NPRB 5  SNR 25.0 dB
UE d417: MAC:    TX      299285165 RX         227828 bytes
UE d417: LCID 1: TX            555 RX           2177 bytes
UE d417: LCID 2: TX              0 RX              0 bytes
UE d417: LCID 4: TX      298292752 RX           4224 bytes

[0m[NR_MAC]   Frame.Slot 640.0
UE RNTI d417 CU-UE-ID 2 in-sync PH 29 dB PCMAX 21 dBm, average RSRP -77 (15 meas)
UE d417: CQI 11, RI 4, PMI (6,1)
UE d417: dlsch_rounds 4592/262/1/1, dlsch_errors 1, pucch0_DTX 4, BLER 0.00144 MCS (1) 19
UE d417: ulsch_rounds 1283/2/0/0, ulsch_errors 0, ulsch_DTX 0, BLER 0.00022 MCS (1) 27 (Qm 8 deltaMCS 0 dB) NPRB 5  SNR 29.0 dB
UE d417: MAC:    TX      314164167 RX         238003 bytes
UE d417: LCID 1: TX            558 RX           2199 bytes
UE d417: LCID 2: TX              0 RX              0 bytes
UE d417: LCID 4: TX      313116854 RX           4302 bytes

[0m[NR_MAC]   Frame.Slot 768.0
UE RNTI d417 CU-UE-ID 2 in-sync PH 32 dB PCMAX 21 dBm, average RSRP -75 (16 meas)
UE d417: CQI 11, RI 4, PMI (5,1)
UE d417: dlsch_rounds 4779/282/1/1, dlsch_errors 1, pucch0_DTX 4, BLER 0.06855 MCS (1) 19
UE d417: ulsch_rounds 1334/2/0/0, ulsch_errors 0, ulsch_DTX 0, BLER 0.00006 MCS (1) 27 (Qm 8 deltaMCS 0 dB) NPRB 5  SNR 30.0 dB
UE d417: MAC:    TX      328658748 RX         247438 bytes
UE d417: LCID 1: TX            561 RX           2221 bytes
UE d417: LCID 2: TX              0 RX              0 bytes
UE d417: LCID 4: TX      327562288 RX           4377 bytes

[0m[NR_MAC]   Frame.Slot 896.0
UE RNTI d417 CU-UE-ID 2 in-sync PH 36 dB PCMAX 21 dBm, average RSRP -75 (15 meas)
UE d417: CQI 11, RI 4, PMI (5,1)
UE d417: dlsch_rounds 5004/299/1/1, dlsch_errors 1, pucch0_DTX 4, BLER 0.07523 MCS (1) 15
UE d417: ulsch_rounds 1386/2/0/0, ulsch_errors 0, ulsch_DTX 0, BLER 0.00001 MCS (1) 27 (Qm 8 deltaMCS 0 dB) NPRB 5  SNR 30.0 dB
UE d417: MAC:    TX      343502820 RX         257058 bytes
UE d417: LCID 1: TX            564 RX           2243 bytes
UE d417: LCID 2: TX              0 RX              0 bytes
UE d417: LCID 4: TX      342361794 RX           4455 bytes

[0m