[UTIL]   running in SA mode (no --phy-test, --do-ra, --nsa option present)
[0m[OPT]   OPT disabled
[0m[HW]   Version: Branch: HEAD Abrev. Hash: f0fce7c167 Date: Tue Feb 25 22:58:21 2025 +0000
[0m[GNB_APP]   Initialized RAN Context: RC.nb_nr_inst = 1, RC.nb_nr_macrlc_inst = 1, RC.nb_nr_L1_inst = 0, RC.nb_RU = 0, RC.nb_nr_CC[0] = 0
[0m[GNB_APP]   pdsch_AntennaPorts N1 2 N2 1 XP 2 pusch_AntennaPorts 2
[0m[1;31m[GNB_APP]   RU information not present in config file. Assuming physical antenna ports equal to logical antenna ports 4
[0m[GNB_APP]   minTXRXTIME 3
[0m[GNB_APP]   SIB1 TDA 1
[0m[GNB_APP]   CSI-RS 1, SRS 0, 256 QAM may be on, delta_MCS off, maxMIMO_Layers -1, HARQ feedback enabled, num DLHARQ:16, num ULHARQ:16
[0m[GNB_APP]   sr_ProhibitTimer 0, sr_TransMax 64, sr_ProhibitTimer_v1700 0, t300 400, t301 400, t310 2000, n310 10, t311 3000, n311 1, t319 400
[0m[NR_MAC]   Candidates per PDCCH aggregation level on UESS: L1: 0, L2: 2, L4: 0, L8: 0, L16: 0
[0m[RRC]   Read in ServingCellConfigCommon (PhysCellId 0, ABSFREQSSB 649920, DLBand 78, ABSFREQPOINTA 646724, DLBW 273,RACH_TargetReceivedPower -96
[0m[RRC]   absoluteFrequencySSB 649920 corresponds to 3748800000 Hz
[0m[NR_MAC]   TDD period index = 6, based on the sum of dl_UL_TransmissionPeriodicity from Pattern1 (5.000000 ms) and Pattern2 (0.000000 ms): Total = 5.000000 ms
[0m[UTIL]   threadCreate() for MAC_STATS: creating thread with affinity ffffffff, priority 2
[0m[NR_MAC]   PUSCH Target 280, PUCCH Target 100, PUCCH Failure 10, PUSCH Failure 10
[0m[GNB_APP]   Configuring VNF for Aerial connection with prefix (null)
[0m[NR_PHY]   Copying 0 blacklisted PRB to L1 context
[0m[NR_MAC]   Set TX antenna number to 4, Set RX antenna number to 2 (num ssb 1: 80000000,0)
[0m[NR_MAC]   TDD period index = 6, based on the sum of dl_UL_TransmissionPeriodicity from Pattern1 (5.000000 ms) and Pattern2 (0.000000 ms): Total = 5.000000 ms
[0m[NR_MAC]   Set TDD configuration period to: 7 DL slots, 3 UL slots, 10 slots per period (NR_TDD_UL_DL_Pattern is 6 DL slots, 3 UL slots, 10 DL symbols, 0 UL symbols)
[0m[NR_MAC]   Configured 1 TDD patterns (total slots: pattern1 = 10, pattern2 = 0)
[0m[NR_PHY]   Set TDD Period Configuration: 2 periods per frame, 20 slots to be configured (7 DL, 3 UL)
[0m[NR_PHY]   TDD period configuration: slot 0 is DOWNLINK
[0m[NR_PHY]   TDD period configuration: slot 1 is DOWNLINK
[0m[NR_PHY]   TDD period configuration: slot 2 is DOWNLINK
[0m[NR_PHY]   TDD period configuration: slot 3 is DOWNLINK
[0m[NR_PHY]   TDD period configuration: slot 4 is DOWNLINK
[0m[NR_PHY]   TDD period configuration: slot 5 is DOWNLINK
[0m[NR_PHY]   TDD period configuration: slot 6 is FLEXIBLE: DDDDDDDDDDFFFF
[0m[NR_PHY]   TDD period configuration: slot 7 is UPLINK
[0m[NR_PHY]   TDD period configuration: slot 8 is UPLINK
[0m[NR_PHY]   TDD period configuration: slot 9 is UPLINK
[0m[NR_RRC]   SIB1 freq: offsetToPointA 246
[0m[GNB_APP]   F1AP: gNB idx 0 gNB_DU_id 3589, gNB_DU_name gNB-OAI-devkit05, TAC 1 MCC/MNC/length 1/1/2 cellID 12345678
[0m[GNB_APP]   ngran_DU: Configuring Cell 0 for TDD
[0m[GNB_APP]   SDAP layer is disabled
[0m[GNB_APP]   Data Radio Bearer count 1
[0m[NR_RRC]   do_SIB23_NR, size 9
[0m[UTIL]   threadCreate() for TASK_SCTP: creating thread with affinity ffffffff, priority 50
[0m[X2AP]   X2AP is disabled.
[0m[UTIL]   threadCreate() for TASK_NGAP: creating thread with affinity ffffffff, priority 50
[0m[UTIL]   threadCreate() for TASK_GNB_APP: creating thread with affinity ffffffff, priority 50
[0m[34m[NGAP]   Starting NGAP layer
[0m[NGAP]   Registered new gNB[0] and macro gNB id 3589
[0m[UTIL]   threadCreate() for TASK_RRC_GNB: creating thread with affinity ffffffff, priority 50
[0m[NGAP]   [gNB 0] check the amf registration state
[0m[NR_RRC]   Entering main loop of NR_RRC message task
[0m[GTPU]   Configuring GTPu
[0m[NR_RRC]   Received F1 Setup Request from gNB_DU 3589 (gNB-OAI-devkit05) on assoc_id -1
[0m[GTPU]   SA mode 
[0m[GTPU]   Configuring GTPu address : 10.131.3.93, port : 2152
[0m[GTPU]   Initializing UDP for local address 10.131.3.93 with port 2152
[0m[RRC]   Accepting DU 3589 (gNB-OAI-devkit05), sending F1 Setup Response
[0m[RRC]   DU uses RRC version 17.3.0
[0m[GTPU]   Created gtpu instance id: 95
[0m[MAC]   received F1 Setup Response from CU (null)
[0m[MAC]   CU uses RRC version 17.3.0
[0m[MAC]   Clearing the DU's UE states before, if any.
[0m[UTIL]   threadCreate() for TASK_GTPV1_U: creating thread with affinity ffffffff, priority 50
[0m[NR_RRC]   Accepting new CU-UP ID 3589 name gNB-OAI-devkit05 (assoc_id -1)
[0m[32m[NGAP]   Send NGSetupRequest to AMF
[0m[NGAP]   3589 -> 0000e050
[0m[34m[NGAP]   servedGUAMIs.list.count 1
[0m[34m[NGAP]   PLMNSupportList.list.count 1
[0m[34m[NGAP]   PLMNSupportList.list.count 3
[0m[32m[NGAP]   Received NGSetupResponse from AMF
[0m[GNB_APP]   [gNB 0] Received NGAP_REGISTER_GNB_CNF: associated AMF 1
[0m[NFAPI_VNF]   nvIPC_Init: creating IPC interface with prefix nvipc
[0m[NFAPI_VNF]   nvIPC_Init: create IPC interface successful
[0m[UTIL]   threadCreate() for vnf_nvipc_aerial: creating thread with affinity 1c, priority 50
[0m[NFAPI_VNF]   Received CONFIG.response, gNB is ready! 
[0m[1;31m[NFAPI_VNF]   
============================================================================
sfn slot doesn't match unpacked one! L2->L1 0.0  vs L1->L2 0.3  
============================================================================
[0m[NR_MAC]   RACH.indication put_queue successfull
[0m[32m[NR_MAC]   20.19 UE RA-RNTI 010b TC-RNTI ef42: Activating RA process index 0
[0m[NR_MAC]   UE ef42: Msg3 scheduled at 21.17 (21.6 TDA 2)
[0m[32m[NR_MAC]   UE ef42: 21.6 Generating RA-Msg2 DCI, RA RNTI 0x10b, state 1, CoreSetType 0, preamble_index(RAPID) 1, timing_offset = 0 (estimated distance 0.0 [m])
[0m[32m[NR_MAC]   21.6 Send RAR to RA-RNTI 010b
[0m[NR_MAC]   Adding new UE context with RNTI 0xef42
[0m[32m[NR_MAC]     21.17 PUSCH with TC_RNTI 0xef42 received correctly
[0m[MAC]   [RAPROC] Received SDU for CCCH length 6 for UE ef42
[0m[RLC]   Activated srb0 for UE 61250
[0m[RLC]   Added srb 1 to UE 61250
[0m[NR_MAC]   Activating scheduling Msg4 for TC_RNTI 0xef42 (state WAIT_Msg3)
[0m[93m[NR_MAC]   Unexpected ULSCH HARQ PID 0 (have -1) for RNTI 0xef42
[0m[NR_RRC]   Decoding CCCH: RNTI ef42, payload_size 6
[0m[32m[NR_RRC]   [--] (cellID 0, UE ID 1 RNTI ef42) Create UE context: CU UE ID 1 DU UE ID 61250 (rnti: ef42, random ue id d0a7955884000000)
[0m[RRC]   activate SRB 1 of UE 1
[0m[32m[NR_RRC]   [DL] (cellID bc614e, UE ID 1 RNTI ef42) Send RRC Setup
[0m[NR_MAC]   UE ef42 Generate Msg4: feedback at   22. 7, payload 225 bytes, next state nrRA_WAIT_Msg4_MsgB_ACK
[0m[32m[NR_MAC]     22.13 UE ef42: Received Ack of Msg4. CBRA procedure succeeded!
[0m[32m[NR_RRC]   [UL] (cellID bc614e, UE ID 1 RNTI ef42) Received RRCSetupComplete (RRC_CONNECTED reached)
[0m[NGAP]   Build NGAP_NAS_FIRST_REQ adding in s_TMSI: GUAMI amf_set_id 1 amf_region_id 2 ue ef42
[0m[NGAP]   UE 1: Chose AMF 'open5gs-amf' (assoc_id 63) through selected PLMN Identity index 0 MCC 1 MNC 1
[0m[34m[NGAP]   NGAP_FIND_PROTOCOLIE_BY_ID ie is NULL (searching for ie: 110)
[0m[93m[NGAP]   could not find NGAP_ProtocolIE_ID_id_UEAggregateMaximumBitRate
[0m[34m[NGAP]   NGAP_FIND_PROTOCOLIE_BY_ID ie is NULL (searching for ie: 71)
[0m[34m[NGAP]   AllowedNSSAI.list.count 2
[0m[34m[NGAP]   NGAP_FIND_PROTOCOLIE_BY_ID ie is NULL (searching for ie: 36)
[0m[32m[NR_RRC]   [--] (cellID bc614e, UE ID 1 RNTI ef42) Selected security algorithms: ciphering 0, integrity 2
[0m[NR_RRC]   [UE ef42] Saved security key 24
[0m[NR_RRC]   UE 1 Logical Channel DL-DCCH, Generate SecurityModeCommand (bytes 3)
[0m[32m[NR_RRC]   [UL] (cellID bc614e, UE ID 1 RNTI ef42) Received Security Mode Complete
[0m[NR_RRC]   UE 1: Logical Channel DL-DCCH, Generate NR UECapabilityEnquiry (bytes 8, xid 3)
[0m[32m[NR_RRC]   [UL] (cellID bc614e, UE ID 1 RNTI ef42) Received UE capabilities
[0m[NR_RRC]   Send message to ngap: NGAP_UE_CAPABILITIES_IND
[0m[32m[NR_RRC]   [DL] (cellID bc614e, UE ID 1 RNTI ef42) Send DL Information Transfer [57 bytes]
[0m[NR_RRC]   Send message to sctp: NGAP_InitialContextSetupResponse
[0m[32m[NR_RRC]   [UL] (cellID bc614e, UE ID 1 RNTI ef42) Received RRC UL Information Transfer [13 bytes]
[0m[32m[NR_RRC]   [DL] (cellID bc614e, UE ID 1 RNTI ef42) Send DL Information Transfer [46 bytes]
[0m[NR_MAC]   Frame.Slot 128.0
UE RNTI ef42 CU-UE-ID 1 in-sync PH 38 dB PCMAX 21 dBm, average RSRP -78 (11 meas)
UE ef42: CQI 15, RI 2, PMI (11,1)
UE ef42: dlsch_rounds 9/0/0/0, dlsch_errors 0, pucch0_DTX 0, BLER 0.08100 MCS (0) 9
UE ef42: ulsch_rounds 19/0/0/0, ulsch_errors 0, ulsch_DTX 0, BLER 0.03874 MCS (0) 9 (Qm 2 deltaMCS 0 dB) NPRB 5  SNR 24.0 dB
UE ef42: MAC:    TX           1116 RX           3291 bytes
UE ef42: LCID 1: TX            164 RX           1256 bytes

[0m[NR_MAC]   Frame.Slot 256.0
UE RNTI ef42 CU-UE-ID 1 in-sync PH 34 dB PCMAX 21 dBm, average RSRP -78 (16 meas)
UE ef42: CQI 15, RI 2, PMI (11,1)
UE ef42: dlsch_rounds 10/0/0/0, dlsch_errors 0, pucch0_DTX 0, BLER 0.07290 MCS (0) 9
UE ef42: ulsch_rounds 32/0/0/0, ulsch_errors 0, ulsch_DTX 0, BLER 0.00985 MCS (0) 9 (Qm 2 deltaMCS 0 dB) NPRB 5  SNR 24.0 dB
UE ef42: MAC:    TX           1341 RX           4604 bytes
UE ef42: LCID 1: TX            164 RX           1256 bytes

[0m[NR_MAC]   Frame.Slot 384.0
UE RNTI ef42 CU-UE-ID 1 in-sync PH 31 dB PCMAX 21 dBm, average RSRP -77 (16 meas)
UE ef42: CQI 15, RI 2, PMI (13,1)
UE ef42: dlsch_rounds 11/0/0/0, dlsch_errors 0, pucch0_DTX 0, BLER 0.06561 MCS (0) 9
UE ef42: ulsch_rounds 45/0/0/0, ulsch_errors 0, ulsch_DTX 0, BLER 0.00250 MCS (0) 9 (Qm 2 deltaMCS 0 dB) NPRB 5  SNR 29.0 dB
UE ef42: MAC:    TX           1566 RX           5917 bytes
UE ef42: LCID 1: TX            164 RX           1256 bytes

[0m[NR_MAC]   Frame.Slot 512.0
UE RNTI ef42 CU-UE-ID 1 in-sync PH 30 dB PCMAX 21 dBm, average RSRP -77 (16 meas)
UE ef42: CQI 15, RI 2, PMI (11,1)
UE ef42: dlsch_rounds 12/0/0/0, dlsch_errors 0, pucch0_DTX 0, BLER 0.05905 MCS (0) 9
UE ef42: ulsch_rounds 58/0/0/0, ulsch_errors 0, ulsch_DTX 0, BLER 0.00071 MCS (0) 9 (Qm 2 deltaMCS 0 dB) NPRB 5  SNR 30.0 dB
UE ef42: MAC:    TX           1791 RX           7230 bytes
UE ef42: LCID 1: TX            164 RX           1256 bytes

[0m[NR_MAC]   Frame.Slot 640.0
UE RNTI ef42 CU-UE-ID 1 in-sync PH 31 dB PCMAX 21 dBm, average RSRP -77 (16 meas)
UE ef42: CQI 15, RI 2, PMI (13,1)
UE ef42: dlsch_rounds 14/0/0/0, dlsch_errors 0, pucch0_DTX 0, BLER 0.04783 MCS (0) 9
UE ef42: ulsch_rounds 71/0/0/0, ulsch_errors 0, ulsch_DTX 0, BLER 0.00020 MCS (0) 9 (Qm 2 deltaMCS 0 dB) NPRB 5  SNR 28.0 dB
UE ef42: MAC:    TX           2241 RX           8543 bytes
UE ef42: LCID 1: TX            164 RX           1256 bytes

[0m[NR_MAC]   Frame.Slot 768.0
UE RNTI ef42 CU-UE-ID 1 in-sync PH 34 dB PCMAX 21 dBm, average RSRP -77 (16 meas)
UE ef42: CQI 15, RI 2, PMI (11,1)
UE ef42: dlsch_rounds 15/0/0/0, dlsch_errors 0, pucch0_DTX 0, BLER 0.04305 MCS (0) 9
UE ef42: ulsch_rounds 83/0/0/0, ulsch_errors 0, ulsch_DTX 0, BLER 0.00006 MCS (0) 9 (Qm 2 deltaMCS 0 dB) NPRB 5  SNR 27.0 dB
UE ef42: MAC:    TX           2466 RX           9755 bytes
UE ef42: LCID 1: TX            164 RX           1256 bytes

[0m[NR_MAC]   Frame.Slot 896.0
UE RNTI ef42 CU-UE-ID 1 in-sync PH 31 dB PCMAX 21 dBm, average RSRP -77 (16 meas)
UE ef42: CQI 15, RI 2, PMI (9,0)
UE ef42: dlsch_rounds 16/0/0/0, dlsch_errors 0, pucch0_DTX 0, BLER 0.03874 MCS (0) 9
UE ef42: ulsch_rounds 97/0/0/0, ulsch_errors 0, ulsch_DTX 0, BLER 0.00002 MCS (0) 9 (Qm 2 deltaMCS 0 dB) NPRB 5  SNR 29.0 dB
UE ef42: MAC:    TX           2691 RX          11169 bytes
UE ef42: LCID 1: TX            164 RX           1256 bytes

[0m[NR_MAC]   Frame.Slot 0.0
UE RNTI ef42 CU-UE-ID 1 in-sync PH 27 dB PCMAX 21 dBm, average RSRP -77 (16 meas)
UE ef42: CQI 15, RI 2, PMI (9,0)
UE ef42: dlsch_rounds 18/0/0/0, dlsch_errors 0, pucch0_DTX 0, BLER 0.03138 MCS (0) 9
UE ef42: ulsch_rounds 109/0/0/0, ulsch_errors 0, ulsch_DTX 0, BLER 0.00001 MCS (0) 9 (Qm 2 deltaMCS 0 dB) NPRB 5  SNR 24.0 dB
UE ef42: MAC:    TX           3141 RX          12381 bytes
UE ef42: LCID 1: TX            164 RX           1256 bytes

[0m[1;31m[NR_MAC]   UE ef42: reported RSRP index 11 invalid
[0m[NR_MAC]   RACH.indication put_queue successfull
[0m[32m[NR_MAC]   24.19 UE RA-RNTI 010b TC-RNTI 36ae: Activating RA process index 0
[0m[NR_MAC]   UE 36ae: Msg3 scheduled at 25.17 (25.6 TDA 2)
[0m[32m[NR_MAC]   UE 36ae: 25.6 Generating RA-Msg2 DCI, RA RNTI 0x10b, state 1, CoreSetType 0, preamble_index(RAPID) 10, timing_offset = 0 (estimated distance 0.0 [m])
[0m[32m[NR_MAC]   25.6 Send RAR to RA-RNTI 010b
[0m[NR_MAC]   Adding new UE context with RNTI 0x36ae
[0m[32m[NR_MAC]     25.17 PUSCH with TC_RNTI 0x36ae received correctly
[0m[MAC]   [RAPROC] Received SDU for CCCH length 6 for UE 36ae
[0m[RLC]   Activated srb0 for UE 13998
[0m[RLC]   Added srb 1 to UE 13998
[0m[NR_MAC]   Activating scheduling Msg4 for TC_RNTI 0x36ae (state WAIT_Msg3)
[0m[93m[NR_MAC]   Unexpected ULSCH HARQ PID 0 (have -1) for RNTI 0x36ae
[0m[NR_RRC]   Decoding CCCH: RNTI 36ae, payload_size 6
[0m[NR_RRC]   Received UE 5G-S-TMSI-Part1 278099133698
[0m[32m[NR_RRC]   [--] (cellID 0, UE ID 2 RNTI 36ae) Create UE context: CU UE ID 2 DU UE ID 13998 (rnti: 36ae, random ue id 40c0000502)
[0m[RRC]   activate SRB 1 of UE 2
[0m[32m[NR_RRC]   [DL] (cellID bc614e, UE ID 2 RNTI 36ae) Send RRC Setup
[0m[NR_MAC]   UE 36ae Generate Msg4: feedback at   26. 7, payload 225 bytes, next state nrRA_WAIT_Msg4_MsgB_ACK
[0m[32m[NR_MAC]     26.13 UE 36ae: Received Ack of Msg4. CBRA procedure succeeded!
[0m[32m[NR_RRC]   [UL] (cellID bc614e, UE ID 2 RNTI 36ae) Received RRCSetupComplete (RRC_CONNECTED reached)
[0m[RRC]   s_tmsi part2 0 (00 00)
[0m[NR_RRC]   5g_s_TMSI: 0x40C0000502, amf_set_id: 0x1 (1), amf_pointer: 0x0 (0), 5g TMSI: 0xC0000502 
[0m[NGAP]   UE 2: Chose AMF 'open5gs-amf' (assoc_id 63) through selected PLMN Identity index 0 MCC 1 MNC 1
[0m[34m[NGAP]   FIVEG_S_TMSI_PRESENT
[0m[32m[NR_RRC]   [DL] (cellID bc614e, UE ID 1 RNTI ef42) Send RRC Release
[0m[34m[NGAP]   NGAP_FIND_PROTOCOLIE_BY_ID ie is NULL (searching for ie: 110)
[0m[93m[NGAP]   could not find NGAP_ProtocolIE_ID_id_UEAggregateMaximumBitRate
[0m[34m[NGAP]   NGAP_FIND_PROTOCOLIE_BY_ID ie is NULL (searching for ie: 71)
[0m[34m[NGAP]   AllowedNSSAI.list.count 2
[0m[34m[NGAP]   NGAP_FIND_PROTOCOLIE_BY_ID ie is NULL (searching for ie: 36)
[0m[32m[NR_RRC]   [--] (cellID bc614e, UE ID 2 RNTI 36ae) Selected security algorithms: ciphering 0, integrity 2
[0m[NR_RRC]   [UE 36ae] Saved security key 05
[0m[NR_RRC]   UE 2 Logical Channel DL-DCCH, Generate SecurityModeCommand (bytes 3)
[0m[32m[NR_RRC]   [UL] (cellID bc614e, UE ID 2 RNTI 36ae) Received Security Mode Complete
[0m[NR_RRC]   UE 2: Logical Channel DL-DCCH, Generate NR UECapabilityEnquiry (bytes 8, xid 1)
[0m[32m[NR_RRC]   [UL] (cellID bc614e, UE ID 2 RNTI 36ae) Received UE capabilities
[0m[NR_RRC]   Send message to ngap: NGAP_UE_CAPABILITIES_IND
[0m[32m[NR_RRC]   [DL] (cellID bc614e, UE ID 2 RNTI 36ae) Send DL Information Transfer [14 bytes]
[0m[NR_RRC]   Send message to sctp: NGAP_InitialContextSetupResponse
[0m[93m[NR_MAC]   UE ef42: Detected UL Failure on PUSCH after 10 PUSCH DTX, stopping scheduling
[0m[32m[NR_RRC]   [UL] (cellID bc614e, UE ID 2 RNTI 36ae) Received RRC UL Information Transfer [83 bytes]
[0m[93m[RLC]   Remove UE 61250
[0m[NR_RRC]   removed UE CU UE ID 1/RNTI ef42 
[0m[NR_MAC]   Remove NR rnti 0xef42
[0m[32m[NR_RRC]   [--] (cellID bc614e, UE ID 1 RNTI ef42) Remove UE context
[0m[NGAP]   PDUSESSIONSetup initiating message
[0m[NR_RRC]   UE 2: received PDU Session Resource Setup Request
[0m[NR_RRC]   Adding pdusession 1, total nb of sessions 1
[0m[NR_RRC]   UE 2: configure DRB ID 1 for PDU session ID 1
[0m[32m[NR_RRC]   [--] (cellID bc614e, UE ID 2 RNTI 36ae) selecting CU-UP ID 3589 based on exact NSSAI match (1:0xffffff)
[0m[RRC]   UE 2 associating to CU-UP assoc_id -1 out of 1 CU-UPs
[0m[GTPU]   [95] Created tunnel for UE ID 2, teid for incoming: 87e4f863, teid for outgoing a224 to remote IPv4: 10.128.3.206, IPv6 ::
[0m[PDCP]   added drb 1 to UE ID 2
[0m[SDAP]   Default DRB for the created SDAP entity: 1 
[0m[RRC]   activate SRB 2 of UE 2
[0m[RLC]   Added srb 2 to UE 13998
[0m[RLC]   Added drb 1 to UE 13998
[0m[RLC]   Added DRB to UE 13998
[0m[RRC]   UE 2 trigger UE context setup request with 1 DRBs
[0m[RRC]   UE 36ae replacing existing CellGroupConfig with new one received from DU
[0m[E1AP]   UE 2: updating PDU session ID 1 (1 bearers)
[0m[PDCP]   DRB 1 re-established
[0m[32m[NR_RRC]   [DL] (cellID bc614e, UE ID 2 RNTI 36ae) Generate RRCReconfiguration (bytes 360, xid 3)
[0m[RRC]   UE 2: PDU session ID 1 modified 1 bearers
[0m[32m[NR_RRC]   [UL] (cellID bc614e, UE ID 2 RNTI 36ae) Received RRCReconfigurationComplete
[0m[NR_RRC]   msg index 0, pdu_sessions index 0, status 2, xid 3): nb_of_pdusessions 1,  pdusession_id 1, teid: 2279929955 
 [0m[NR_RRC]   NGAP_PDUSESSION_SETUP_RESP: sending the message
[0m[34m[NGAP]   pdusession_setup_resp_p: pdusession ID 1, gnb_addr 10.131.3.93, SIZE 4, TEID 2279929955
[0m[NR_MAC]   Frame.Slot 128.0
UE RNTI 36ae CU-UE-ID 2 in-sync PH 42 dB PCMAX 21 dBm, average RSRP -82 (11 meas)
UE 36ae: CQI 11, RI 4, PMI (7,1)
UE 36ae: dlsch_rounds 10/0/0/0, dlsch_errors 0, pucch0_DTX 0, BLER 0.09000 MCS (1) 9
UE 36ae: ulsch_rounds 20/0/0/0, ulsch_errors 0, ulsch_DTX 0, BLER 0.04305 MCS (1) 9 (Qm 4 deltaMCS 0 dB) NPRB 5  SNR 15.0 dB
UE 36ae: MAC:    TX           1995 RX           4232 bytes
UE 36ae: LCID 1: TX            438 RX           1319 bytes
UE 36ae: LCID 2: TX              0 RX              0 bytes
UE 36ae: LCID 4: TX              0 RX              0 bytes

[0m[NR_MAC]   Frame.Slot 256.0
UE RNTI 36ae CU-UE-ID 2 in-sync PH 29 dB PCMAX 21 dBm, average RSRP -78 (16 meas)
UE 36ae: CQI 10, RI 4, PMI (5,1)
UE 36ae: dlsch_rounds 13/0/0/0, dlsch_errors 0, pucch0_DTX 0, BLER 0.07290 MCS (1) 9
UE 36ae: ulsch_rounds 35/0/0/0, ulsch_errors 0, ulsch_DTX 0, BLER 0.01094 MCS (1) 9 (Qm 4 deltaMCS 0 dB) NPRB 5  SNR 29.0 dB
UE 36ae: MAC:    TX           4347 RX           7007 bytes
UE 36ae: LCID 1: TX            441 RX           1341 bytes
UE 36ae: LCID 2: TX              0 RX              0 bytes
UE 36ae: LCID 4: TX              0 RX              0 bytes

[0m[NR_MAC]   Frame.Slot 384.0
UE RNTI 36ae CU-UE-ID 2 in-sync PH 30 dB PCMAX 21 dBm, average RSRP -77 (13 meas)
UE 36ae: CQI 10, RI 4, PMI (5,1)
UE 36ae: dlsch_rounds 23/0/0/0, dlsch_errors 0, pucch0_DTX 0, BLER 0.03487 MCS (1) 9
UE 36ae: ulsch_rounds 62/0/0/0, ulsch_errors 0, ulsch_DTX 0, BLER 0.00343 MCS (1) 9 (Qm 4 deltaMCS 0 dB) NPRB 5  SNR 24.0 dB
UE 36ae: MAC:    TX          12187 RX          11825 bytes
UE 36ae: LCID 1: TX            447 RX           1385 bytes
UE 36ae: LCID 2: TX              0 RX              0 bytes
UE 36ae: LCID 4: TX             21 RX           1137 bytes

[0m[NR_MAC]   Frame.Slot 512.0
UE RNTI 36ae CU-UE-ID 2 in-sync PH 26 dB PCMAX 21 dBm, average RSRP -78 (14 meas)
UE 36ae: CQI 10, RI 4, PMI (5,1)
UE 36ae: dlsch_rounds 27/0/0/0, dlsch_errors 0, pucch0_DTX 0, BLER 0.02288 MCS (1) 9
UE 36ae: ulsch_rounds 78/0/0/0, ulsch_errors 0, ulsch_DTX 0, BLER 0.00108 MCS (1) 9 (Qm 4 deltaMCS 0 dB) NPRB 5  SNR 29.0 dB
UE 36ae: MAC:    TX          15323 RX          14970 bytes
UE 36ae: LCID 1: TX            450 RX           1407 bytes
UE 36ae: LCID 2: TX              0 RX              0 bytes
UE 36ae: LCID 4: TX             27 RX           1444 bytes

[0m[NR_MAC]   Frame.Slot 640.0
UE RNTI 36ae CU-UE-ID 2 in-sync PH 22 dB PCMAX 21 dBm, average RSRP -77 (15 meas)
UE 36ae: CQI 11, RI 4, PMI (7,1)
UE 36ae: dlsch_rounds 257/2/0/0, dlsch_errors 0, pucch0_DTX 0, BLER 0.01705 MCS (1) 18
UE 36ae: ulsch_rounds 140/0/0/0, ulsch_errors 0, ulsch_DTX 0, BLER 0.00027 MCS (1) 21 (Qm 8 deltaMCS 0 dB) NPRB 5  SNR 25.0 dB
UE 36ae: MAC:    TX       12944196 RX          26556 bytes
UE 36ae: LCID 1: TX            453 RX           1429 bytes
UE 36ae: LCID 2: TX              0 RX              0 bytes
UE 36ae: LCID 4: TX       12873314 RX           2319 bytes

[0m[NR_MAC]   Frame.Slot 768.0
UE RNTI 36ae CU-UE-ID 2 in-sync PH 30 dB PCMAX 21 dBm, average RSRP -77 (15 meas)
UE 36ae: CQI 11, RI 4, PMI (6,1)
UE 36ae: dlsch_rounds 459/35/0/0, dlsch_errors 0, pucch0_DTX 0, BLER 0.11683 MCS (1) 19
UE 36ae: ulsch_rounds 195/0/0/0, ulsch_errors 0, ulsch_DTX 0, BLER 0.00008 MCS (1) 27 (Qm 8 deltaMCS 0 dB) NPRB 5  SNR 24.0 dB
UE 36ae: MAC:    TX       29660237 RX          37106 bytes
UE 36ae: LCID 1: TX            456 RX           1451 bytes
UE 36ae: LCID 2: TX              0 RX              0 bytes
UE 36ae: LCID 4: TX       29534247 RX           2622 bytes

[0m[NR_MAC]   Frame.Slot 896.0
UE RNTI 36ae CU-UE-ID 2 in-sync PH 24 dB PCMAX 21 dBm, average RSRP -77 (16 meas)
UE 36ae: CQI 11, RI 4, PMI (7,1)
UE 36ae: dlsch_rounds 673/43/0/0, dlsch_errors 0, pucch0_DTX 0, BLER 0.06172 MCS (1) 17
UE 36ae: ulsch_rounds 248/0/0/0, ulsch_errors 0, ulsch_DTX 0, BLER 0.00002 MCS (1) 27 (Qm 8 deltaMCS 0 dB) NPRB 5  SNR 35.0 dB
UE 36ae: MAC:    TX       45981975 RX          46726 bytes
UE 36ae: LCID 1: TX            462 RX           1495 bytes
UE 36ae: LCID 2: TX              0 RX              0 bytes
UE 36ae: LCID 4: TX       45808389 RX           2697 bytes

[0m[NR_MAC]   Frame.Slot 0.0
UE RNTI 36ae CU-UE-ID 2 in-sync PH 36 dB PCMAX 21 dBm, average RSRP -78 (15 meas)
UE 36ae: CQI 11, RI 4, PMI (7,0)
UE 36ae: dlsch_rounds 870/46/0/0, dlsch_errors 0, pucch0_DTX 0, BLER 0.02762 MCS (1) 19
UE 36ae: ulsch_rounds 301/0/0/0, ulsch_errors 0, ulsch_DTX 0, BLER 0.00000 MCS (1) 27 (Qm 8 deltaMCS 0 dB) NPRB 5  SNR 31.0 dB
UE 36ae: MAC:    TX       61378811 RX          56716 bytes
UE 36ae: LCID 1: TX            465 RX           1517 bytes
UE 36ae: LCID 2: TX              0 RX              0 bytes
UE 36ae: LCID 4: TX       61145119 RX           2854 bytes

[0m[NR_MAC]   Frame.Slot 128.0
UE RNTI 36ae CU-UE-ID 2 in-sync PH 34 dB PCMAX 21 dBm, average RSRP -78 (15 meas)
UE 36ae: CQI 11, RI 4, PMI (6,1)
UE 36ae: dlsch_rounds 1069/47/0/0, dlsch_errors 0, pucch0_DTX 0, BLER 0.00944 MCS (1) 19
UE 36ae: ulsch_rounds 355/0/0/0, ulsch_errors 0, ulsch_DTX 0, BLER 0.00000 MCS (1) 27 (Qm 8 deltaMCS 0 dB) NPRB 5  SNR 30.0 dB
UE 36ae: MAC:    TX       77771663 RX          66706 bytes
UE 36ae: LCID 1: TX            468 RX           1539 bytes
UE 36ae: LCID 2: TX              0 RX              0 bytes
UE 36ae: LCID 4: TX       77475671 RX           2932 bytes

[0m[NR_MAC]   Frame.Slot 256.0
UE RNTI 36ae CU-UE-ID 2 in-sync PH 38 dB PCMAX 21 dBm, average RSRP -78 (16 meas)
UE 36ae: CQI 11, RI 4, PMI (7,1)
UE 36ae: dlsch_rounds 1274/48/0/0, dlsch_errors 0, pucch0_DTX 0, BLER 0.00746 MCS (1) 19
UE 36ae: ulsch_rounds 409/0/0/0, ulsch_errors 0, ulsch_DTX 0, BLER 0.00000 MCS (1) 27 (Qm 8 deltaMCS 0 dB) NPRB 5  SNR 29.0 dB
UE 36ae: MAC:    TX       93238146 RX          76696 bytes
UE 36ae: LCID 1: TX            471 RX           1561 bytes
UE 36ae: LCID 2: TX              0 RX              0 bytes
UE 36ae: LCID 4: TX       92887193 RX           3010 bytes

[0m[NR_MAC]   Frame.Slot 384.0
UE RNTI 36ae CU-UE-ID 2 in-sync PH 36 dB PCMAX 21 dBm, average RSRP -76 (16 meas)
UE 36ae: CQI 11, RI 4, PMI (7,1)
UE 36ae: dlsch_rounds 1471/50/0/0, dlsch_errors 0, pucch0_DTX 0, BLER 0.01038 MCS (1) 19
UE 36ae: ulsch_rounds 461/0/0/0, ulsch_errors 0, ulsch_DTX 0, BLER 0.00000 MCS (1) 27 (Qm 8 deltaMCS 0 dB) NPRB 5  SNR 29.0 dB
UE 36ae: MAC:    TX      109292643 RX          86316 bytes
UE 36ae: LCID 1: TX            477 RX           1605 bytes
UE 36ae: LCID 2: TX              0 RX              0 bytes
UE 36ae: LCID 4: TX      108886075 RX           3085 bytes

[0m[NR_MAC]   Frame.Slot 512.0
UE RNTI 36ae CU-UE-ID 2 in-sync PH 36 dB PCMAX 21 dBm, average RSRP -78 (15 meas)
UE 36ae: CQI 11, RI 4, PMI (7,1)
UE 36ae: dlsch_rounds 1662/53/0/0, dlsch_errors 0, pucch0_DTX 0, BLER 0.01231 MCS (1) 19
UE 36ae: ulsch_rounds 513/0/0/0, ulsch_errors 0, ulsch_DTX 0, BLER 0.00000 MCS (1) 27 (Qm 8 deltaMCS 0 dB) NPRB 5  SNR 22.0 dB
UE 36ae: MAC:    TX      124826726 RX          95751 bytes
UE 36ae: LCID 1: TX            480 RX           1627 bytes
UE 36ae: LCID 2: TX              0 RX              0 bytes
UE 36ae: LCID 4: TX      124367345 RX           3160 bytes

[0m[NR_MAC]   Frame.Slot 640.0
UE RNTI 36ae CU-UE-ID 2 in-sync PH 34 dB PCMAX 21 dBm, average RSRP -77 (16 meas)
UE 36ae: CQI 11, RI 4, PMI (6,1)
UE 36ae: dlsch_rounds 1842/55/0/0, dlsch_errors 0, pucch0_DTX 0, BLER 0.01247 MCS (1) 19
UE 36ae: ulsch_rounds 566/0/0/0, ulsch_errors 0, ulsch_DTX 0, BLER 0.00000 MCS (1) 27 (Qm 8 deltaMCS 0 dB) NPRB 5  SNR 30.0 dB
UE 36ae: MAC:    TX      139225404 RX         105741 bytes
UE 36ae: LCID 1: TX            483 RX           1649 bytes
UE 36ae: LCID 2: TX              0 RX              0 bytes
UE 36ae: LCID 4: TX      138718160 RX           3238 bytes

[0m[NR_MAC]   Frame.Slot 768.0
UE RNTI 36ae CU-UE-ID 2 in-sync PH 36 dB PCMAX 21 dBm, average RSRP -77 (16 meas)
UE 36ae: CQI 11, RI 4, PMI (7,1)
UE 36ae: dlsch_rounds 2034/58/0/0, dlsch_errors 0, pucch0_DTX 0, BLER 0.01191 MCS (1) 19
UE 36ae: ulsch_rounds 623/0/0/0, ulsch_errors 0, ulsch_DTX 0, BLER 0.00000 MCS (1) 27 (Qm 8 deltaMCS 0 dB) NPRB 5  SNR 28.0 dB
UE 36ae: MAC:    TX      154682140 RX         116286 bytes
UE 36ae: LCID 1: TX            486 RX           1671 bytes
UE 36ae: LCID 2: TX              0 RX              0 bytes
UE 36ae: LCID 4: TX      154125544 RX           3395 bytes

[0m[NR_MAC]   Frame.Slot 896.0
UE RNTI 36ae CU-UE-ID 2 in-sync PH 36 dB PCMAX 21 dBm, average RSRP -77 (16 meas)
UE 36ae: CQI 11, RI 4, PMI (6,1)
UE 36ae: dlsch_rounds 2238/59/0/0, dlsch_errors 0, pucch0_DTX 0, BLER 0.00811 MCS (1) 19
UE 36ae: ulsch_rounds 677/0/0/0, ulsch_errors 0, ulsch_DTX 0, BLER 0.00000 MCS (1) 27 (Qm 8 deltaMCS 0 dB) NPRB 5  SNR 30.0 dB
UE 36ae: MAC:    TX      170450965 RX         126276 bytes
UE 36ae: LCID 1: TX            492 RX           1715 bytes
UE 36ae: LCID 2: TX              0 RX              0 bytes
UE 36ae: LCID 4: TX      169836945 RX           3473 bytes

[0m[NR_MAC]   Frame.Slot 0.0
UE RNTI 36ae CU-UE-ID 2 in-sync PH 24 dB PCMAX 21 dBm, average RSRP -77 (16 meas)
UE 36ae: CQI 11, RI 4, PMI (4,1)
UE 36ae: dlsch_rounds 2434/62/0/0, dlsch_errors 0, pucch0_DTX 0, BLER 0.00691 MCS (1) 19
UE 36ae: ulsch_rounds 728/0/0/0, ulsch_errors 0, ulsch_DTX 0, BLER 0.00000 MCS (1) 27 (Qm 8 deltaMCS 0 dB) NPRB 5  SNR 25.0 dB
UE 36ae: MAC:    TX      186282524 RX         135711 bytes
UE 36ae: LCID 1: TX            495 RX           1737 bytes
UE 36ae: LCID 2: TX              0 RX              0 bytes
UE 36ae: LCID 4: TX      185620235 RX           3548 bytes

[0m[NR_MAC]   Frame.Slot 128.0
UE RNTI 36ae CU-UE-ID 2 in-sync PH 32 dB PCMAX 21 dBm, average RSRP -77 (16 meas)
UE 36ae: CQI 11, RI 4, PMI (6,1)
UE 36ae: dlsch_rounds 2630/63/0/0, dlsch_errors 0, pucch0_DTX 0, BLER 0.00610 MCS (1) 19
UE 36ae: ulsch_rounds 781/0/0/0, ulsch_errors 0, ulsch_DTX 0, BLER 0.00000 MCS (1) 27 (Qm 8 deltaMCS 0 dB) NPRB 5  SNR 31.0 dB
UE 36ae: MAC:    TX      201688661 RX         145331 bytes
UE 36ae: LCID 1: TX            498 RX           1759 bytes
UE 36ae: LCID 2: TX              0 RX              0 bytes
UE 36ae: LCID 4: TX      200970914 RX           3623 bytes

[0m[NR_MAC]   Frame.Slot 256.0
UE RNTI 36ae CU-UE-ID 2 in-sync PH 36 dB PCMAX 21 dBm, average RSRP -77 (16 meas)
UE 36ae: CQI 11, RI 4, PMI (6,1)
UE 36ae: dlsch_rounds 2821/63/0/0, dlsch_errors 0, pucch0_DTX 0, BLER 0.00172 MCS (1) 19
UE 36ae: ulsch_rounds 835/0/0/0, ulsch_errors 0, ulsch_DTX 0, BLER 0.00000 MCS (1) 27 (Qm 8 deltaMCS 0 dB) NPRB 5  SNR 27.0 dB
UE 36ae: MAC:    TX      216894392 RX         155321 bytes
UE 36ae: LCID 1: TX            501 RX           1781 bytes
UE 36ae: LCID 2: TX              0 RX              0 bytes
UE 36ae: LCID 4: TX      216121208 RX           3701 bytes

[0m[NR_MAC]   Frame.Slot 384.0
UE RNTI 36ae CU-UE-ID 2 in-sync PH 24 dB PCMAX 21 dBm, average RSRP -77 (15 meas)
UE 36ae: CQI 11, RI 4, PMI (7,1)
UE 36ae: dlsch_rounds 3023/65/0/0, dlsch_errors 0, pucch0_DTX 0, BLER 0.01196 MCS (1) 19
UE 36ae: ulsch_rounds 888/0/0/0, ulsch_errors 0, ulsch_DTX 0, BLER 0.00000 MCS (1) 27 (Qm 8 deltaMCS 0 dB) NPRB 5  SNR 26.0 dB
UE 36ae: MAC:    TX      233492276 RX         165311 bytes
UE 36ae: LCID 1: TX            507 RX           1825 bytes
UE 36ae: LCID 2: TX              0 RX              0 bytes
UE 36ae: LCID 4: TX      232654934 RX           3779 bytes

[0m[NR_MAC]   Frame.Slot 512.0
UE RNTI 36ae CU-UE-ID 2 in-sync PH 31 dB PCMAX 21 dBm, average RSRP -77 (16 meas)
UE 36ae: CQI 11, RI 4, PMI (7,1)
UE 36ae: dlsch_rounds 3218/65/0/0, dlsch_errors 0, pucch0_DTX 0, BLER 0.00304 MCS (1) 19
UE 36ae: ulsch_rounds 940/0/0/0, ulsch_errors 0, ulsch_DTX 0, BLER 0.00000 MCS (1) 27 (Qm 8 deltaMCS 0 dB) NPRB 5  SNR 26.0 dB
UE 36ae: MAC:    TX      249613231 RX         174931 bytes
UE 36ae: LCID 1: TX            510 RX           1847 bytes
UE 36ae: LCID 2: TX              0 RX              0 bytes
UE 36ae: LCID 4: TX      248721539 RX           3857 bytes

[0m[NR_MAC]   Frame.Slot 640.0
UE RNTI 36ae CU-UE-ID 2 in-sync PH 29 dB PCMAX 21 dBm, average RSRP -77 (16 meas)
UE 36ae: CQI 11, RI 4, PMI (6,1)
UE 36ae: dlsch_rounds 3417/65/0/0, dlsch_errors 0, pucch0_DTX 0, BLER 0.00077 MCS (1) 19
UE 36ae: ulsch_rounds 992/0/0/0, ulsch_errors 0, ulsch_DTX 0, BLER 0.00000 MCS (1) 27 (Qm 8 deltaMCS 0 dB) NPRB 5  SNR 28.0 dB
UE 36ae: MAC:    TX      265878907 RX         184551 bytes
UE 36ae: LCID 1: TX            513 RX           1869 bytes
UE 36ae: LCID 2: TX              0 RX              0 bytes
UE 36ae: LCID 4: TX      264934651 RX           3932 bytes

[0m[NR_MAC]   Frame.Slot 768.0
UE RNTI 36ae CU-UE-ID 2 in-sync PH 30 dB PCMAX 21 dBm, average RSRP -77 (15 meas)
UE 36ae: CQI 11, RI 4, PMI (6,1)
UE 36ae: dlsch_rounds 3604/67/0/0, dlsch_errors 0, pucch0_DTX 0, BLER 0.00765 MCS (1) 19
UE 36ae: ulsch_rounds 1047/0/0/0, ulsch_errors 0, ulsch_DTX 0, BLER 0.00000 MCS (1) 27 (Qm 8 deltaMCS 0 dB) NPRB 5  SNR 26.0 dB
UE 36ae: MAC:    TX      281122445 RX         194541 bytes
UE 36ae: LCID 1: TX            519 RX           1913 bytes
UE 36ae: LCID 2: TX              0 RX              0 bytes
UE 36ae: LCID 4: TX      280128435 RX           4007 bytes

[0m[NR_MAC]   Frame.Slot 896.0
UE RNTI 36ae CU-UE-ID 2 in-sync PH 34 dB PCMAX 21 dBm, average RSRP -77 (16 meas)
UE 36ae: CQI 11, RI 4, PMI (6,1)
UE 36ae: dlsch_rounds 3782/70/0/0, dlsch_errors 0, pucch0_DTX 0, BLER 0.01136 MCS (1) 19
UE 36ae: ulsch_rounds 1098/0/0/0, ulsch_errors 0, ulsch_DTX 0, BLER 0.00000 MCS (1) 27 (Qm 8 deltaMCS 0 dB) NPRB 5  SNR 32.0 dB
UE 36ae: MAC:    TX      295469856 RX         204161 bytes
UE 36ae: LCID 1: TX            522 RX           1935 bytes
UE 36ae: LCID 2: TX              0 RX              0 bytes
UE 36ae: LCID 4: TX      294428106 RX           4085 bytes

[0m[NR_MAC]   Frame.Slot 0.0
UE RNTI 36ae CU-UE-ID 2 in-sync PH 27 dB PCMAX 21 dBm, average RSRP -77 (16 meas)
UE 36ae: CQI 11, RI 4, PMI (7,1)
UE 36ae: dlsch_rounds 3980/70/0/0, dlsch_errors 0, pucch0_DTX 0, BLER 0.00289 MCS (1) 19
UE 36ae: ulsch_rounds 1151/0/0/0, ulsch_errors 0, ulsch_DTX 0, BLER 0.00000 MCS (1) 27 (Qm 8 deltaMCS 0 dB) NPRB 5  SNR 25.0 dB
UE 36ae: MAC:    TX      310876691 RX         213966 bytes
UE 36ae: LCID 1: TX            525 RX           1957 bytes
UE 36ae: LCID 2: TX              0 RX              0 bytes
UE 36ae: LCID 4: TX      309785730 RX           4163 bytes

[0m[NR_MAC]   Frame.Slot 128.0
UE RNTI 36ae CU-UE-ID 2 in-sync PH 22 dB PCMAX 21 dBm, average RSRP -77 (15 meas)
UE 36ae: CQI 11, RI 4, PMI (7,1)
UE 36ae: dlsch_rounds 4185/72/0/0, dlsch_errors 0, pucch0_DTX 0, BLER 0.00883 MCS (1) 19
UE 36ae: ulsch_rounds 1205/0/0/0, ulsch_errors 0, ulsch_DTX 0, BLER 0.00000 MCS (1) 27 (Qm 8 deltaMCS 0 dB) NPRB 5  SNR 28.0 dB
UE 36ae: MAC:    TX      326511495 RX         223956 bytes
UE 36ae: LCID 1: TX            528 RX           1979 bytes
UE 36ae: LCID 2: TX              0 RX              0 bytes
UE 36ae: LCID 4: TX      325364469 RX           4241 bytes

[0m[NR_MAC]   Frame.Slot 256.0
UE RNTI 36ae CU-UE-ID 2 in-sync PH 36 dB PCMAX 21 dBm, average RSRP -77 (16 meas)
UE 36ae: CQI 11, RI 4, PMI (5,1)
UE 36ae: dlsch_rounds 4391/73/0/0, dlsch_errors 0, pucch0_DTX 0, BLER 0.00523 MCS (1) 19
UE 36ae: ulsch_rounds 1259/0/0/0, ulsch_errors 0, ulsch_DTX 0, BLER 0.00000 MCS (1) 27 (Qm 8 deltaMCS 0 dB) NPRB 5  SNR 31.0 dB
UE 36ae: MAC:    TX      341535621 RX         233946 bytes
UE 36ae: LCID 1: TX            534 RX           2023 bytes
UE 36ae: LCID 2: TX              0 RX              0 bytes
UE 36ae: LCID 4: TX      340324022 RX           4316 bytes

[0m[NR_MAC]   Frame.Slot 384.0
UE RNTI 36ae CU-UE-ID 2 in-sync PH 30 dB PCMAX 21 dBm, average RSRP -77 (16 meas)
UE 36ae: CQI 11, RI 4, PMI (6,1)
UE 36ae: dlsch_rounds 4588/79/0/0, dlsch_errors 0, pucch0_DTX 0, BLER 0.02364 MCS (1) 19
UE 36ae: ulsch_rounds 1310/0/0/0, ulsch_errors 0, ulsch_DTX 0, BLER 0.00000 MCS (1) 27 (Qm 8 deltaMCS 0 dB) NPRB 5  SNR 28.0 dB
UE 36ae: MAC:    TX      357094883 RX         243196 bytes
UE 36ae: LCID 1: TX            537 RX           2045 bytes
UE 36ae: LCID 2: TX              0 RX              0 bytes
UE 36ae: LCID 4: TX      355820920 RX           4470 bytes

[0m