[UTIL]   running in SA mode (no --phy-test, --do-ra, --nsa option present)
[0m[OPT]   OPT disabled
[0m[HW]   Version: Branch: HEAD Abrev. Hash: f0fce7c167 Date: Tue Feb 25 22:58:21 2025 +0000
[0m[GNB_APP]   Initialized RAN Context: RC.nb_nr_inst = 1, RC.nb_nr_macrlc_inst = 1, RC.nb_nr_L1_inst = 0, RC.nb_RU = 0, RC.nb_nr_CC[0] = 0
[0m[GNB_APP]   pdsch_AntennaPorts N1 2 N2 1 XP 2 pusch_AntennaPorts 2
[0m[1;31m[GNB_APP]   RU information not present in config file. Assuming physical antenna ports equal to logical antenna ports 4
[0m[GNB_APP]   minTXRXTIME 3
[0m[GNB_APP]   SIB1 TDA 1
[0m[GNB_APP]   CSI-RS 1, SRS 0, 256 QAM may be on, delta_MCS off, maxMIMO_Layers -1, HARQ feedback enabled, num DLHARQ:16, num ULHARQ:16
[0m[GNB_APP]   sr_ProhibitTimer 0, sr_TransMax 64, sr_ProhibitTimer_v1700 0, t300 400, t301 400, t310 2000, n310 10, t311 3000, n311 1, t319 400
[0m[NR_MAC]   Candidates per PDCCH aggregation level on UESS: L1: 0, L2: 2, L4: 0, L8: 0, L16: 0
[0m[RRC]   Read in ServingCellConfigCommon (PhysCellId 0, ABSFREQSSB 649920, DLBand 78, ABSFREQPOINTA 646724, DLBW 273,RACH_TargetReceivedPower -96
[0m[RRC]   absoluteFrequencySSB 649920 corresponds to 3748800000 Hz
[0m[NR_MAC]   TDD period index = 6, based on the sum of dl_UL_TransmissionPeriodicity from Pattern1 (5.000000 ms) and Pattern2 (0.000000 ms): Total = 5.000000 ms
[0m[UTIL]   threadCreate() for MAC_STATS: creating thread with affinity ffffffff, priority 2
[0m[NR_MAC]   PUSCH Target 280, PUCCH Target 100, PUCCH Failure 10, PUSCH Failure 10
[0m[GNB_APP]   Configuring VNF for Aerial connection with prefix (null)
[0m[NR_PHY]   Copying 0 blacklisted PRB to L1 context
[0m[NR_MAC]   Set TX antenna number to 4, Set RX antenna number to 2 (num ssb 1: 80000000,0)
[0m[NR_MAC]   TDD period index = 6, based on the sum of dl_UL_TransmissionPeriodicity from Pattern1 (5.000000 ms) and Pattern2 (0.000000 ms): Total = 5.000000 ms
[0m[NR_MAC]   Set TDD configuration period to: 7 DL slots, 3 UL slots, 10 slots per period (NR_TDD_UL_DL_Pattern is 6 DL slots, 3 UL slots, 10 DL symbols, 0 UL symbols)
[0m[NR_MAC]   Configured 1 TDD patterns (total slots: pattern1 = 10, pattern2 = 0)
[0m[NR_PHY]   Set TDD Period Configuration: 2 periods per frame, 20 slots to be configured (7 DL, 3 UL)
[0m[NR_PHY]   TDD period configuration: slot 0 is DOWNLINK
[0m[NR_PHY]   TDD period configuration: slot 1 is DOWNLINK
[0m[NR_PHY]   TDD period configuration: slot 2 is DOWNLINK
[0m[NR_PHY]   TDD period configuration: slot 3 is DOWNLINK
[0m[NR_PHY]   TDD period configuration: slot 4 is DOWNLINK
[0m[NR_PHY]   TDD period configuration: slot 5 is DOWNLINK
[0m[NR_PHY]   TDD period configuration: slot 6 is FLEXIBLE: DDDDDDDDDDFFFF
[0m[NR_PHY]   TDD period configuration: slot 7 is UPLINK
[0m[NR_PHY]   TDD period configuration: slot 8 is UPLINK
[0m[NR_PHY]   TDD period configuration: slot 9 is UPLINK
[0m[NR_RRC]   SIB1 freq: offsetToPointA 246
[0m[GNB_APP]   F1AP: gNB idx 0 gNB_DU_id 3589, gNB_DU_name gNB-OAI-devkit05, TAC 1 MCC/MNC/length 1/1/2 cellID 12345678
[0m[GNB_APP]   ngran_DU: Configuring Cell 0 for TDD
[0m[GNB_APP]   SDAP layer is disabled
[0m[GNB_APP]   Data Radio Bearer count 1
[0m[NR_RRC]   do_SIB23_NR, size 9
[0m[UTIL]   threadCreate() for TASK_SCTP: creating thread with affinity ffffffff, priority 50
[0m[X2AP]   X2AP is disabled.
[0m[UTIL]   threadCreate() for TASK_NGAP: creating thread with affinity ffffffff, priority 50
[0m[UTIL]   threadCreate() for TASK_GNB_APP: creating thread with affinity ffffffff, priority 50
[0m[34m[NGAP]   Starting NGAP layer
[0m[NGAP]   Registered new gNB[0] and macro gNB id 3589
[0m[NGAP]   [gNB 0] check the amf registration state
[0m[UTIL]   threadCreate() for TASK_RRC_GNB: creating thread with affinity ffffffff, priority 50
[0m[NR_RRC]   Entering main loop of NR_RRC message task
[0m[GTPU]   Configuring GTPu
[0m[NR_RRC]   Received F1 Setup Request from gNB_DU 3589 (gNB-OAI-devkit05) on assoc_id -1
[0m[GTPU]   SA mode 
[0m[GTPU]   Configuring GTPu address : 10.131.3.93, port : 2152
[0m[GTPU]   Initializing UDP for local address 10.131.3.93 with port 2152
[0m[RRC]   Accepting DU 3589 (gNB-OAI-devkit05), sending F1 Setup Response
[0m[RRC]   DU uses RRC version 17.3.0
[0m[GTPU]   Created gtpu instance id: 95
[0m[MAC]   received F1 Setup Response from CU (null)
[0m[MAC]   CU uses RRC version 17.3.0
[0m[MAC]   Clearing the DU's UE states before, if any.
[0m[NR_RRC]   Accepting new CU-UP ID 3589 name gNB-OAI-devkit05 (assoc_id -1)
[0m[UTIL]   threadCreate() for TASK_GTPV1_U: creating thread with affinity ffffffff, priority 50
[0m[32m[NGAP]   Send NGSetupRequest to AMF
[0m[NGAP]   3589 -> 0000e050
[0m[34m[NGAP]   servedGUAMIs.list.count 1
[0m[34m[NGAP]   PLMNSupportList.list.count 1
[0m[34m[NGAP]   PLMNSupportList.list.count 3
[0m[32m[NGAP]   Received NGSetupResponse from AMF
[0m[GNB_APP]   [gNB 0] Received NGAP_REGISTER_GNB_CNF: associated AMF 1
[0m[NFAPI_VNF]   nvIPC_Init: creating IPC interface with prefix nvipc
[0m[NFAPI_VNF]   nvIPC_Init: create IPC interface successful
[0m[UTIL]   threadCreate() for vnf_nvipc_aerial: creating thread with affinity 1c, priority 50
[0m[NFAPI_VNF]   Received CONFIG.response, gNB is ready! 
[0m[1;31m[NFAPI_VNF]   
============================================================================
sfn slot doesn't match unpacked one! L2->L1 0.0  vs L1->L2 0.3  
============================================================================
[0m[NR_MAC]   Frame.Slot 128.0

[0m[NR_MAC]   Frame.Slot 256.0

[0m[NR_MAC]   Frame.Slot 384.0

[0m[NR_MAC]   Frame.Slot 512.0

[0m[NR_MAC]   Frame.Slot 640.0

[0m[NR_MAC]   Frame.Slot 768.0

[0m[NR_MAC]   Frame.Slot 896.0

[0m[NR_MAC]   Frame.Slot 0.0

[0m[NR_MAC]   Frame.Slot 128.0

[0m[NR_MAC]   Frame.Slot 256.0

[0m[NR_MAC]   Frame.Slot 384.0

[0m[NR_MAC]   Frame.Slot 512.0

[0m[NR_MAC]   Frame.Slot 640.0

[0m[NR_MAC]   Frame.Slot 768.0

[0m[NR_MAC]   Frame.Slot 896.0

[0m[NR_MAC]   Frame.Slot 0.0

[0m[NR_MAC]   Frame.Slot 128.0

[0m[NR_MAC]   Frame.Slot 256.0

[0m[NR_MAC]   Frame.Slot 384.0

[0m[1;31m[NFAPI_VNF]   
============================================================================
sfn slot doesn't match unpacked one! L2->L1 412.4  vs L1->L2 412.6  
============================================================================
[0m[NR_MAC]   Frame.Slot 512.0

[0m[NR_MAC]   Frame.Slot 640.0

[0m[NR_MAC]   Frame.Slot 768.0

[0m[NR_MAC]   Frame.Slot 896.0

[0m[NR_MAC]   Frame.Slot 0.0

[0m[NR_MAC]   Frame.Slot 128.0

[0m[NR_MAC]   Frame.Slot 256.0

[0m[NR_MAC]   Frame.Slot 384.0

[0m[NR_MAC]   Frame.Slot 512.0

[0m[NR_MAC]   Frame.Slot 640.0

[0m[NR_MAC]   Frame.Slot 768.0

[0m[NR_MAC]   Frame.Slot 896.0

[0m[NR_MAC]   Frame.Slot 0.0

[0m[NR_MAC]   Frame.Slot 128.0

[0m[NR_MAC]   Frame.Slot 256.0

[0m[NR_MAC]   Frame.Slot 384.0

[0m[NR_MAC]   Frame.Slot 512.0

[0m[NR_MAC]   Frame.Slot 640.0

[0m[NR_MAC]   Frame.Slot 768.0

[0m[NR_MAC]   Frame.Slot 896.0

[0m[NR_MAC]   Frame.Slot 0.0

[0m[NR_MAC]   Frame.Slot 128.0

[0m[NR_MAC]   Frame.Slot 256.0

[0m[NR_MAC]   Frame.Slot 384.0

[0m[NR_MAC]   Frame.Slot 512.0

[0m[NR_MAC]   Frame.Slot 640.0

[0m[NR_MAC]   Frame.Slot 768.0

[0m[NR_MAC]   Frame.Slot 896.0

[0m[NR_MAC]   Frame.Slot 0.0

[0m[NR_MAC]   Frame.Slot 128.0

[0m[NR_MAC]   Frame.Slot 256.0

[0m[NR_MAC]   Frame.Slot 384.0

[0m[NR_MAC]   Frame.Slot 512.0

[0m[NR_MAC]   Frame.Slot 640.0

[0m[NR_MAC]   Frame.Slot 768.0

[0m[NR_MAC]   Frame.Slot 896.0

[0m[NR_MAC]   Frame.Slot 0.0

[0m[NR_MAC]   Frame.Slot 128.0

[0m[NR_MAC]   Frame.Slot 256.0

[0m[NR_MAC]   Frame.Slot 384.0

[0m[NR_MAC]   RACH.indication put_queue successfull
[0m[32m[NR_MAC]   404.19 UE RA-RNTI 010b TC-RNTI 4d08: Activating RA process index 0
[0m[NR_MAC]   UE 4d08: Msg3 scheduled at 405.17 (405.6 TDA 2)
[0m[32m[NR_MAC]   UE 4d08: 405.6 Generating RA-Msg2 DCI, RA RNTI 0x10b, state 1, CoreSetType 0, preamble_index(RAPID) 41, timing_offset = 0 (estimated distance 0.0 [m])
[0m[32m[NR_MAC]   405.6 Send RAR to RA-RNTI 010b
[0m[NR_MAC]   Adding new UE context with RNTI 0x4d08
[0m[32m[NR_MAC]    405.17 PUSCH with TC_RNTI 0x4d08 received correctly
[0m[MAC]   [RAPROC] Received SDU for CCCH length 6 for UE 4d08
[0m[RLC]   Activated srb0 for UE 19720
[0m[RLC]   Added srb 1 to UE 19720
[0m[NR_MAC]   Activating scheduling Msg4 for TC_RNTI 0x4d08 (state WAIT_Msg3)
[0m[93m[NR_MAC]   Unexpected ULSCH HARQ PID 0 (have -1) for RNTI 0x4d08
[0m[NR_RRC]   Decoding CCCH: RNTI 4d08, payload_size 6
[0m[32m[NR_RRC]   [--] (cellID 0, UE ID 1 RNTI 4d08) Create UE context: CU UE ID 1 DU UE ID 19720 (rnti: 4d08, random ue id f0b0552f70000000)
[0m[RRC]   activate SRB 1 of UE 1
[0m[32m[NR_RRC]   [DL] (cellID bc614e, UE ID 1 RNTI 4d08) Send RRC Setup
[0m[NR_MAC]   UE 4d08 Generate Msg4: feedback at  406. 7, payload 225 bytes, next state nrRA_WAIT_Msg4_MsgB_ACK
[0m[32m[NR_MAC]    406.13 UE 4d08: Received Ack of Msg4. CBRA procedure succeeded!
[0m[32m[NR_RRC]   [UL] (cellID bc614e, UE ID 1 RNTI 4d08) Received RRCSetupComplete (RRC_CONNECTED reached)
[0m[NGAP]   Build NGAP_NAS_FIRST_REQ adding in s_TMSI: GUAMI amf_set_id 1 amf_region_id 2 ue 4d08
[0m[NGAP]   UE 1: Chose AMF 'open5gs-amf' (assoc_id 67) through selected PLMN Identity index 0 MCC 1 MNC 1
[0m[34m[NGAP]   NGAP_FIND_PROTOCOLIE_BY_ID ie is NULL (searching for ie: 110)
[0m[93m[NGAP]   could not find NGAP_ProtocolIE_ID_id_UEAggregateMaximumBitRate
[0m[34m[NGAP]   NGAP_FIND_PROTOCOLIE_BY_ID ie is NULL (searching for ie: 71)
[0m[34m[NGAP]   AllowedNSSAI.list.count 2
[0m[34m[NGAP]   NGAP_FIND_PROTOCOLIE_BY_ID ie is NULL (searching for ie: 36)
[0m[32m[NR_RRC]   [--] (cellID bc614e, UE ID 1 RNTI 4d08) Selected security algorithms: ciphering 0, integrity 2
[0m[NR_RRC]   [UE 4d08] Saved security key 6D
[0m[NR_RRC]   UE 1 Logical Channel DL-DCCH, Generate SecurityModeCommand (bytes 3)
[0m[32m[NR_RRC]   [UL] (cellID bc614e, UE ID 1 RNTI 4d08) Received Security Mode Complete
[0m[NR_RRC]   UE 1: Logical Channel DL-DCCH, Generate NR UECapabilityEnquiry (bytes 8, xid 3)
[0m[32m[NR_RRC]   [UL] (cellID bc614e, UE ID 1 RNTI 4d08) Received UE capabilities
[0m[NR_RRC]   Send message to ngap: NGAP_UE_CAPABILITIES_IND
[0m[32m[NR_RRC]   [DL] (cellID bc614e, UE ID 1 RNTI 4d08) Send DL Information Transfer [57 bytes]
[0m[NR_RRC]   Send message to sctp: NGAP_InitialContextSetupResponse
[0m[32m[NR_RRC]   [UL] (cellID bc614e, UE ID 1 RNTI 4d08) Received RRC UL Information Transfer [13 bytes]
[0m[32m[NR_RRC]   [DL] (cellID bc614e, UE ID 1 RNTI 4d08) Send DL Information Transfer [46 bytes]
[0m[NR_MAC]   Frame.Slot 512.0
UE RNTI 4d08 CU-UE-ID 1 in-sync PH 38 dB PCMAX 21 dBm, average RSRP -77 (11 meas)
UE 4d08: CQI 15, RI 2, PMI (13,1)
UE 4d08: dlsch_rounds 9/0/0/0, dlsch_errors 0, pucch0_DTX 0, BLER 0.08100 MCS (0) 9
UE 4d08: ulsch_rounds 18/0/0/0, ulsch_errors 0, ulsch_DTX 0, BLER 0.03874 MCS (0) 9 (Qm 2 deltaMCS 0 dB) NPRB 5  SNR 25.0 dB
UE 4d08: MAC:    TX           1116 RX           3190 bytes
UE 4d08: LCID 1: TX            164 RX           1256 bytes

[0m[NR_MAC]   Frame.Slot 640.0
UE RNTI 4d08 CU-UE-ID 1 in-sync PH 36 dB PCMAX 21 dBm, average RSRP -75 (16 meas)
UE 4d08: CQI 15, RI 2, PMI (11,1)
UE 4d08: dlsch_rounds 10/0/0/0, dlsch_errors 0, pucch0_DTX 0, BLER 0.07290 MCS (0) 9
UE 4d08: ulsch_rounds 31/0/0/0, ulsch_errors 0, ulsch_DTX 0, BLER 0.00985 MCS (0) 9 (Qm 2 deltaMCS 0 dB) NPRB 5  SNR 18.0 dB
UE 4d08: MAC:    TX           1341 RX           4503 bytes
UE 4d08: LCID 1: TX            164 RX           1256 bytes

[0m[NR_MAC]   Frame.Slot 768.0
UE RNTI 4d08 CU-UE-ID 1 in-sync PH 29 dB PCMAX 21 dBm, average RSRP -77 (16 meas)
UE 4d08: CQI 15, RI 2, PMI (13,1)
UE 4d08: dlsch_rounds 11/0/0/0, dlsch_errors 0, pucch0_DTX 0, BLER 0.06561 MCS (0) 9
UE 4d08: ulsch_rounds 44/0/0/0, ulsch_errors 0, ulsch_DTX 0, BLER 0.00278 MCS (0) 9 (Qm 2 deltaMCS 0 dB) NPRB 5  SNR 28.0 dB
UE 4d08: MAC:    TX           1566 RX           5816 bytes
UE 4d08: LCID 1: TX            164 RX           1256 bytes

[0m[NR_MAC]   Frame.Slot 896.0
UE RNTI 4d08 CU-UE-ID 1 in-sync PH 28 dB PCMAX 21 dBm, average RSRP -77 (16 meas)
UE 4d08: CQI 15, RI 2, PMI (13,1)
UE 4d08: dlsch_rounds 12/0/0/0, dlsch_errors 0, pucch0_DTX 0, BLER 0.05905 MCS (0) 9
UE 4d08: ulsch_rounds 58/0/0/0, ulsch_errors 0, ulsch_DTX 0, BLER 0.00079 MCS (0) 9 (Qm 2 deltaMCS 0 dB) NPRB 5  SNR 28.0 dB
UE 4d08: MAC:    TX           1791 RX           7230 bytes
UE 4d08: LCID 1: TX            164 RX           1256 bytes

[0m[NR_MAC]   Frame.Slot 0.0
UE RNTI 4d08 CU-UE-ID 1 in-sync PH 27 dB PCMAX 21 dBm, average RSRP -78 (16 meas)
UE 4d08: CQI 15, RI 2, PMI (13,1)
UE 4d08: dlsch_rounds 14/0/0/0, dlsch_errors 0, pucch0_DTX 0, BLER 0.04783 MCS (0) 9
UE 4d08: ulsch_rounds 72/0/0/0, ulsch_errors 0, ulsch_DTX 0, BLER 0.00020 MCS (0) 9 (Qm 2 deltaMCS 0 dB) NPRB 5  SNR 31.0 dB
UE 4d08: MAC:    TX           2241 RX           8644 bytes
UE 4d08: LCID 1: TX            164 RX           1256 bytes

[0m[NR_MAC]   Frame.Slot 128.0
UE RNTI 4d08 CU-UE-ID 1 in-sync PH 28 dB PCMAX 21 dBm, average RSRP -77 (16 meas)
UE 4d08: CQI 15, RI 2, PMI (13,1)
UE 4d08: dlsch_rounds 15/0/0/0, dlsch_errors 0, pucch0_DTX 0, BLER 0.04305 MCS (0) 9
UE 4d08: ulsch_rounds 84/0/0/0, ulsch_errors 0, ulsch_DTX 0, BLER 0.00006 MCS (0) 9 (Qm 2 deltaMCS 0 dB) NPRB 5  SNR 27.0 dB
UE 4d08: MAC:    TX           2466 RX           9856 bytes
UE 4d08: LCID 1: TX            164 RX           1256 bytes

[0m[NR_MAC]   Frame.Slot 256.0
UE RNTI 4d08 CU-UE-ID 1 in-sync PH 28 dB PCMAX 21 dBm, average RSRP -77 (15 meas)
UE 4d08: CQI 15, RI 2, PMI (11,1)
UE 4d08: dlsch_rounds 16/0/0/0, dlsch_errors 0, pucch0_DTX 0, BLER 0.03874 MCS (0) 9
UE 4d08: ulsch_rounds 98/0/0/0, ulsch_errors 0, ulsch_DTX 0, BLER 0.00001 MCS (0) 9 (Qm 2 deltaMCS 0 dB) NPRB 5  SNR 27.0 dB
UE 4d08: MAC:    TX           2691 RX          11270 bytes
UE 4d08: LCID 1: TX            164 RX           1256 bytes

[0m[NR_MAC]   Frame.Slot 384.0
UE RNTI 4d08 CU-UE-ID 1 in-sync PH 28 dB PCMAX 21 dBm, average RSRP -77 (16 meas)
UE 4d08: CQI 15, RI 2, PMI (11,1)
UE 4d08: dlsch_rounds 18/0/0/0, dlsch_errors 0, pucch0_DTX 0, BLER 0.03138 MCS (0) 9
UE 4d08: ulsch_rounds 110/0/0/0, ulsch_errors 0, ulsch_DTX 0, BLER 0.00000 MCS (0) 9 (Qm 2 deltaMCS 0 dB) NPRB 5  SNR 29.0 dB
UE 4d08: MAC:    TX           3141 RX          12482 bytes
UE 4d08: LCID 1: TX            164 RX           1256 bytes

[0m[1;31m[NR_MAC]   invalid cqi_idx 0, default to MCS 9
[0m[1;31m[NR_MAC]   UE 4d08: reported RSRP index 123 invalid
[0m[NR_MAC]   RACH.indication put_queue successfull
[0m[32m[NR_MAC]   407.19 UE RA-RNTI 010b TC-RNTI 6550: Activating RA process index 0
[0m[NR_MAC]   UE 6550: Msg3 scheduled at 408.17 (408.6 TDA 2)
[0m[32m[NR_MAC]   UE 6550: 408.6 Generating RA-Msg2 DCI, RA RNTI 0x10b, state 1, CoreSetType 0, preamble_index(RAPID) 3, timing_offset = 0 (estimated distance 0.0 [m])
[0m[32m[NR_MAC]   408.6 Send RAR to RA-RNTI 010b
[0m[NR_MAC]   Adding new UE context with RNTI 0x6550
[0m[32m[NR_MAC]    408.17 PUSCH with TC_RNTI 0x6550 received correctly
[0m[MAC]   [RAPROC] Received SDU for CCCH length 6 for UE 6550
[0m[RLC]   Activated srb0 for UE 25936
[0m[RLC]   Added srb 1 to UE 25936
[0m[NR_MAC]   Activating scheduling Msg4 for TC_RNTI 0x6550 (state WAIT_Msg3)
[0m[93m[NR_MAC]   Unexpected ULSCH HARQ PID 0 (have -1) for RNTI 0x6550
[0m[NR_RRC]   Decoding CCCH: RNTI 6550, payload_size 6
[0m[NR_RRC]   Received UE 5G-S-TMSI-Part1 278099133772
[0m[32m[NR_RRC]   [--] (cellID 0, UE ID 2 RNTI 6550) Create UE context: CU UE ID 2 DU UE ID 25936 (rnti: 6550, random ue id 40c000054c)
[0m[RRC]   activate SRB 1 of UE 2
[0m[32m[NR_RRC]   [DL] (cellID bc614e, UE ID 2 RNTI 6550) Send RRC Setup
[0m[NR_MAC]   UE 6550 Generate Msg4: feedback at  409. 7, payload 225 bytes, next state nrRA_WAIT_Msg4_MsgB_ACK
[0m[32m[NR_MAC]    409.13 UE 6550: Received Ack of Msg4. CBRA procedure succeeded!
[0m[32m[NR_RRC]   [UL] (cellID bc614e, UE ID 2 RNTI 6550) Received RRCSetupComplete (RRC_CONNECTED reached)
[0m[RRC]   s_tmsi part2 0 (00 00)
[0m[NR_RRC]   5g_s_TMSI: 0x40C000054C, amf_set_id: 0x1 (1), amf_pointer: 0x0 (0), 5g TMSI: 0xC000054C 
[0m[NGAP]   UE 2: Chose AMF 'open5gs-amf' (assoc_id 67) through selected PLMN Identity index 0 MCC 1 MNC 1
[0m[34m[NGAP]   FIVEG_S_TMSI_PRESENT
[0m[32m[NR_RRC]   [DL] (cellID bc614e, UE ID 1 RNTI 4d08) Send RRC Release
[0m[34m[NGAP]   NGAP_FIND_PROTOCOLIE_BY_ID ie is NULL (searching for ie: 110)
[0m[93m[NGAP]   could not find NGAP_ProtocolIE_ID_id_UEAggregateMaximumBitRate
[0m[34m[NGAP]   NGAP_FIND_PROTOCOLIE_BY_ID ie is NULL (searching for ie: 71)
[0m[34m[NGAP]   AllowedNSSAI.list.count 2
[0m[34m[NGAP]   NGAP_FIND_PROTOCOLIE_BY_ID ie is NULL (searching for ie: 36)
[0m[32m[NR_RRC]   [--] (cellID bc614e, UE ID 2 RNTI 6550) Selected security algorithms: ciphering 0, integrity 2
[0m[NR_RRC]   [UE 6550] Saved security key A4
[0m[NR_RRC]   UE 2 Logical Channel DL-DCCH, Generate SecurityModeCommand (bytes 3)
[0m[32m[NR_RRC]   [UL] (cellID bc614e, UE ID 2 RNTI 6550) Received Security Mode Complete
[0m[NR_RRC]   UE 2: Logical Channel DL-DCCH, Generate NR UECapabilityEnquiry (bytes 8, xid 1)
[0m[32m[NR_RRC]   [UL] (cellID bc614e, UE ID 2 RNTI 6550) Received UE capabilities
[0m[NR_RRC]   Send message to ngap: NGAP_UE_CAPABILITIES_IND
[0m[32m[NR_RRC]   [DL] (cellID bc614e, UE ID 2 RNTI 6550) Send DL Information Transfer [14 bytes]
[0m[NR_RRC]   Send message to sctp: NGAP_InitialContextSetupResponse
[0m[32m[NR_RRC]   [UL] (cellID bc614e, UE ID 2 RNTI 6550) Received RRC UL Information Transfer [83 bytes]
[0m[93m[NR_MAC]   UE 4d08: Detected UL Failure on PUSCH after 10 PUSCH DTX, stopping scheduling
[0m[93m[RLC]   Remove UE 19720
[0m[NR_RRC]   removed UE CU UE ID 1/RNTI 4d08 
[0m[NR_MAC]   Remove NR rnti 0x4d08
[0m[32m[NR_RRC]   [--] (cellID bc614e, UE ID 1 RNTI 4d08) Remove UE context
[0m[NGAP]   PDUSESSIONSetup initiating message
[0m[NR_RRC]   UE 2: received PDU Session Resource Setup Request
[0m[NR_RRC]   Adding pdusession 1, total nb of sessions 1
[0m[NR_RRC]   UE 2: configure DRB ID 1 for PDU session ID 1
[0m[32m[NR_RRC]   [--] (cellID bc614e, UE ID 2 RNTI 6550) selecting CU-UP ID 3589 based on exact NSSAI match (1:0xffffff)
[0m[RRC]   UE 2 associating to CU-UP assoc_id -1 out of 1 CU-UPs
[0m[GTPU]   [95] Created tunnel for UE ID 2, teid for incoming: 8a02c354, teid for outgoing 224a to remote IPv4: 10.128.3.206, IPv6 ::
[0m[PDCP]   added drb 1 to UE ID 2
[0m[SDAP]   Default DRB for the created SDAP entity: 1 
[0m[RRC]   activate SRB 2 of UE 2
[0m[RLC]   Added srb 2 to UE 25936
[0m[RLC]   Added drb 1 to UE 25936
[0m[RLC]   Added DRB to UE 25936
[0m[RRC]   UE 2 trigger UE context setup request with 1 DRBs
[0m[RRC]   UE 6550 replacing existing CellGroupConfig with new one received from DU
[0m[E1AP]   UE 2: updating PDU session ID 1 (1 bearers)
[0m[PDCP]   DRB 1 re-established
[0m[32m[NR_RRC]   [DL] (cellID bc614e, UE ID 2 RNTI 6550) Generate RRCReconfiguration (bytes 360, xid 3)
[0m[RRC]   UE 2: PDU session ID 1 modified 1 bearers
[0m[32m[NR_RRC]   [UL] (cellID bc614e, UE ID 2 RNTI 6550) Received RRCReconfigurationComplete
[0m[NR_RRC]   msg index 0, pdu_sessions index 0, status 2, xid 3): nb_of_pdusessions 1,  pdusession_id 1, teid: 2315436884 
 [0m[NR_RRC]   NGAP_PDUSESSION_SETUP_RESP: sending the message
[0m[34m[NGAP]   pdusession_setup_resp_p: pdusession ID 1, gnb_addr 10.131.3.93, SIZE 4, TEID 2315436884
[0m[1;31m[NR_MAC]   UE 6550: reported RSRP index 4 invalid
[0m[NR_MAC]   Frame.Slot 512.0
UE RNTI 6550 CU-UE-ID 2 in-sync PH 44 dB PCMAX 21 dBm, average RSRP -77 (11 meas)
UE 6550: CQI 10, RI 4, PMI (6,1)
UE 6550: dlsch_rounds 10/1/1/1, dlsch_errors 1, pucch0_DTX 4, BLER 0.09000 MCS (1) 9
UE 6550: ulsch_rounds 20/0/0/0, ulsch_errors 0, ulsch_DTX 0, BLER 0.04305 MCS (1) 9 (Qm 4 deltaMCS 0 dB) NPRB 5  SNR 22.0 dB
UE 6550: MAC:    TX           2374 RX           4232 bytes
UE 6550: LCID 1: TX            438 RX           1319 bytes
UE 6550: LCID 2: TX              0 RX              0 bytes
UE 6550: LCID 4: TX              0 RX              0 bytes

[0m[NR_MAC]   Frame.Slot 640.0
UE RNTI 6550 CU-UE-ID 2 in-sync PH 38 dB PCMAX 21 dBm, average RSRP -77 (15 meas)
UE 6550: CQI 10, RI 4, PMI (6,1)
UE 6550: dlsch_rounds 13/1/1/1, dlsch_errors 1, pucch0_DTX 4, BLER 0.10290 MCS (1) 9
UE 6550: ulsch_rounds 35/0/0/0, ulsch_errors 0, ulsch_DTX 0, BLER 0.01094 MCS (1) 9 (Qm 4 deltaMCS 0 dB) NPRB 5  SNR 28.0 dB
UE 6550: MAC:    TX           4662 RX           7007 bytes
UE 6550: LCID 1: TX            441 RX           1341 bytes
UE 6550: LCID 2: TX              0 RX              0 bytes
UE 6550: LCID 4: TX              0 RX              0 bytes

[0m[NR_MAC]   Frame.Slot 768.0
UE RNTI 6550 CU-UE-ID 2 in-sync PH 34 dB PCMAX 21 dBm, average RSRP -77 (16 meas)
UE 6550: CQI 10, RI 4, PMI (5,1)
UE 6550: dlsch_rounds 24/1/1/1, dlsch_errors 1, pucch0_DTX 4, BLER 0.04430 MCS (1) 9
UE 6550: ulsch_rounds 63/0/0/0, ulsch_errors 0, ulsch_DTX 0, BLER 0.00382 MCS (1) 11 (Qm 6 deltaMCS 0 dB) NPRB 5  SNR 31.0 dB
UE 6550: MAC:    TX          13222 RX          12195 bytes
UE 6550: LCID 1: TX            447 RX           1385 bytes
UE 6550: LCID 2: TX              0 RX              0 bytes
UE 6550: LCID 4: TX             24 RX           1216 bytes

[0m[NR_MAC]   Frame.Slot 896.0
UE RNTI 6550 CU-UE-ID 2 in-sync PH 34 dB PCMAX 21 dBm, average RSRP -78 (16 meas)
UE 6550: CQI 10, RI 4, PMI (6,1)
UE 6550: dlsch_rounds 27/1/1/1, dlsch_errors 1, pucch0_DTX 4, BLER 0.03229 MCS (1) 9
UE 6550: ulsch_rounds 79/0/0/0, ulsch_errors 0, ulsch_DTX 0, BLER 0.00108 MCS (1) 9 (Qm 4 deltaMCS 0 dB) NPRB 5  SNR 24.0 dB
UE 6550: MAC:    TX          15574 RX          15155 bytes
UE 6550: LCID 1: TX            450 RX           1407 bytes
UE 6550: LCID 2: TX              0 RX              0 bytes
UE 6550: LCID 4: TX             27 RX           1444 bytes

[0m[NR_MAC]   Frame.Slot 0.0
UE RNTI 6550 CU-UE-ID 2 in-sync PH 32 dB PCMAX 21 dBm, average RSRP -77 (15 meas)
UE 6550: CQI 10, RI 4, PMI (6,1)
UE 6550: dlsch_rounds 30/1/1/1, dlsch_errors 1, pucch0_DTX 4, BLER 0.02354 MCS (1) 9
UE 6550: ulsch_rounds 95/0/0/0, ulsch_errors 0, ulsch_DTX 0, BLER 0.00030 MCS (1) 9 (Qm 4 deltaMCS 0 dB) NPRB 5  SNR 27.0 dB
UE 6550: MAC:    TX          17862 RX          18115 bytes
UE 6550: LCID 1: TX            453 RX           1429 bytes
UE 6550: LCID 2: TX              0 RX              0 bytes
UE 6550: LCID 4: TX             30 RX           1523 bytes

[0m[NR_MAC]   Frame.Slot 128.0
UE RNTI 6550 CU-UE-ID 2 in-sync PH 34 dB PCMAX 21 dBm, average RSRP -78 (16 meas)
UE 6550: CQI 10, RI 4, PMI (6,1)
UE 6550: dlsch_rounds 34/1/1/1, dlsch_errors 1, pucch0_DTX 4, BLER 0.01544 MCS (1) 9
UE 6550: ulsch_rounds 110/0/0/0, ulsch_errors 0, ulsch_DTX 0, BLER 0.00010 MCS (1) 9 (Qm 4 deltaMCS 0 dB) NPRB 5  SNR 27.0 dB
UE 6550: MAC:    TX          20934 RX          20890 bytes
UE 6550: LCID 1: TX            456 RX           1451 bytes
UE 6550: LCID 2: TX              0 RX              0 bytes
UE 6550: LCID 4: TX             33 RX           1751 bytes

[0m[NR_MAC]   Frame.Slot 256.0
UE RNTI 6550 CU-UE-ID 2 in-sync PH 34 dB PCMAX 21 dBm, average RSRP -78 (16 meas)
UE 6550: CQI 10, RI 4, PMI (5,1)
UE 6550: dlsch_rounds 37/1/1/1, dlsch_errors 1, pucch0_DTX 4, BLER 0.01126 MCS (1) 9
UE 6550: ulsch_rounds 127/0/0/0, ulsch_errors 0, ulsch_DTX 0, BLER 0.00002 MCS (1) 9 (Qm 4 deltaMCS 0 dB) NPRB 5  SNR 28.0 dB
UE 6550: MAC:    TX          23286 RX          24035 bytes
UE 6550: LCID 1: TX            462 RX           1495 bytes
UE 6550: LCID 2: TX              0 RX              0 bytes
UE 6550: LCID 4: TX             33 RX           1751 bytes

[0m[NR_MAC]   Frame.Slot 384.0
UE RNTI 6550 CU-UE-ID 2 in-sync PH 31 dB PCMAX 21 dBm, average RSRP -78 (15 meas)
UE 6550: CQI 10, RI 4, PMI (6,1)
UE 6550: dlsch_rounds 40/1/1/1, dlsch_errors 1, pucch0_DTX 4, BLER 0.00912 MCS (1) 9
UE 6550: ulsch_rounds 143/0/0/0, ulsch_errors 0, ulsch_DTX 0, BLER 0.00001 MCS (1) 9 (Qm 4 deltaMCS 0 dB) NPRB 5  SNR 28.0 dB
UE 6550: MAC:    TX          25574 RX          26995 bytes
UE 6550: LCID 1: TX            465 RX           1517 bytes
UE 6550: LCID 2: TX              0 RX              0 bytes
UE 6550: LCID 4: TX             36 RX           1830 bytes

[0m[NR_MAC]   Frame.Slot 512.0
UE RNTI 6550 CU-UE-ID 2 in-sync PH 31 dB PCMAX 21 dBm, average RSRP -78 (16 meas)
UE 6550: CQI 10, RI 4, PMI (6,1)
UE 6550: dlsch_rounds 42/1/1/1, dlsch_errors 1, pucch0_DTX 4, BLER 0.00739 MCS (1) 9
UE 6550: ulsch_rounds 157/0/0/0, ulsch_errors 0, ulsch_DTX 0, BLER 0.00000 MCS (1) 9 (Qm 4 deltaMCS 0 dB) NPRB 5  SNR 30.0 dB
UE 6550: MAC:    TX          27142 RX          29585 bytes
UE 6550: LCID 1: TX            468 RX           1539 bytes
UE 6550: LCID 2: TX              0 RX              0 bytes
UE 6550: LCID 4: TX             36 RX           1830 bytes

[0m[NR_MAC]   Frame.Slot 640.0
UE RNTI 6550 CU-UE-ID 2 in-sync PH 31 dB PCMAX 21 dBm, average RSRP -77 (16 meas)
UE 6550: CQI 10, RI 4, PMI (6,1)
UE 6550: dlsch_rounds 45/1/1/1, dlsch_errors 1, pucch0_DTX 4, BLER 0.00539 MCS (1) 9
UE 6550: ulsch_rounds 171/0/0/0, ulsch_errors 0, ulsch_DTX 0, BLER 0.00000 MCS (1) 9 (Qm 4 deltaMCS 0 dB) NPRB 5  SNR 30.0 dB
UE 6550: MAC:    TX          29430 RX          32175 bytes
UE 6550: LCID 1: TX            471 RX           1561 bytes
UE 6550: LCID 2: TX              0 RX              0 bytes
UE 6550: LCID 4: TX             36 RX           1830 bytes

[0m[NR_MAC]   Frame.Slot 768.0
UE RNTI 6550 CU-UE-ID 2 in-sync PH 30 dB PCMAX 21 dBm, average RSRP -78 (14 meas)
UE 6550: CQI 10, RI 4, PMI (5,1)
UE 6550: dlsch_rounds 48/1/1/1, dlsch_errors 1, pucch0_DTX 4, BLER 0.00393 MCS (1) 9
UE 6550: ulsch_rounds 188/0/0/0, ulsch_errors 0, ulsch_DTX 0, BLER 0.00000 MCS (1) 9 (Qm 4 deltaMCS 0 dB) NPRB 5  SNR 32.0 dB
UE 6550: MAC:    TX          31718 RX          35320 bytes
UE 6550: LCID 1: TX            477 RX           1605 bytes
UE 6550: LCID 2: TX              0 RX              0 bytes
UE 6550: LCID 4: TX             36 RX           1830 bytes

[0m[NR_MAC]   Frame.Slot 896.0
UE RNTI 6550 CU-UE-ID 2 in-sync PH 32 dB PCMAX 21 dBm, average RSRP -78 (15 meas)
UE 6550: CQI 10, RI 4, PMI (6,1)
UE 6550: dlsch_rounds 83/1/1/1, dlsch_errors 1, pucch0_DTX 4, BLER 0.00258 MCS (1) 10
UE 6550: ulsch_rounds 217/0/0/0, ulsch_errors 0, ulsch_DTX 0, BLER 0.00000 MCS (1) 10 (Qm 4 deltaMCS 0 dB) NPRB 5  SNR 25.0 dB
UE 6550: MAC:    TX        1042439 RX          40616 bytes
UE 6550: LCID 1: TX            480 RX           1627 bytes
UE 6550: LCID 2: TX              0 RX              0 bytes
UE 6550: LCID 4: TX        1001130 RX           2563 bytes

[0m[NR_MAC]   Frame.Slot 0.0
UE RNTI 6550 CU-UE-ID 2 in-sync PH 31 dB PCMAX 21 dBm, average RSRP -77 (13 meas)
UE 6550: CQI 11, RI 4, PMI (6,1)
UE 6550: dlsch_rounds 305/34/1/1, dlsch_errors 1, pucch0_DTX 4, BLER 0.15157 MCS (1) 15
UE 6550: ulsch_rounds 270/0/0/0, ulsch_errors 0, ulsch_DTX 0, BLER 0.00000 MCS (1) 20 (Qm 8 deltaMCS 0 dB) NPRB 5  SNR 26.0 dB
UE 6550: MAC:    TX       15307901 RX          50421 bytes
UE 6550: LCID 1: TX            483 RX           1649 bytes
UE 6550: LCID 2: TX              0 RX              0 bytes
UE 6550: LCID 4: TX       15213161 RX           2641 bytes

[0m[NR_MAC]   Frame.Slot 128.0
UE RNTI 6550 CU-UE-ID 2 in-sync PH 30 dB PCMAX 21 dBm, average RSRP -78 (13 meas)
UE 6550: CQI 11, RI 4, PMI (5,1)
UE 6550: dlsch_rounds 517/40/1/1, dlsch_errors 1, pucch0_DTX 4, BLER 0.04281 MCS (1) 17
UE 6550: ulsch_rounds 325/0/0/0, ulsch_errors 0, ulsch_DTX 0, BLER 0.00000 MCS (1) 27 (Qm 8 deltaMCS 0 dB) NPRB 5  SNR 29.0 dB
UE 6550: MAC:    TX       29234135 RX          60596 bytes
UE 6550: LCID 1: TX            486 RX           1671 bytes
UE 6550: LCID 2: TX              0 RX              0 bytes
UE 6550: LCID 4: TX       29094907 RX           2795 bytes

[0m[NR_MAC]   Frame.Slot 256.0
UE RNTI 6550 CU-UE-ID 2 in-sync PH 34 dB PCMAX 21 dBm, average RSRP -78 (13 meas)
UE 6550: CQI 11, RI 4, PMI (7,1)
UE 6550: dlsch_rounds 752/57/1/1, dlsch_errors 1, pucch0_DTX 4, BLER 0.05571 MCS (1) 16
UE 6550: ulsch_rounds 377/0/0/0, ulsch_errors 0, ulsch_DTX 0, BLER 0.00000 MCS (1) 27 (Qm 8 deltaMCS 0 dB) NPRB 5  SNR 31.0 dB
UE 6550: MAC:    TX       45084589 RX          70401 bytes
UE 6550: LCID 1: TX            492 RX           1715 bytes
UE 6550: LCID 2: TX              0 RX              0 bytes
UE 6550: LCID 4: TX       44894926 RX           2873 bytes

[0m[NR_MAC]   Frame.Slot 384.0
UE RNTI 6550 CU-UE-ID 2 in-sync PH 31 dB PCMAX 21 dBm, average RSRP -77 (13 meas)
UE 6550: CQI 11, RI 4, PMI (7,1)
UE 6550: dlsch_rounds 956/79/1/1, dlsch_errors 1, pucch0_DTX 4, BLER 0.07356 MCS (1) 17
UE 6550: ulsch_rounds 429/0/0/0, ulsch_errors 0, ulsch_DTX 0, BLER 0.00000 MCS (1) 27 (Qm 8 deltaMCS 0 dB) NPRB 5  SNR 28.0 dB
UE 6550: MAC:    TX       60936359 RX          80021 bytes
UE 6550: LCID 1: TX            495 RX           1737 bytes
UE 6550: LCID 2: TX              0 RX              0 bytes
UE 6550: LCID 4: TX       60700423 RX           2951 bytes

[0m[NR_MAC]   Frame.Slot 512.0
UE RNTI 6550 CU-UE-ID 2 in-sync PH 32 dB PCMAX 21 dBm, average RSRP -77 (14 meas)
UE 6550: CQI 11, RI 4, PMI (7,1)
UE 6550: dlsch_rounds 1157/101/1/1, dlsch_errors 1, pucch0_DTX 4, BLER 0.09532 MCS (1) 17
UE 6550: ulsch_rounds 482/0/0/0, ulsch_errors 0, ulsch_DTX 0, BLER 0.00000 MCS (1) 27 (Qm 8 deltaMCS 0 dB) NPRB 5  SNR 29.0 dB
UE 6550: MAC:    TX       76590123 RX          89641 bytes
UE 6550: LCID 1: TX            498 RX           1759 bytes
UE 6550: LCID 2: TX              0 RX              0 bytes
UE 6550: LCID 4: TX       76306882 RX           3026 bytes

[0m[NR_MAC]   Frame.Slot 640.0
UE RNTI 6550 CU-UE-ID 2 in-sync PH 32 dB PCMAX 21 dBm, average RSRP -77 (11 meas)
UE 6550: CQI 11, RI 4, PMI (6,0)
UE 6550: dlsch_rounds 1356/123/1/1, dlsch_errors 1, pucch0_DTX 4, BLER 0.13445 MCS (1) 17
UE 6550: ulsch_rounds 538/0/0/0, ulsch_errors 0, ulsch_DTX 0, BLER 0.00000 MCS (1) 27 (Qm 8 deltaMCS 0 dB) NPRB 5  SNR 28.0 dB
UE 6550: MAC:    TX       92192723 RX         100001 bytes
UE 6550: LCID 1: TX            504 RX           1803 bytes
UE 6550: LCID 2: TX              0 RX              0 bytes
UE 6550: LCID 4: TX       91863589 RX           3104 bytes

[0m[NR_MAC]   Frame.Slot 768.0
UE RNTI 6550 CU-UE-ID 2 in-sync PH 31 dB PCMAX 21 dBm, average RSRP -78 (13 meas)
UE 6550: CQI 11, RI 4, PMI (7,1)
UE 6550: dlsch_rounds 1545/135/1/1, dlsch_errors 1, pucch0_DTX 4, BLER 0.08213 MCS (1) 17
UE 6550: ulsch_rounds 588/0/0/0, ulsch_errors 0, ulsch_DTX 0, BLER 0.00000 MCS (1) 27 (Qm 8 deltaMCS 0 dB) NPRB 5  SNR 28.0 dB
UE 6550: MAC:    TX      106933763 RX         109436 bytes
UE 6550: LCID 1: TX            507 RX           1825 bytes
UE 6550: LCID 2: TX              0 RX              0 bytes
UE 6550: LCID 4: TX      106563416 RX           3179 bytes

[0m[1;31m[NR_MAC]   UE 6550: reported RSRP index 0 invalid
[0m[NR_MAC]   Frame.Slot 896.0
UE RNTI 6550 CU-UE-ID 2 in-sync PH 34 dB PCMAX 21 dBm, average RSRP -77 (12 meas)
UE 6550: CQI 11, RI 4, PMI (7,1)
UE 6550: dlsch_rounds 1764/161/1/1, dlsch_errors 1, pucch0_DTX 4, BLER 0.14513 MCS (1) 16
UE 6550: ulsch_rounds 640/0/0/0, ulsch_errors 0, ulsch_DTX 0, BLER 0.00000 MCS (1) 27 (Qm 8 deltaMCS 0 dB) NPRB 5  SNR 28.0 dB
UE 6550: MAC:    TX      123644008 RX         119056 bytes
UE 6550: LCID 1: TX            510 RX           1847 bytes
UE 6550: LCID 2: TX              0 RX              0 bytes
UE 6550: LCID 4: TX      123224441 RX           3257 bytes

[0m[NR_MAC]   Frame.Slot 0.0
UE RNTI 6550 CU-UE-ID 2 in-sync PH 34 dB PCMAX 21 dBm, average RSRP -77 (12 meas)
UE 6550: CQI 11, RI 4, PMI (6,1)
UE 6550: dlsch_rounds 1989/177/1/1, dlsch_errors 1, pucch0_DTX 4, BLER 0.09314 MCS (1) 18
UE 6550: ulsch_rounds 694/0/0/0, ulsch_errors 0, ulsch_DTX 0, BLER 0.00000 MCS (1) 27 (Qm 8 deltaMCS 0 dB) NPRB 5  SNR 30.0 dB
UE 6550: MAC:    TX      140115053 RX         129046 bytes
UE 6550: LCID 1: TX            513 RX           1869 bytes
UE 6550: LCID 2: TX              0 RX              0 bytes
UE 6550: LCID 4: TX      139646380 RX           3335 bytes

[0m[NR_MAC]   Frame.Slot 128.0
UE RNTI 6550 CU-UE-ID 2 in-sync PH 34 dB PCMAX 21 dBm, average RSRP -77 (13 meas)
UE 6550: CQI 11, RI 4, PMI (7,1)
UE 6550: dlsch_rounds 2201/188/1/1, dlsch_errors 1, pucch0_DTX 4, BLER 0.05968 MCS (1) 17
UE 6550: ulsch_rounds 749/0/0/0, ulsch_errors 0, ulsch_DTX 0, BLER 0.00000 MCS (1) 27 (Qm 8 deltaMCS 0 dB) NPRB 5  SNR 26.0 dB
UE 6550: MAC:    TX      156249831 RX         139036 bytes
UE 6550: LCID 1: TX            519 RX           1913 bytes
UE 6550: LCID 2: TX              0 RX              0 bytes
UE 6550: LCID 4: TX      155732448 RX           3410 bytes

[0m[NR_MAC]   Frame.Slot 256.0
UE RNTI 6550 CU-UE-ID 2 in-sync PH 36 dB PCMAX 21 dBm, average RSRP -75 (14 meas)
UE 6550: CQI 11, RI 4, PMI (6,0)
UE 6550: dlsch_rounds 2403/224/1/1, dlsch_errors 1, pucch0_DTX 4, BLER 0.14921 MCS (1) 18
UE 6550: ulsch_rounds 801/0/0/0, ulsch_errors 0, ulsch_DTX 0, BLER 0.00000 MCS (1) 27 (Qm 8 deltaMCS 0 dB) NPRB 5  SNR 27.0 dB
UE 6550: MAC:    TX      172239176 RX         148656 bytes
UE 6550: LCID 1: TX            522 RX           1935 bytes
UE 6550: LCID 2: TX              0 RX              0 bytes
UE 6550: LCID 4: TX      171670562 RX           3488 bytes

[0m[NR_MAC]   Frame.Slot 384.0
UE RNTI 6550 CU-UE-ID 2 in-sync PH 34 dB PCMAX 21 dBm, average RSRP -77 (13 meas)
UE 6550: CQI 11, RI 4, PMI (7,1)
UE 6550: dlsch_rounds 2586/227/1/1, dlsch_errors 1, pucch0_DTX 4, BLER 0.05560 MCS (1) 17
UE 6550: ulsch_rounds 851/0/0/0, ulsch_errors 0, ulsch_DTX 0, BLER 0.00000 MCS (1) 27 (Qm 8 deltaMCS 0 dB) NPRB 5  SNR 27.0 dB
UE 6550: MAC:    TX      186478910 RX         158091 bytes
UE 6550: LCID 1: TX            525 RX           1957 bytes
UE 6550: LCID 2: TX              0 RX              0 bytes
UE 6550: LCID 4: TX      185867306 RX           3563 bytes

[0m[NR_MAC]   Frame.Slot 512.0
UE RNTI 6550 CU-UE-ID 2 in-sync PH 34 dB PCMAX 21 dBm, average RSRP -77 (13 meas)
UE 6550: CQI 11, RI 4, PMI (7,1)
UE 6550: dlsch_rounds 2816/252/1/1, dlsch_errors 1, pucch0_DTX 4, BLER 0.08431 MCS (1) 15
UE 6550: ulsch_rounds 905/0/0/0, ulsch_errors 0, ulsch_DTX 0, BLER 0.00000 MCS (1) 27 (Qm 8 deltaMCS 0 dB) NPRB 5  SNR 30.0 dB
UE 6550: MAC:    TX      202524566 RX         168081 bytes
UE 6550: LCID 1: TX            528 RX           1979 bytes
UE 6550: LCID 2: TX              0 RX              0 bytes
UE 6550: LCID 4: TX      201869177 RX           3641 bytes

[0m[NR_MAC]   Frame.Slot 640.0
UE RNTI 6550 CU-UE-ID 2 in-sync PH 36 dB PCMAX 21 dBm, average RSRP -77 (13 meas)
UE 6550: CQI 11, RI 4, PMI (7,1)
UE 6550: dlsch_rounds 3030/271/1/1, dlsch_errors 1, pucch0_DTX 4, BLER 0.09911 MCS (1) 17
UE 6550: ulsch_rounds 961/0/0/0, ulsch_errors 0, ulsch_DTX 0, BLER 0.00000 MCS (1) 27 (Qm 8 deltaMCS 0 dB) NPRB 5  SNR 30.0 dB
UE 6550: MAC:    TX      218090943 RX         178441 bytes
UE 6550: LCID 1: TX            534 RX           2023 bytes
UE 6550: LCID 2: TX              0 RX              0 bytes
UE 6550: LCID 4: TX      217390012 RX           3719 bytes

[0m[1;31m[NFAPI_VNF]   
============================================================================
sfn slot doesn't match unpacked one! L2->L1 735.15  vs L1->L2 735.17  
============================================================================
[0m[NR_MAC]   Frame.Slot 768.0
UE RNTI 6550 CU-UE-ID 2 in-sync PH 32 dB PCMAX 21 dBm, average RSRP -77 (14 meas)
UE 6550: CQI 11, RI 4, PMI (7,1)
UE 6550: dlsch_rounds 3231/281/1/1, dlsch_errors 1, pucch0_DTX 4, BLER 0.07284 MCS (1) 18
UE 6550: ulsch_rounds 1012/0/0/0, ulsch_errors 0, ulsch_DTX 0, BLER 0.00000 MCS (1) 27 (Qm 8 deltaMCS 0 dB) NPRB 5  SNR 31.0 dB
UE 6550: MAC:    TX      233276563 RX         187691 bytes
UE 6550: LCID 1: TX            537 RX           2045 bytes
UE 6550: LCID 2: TX              0 RX              0 bytes
UE 6550: LCID 4: TX      232526539 RX           3873 bytes

[0m[NR_MAC]   Frame.Slot 896.0
UE RNTI 6550 CU-UE-ID 2 in-sync PH 36 dB PCMAX 21 dBm, average RSRP -78 (12 meas)
UE 6550: CQI 11, RI 4, PMI (7,1)
UE 6550: dlsch_rounds 3424/283/1/1, dlsch_errors 1, pucch0_DTX 4, BLER 0.02785 MCS (1) 19
UE 6550: ulsch_rounds 1059/0/0/0, ulsch_errors 0, ulsch_DTX 0, BLER 0.00000 MCS (1) 27 (Qm 8 deltaMCS 0 dB) NPRB 5  SNR 26.0 dB
UE 6550: MAC:    TX      248629401 RX         196386 bytes
UE 6550: LCID 1: TX            540 RX           2067 bytes
UE 6550: LCID 2: TX              0 RX              0 bytes
UE 6550: LCID 4: TX      247817742 RX           3945 bytes

[0m[NR_MAC]   Frame.Slot 0.0
UE RNTI 6550 CU-UE-ID 2 in-sync PH 36 dB PCMAX 21 dBm, average RSRP -78 (13 meas)
UE 6550: CQI 11, RI 4, PMI (7,1)
UE 6550: dlsch_rounds 3591/289/1/1, dlsch_errors 1, pucch0_DTX 4, BLER 0.03006 MCS (1) 19
UE 6550: ulsch_rounds 1109/0/0/0, ulsch_errors 0, ulsch_DTX 0, BLER 0.00000 MCS (1) 27 (Qm 8 deltaMCS 0 dB) NPRB 5  SNR 26.0 dB
UE 6550: MAC:    TX      262726730 RX         205821 bytes
UE 6550: LCID 1: TX            543 RX           2089 bytes
UE 6550: LCID 2: TX              0 RX              0 bytes
UE 6550: LCID 4: TX      261862316 RX           4014 bytes

[0m[NR_MAC]   Frame.Slot 128.0
UE RNTI 6550 CU-UE-ID 2 in-sync PH 32 dB PCMAX 21 dBm, average RSRP -77 (12 meas)
UE 6550: CQI 11, RI 4, PMI (6,1)
UE 6550: dlsch_rounds 3778/299/1/1, dlsch_errors 1, pucch0_DTX 4, BLER 0.04514 MCS (1) 19
UE 6550: ulsch_rounds 1163/0/0/0, ulsch_errors 0, ulsch_DTX 0, BLER 0.00000 MCS (1) 27 (Qm 8 deltaMCS 0 dB) NPRB 5  SNR 29.0 dB
UE 6550: MAC:    TX      277387964 RX         215811 bytes
UE 6550: LCID 1: TX            549 RX           2133 bytes
UE 6550: LCID 2: TX              0 RX              0 bytes
UE 6550: LCID 4: TX      276465253 RX           4089 bytes

[0m[NR_MAC]   Frame.Slot 256.0
UE RNTI 6550 CU-UE-ID 2 in-sync PH 34 dB PCMAX 21 dBm, average RSRP -77 (12 meas)
UE 6550: CQI 11, RI 4, PMI (6,1)
UE 6550: dlsch_rounds 3959/308/1/1, dlsch_errors 1, pucch0_DTX 4, BLER 0.04332 MCS (1) 19
UE 6550: ulsch_rounds 1210/0/0/0, ulsch_errors 0, ulsch_DTX 0, BLER 0.00000 MCS (1) 26 (Qm 8 deltaMCS 0 dB) NPRB 5  SNR 27.0 dB
UE 6550: MAC:    TX      291862490 RX         224506 bytes
UE 6550: LCID 1: TX            552 RX           2155 bytes
UE 6550: LCID 2: TX              0 RX              0 bytes
UE 6550: LCID 4: TX      290882967 RX           4158 bytes

[0m[NR_MAC]   Frame.Slot 384.0
UE RNTI 6550 CU-UE-ID 2 in-sync PH 34 dB PCMAX 21 dBm, average RSRP -77 (13 meas)
UE 6550: CQI 11, RI 4, PMI (7,1)
UE 6550: dlsch_rounds 4149/311/1/1, dlsch_errors 1, pucch0_DTX 4, BLER 0.02809 MCS (1) 19
UE 6550: ulsch_rounds 1257/0/0/0, ulsch_errors 0, ulsch_DTX 0, BLER 0.00000 MCS (1) 27 (Qm 8 deltaMCS 0 dB) NPRB 5  SNR 24.0 dB
UE 6550: MAC:    TX      306323052 RX         233016 bytes
UE 6550: LCID 1: TX            555 RX           2177 bytes
UE 6550: LCID 2: TX              0 RX              0 bytes
UE 6550: LCID 4: TX      305284102 RX           4224 bytes

[0m[NR_MAC]   Frame.Slot 512.0
UE RNTI 6550 CU-UE-ID 2 in-sync PH 34 dB PCMAX 21 dBm, average RSRP -77 (13 meas)
UE 6550: CQI 11, RI 4, PMI (6,1)
UE 6550: dlsch_rounds 4343/331/1/1, dlsch_errors 1, pucch0_DTX 4, BLER 0.08076 MCS (1) 19
UE 6550: ulsch_rounds 1307/0/0/0, ulsch_errors 0, ulsch_DTX 0, BLER 0.00000 MCS (1) 27 (Qm 8 deltaMCS 0 dB) NPRB 5  SNR 27.0 dB
UE 6550: MAC:    TX      322113715 RX         242266 bytes
UE 6550: LCID 1: TX            558 RX           2199 bytes
UE 6550: LCID 2: TX              0 RX              0 bytes
UE 6550: LCID 4: TX      321023123 RX           4296 bytes

[0m[NR_MAC]   Frame.Slot 640.0
UE RNTI 6550 CU-UE-ID 2 in-sync PH 31 dB PCMAX 21 dBm, average RSRP -77 (11 meas)
UE 6550: CQI 11, RI 4, PMI (6,1)
UE 6550: dlsch_rounds 4521/351/1/1, dlsch_errors 1, pucch0_DTX 4, BLER 0.08357 MCS (1) 18
UE 6550: ulsch_rounds 1361/0/0/0, ulsch_errors 0, ulsch_DTX 0, BLER 0.00000 MCS (1) 27 (Qm 8 deltaMCS 0 dB) NPRB 5  SNR 28.0 dB
UE 6550: MAC:    TX      336626611 RX         252441 bytes
UE 6550: LCID 1: TX            564 RX           2243 bytes
UE 6550: LCID 2: TX              0 RX              0 bytes
UE 6550: LCID 4: TX      335490689 RX           4371 bytes

[0m[NR_MAC]   Frame.Slot 768.0
UE RNTI 6550 CU-UE-ID 2 in-sync PH 31 dB PCMAX 21 dBm, average RSRP -77 (13 meas)
UE 6550: CQI 11, RI 4, PMI (6,1)
UE 6550: dlsch_rounds 4714/364/1/1, dlsch_errors 1, pucch0_DTX 4, BLER 0.06394 MCS (1) 18
UE 6550: ulsch_rounds 1413/0/0/0, ulsch_errors 0, ulsch_DTX 0, BLER 0.00000 MCS (1) 27 (Qm 8 deltaMCS 0 dB) NPRB 5  SNR 29.0 dB
UE 6550: MAC:    TX      351594314 RX         262061 bytes
UE 6550: LCID 1: TX            567 RX           2265 bytes
UE 6550: LCID 2: TX              0 RX              0 bytes
UE 6550: LCID 4: TX      350400505 RX           4449 bytes

[0m