[UTIL]   running in SA mode (no --phy-test, --do-ra, --nsa option present)
[0m[OPT]   OPT disabled
[0m[HW]   Version: Branch: HEAD Abrev. Hash: f0fce7c167 Date: Tue Feb 25 22:58:21 2025 +0000
[0m[GNB_APP]   Initialized RAN Context: RC.nb_nr_inst = 1, RC.nb_nr_macrlc_inst = 1, RC.nb_nr_L1_inst = 0, RC.nb_RU = 0, RC.nb_nr_CC[0] = 0
[0m[GNB_APP]   pdsch_AntennaPorts N1 2 N2 1 XP 2 pusch_AntennaPorts 2
[0m[1;31m[GNB_APP]   RU information not present in config file. Assuming physical antenna ports equal to logical antenna ports 4
[0m[GNB_APP]   minTXRXTIME 3
[0m[GNB_APP]   SIB1 TDA 1
[0m[GNB_APP]   CSI-RS 1, SRS 0, 256 QAM may be on, delta_MCS off, maxMIMO_Layers -1, HARQ feedback enabled, num DLHARQ:16, num ULHARQ:16
[0m[GNB_APP]   sr_ProhibitTimer 0, sr_TransMax 64, sr_ProhibitTimer_v1700 0, t300 400, t301 400, t310 2000, n310 10, t311 3000, n311 1, t319 400
[0m[NR_MAC]   Candidates per PDCCH aggregation level on UESS: L1: 0, L2: 2, L4: 0, L8: 0, L16: 0
[0m[RRC]   Read in ServingCellConfigCommon (PhysCellId 0, ABSFREQSSB 649920, DLBand 78, ABSFREQPOINTA 646724, DLBW 273,RACH_TargetReceivedPower -96
[0m[RRC]   absoluteFrequencySSB 649920 corresponds to 3748800000 Hz
[0m[NR_MAC]   TDD period index = 6, based on the sum of dl_UL_TransmissionPeriodicity from Pattern1 (5.000000 ms) and Pattern2 (0.000000 ms): Total = 5.000000 ms
[0m[UTIL]   threadCreate() for MAC_STATS: creating thread with affinity ffffffff, priority 2
[0m[NR_MAC]   PUSCH Target 280, PUCCH Target 100, PUCCH Failure 10, PUSCH Failure 10
[0m[GNB_APP]   Configuring VNF for Aerial connection with prefix (null)
[0m[NR_PHY]   Copying 0 blacklisted PRB to L1 context
[0m[NR_MAC]   Set TX antenna number to 4, Set RX antenna number to 2 (num ssb 1: 80000000,0)
[0m[NR_MAC]   TDD period index = 6, based on the sum of dl_UL_TransmissionPeriodicity from Pattern1 (5.000000 ms) and Pattern2 (0.000000 ms): Total = 5.000000 ms
[0m[NR_MAC]   Set TDD configuration period to: 7 DL slots, 3 UL slots, 10 slots per period (NR_TDD_UL_DL_Pattern is 6 DL slots, 3 UL slots, 10 DL symbols, 0 UL symbols)
[0m[NR_MAC]   Configured 1 TDD patterns (total slots: pattern1 = 10, pattern2 = 0)
[0m[NR_PHY]   Set TDD Period Configuration: 2 periods per frame, 20 slots to be configured (7 DL, 3 UL)
[0m[NR_PHY]   TDD period configuration: slot 0 is DOWNLINK
[0m[NR_PHY]   TDD period configuration: slot 1 is DOWNLINK
[0m[NR_PHY]   TDD period configuration: slot 2 is DOWNLINK
[0m[NR_PHY]   TDD period configuration: slot 3 is DOWNLINK
[0m[NR_PHY]   TDD period configuration: slot 4 is DOWNLINK
[0m[NR_PHY]   TDD period configuration: slot 5 is DOWNLINK
[0m[NR_PHY]   TDD period configuration: slot 6 is FLEXIBLE: DDDDDDDDDDFFFF
[0m[NR_PHY]   TDD period configuration: slot 7 is UPLINK
[0m[NR_PHY]   TDD period configuration: slot 8 is UPLINK
[0m[NR_PHY]   TDD period configuration: slot 9 is UPLINK
[0m[NR_RRC]   SIB1 freq: offsetToPointA 246
[0m[GNB_APP]   F1AP: gNB idx 0 gNB_DU_id 3589, gNB_DU_name gNB-OAI-devkit05, TAC 1 MCC/MNC/length 1/1/2 cellID 12345678
[0m[GNB_APP]   ngran_DU: Configuring Cell 0 for TDD
[0m[GNB_APP]   SDAP layer is disabled
[0m[GNB_APP]   Data Radio Bearer count 1
[0m[NR_RRC]   do_SIB23_NR, size 9
[0m[UTIL]   threadCreate() for TASK_SCTP: creating thread with affinity ffffffff, priority 50
[0m[X2AP]   X2AP is disabled.
[0m[UTIL]   threadCreate() for TASK_NGAP: creating thread with affinity ffffffff, priority 50
[0m[UTIL]   threadCreate() for TASK_GNB_APP: creating thread with affinity ffffffff, priority 50
[0m[34m[NGAP]   Starting NGAP layer
[0m[NGAP]   Registered new gNB[0] and macro gNB id 3589
[0m[UTIL]   threadCreate() for TASK_RRC_GNB: creating thread with affinity ffffffff, priority 50
[0m[NGAP]   [gNB 0] check the amf registration state
[0m[NR_RRC]   Entering main loop of NR_RRC message task
[0m[GTPU]   Configuring GTPu
[0m[NR_RRC]   Received F1 Setup Request from gNB_DU 3589 (gNB-OAI-devkit05) on assoc_id -1
[0m[GTPU]   SA mode 
[0m[GTPU]   Configuring GTPu address : 10.131.3.93, port : 2152
[0m[GTPU]   Initializing UDP for local address 10.131.3.93 with port 2152
[0m[RRC]   Accepting DU 3589 (gNB-OAI-devkit05), sending F1 Setup Response
[0m[RRC]   DU uses RRC version 17.3.0
[0m[GTPU]   Created gtpu instance id: 95
[0m[MAC]   received F1 Setup Response from CU (null)
[0m[MAC]   CU uses RRC version 17.3.0
[0m[MAC]   Clearing the DU's UE states before, if any.
[0m[UTIL]   threadCreate() for TASK_GTPV1_U: creating thread with affinity ffffffff, priority 50
[0m[NR_RRC]   Accepting new CU-UP ID 3589 name gNB-OAI-devkit05 (assoc_id -1)
[0m[32m[NGAP]   Send NGSetupRequest to AMF
[0m[NGAP]   3589 -> 0000e050
[0m[34m[NGAP]   servedGUAMIs.list.count 1
[0m[34m[NGAP]   PLMNSupportList.list.count 1
[0m[34m[NGAP]   PLMNSupportList.list.count 3
[0m[32m[NGAP]   Received NGSetupResponse from AMF
[0m[GNB_APP]   [gNB 0] Received NGAP_REGISTER_GNB_CNF: associated AMF 1
[0m[NFAPI_VNF]   nvIPC_Init: creating IPC interface with prefix nvipc
[0m[NFAPI_VNF]   nvIPC_Init: create IPC interface successful
[0m[UTIL]   threadCreate() for vnf_nvipc_aerial: creating thread with affinity 1c, priority 50
[0m[NFAPI_VNF]   Received CONFIG.response, gNB is ready! 
[0m[1;31m[NFAPI_VNF]   
============================================================================
sfn slot doesn't match unpacked one! L2->L1 0.0  vs L1->L2 0.3  
============================================================================
[0m[1;31m[NFAPI_VNF]   
============================================================================
sfn slot doesn't match unpacked one! L2->L1 103.2  vs L1->L2 103.4  
============================================================================
[0m[NR_MAC]   Frame.Slot 128.0

[0m[NR_MAC]   Frame.Slot 256.0

[0m[NR_MAC]   Frame.Slot 384.0

[0m[NR_MAC]   Frame.Slot 512.0

[0m[NR_MAC]   Frame.Slot 640.0

[0m[NR_MAC]   Frame.Slot 768.0

[0m[NR_MAC]   Frame.Slot 896.0

[0m[NR_MAC]   Frame.Slot 0.0

[0m[NR_MAC]   Frame.Slot 128.0

[0m[NR_MAC]   Frame.Slot 256.0

[0m[NR_MAC]   Frame.Slot 384.0

[0m[1;31m[NFAPI_VNF]   
============================================================================
sfn slot doesn't match unpacked one! L2->L1 498.9  vs L1->L2 498.11  
============================================================================
[0m[NR_MAC]   Frame.Slot 512.0

[0m[NR_MAC]   Frame.Slot 640.0

[0m[NR_MAC]   Frame.Slot 768.0

[0m[NR_MAC]   Frame.Slot 896.0

[0m[NR_MAC]   Frame.Slot 0.0

[0m[NR_MAC]   Frame.Slot 128.0

[0m[NR_MAC]   Frame.Slot 256.0

[0m[1;31m[NFAPI_VNF]   
============================================================================
sfn slot doesn't match unpacked one! L2->L1 330.12  vs L1->L2 330.14  
============================================================================
[0m[NR_MAC]   Frame.Slot 384.0

[0m[1;31m[NFAPI_VNF]   
============================================================================
sfn slot doesn't match unpacked one! L2->L1 481.19  vs L1->L2 482.1  
============================================================================
[0m[1;31m[NFAPI_VNF]   
============================================================================
sfn slot doesn't match unpacked one! L2->L1 481.19  vs L1->L2 482.19  
============================================================================
[0m[NR_MAC]   Frame.Slot 512.0

[0m[NR_MAC]   Frame.Slot 640.0

[0m[1;31m[NFAPI_VNF]   
============================================================================
sfn slot doesn't match unpacked one! L2->L1 707.19  vs L1->L2 708.1  
============================================================================
[0m[1;31m[NFAPI_VNF]   
============================================================================
sfn slot doesn't match unpacked one! L2->L1 707.19  vs L1->L2 708.19  
============================================================================
[0m[NR_MAC]   Frame.Slot 768.0

[0m[NR_MAC]   Frame.Slot 896.0

[0m[NR_MAC]   Frame.Slot 0.0

[0m[NR_MAC]   Frame.Slot 128.0

[0m[NR_MAC]   Frame.Slot 256.0

[0m[NR_MAC]   Frame.Slot 384.0

[0m[NR_MAC]   Frame.Slot 512.0

[0m[NR_MAC]   Frame.Slot 640.0

[0m[NR_MAC]   Frame.Slot 768.0

[0m[NR_MAC]   Frame.Slot 896.0

[0m[NR_MAC]   Frame.Slot 0.0

[0m[NR_MAC]   Frame.Slot 128.0

[0m[NR_MAC]   Frame.Slot 256.0

[0m[NR_MAC]   Frame.Slot 384.0

[0m[NR_MAC]   Frame.Slot 512.0

[0m[NR_MAC]   Frame.Slot 640.0

[0m[NR_MAC]   Frame.Slot 768.0

[0m[NR_MAC]   Frame.Slot 896.0

[0m[NR_MAC]   Frame.Slot 0.0

[0m[NR_MAC]   Frame.Slot 128.0

[0m[NR_MAC]   Frame.Slot 256.0

[0m[NR_MAC]   Frame.Slot 384.0

[0m[NR_MAC]   Frame.Slot 512.0

[0m[NR_MAC]   Frame.Slot 640.0

[0m[NR_MAC]   Frame.Slot 768.0

[0m[NR_MAC]   Frame.Slot 896.0

[0m[NR_MAC]   Frame.Slot 0.0

[0m[NR_MAC]   Frame.Slot 128.0

[0m[NR_MAC]   Frame.Slot 256.0

[0m[NR_MAC]   Frame.Slot 384.0

[0m[NR_MAC]   Frame.Slot 512.0

[0m[NR_MAC]   Frame.Slot 640.0

[0m[NR_MAC]   Frame.Slot 768.0

[0m[NR_MAC]   Frame.Slot 896.0

[0m[NR_MAC]   Frame.Slot 0.0

[0m[NR_MAC]   Frame.Slot 128.0

[0m[NR_MAC]   Frame.Slot 256.0

[0m[NR_MAC]   RACH.indication put_queue successfull
[0m[32m[NR_MAC]   315.19 UE RA-RNTI 010b TC-RNTI 382b: Activating RA process index 0
[0m[NR_MAC]   UE 382b: Msg3 scheduled at 316.17 (316.6 TDA 2)
[0m[32m[NR_MAC]   UE 382b: 316.6 Generating RA-Msg2 DCI, RA RNTI 0x10b, state 1, CoreSetType 0, preamble_index(RAPID) 47, timing_offset = 0 (estimated distance 0.0 [m])
[0m[32m[NR_MAC]   316.6 Send RAR to RA-RNTI 010b
[0m[NR_MAC]   Adding new UE context with RNTI 0x382b
[0m[32m[NR_MAC]    316.17 PUSCH with TC_RNTI 0x382b received correctly
[0m[MAC]   [RAPROC] Received SDU for CCCH length 6 for UE 382b
[0m[RLC]   Activated srb0 for UE 14379
[0m[RLC]   Added srb 1 to UE 14379
[0m[NR_MAC]   Activating scheduling Msg4 for TC_RNTI 0x382b (state WAIT_Msg3)
[0m[93m[NR_MAC]   Unexpected ULSCH HARQ PID 0 (have -1) for RNTI 0x382b
[0m[NR_RRC]   Decoding CCCH: RNTI 382b, payload_size 6
[0m[32m[NR_RRC]   [--] (cellID 0, UE ID 1 RNTI 382b) Create UE context: CU UE ID 1 DU UE ID 14379 (rnti: 382b, random ue id 200ce1fc89000000)
[0m[RRC]   activate SRB 1 of UE 1
[0m[32m[NR_RRC]   [DL] (cellID bc614e, UE ID 1 RNTI 382b) Send RRC Setup
[0m[NR_MAC]   UE 382b Generate Msg4: feedback at  317. 7, payload 225 bytes, next state nrRA_WAIT_Msg4_MsgB_ACK
[0m[32m[NR_MAC]    317.13 UE 382b: Received Ack of Msg4. CBRA procedure succeeded!
[0m[32m[NR_RRC]   [UL] (cellID bc614e, UE ID 1 RNTI 382b) Received RRCSetupComplete (RRC_CONNECTED reached)
[0m[NGAP]   Build NGAP_NAS_FIRST_REQ adding in s_TMSI: GUAMI amf_set_id 1 amf_region_id 2 ue 382b
[0m[NGAP]   UE 1: Chose AMF 'open5gs-amf' (assoc_id 59) through selected PLMN Identity index 0 MCC 1 MNC 1
[0m[34m[NGAP]   NGAP_FIND_PROTOCOLIE_BY_ID ie is NULL (searching for ie: 110)
[0m[93m[NGAP]   could not find NGAP_ProtocolIE_ID_id_UEAggregateMaximumBitRate
[0m[34m[NGAP]   NGAP_FIND_PROTOCOLIE_BY_ID ie is NULL (searching for ie: 71)
[0m[34m[NGAP]   AllowedNSSAI.list.count 2
[0m[34m[NGAP]   NGAP_FIND_PROTOCOLIE_BY_ID ie is NULL (searching for ie: 36)
[0m[32m[NR_RRC]   [--] (cellID bc614e, UE ID 1 RNTI 382b) Selected security algorithms: ciphering 0, integrity 2
[0m[NR_RRC]   [UE 382b] Saved security key 9B
[0m[NR_RRC]   UE 1 Logical Channel DL-DCCH, Generate SecurityModeCommand (bytes 3)
[0m[32m[NR_RRC]   [UL] (cellID bc614e, UE ID 1 RNTI 382b) Received Security Mode Complete
[0m[NR_RRC]   UE 1: Logical Channel DL-DCCH, Generate NR UECapabilityEnquiry (bytes 8, xid 3)
[0m[32m[NR_RRC]   [UL] (cellID bc614e, UE ID 1 RNTI 382b) Received UE capabilities
[0m[NR_RRC]   Send message to ngap: NGAP_UE_CAPABILITIES_IND
[0m[32m[NR_RRC]   [DL] (cellID bc614e, UE ID 1 RNTI 382b) Send DL Information Transfer [57 bytes]
[0m[NR_RRC]   Send message to sctp: NGAP_InitialContextSetupResponse
[0m[32m[NR_RRC]   [UL] (cellID bc614e, UE ID 1 RNTI 382b) Received RRC UL Information Transfer [13 bytes]
[0m[32m[NR_RRC]   [DL] (cellID bc614e, UE ID 1 RNTI 382b) Send DL Information Transfer [46 bytes]
[0m[NR_MAC]   Frame.Slot 384.0
UE RNTI 382b CU-UE-ID 1 in-sync PH 42 dB PCMAX 21 dBm, average RSRP -76 (8 meas)
UE 382b: CQI 15, RI 2, PMI (15,1)
UE 382b: dlsch_rounds 8/0/0/0, dlsch_errors 0, pucch0_DTX 0, BLER 0.09000 MCS (0) 9
UE 382b: ulsch_rounds 14/0/0/0, ulsch_errors 0, ulsch_DTX 0, BLER 0.05905 MCS (0) 9 (Qm 2 deltaMCS 0 dB) NPRB 5  SNR 26.0 dB
UE 382b: MAC:    TX            673 RX           2786 bytes
UE 382b: LCID 1: TX            164 RX           1260 bytes

[0m[NR_MAC]   Frame.Slot 512.0
UE RNTI 382b CU-UE-ID 1 in-sync PH 32 dB PCMAX 21 dBm, average RSRP -77 (16 meas)
UE 382b: CQI 15, RI 2, PMI (13,1)
UE 382b: dlsch_rounds 9/0/0/0, dlsch_errors 0, pucch0_DTX 0, BLER 0.08100 MCS (0) 9
UE 382b: ulsch_rounds 27/0/0/0, ulsch_errors 0, ulsch_DTX 0, BLER 0.01501 MCS (0) 9 (Qm 2 deltaMCS 0 dB) NPRB 5  SNR 27.0 dB
UE 382b: MAC:    TX            874 RX           4099 bytes
UE 382b: LCID 1: TX            164 RX           1260 bytes

[0m[NR_MAC]   Frame.Slot 640.0
UE RNTI 382b CU-UE-ID 1 in-sync PH 34 dB PCMAX 21 dBm, average RSRP -77 (16 meas)
UE 382b: CQI 15, RI 2, PMI (13,1)
UE 382b: dlsch_rounds 11/0/0/0, dlsch_errors 0, pucch0_DTX 0, BLER 0.06561 MCS (0) 9
UE 382b: ulsch_rounds 40/0/0/0, ulsch_errors 0, ulsch_DTX 0, BLER 0.00382 MCS (0) 9 (Qm 2 deltaMCS 0 dB) NPRB 5  SNR 28.0 dB
UE 382b: MAC:    TX           1300 RX           5412 bytes
UE 382b: LCID 1: TX            164 RX           1260 bytes

[0m[NR_MAC]   Frame.Slot 768.0
UE RNTI 382b CU-UE-ID 1 in-sync PH 34 dB PCMAX 21 dBm, average RSRP -76 (16 meas)
UE 382b: CQI 15, RI 2, PMI (13,1)
UE 382b: dlsch_rounds 12/0/0/0, dlsch_errors 0, pucch0_DTX 0, BLER 0.05905 MCS (0) 9
UE 382b: ulsch_rounds 53/0/0/0, ulsch_errors 0, ulsch_DTX 0, BLER 0.00108 MCS (0) 9 (Qm 2 deltaMCS 0 dB) NPRB 5  SNR 27.0 dB
UE 382b: MAC:    TX           1525 RX           6725 bytes
UE 382b: LCID 1: TX            164 RX           1260 bytes

[0m[NR_MAC]   Frame.Slot 896.0
UE RNTI 382b CU-UE-ID 1 in-sync PH 34 dB PCMAX 21 dBm, average RSRP -77 (16 meas)
UE 382b: CQI 15, RI 2, PMI (13,1)
UE 382b: dlsch_rounds 13/0/0/0, dlsch_errors 0, pucch0_DTX 0, BLER 0.05314 MCS (0) 9
UE 382b: ulsch_rounds 66/0/0/0, ulsch_errors 0, ulsch_DTX 0, BLER 0.00027 MCS (0) 9 (Qm 2 deltaMCS 0 dB) NPRB 5  SNR 24.0 dB
UE 382b: MAC:    TX           1726 RX           8038 bytes
UE 382b: LCID 1: TX            164 RX           1260 bytes

[0m[NR_MAC]   Frame.Slot 0.0
UE RNTI 382b CU-UE-ID 1 in-sync PH 32 dB PCMAX 21 dBm, average RSRP -78 (16 meas)
UE 382b: CQI 15, RI 2, PMI (13,1)
UE 382b: dlsch_rounds 15/0/0/0, dlsch_errors 0, pucch0_DTX 0, BLER 0.04305 MCS (0) 9
UE 382b: ulsch_rounds 79/0/0/0, ulsch_errors 0, ulsch_DTX 0, BLER 0.00008 MCS (0) 9 (Qm 2 deltaMCS 0 dB) NPRB 5  SNR 28.0 dB
UE 382b: MAC:    TX           2152 RX           9351 bytes
UE 382b: LCID 1: TX            164 RX           1260 bytes

[0m[NR_MAC]   Frame.Slot 128.0
UE RNTI 382b CU-UE-ID 1 in-sync PH 29 dB PCMAX 21 dBm, average RSRP -77 (16 meas)
UE 382b: CQI 15, RI 2, PMI (13,1)
UE 382b: dlsch_rounds 16/0/0/0, dlsch_errors 0, pucch0_DTX 0, BLER 0.03874 MCS (0) 9
UE 382b: ulsch_rounds 94/0/0/0, ulsch_errors 0, ulsch_DTX 0, BLER 0.00002 MCS (0) 9 (Qm 2 deltaMCS 0 dB) NPRB 5  SNR 26.0 dB
UE 382b: MAC:    TX           2377 RX          10866 bytes
UE 382b: LCID 1: TX            164 RX           1260 bytes

[0m[1;31m[NFAPI_VNF]   
============================================================================
sfn slot doesn't match unpacked one! L2->L1 163.5  vs L1->L2 163.7  
============================================================================
[0m[NR_MAC]   Frame.Slot 256.0
UE RNTI 382b CU-UE-ID 1 in-sync PH 30 dB PCMAX 21 dBm, average RSRP -77 (16 meas)
UE 382b: CQI 15, RI 2, PMI (11,1)
UE 382b: dlsch_rounds 17/0/0/0, dlsch_errors 0, pucch0_DTX 0, BLER 0.03487 MCS (0) 9
UE 382b: ulsch_rounds 108/0/0/0, ulsch_errors 0, ulsch_DTX 0, BLER 0.00001 MCS (0) 9 (Qm 2 deltaMCS 0 dB) NPRB 5  SNR 33.0 dB
UE 382b: MAC:    TX           2578 RX          12280 bytes
UE 382b: LCID 1: TX            164 RX           1260 bytes

[0m[NR_MAC]   RACH.indication put_queue successfull
[0m[32m[NR_MAC]   317.19 UE RA-RNTI 010b TC-RNTI bbfe: Activating RA process index 0
[0m[NR_MAC]   UE bbfe: Msg3 scheduled at 318.17 (318.6 TDA 2)
[0m[32m[NR_MAC]   UE bbfe: 318.6 Generating RA-Msg2 DCI, RA RNTI 0x10b, state 1, CoreSetType 0, preamble_index(RAPID) 37, timing_offset = 0 (estimated distance 0.0 [m])
[0m[32m[NR_MAC]   318.6 Send RAR to RA-RNTI 010b
[0m[NR_MAC]   Adding new UE context with RNTI 0xbbfe
[0m[32m[NR_MAC]    318.17 PUSCH with TC_RNTI 0xbbfe received correctly
[0m[MAC]   [RAPROC] Received SDU for CCCH length 6 for UE bbfe
[0m[RLC]   Activated srb0 for UE 48126
[0m[RLC]   Added srb 1 to UE 48126
[0m[NR_MAC]   Activating scheduling Msg4 for TC_RNTI 0xbbfe (state WAIT_Msg3)
[0m[93m[NR_MAC]   Unexpected ULSCH HARQ PID 0 (have -1) for RNTI 0xbbfe
[0m[NR_RRC]   Decoding CCCH: RNTI bbfe, payload_size 6
[0m[NR_RRC]   Received UE 5G-S-TMSI-Part1 278099132425
[0m[32m[NR_RRC]   [--] (cellID 0, UE ID 2 RNTI bbfe) Create UE context: CU UE ID 2 DU UE ID 48126 (rnti: bbfe, random ue id 40c0000009)
[0m[RRC]   activate SRB 1 of UE 2
[0m[32m[NR_RRC]   [DL] (cellID bc614e, UE ID 2 RNTI bbfe) Send RRC Setup
[0m[NR_MAC]   UE bbfe Generate Msg4: feedback at  319. 7, payload 225 bytes, next state nrRA_WAIT_Msg4_MsgB_ACK
[0m[32m[NR_MAC]    319.13 UE bbfe: Received Ack of Msg4. CBRA procedure succeeded!
[0m[1;31m[NR_MAC]   invalid cqi_idx 0, default to MCS 9
[0m[32m[NR_RRC]   [UL] (cellID bc614e, UE ID 2 RNTI bbfe) Received RRCSetupComplete (RRC_CONNECTED reached)
[0m[RRC]   s_tmsi part2 0 (00 00)
[0m[NR_RRC]   5g_s_TMSI: 0x40C0000009, amf_set_id: 0x1 (1), amf_pointer: 0x0 (0), 5g TMSI: 0xC0000009 
[0m[NGAP]   UE 2: Chose AMF 'open5gs-amf' (assoc_id 59) through selected PLMN Identity index 0 MCC 1 MNC 1
[0m[34m[NGAP]   FIVEG_S_TMSI_PRESENT
[0m[32m[NR_RRC]   [DL] (cellID bc614e, UE ID 1 RNTI 382b) Send RRC Release
[0m[34m[NGAP]   NGAP_FIND_PROTOCOLIE_BY_ID ie is NULL (searching for ie: 110)
[0m[93m[NGAP]   could not find NGAP_ProtocolIE_ID_id_UEAggregateMaximumBitRate
[0m[34m[NGAP]   NGAP_FIND_PROTOCOLIE_BY_ID ie is NULL (searching for ie: 71)
[0m[34m[NGAP]   AllowedNSSAI.list.count 2
[0m[34m[NGAP]   NGAP_FIND_PROTOCOLIE_BY_ID ie is NULL (searching for ie: 36)
[0m[32m[NR_RRC]   [--] (cellID bc614e, UE ID 2 RNTI bbfe) Selected security algorithms: ciphering 0, integrity 2
[0m[NR_RRC]   [UE bbfe] Saved security key A3
[0m[NR_RRC]   UE 2 Logical Channel DL-DCCH, Generate SecurityModeCommand (bytes 3)
[0m[32m[NR_RRC]   [UL] (cellID bc614e, UE ID 2 RNTI bbfe) Received Security Mode Complete
[0m[NR_RRC]   UE 2: Logical Channel DL-DCCH, Generate NR UECapabilityEnquiry (bytes 8, xid 1)
[0m[93m[NR_MAC]   UE 382b: Detected UL Failure on PUSCH after 10 PUSCH DTX, stopping scheduling
[0m[32m[NR_RRC]   [UL] (cellID bc614e, UE ID 2 RNTI bbfe) Received UE capabilities
[0m[NR_RRC]   Send message to ngap: NGAP_UE_CAPABILITIES_IND
[0m[32m[NR_RRC]   [DL] (cellID bc614e, UE ID 2 RNTI bbfe) Send DL Information Transfer [14 bytes]
[0m[NR_RRC]   Send message to sctp: NGAP_InitialContextSetupResponse
[0m[32m[NR_RRC]   [UL] (cellID bc614e, UE ID 2 RNTI bbfe) Received RRC UL Information Transfer [83 bytes]
[0m[93m[RLC]   Remove UE 14379
[0m[NR_RRC]   removed UE CU UE ID 1/RNTI 382b 
[0m[NR_MAC]   Remove NR rnti 0x382b
[0m[32m[NR_RRC]   [--] (cellID bc614e, UE ID 1 RNTI 382b) Remove UE context
[0m[NGAP]   PDUSESSIONSetup initiating message
[0m[NR_RRC]   UE 2: received PDU Session Resource Setup Request
[0m[NR_RRC]   Adding pdusession 1, total nb of sessions 1
[0m[NR_RRC]   UE 2: configure DRB ID 1 for PDU session ID 1
[0m[32m[NR_RRC]   [--] (cellID bc614e, UE ID 2 RNTI bbfe) selecting CU-UP ID 3589 based on exact NSSAI match (1:0xffffff)
[0m[RRC]   UE 2 associating to CU-UP assoc_id -1 out of 1 CU-UPs
[0m[GTPU]   [95] Created tunnel for UE ID 2, teid for incoming: bb50ecd6, teid for outgoing 80ec to remote IPv4: 10.128.3.206, IPv6 ::
[0m[PDCP]   added drb 1 to UE ID 2
[0m[SDAP]   Default DRB for the created SDAP entity: 1 
[0m[RRC]   activate SRB 2 of UE 2
[0m[RLC]   Added srb 2 to UE 48126
[0m[RLC]   Added drb 1 to UE 48126
[0m[RLC]   Added DRB to UE 48126
[0m[RRC]   UE 2 trigger UE context setup request with 1 DRBs
[0m[RRC]   UE bbfe replacing existing CellGroupConfig with new one received from DU
[0m[E1AP]   UE 2: updating PDU session ID 1 (1 bearers)
[0m[PDCP]   DRB 1 re-established
[0m[32m[NR_RRC]   [DL] (cellID bc614e, UE ID 2 RNTI bbfe) Generate RRCReconfiguration (bytes 360, xid 3)
[0m[RRC]   UE 2: PDU session ID 1 modified 1 bearers
[0m[32m[NR_RRC]   [UL] (cellID bc614e, UE ID 2 RNTI bbfe) Received RRCReconfigurationComplete
[0m[NR_RRC]   msg index 0, pdu_sessions index 0, status 2, xid 3): nb_of_pdusessions 1,  pdusession_id 1, teid: 3142642902 
 [0m[NR_RRC]   NGAP_PDUSESSION_SETUP_RESP: sending the message
[0m[34m[NGAP]   pdusession_setup_resp_p: pdusession ID 1, gnb_addr 10.131.3.93, SIZE 4, TEID 3142642902
[0m[NR_MAC]   Frame.Slot 384.0
UE RNTI bbfe CU-UE-ID 2 in-sync PH 40 dB PCMAX 21 dBm, average RSRP -77 (7 meas)
UE bbfe: CQI 10, RI 4, PMI (7,1)
UE bbfe: dlsch_rounds 10/1/0/0, dlsch_errors 0, pucch0_DTX 1, BLER 0.09000 MCS (1) 9
UE bbfe: ulsch_rounds 16/0/0/0, ulsch_errors 0, ulsch_DTX 0, BLER 0.06561 MCS (1) 9 (Qm 4 deltaMCS 0 dB) NPRB 5  SNR 23.0 dB
UE bbfe: MAC:    TX           2260 RX           3492 bytes
UE bbfe: LCID 1: TX            438 RX           1319 bytes
UE bbfe: LCID 2: TX              0 RX              0 bytes
UE bbfe: LCID 4: TX              0 RX              0 bytes

[0m[NR_MAC]   Frame.Slot 512.0
UE RNTI bbfe CU-UE-ID 2 in-sync PH 36 dB PCMAX 21 dBm, average RSRP -81 (15 meas)
UE bbfe: CQI 10, RI 4, PMI (6,1)
UE bbfe: dlsch_rounds 12/1/0/0, dlsch_errors 0, pucch0_DTX 1, BLER 0.10290 MCS (1) 9
UE bbfe: ulsch_rounds 32/0/0/0, ulsch_errors 0, ulsch_DTX 0, BLER 0.01668 MCS (1) 9 (Qm 4 deltaMCS 0 dB) NPRB 5  SNR 29.0 dB
UE bbfe: MAC:    TX           3828 RX           6452 bytes
UE bbfe: LCID 1: TX            441 RX           1341 bytes
UE bbfe: LCID 2: TX              0 RX              0 bytes
UE bbfe: LCID 4: TX              0 RX              0 bytes

[0m[NR_MAC]   Frame.Slot 640.0
UE RNTI bbfe CU-UE-ID 2 in-sync PH 32 dB PCMAX 21 dBm, average RSRP -77 (14 meas)
UE bbfe: CQI 10, RI 4, PMI (6,1)
UE bbfe: dlsch_rounds 19/1/0/0, dlsch_errors 0, pucch0_DTX 1, BLER 0.05469 MCS (1) 9
UE bbfe: ulsch_rounds 53/0/0/0, ulsch_errors 0, ulsch_DTX 0, BLER 0.00471 MCS (1) 9 (Qm 4 deltaMCS 0 dB) NPRB 5  SNR 30.0 dB
UE bbfe: MAC:    TX           9316 RX          10152 bytes
UE bbfe: LCID 1: TX            444 RX           1363 bytes
UE bbfe: LCID 2: TX              0 RX              0 bytes
UE bbfe: LCID 4: TX             15 RX            663 bytes

[0m[NR_MAC]   Frame.Slot 768.0
UE RNTI bbfe CU-UE-ID 2 in-sync PH 34 dB PCMAX 21 dBm, average RSRP -77 (15 meas)
UE bbfe: CQI 10, RI 4, PMI (7,1)
UE bbfe: dlsch_rounds 26/1/0/0, dlsch_errors 0, pucch0_DTX 1, BLER 0.03229 MCS (1) 9
UE bbfe: ulsch_rounds 75/0/0/0, ulsch_errors 0, ulsch_DTX 0, BLER 0.00182 MCS (1) 9 (Qm 4 deltaMCS 0 dB) NPRB 5  SNR 27.0 dB
UE bbfe: MAC:    TX          14804 RX          14415 bytes
UE bbfe: LCID 1: TX            450 RX           1407 bytes
UE bbfe: LCID 2: TX              0 RX              0 bytes
UE bbfe: LCID 4: TX             24 RX           1216 bytes

[0m[NR_MAC]   Frame.Slot 896.0
UE RNTI bbfe CU-UE-ID 2 in-sync PH 29 dB PCMAX 21 dBm, average RSRP -77 (15 meas)
UE bbfe: CQI 10, RI 4, PMI (6,1)
UE bbfe: dlsch_rounds 30/1/0/0, dlsch_errors 0, pucch0_DTX 1, BLER 0.02119 MCS (1) 9
UE bbfe: ulsch_rounds 92/0/0/0, ulsch_errors 0, ulsch_DTX 0, BLER 0.00057 MCS (1) 9 (Qm 4 deltaMCS 0 dB) NPRB 5  SNR 28.0 dB
UE bbfe: MAC:    TX          17940 RX          17568 bytes
UE bbfe: LCID 1: TX            453 RX           1429 bytes
UE bbfe: LCID 2: TX              0 RX              0 bytes
UE bbfe: LCID 4: TX             30 RX           1523 bytes

[0m[NR_MAC]   Frame.Slot 0.0
UE RNTI bbfe CU-UE-ID 2 in-sync PH 29 dB PCMAX 21 dBm, average RSRP -77 (16 meas)
UE bbfe: CQI 10, RI 4, PMI (6,1)
UE bbfe: dlsch_rounds 33/1/0/0, dlsch_errors 0, pucch0_DTX 1, BLER 0.01544 MCS (1) 9
UE bbfe: ulsch_rounds 109/0/0/0, ulsch_errors 0, ulsch_DTX 0, BLER 0.00016 MCS (1) 9 (Qm 4 deltaMCS 0 dB) NPRB 5  SNR 28.0 dB
UE bbfe: MAC:    TX          20292 RX          20713 bytes
UE bbfe: LCID 1: TX            456 RX           1451 bytes
UE bbfe: LCID 2: TX              0 RX              0 bytes
UE bbfe: LCID 4: TX             33 RX           1751 bytes

[0m[NR_MAC]   Frame.Slot 128.0
UE RNTI bbfe CU-UE-ID 2 in-sync PH 30 dB PCMAX 21 dBm, average RSRP -77 (16 meas)
UE bbfe: CQI 13, RI 3, PMI (6,0)
UE bbfe: dlsch_rounds 36/1/0/0, dlsch_errors 0, pucch0_DTX 1, BLER 0.01126 MCS (1) 9
UE bbfe: ulsch_rounds 123/0/0/0, ulsch_errors 0, ulsch_DTX 0, BLER 0.00004 MCS (1) 9 (Qm 4 deltaMCS 0 dB) NPRB 5  SNR 31.0 dB
UE bbfe: MAC:    TX          22452 RX          23303 bytes
UE bbfe: LCID 1: TX            459 RX           1473 bytes
UE bbfe: LCID 2: TX              0 RX              0 bytes
UE bbfe: LCID 4: TX             33 RX           1751 bytes

[0m[NR_MAC]   Frame.Slot 256.0
UE RNTI bbfe CU-UE-ID 2 in-sync PH 32 dB PCMAX 21 dBm, average RSRP -77 (15 meas)
UE bbfe: CQI 12, RI 3, PMI (7,0)
UE bbfe: dlsch_rounds 40/1/0/0, dlsch_errors 0, pucch0_DTX 1, BLER 0.00821 MCS (1) 9
UE bbfe: ulsch_rounds 141/0/0/0, ulsch_errors 0, ulsch_DTX 0, BLER 0.00001 MCS (1) 9 (Qm 4 deltaMCS 0 dB) NPRB 5  SNR 29.0 dB
UE bbfe: MAC:    TX          24820 RX          26633 bytes
UE bbfe: LCID 1: TX            465 RX           1517 bytes
UE bbfe: LCID 2: TX              0 RX              0 bytes
UE bbfe: LCID 4: TX             36 RX           1830 bytes

[0m[NR_MAC]   Frame.Slot 384.0
UE RNTI bbfe CU-UE-ID 2 in-sync PH 30 dB PCMAX 21 dBm, average RSRP -76 (16 meas)
UE bbfe: CQI 12, RI 3, PMI (6,0)
UE bbfe: dlsch_rounds 42/1/0/0, dlsch_errors 0, pucch0_DTX 1, BLER 0.00665 MCS (1) 9
UE bbfe: ulsch_rounds 155/0/0/0, ulsch_errors 0, ulsch_DTX 0, BLER 0.00000 MCS (1) 9 (Qm 4 deltaMCS 0 dB) NPRB 5  SNR 30.0 dB
UE bbfe: MAC:    TX          26004 RX          29223 bytes
UE bbfe: LCID 1: TX            468 RX           1539 bytes
UE bbfe: LCID 2: TX              0 RX              0 bytes
UE bbfe: LCID 4: TX             36 RX           1830 bytes

[0m[NR_MAC]   Frame.Slot 512.0
UE RNTI bbfe CU-UE-ID 2 in-sync PH 31 dB PCMAX 21 dBm, average RSRP -77 (16 meas)
UE bbfe: CQI 12, RI 3, PMI (6,0)
UE bbfe: dlsch_rounds 44/1/0/0, dlsch_errors 0, pucch0_DTX 1, BLER 0.00539 MCS (1) 9
UE bbfe: ulsch_rounds 169/0/0/0, ulsch_errors 0, ulsch_DTX 0, BLER 0.00000 MCS (1) 9 (Qm 4 deltaMCS 0 dB) NPRB 5  SNR 30.0 dB
UE bbfe: MAC:    TX          27188 RX          31813 bytes
UE bbfe: LCID 1: TX            471 RX           1561 bytes
UE bbfe: LCID 2: TX              0 RX              0 bytes
UE bbfe: LCID 4: TX             36 RX           1830 bytes

[0m[NR_MAC]   Frame.Slot 640.0
UE RNTI bbfe CU-UE-ID 2 in-sync PH 31 dB PCMAX 21 dBm, average RSRP -77 (16 meas)
UE bbfe: CQI 12, RI 3, PMI (6,0)
UE bbfe: dlsch_rounds 47/1/0/0, dlsch_errors 0, pucch0_DTX 1, BLER 0.00393 MCS (1) 9
UE bbfe: ulsch_rounds 184/0/0/0, ulsch_errors 0, ulsch_DTX 0, BLER 0.00000 MCS (1) 9 (Qm 4 deltaMCS 0 dB) NPRB 5  SNR 28.0 dB
UE bbfe: MAC:    TX          28964 RX          34588 bytes
UE bbfe: LCID 1: TX            474 RX           1583 bytes
UE bbfe: LCID 2: TX              0 RX              0 bytes
UE bbfe: LCID 4: TX             36 RX           1830 bytes

[0m[NR_MAC]   Frame.Slot 768.0
UE RNTI bbfe CU-UE-ID 2 in-sync PH 31 dB PCMAX 21 dBm, average RSRP -76 (15 meas)
UE bbfe: CQI 12, RI 3, PMI (7,0)
UE bbfe: dlsch_rounds 50/1/0/0, dlsch_errors 0, pucch0_DTX 1, BLER 0.00286 MCS (1) 9
UE bbfe: ulsch_rounds 200/0/0/0, ulsch_errors 0, ulsch_DTX 0, BLER 0.00000 MCS (1) 9 (Qm 4 deltaMCS 0 dB) NPRB 5  SNR 29.0 dB
UE bbfe: MAC:    TX          30740 RX          37548 bytes
UE bbfe: LCID 1: TX            480 RX           1627 bytes
UE bbfe: LCID 2: TX              0 RX              0 bytes
UE bbfe: LCID 4: TX             36 RX           1830 bytes

[0m[NR_MAC]   Frame.Slot 896.0
UE RNTI bbfe CU-UE-ID 2 in-sync PH 32 dB PCMAX 21 dBm, average RSRP -76 (14 meas)
UE bbfe: CQI 11, RI 4, PMI (6,1)
UE bbfe: dlsch_rounds 253/7/0/0, dlsch_errors 0, pucch0_DTX 1, BLER 0.00756 MCS (1) 19
UE bbfe: ulsch_rounds 254/0/0/0, ulsch_errors 0, ulsch_DTX 0, BLER 0.00000 MCS (1) 19 (Qm 6 deltaMCS 0 dB) NPRB 5  SNR 27.0 dB
UE bbfe: MAC:    TX       10485564 RX          47469 bytes
UE bbfe: LCID 1: TX            483 RX           1649 bytes
UE bbfe: LCID 2: TX              0 RX              0 bytes
UE bbfe: LCID 4: TX       10412325 RX           2614 bytes

[0m[NR_MAC]   Frame.Slot 0.0
UE RNTI bbfe CU-UE-ID 2 in-sync PH 28 dB PCMAX 21 dBm, average RSRP -76 (12 meas)
UE bbfe: CQI 11, RI 4, PMI (6,0)
UE bbfe: dlsch_rounds 445/18/0/0, dlsch_errors 0, pucch0_DTX 1, BLER 0.04400 MCS (1) 19
UE bbfe: ulsch_rounds 303/0/0/0, ulsch_errors 0, ulsch_DTX 0, BLER 0.00000 MCS (1) 27 (Qm 8 deltaMCS 0 dB) NPRB 5  SNR 33.0 dB
UE bbfe: MAC:    TX       23004710 RX          56719 bytes
UE bbfe: LCID 1: TX            486 RX           1671 bytes
UE bbfe: LCID 2: TX              0 RX              0 bytes
UE bbfe: LCID 4: TX       22864338 RX           2686 bytes

[0m[NR_MAC]   Frame.Slot 128.0
UE RNTI bbfe CU-UE-ID 2 in-sync PH 34 dB PCMAX 21 dBm, average RSRP -76 (11 meas)
UE bbfe: CQI 13, RI 3, PMI (7,0)
UE bbfe: dlsch_rounds 656/25/0/0, dlsch_errors 0, pucch0_DTX 1, BLER 0.05076 MCS (1) 19
UE bbfe: ulsch_rounds 357/0/0/0, ulsch_errors 0, ulsch_DTX 0, BLER 0.00000 MCS (1) 27 (Qm 8 deltaMCS 0 dB) NPRB 5  SNR 31.0 dB
UE bbfe: MAC:    TX       36790182 RX          66709 bytes
UE bbfe: LCID 1: TX            489 RX           1693 bytes
UE bbfe: LCID 2: TX              0 RX              0 bytes
UE bbfe: LCID 4: TX       36574516 RX           2840 bytes

[0m[1;31m[RLC]   1 SDU rejected, SDU buffer full
[0m[NR_MAC]   Frame.Slot 256.0
UE RNTI bbfe CU-UE-ID 2 in-sync PH 30 dB PCMAX 21 dBm, average RSRP -76 (15 meas)
UE bbfe: CQI 13, RI 3, PMI (7,0)
UE bbfe: dlsch_rounds 709/29/0/0, dlsch_errors 0, pucch0_DTX 1, BLER 0.06407 MCS (1) 19
UE bbfe: ulsch_rounds 388/0/0/0, ulsch_errors 0, ulsch_DTX 0, BLER 0.00000 MCS (1) 20 (Qm 8 deltaMCS 0 dB) NPRB 5  SNR 31.0 dB
UE bbfe: MAC:    TX       40569835 RX          72259 bytes
UE bbfe: LCID 1: TX            492 RX           1781 bytes
UE bbfe: LCID 2: TX              0 RX              0 bytes
UE bbfe: LCID 4: TX       40337504 RX           2875 bytes

[0m[1;31m[NR_MAC]   invalid cqi_idx 0, default to MCS 9
[0m[1;31m[NR_MAC]   UE bbfe: reported RSRP index 2 invalid
[0m[93m[NR_MAC]   UE bbfe: Detected UL Failure on PUSCH after 10 PUSCH DTX, stopping scheduling
[0m[NR_MAC]   RACH.indication put_queue successfull
[0m[32m[NR_MAC]   321.19 UE RA-RNTI 010b TC-RNTI b694: Activating RA process index 0
[0m[NR_MAC]   UE b694: Msg3 scheduled at 322.17 (322.6 TDA 2)
[0m[32m[NR_MAC]   UE b694: 322.6 Generating RA-Msg2 DCI, RA RNTI 0x10b, state 1, CoreSetType 0, preamble_index(RAPID) 11, timing_offset = 0 (estimated distance 0.0 [m])
[0m[32m[NR_MAC]   322.6 Send RAR to RA-RNTI 010b
[0m[NR_MAC]   Adding new UE context with RNTI 0xb694
[0m[32m[NR_MAC]    322.17 PUSCH with TC_RNTI 0xb694 received correctly
[0m[MAC]   [RAPROC] Received SDU for CCCH length 6 for UE b694
[0m[RLC]   Activated srb0 for UE 46740
[0m[RLC]   Added srb 1 to UE 46740
[0m[NR_MAC]   Activating scheduling Msg4 for TC_RNTI 0xb694 (state WAIT_Msg3)
[0m[93m[NR_MAC]   Unexpected ULSCH HARQ PID 0 (have -1) for RNTI 0xb694
[0m[NR_RRC]   Decoding CCCH: RNTI b694, payload_size 6
[0m[NR_RRC]   Reestablishment RNTI b694 req C-RNTI bbfe physCellId 0 cause Other Failure
[0m[NR_RRC]   Reestablishment update key pci=0, earfcn_dl=649920
[0m[32m[NR_RRC]   Send RRCReestablishment [2 bytes] to RNTI b694
[0m[NR_RRC]   Set PDCP security UE 2 RNTI b694 nea 0 nia 2 in RRCReestablishment
[0m[PDCP]   SRB 1 re-established
[0m[NR_MAC]   Remove NR rnti 0xbbfe
[0m[93m[RLC]   Remove UE 46740
[0m[RLC]   Update old UE ID 48126 context to ID 46740
[0m[RLC]   Re-establish RLC for SRB 1
[0m[NR_MAC]   UE b694 Generate Msg4: feedback at  323. 8, payload 28 bytes, next state nrRA_WAIT_Msg4_MsgB_ACK
[0m[32m[NR_MAC]    323.14 UE b694: Received Ack of Msg4. CBRA procedure succeeded!
[0m[32m[NR_RRC]   [UL] (cellID bc614e, UE ID 2 RNTI b694) Received RRCReestablishmentComplete
[0m[NR_RRC]   UE 2 Processing NR_RRCReestablishmentComplete from UE
[0m[PDCP]   SRB 2 re-established
[0m[E1AP]   UE 2: updating PDU session ID 1 (1 bearers)
[0m[PDCP]   DRB 1 re-established
[0m[NR_RRC]   UE 2 RNTI b694: Generate NR_RRCReconfiguration after reestablishment complete (bytes 206)
[0m[RRC]   UE 2: PDU session ID 1 modified 1 bearers
[0m[32m[NR_RRC]   [UL] (cellID bc614e, UE ID 2 RNTI b694) Received RRCReconfigurationComplete
[0m[NR_MAC]   Frame.Slot 384.0
UE RNTI b694 CU-UE-ID 2 in-sync PH 36 dB PCMAX 21 dBm, average RSRP -76 (6 meas)
UE b694: CQI 11, RI 4, PMI (6,1)
UE b694: dlsch_rounds 241/0/0/0, dlsch_errors 0, pucch0_DTX 0, BLER 0.05905 MCS (1) 9
UE b694: ulsch_rounds 30/0/0/0, ulsch_errors 0, ulsch_DTX 0, BLER 0.05905 MCS (1) 9 (Qm 4 deltaMCS 0 dB) NPRB 5  SNR 31.0 dB
UE b694: MAC:    TX        7266494 RX           5281 bytes
UE b694: LCID 1: TX            220 RX             48 bytes
UE b694: LCID 2: TX              0 RX              0 bytes
UE b694: LCID 4: TX        7247487 RX             42 bytes

[0m[NR_MAC]   Frame.Slot 512.0
UE RNTI b694 CU-UE-ID 2 in-sync PH 30 dB PCMAX 21 dBm, average RSRP -76 (10 meas)
UE b694: CQI 11, RI 4, PMI (7,1)
UE b694: dlsch_rounds 497/4/0/0, dlsch_errors 0, pucch0_DTX 0, BLER 0.02701 MCS (1) 19
UE b694: ulsch_rounds 82/0/0/0, ulsch_errors 0, ulsch_DTX 0, BLER 0.01501 MCS (1) 21 (Qm 8 deltaMCS 0 dB) NPRB 5  SNR 27.0 dB
UE b694: MAC:    TX       22490000 RX          14901 bytes
UE b694: LCID 1: TX            223 RX             70 bytes
UE b694: LCID 2: TX              0 RX              0 bytes
UE b694: LCID 4: TX       22428550 RX            114 bytes

[0m[NR_MAC]   Frame.Slot 640.0
UE RNTI b694 CU-UE-ID 2 in-sync PH 29 dB PCMAX 21 dBm, average RSRP -76 (10 meas)
UE b694: CQI 11, RI 4, PMI (6,0)
UE b694: dlsch_rounds 685/9/0/0, dlsch_errors 0, pucch0_DTX 0, BLER 0.02502 MCS (1) 19
UE b694: ulsch_rounds 127/0/0/0, ulsch_errors 0, ulsch_DTX 0, BLER 0.00424 MCS (1) 27 (Qm 8 deltaMCS 0 dB) NPRB 5  SNR 30.0 dB
UE b694: MAC:    TX       36194312 RX          23411 bytes
UE b694: LCID 1: TX            229 RX            114 bytes
UE b694: LCID 2: TX              0 RX              0 bytes
UE b694: LCID 4: TX       36072349 RX            183 bytes

[0m[NR_MAC]   Frame.Slot 768.0
UE RNTI b694 CU-UE-ID 2 in-sync PH 31 dB PCMAX 21 dBm, average RSRP -76 (9 meas)
UE b694: CQI 13, RI 3, PMI (5,1)
UE b694: dlsch_rounds 880/15/0/0, dlsch_errors 0, pucch0_DTX 0, BLER 0.03993 MCS (1) 19
UE b694: ulsch_rounds 172/0/0/0, ulsch_errors 0, ulsch_DTX 0, BLER 0.00108 MCS (1) 26 (Qm 8 deltaMCS 0 dB) NPRB 5  SNR 30.0 dB
UE b694: MAC:    TX       50475477 RX          31736 bytes
UE b694: LCID 1: TX            232 RX            136 bytes
UE b694: LCID 2: TX              0 RX              0 bytes
UE b694: LCID 4: TX       50291110 RX            246 bytes

[0m