[UTIL]   running in SA mode (no --phy-test, --do-ra, --nsa option present)
[0m[OPT]   OPT disabled
[0m[HW]   Version: Branch: HEAD Abrev. Hash: f0fce7c167 Date: Tue Feb 25 22:58:21 2025 +0000
[0m[GNB_APP]   Initialized RAN Context: RC.nb_nr_inst = 1, RC.nb_nr_macrlc_inst = 1, RC.nb_nr_L1_inst = 0, RC.nb_RU = 0, RC.nb_nr_CC[0] = 0
[0m[GNB_APP]   pdsch_AntennaPorts N1 1 N2 1 XP 2 pusch_AntennaPorts 2
[0m[1;31m[GNB_APP]   RU information not present in config file. Assuming physical antenna ports equal to logical antenna ports 2
[0m[GNB_APP]   minTXRXTIME 3
[0m[GNB_APP]   SIB1 TDA 1
[0m[GNB_APP]   CSI-RS 1, SRS 0, 256 QAM may be on, delta_MCS off, maxMIMO_Layers -1, HARQ feedback enabled, num DLHARQ:16, num ULHARQ:16
[0m[GNB_APP]   sr_ProhibitTimer 0, sr_TransMax 64, sr_ProhibitTimer_v1700 0, t300 400, t301 400, t310 2000, n310 10, t311 3000, n311 1, t319 400
[0m[NR_MAC]   Candidates per PDCCH aggregation level on UESS: L1: 0, L2: 2, L4: 0, L8: 0, L16: 0
[0m[RRC]   Read in ServingCellConfigCommon (PhysCellId 0, ABSFREQSSB 649920, DLBand 78, ABSFREQPOINTA 646724, DLBW 273,RACH_TargetReceivedPower -96
[0m[RRC]   absoluteFrequencySSB 649920 corresponds to 3748800000 Hz
[0m[NR_MAC]   TDD period index = 6, based on the sum of dl_UL_TransmissionPeriodicity from Pattern1 (5.000000 ms) and Pattern2 (0.000000 ms): Total = 5.000000 ms
[0m[UTIL]   threadCreate() for MAC_STATS: creating thread with affinity ffffffff, priority 2
[0m[NR_MAC]   PUSCH Target 280, PUCCH Target 100, PUCCH Failure 10, PUSCH Failure 10
[0m[GNB_APP]   Configuring VNF for Aerial connection with prefix (null)
[0m[NR_PHY]   Copying 0 blacklisted PRB to L1 context
[0m[NR_MAC]   Set TX antenna number to 2, Set RX antenna number to 2 (num ssb 1: 80000000,0)
[0m[NR_MAC]   TDD period index = 6, based on the sum of dl_UL_TransmissionPeriodicity from Pattern1 (5.000000 ms) and Pattern2 (0.000000 ms): Total = 5.000000 ms
[0m[NR_MAC]   Set TDD configuration period to: 7 DL slots, 3 UL slots, 10 slots per period (NR_TDD_UL_DL_Pattern is 6 DL slots, 3 UL slots, 10 DL symbols, 0 UL symbols)
[0m[NR_MAC]   Configured 1 TDD patterns (total slots: pattern1 = 10, pattern2 = 0)
[0m[NR_PHY]   Set TDD Period Configuration: 2 periods per frame, 20 slots to be configured (7 DL, 3 UL)
[0m[NR_PHY]   TDD period configuration: slot 0 is DOWNLINK
[0m[NR_PHY]   TDD period configuration: slot 1 is DOWNLINK
[0m[NR_PHY]   TDD period configuration: slot 2 is DOWNLINK
[0m[NR_PHY]   TDD period configuration: slot 3 is DOWNLINK
[0m[NR_PHY]   TDD period configuration: slot 4 is DOWNLINK
[0m[NR_PHY]   TDD period configuration: slot 5 is DOWNLINK
[0m[NR_PHY]   TDD period configuration: slot 6 is FLEXIBLE: DDDDDDDDDDFFFF
[0m[NR_PHY]   TDD period configuration: slot 7 is UPLINK
[0m[NR_PHY]   TDD period configuration: slot 8 is UPLINK
[0m[NR_PHY]   TDD period configuration: slot 9 is UPLINK
[0m[NR_RRC]   SIB1 freq: offsetToPointA 246
[0m[GNB_APP]   F1AP: gNB idx 0 gNB_DU_id 3589, gNB_DU_name gNB-OAI-devkit05, TAC 1 MCC/MNC/length 1/1/2 cellID 12345678
[0m[GNB_APP]   ngran_DU: Configuring Cell 0 for TDD
[0m[GNB_APP]   SDAP layer is disabled
[0m[GNB_APP]   Data Radio Bearer count 1
[0m[NR_RRC]   do_SIB23_NR, size 9
[0m[UTIL]   threadCreate() for TASK_SCTP: creating thread with affinity ffffffff, priority 50
[0m[X2AP]   X2AP is disabled.
[0m[UTIL]   threadCreate() for TASK_NGAP: creating thread with affinity ffffffff, priority 50
[0m[34m[NGAP]   Starting NGAP layer
[0m[UTIL]   threadCreate() for TASK_GNB_APP: creating thread with affinity ffffffff, priority 50
[0m[NGAP]   Registered new gNB[0] and macro gNB id 3589
[0m[NGAP]   [gNB 0] check the amf registration state
[0m[UTIL]   threadCreate() for TASK_RRC_GNB: creating thread with affinity ffffffff, priority 50
[0m[NR_RRC]   Entering main loop of NR_RRC message task
[0m[GTPU]   Configuring GTPu
[0m[NR_RRC]   Received F1 Setup Request from gNB_DU 3589 (gNB-OAI-devkit05) on assoc_id -1
[0m[GTPU]   SA mode 
[0m[GTPU]   Configuring GTPu address : 10.131.3.93, port : 2152
[0m[GTPU]   Initializing UDP for local address 10.131.3.93 with port 2152
[0m[RRC]   Accepting DU 3589 (gNB-OAI-devkit05), sending F1 Setup Response
[0m[RRC]   DU uses RRC version 17.3.0
[0m[GTPU]   Created gtpu instance id: 95
[0m[MAC]   received F1 Setup Response from CU (null)
[0m[MAC]   CU uses RRC version 17.3.0
[0m[MAC]   Clearing the DU's UE states before, if any.
[0m[UTIL]   threadCreate() for TASK_GTPV1_U: creating thread with affinity ffffffff, priority 50
[0m[NR_RRC]   Accepting new CU-UP ID 3589 name gNB-OAI-devkit05 (assoc_id -1)
[0m[32m[NGAP]   Send NGSetupRequest to AMF
[0m[NGAP]   3589 -> 0000e050
[0m[34m[NGAP]   servedGUAMIs.list.count 1
[0m[34m[NGAP]   PLMNSupportList.list.count 1
[0m[34m[NGAP]   PLMNSupportList.list.count 3
[0m[32m[NGAP]   Received NGSetupResponse from AMF
[0m[GNB_APP]   [gNB 0] Received NGAP_REGISTER_GNB_CNF: associated AMF 1
[0m[NFAPI_VNF]   nvIPC_Init: creating IPC interface with prefix nvipc
[0m[NFAPI_VNF]   nvIPC_Init: create IPC interface successful
[0m[UTIL]   threadCreate() for vnf_nvipc_aerial: creating thread with affinity 1c, priority 50
[0m[NFAPI_VNF]   Received CONFIG.response, gNB is ready! 
[0m[1;31m[NFAPI_VNF]   
============================================================================
sfn slot doesn't match unpacked one! L2->L1 0.0  vs L1->L2 0.3  
============================================================================
[0m[NR_MAC]   Frame.Slot 128.0

[0m[1;31m[NFAPI_VNF]   
============================================================================
sfn slot doesn't match unpacked one! L2->L1 185.3  vs L1->L2 185.5  
============================================================================
[0m[NR_MAC]   Frame.Slot 256.0

[0m[NR_MAC]   Frame.Slot 384.0

[0m[NR_MAC]   Frame.Slot 512.0

[0m[NR_MAC]   Frame.Slot 640.0

[0m[NR_MAC]   Frame.Slot 768.0

[0m[NR_MAC]   Frame.Slot 896.0

[0m[NR_MAC]   Frame.Slot 0.0

[0m[NR_MAC]   Frame.Slot 128.0

[0m[NR_MAC]   Frame.Slot 256.0

[0m[NR_MAC]   Frame.Slot 384.0

[0m[NR_MAC]   Frame.Slot 512.0

[0m[NR_MAC]   Frame.Slot 640.0

[0m[NR_MAC]   RACH.indication put_queue successfull
[0m[32m[NR_MAC]   646.19 UE RA-RNTI 010b TC-RNTI 8b2d: Activating RA process index 0
[0m[NR_MAC]   UE 8b2d: Msg3 scheduled at 647.17 (647.6 TDA 2)
[0m[32m[NR_MAC]   UE 8b2d: 647.6 Generating RA-Msg2 DCI, RA RNTI 0x10b, state 1, CoreSetType 0, preamble_index(RAPID) 6, timing_offset = 0 (estimated distance 0.0 [m])
[0m[32m[NR_MAC]   647.6 Send RAR to RA-RNTI 010b
[0m[NR_MAC]   Adding new UE context with RNTI 0x8b2d
[0m[32m[NR_MAC]    647.17 PUSCH with TC_RNTI 0x8b2d received correctly
[0m[MAC]   [RAPROC] Received SDU for CCCH length 6 for UE 8b2d
[0m[RLC]   Activated srb0 for UE 35629
[0m[RLC]   Added srb 1 to UE 35629
[0m[NR_MAC]   Activating scheduling Msg4 for TC_RNTI 0x8b2d (state WAIT_Msg3)
[0m[93m[NR_MAC]   Unexpected ULSCH HARQ PID 0 (have -1) for RNTI 0x8b2d
[0m[NR_RRC]   Decoding CCCH: RNTI 8b2d, payload_size 6
[0m[32m[NR_RRC]   [--] (cellID 0, UE ID 1 RNTI 8b2d) Create UE context: CU UE ID 1 DU UE ID 35629 (rnti: 8b2d, random ue id 8e9fbea0b7000000)
[0m[RRC]   activate SRB 1 of UE 1
[0m[32m[NR_RRC]   [DL] (cellID bc614e, UE ID 1 RNTI 8b2d) Send RRC Setup
[0m[NR_MAC]   UE 8b2d Generate Msg4: feedback at  648. 7, payload 225 bytes, next state nrRA_WAIT_Msg4_MsgB_ACK
[0m[32m[NR_MAC]    648.13 UE 8b2d: Received Ack of Msg4. CBRA procedure succeeded!
[0m[32m[NR_RRC]   [UL] (cellID bc614e, UE ID 1 RNTI 8b2d) Received RRCSetupComplete (RRC_CONNECTED reached)
[0m[NGAP]   UE 1: Chose AMF 'open5gs-amf' (assoc_id 74) through selected PLMN Identity index 0 MCC 1 MNC 1
[0m[32m[NR_RRC]   [DL] (cellID bc614e, UE ID 1 RNTI 8b2d) Send DL Information Transfer [42 bytes]
[0m[32m[NR_RRC]   [UL] (cellID bc614e, UE ID 1 RNTI 8b2d) Received RRC UL Information Transfer [24 bytes]
[0m[32m[NR_RRC]   [DL] (cellID bc614e, UE ID 1 RNTI 8b2d) Send DL Information Transfer [19 bytes]
[0m[32m[NR_RRC]   [UL] (cellID bc614e, UE ID 1 RNTI 8b2d) Received RRC UL Information Transfer [73 bytes]
[0m[34m[NGAP]   NGAP_FIND_PROTOCOLIE_BY_ID ie is NULL (searching for ie: 110)
[0m[93m[NGAP]   could not find NGAP_ProtocolIE_ID_id_UEAggregateMaximumBitRate
[0m[34m[NGAP]   NGAP_FIND_PROTOCOLIE_BY_ID ie is NULL (searching for ie: 71)
[0m[34m[NGAP]   AllowedNSSAI.list.count 2
[0m[34m[NGAP]   NGAP_FIND_PROTOCOLIE_BY_ID ie is NULL (searching for ie: 36)
[0m[32m[NR_RRC]   [--] (cellID bc614e, UE ID 1 RNTI 8b2d) Selected security algorithms: ciphering 0, integrity 2
[0m[NR_RRC]   [UE 8b2d] Saved security key E5
[0m[NR_RRC]   UE 1 Logical Channel DL-DCCH, Generate SecurityModeCommand (bytes 3)
[0m[32m[NR_RRC]   [UL] (cellID bc614e, UE ID 1 RNTI 8b2d) Received Security Mode Complete
[0m[NR_RRC]   UE 1: Logical Channel DL-DCCH, Generate NR UECapabilityEnquiry (bytes 8, xid 1)
[0m[32m[NR_RRC]   [UL] (cellID bc614e, UE ID 1 RNTI 8b2d) Received UE capabilities
[0m[NR_RRC]   Send message to ngap: NGAP_UE_CAPABILITIES_IND
[0m[32m[NR_RRC]   [DL] (cellID bc614e, UE ID 1 RNTI 8b2d) Send DL Information Transfer [57 bytes]
[0m[NR_RRC]   Send message to sctp: NGAP_InitialContextSetupResponse
[0m[32m[NR_RRC]   [UL] (cellID bc614e, UE ID 1 RNTI 8b2d) Received RRC UL Information Transfer [13 bytes]
[0m[32m[NR_RRC]   [DL] (cellID bc614e, UE ID 1 RNTI 8b2d) Send DL Information Transfer [46 bytes]
[0m[NR_MAC]   Frame.Slot 768.0
UE RNTI 8b2d CU-UE-ID 1 in-sync PH 38 dB PCMAX 21 dBm, average RSRP -93 (13 meas)
UE 8b2d: CQI 14, RI 2, PMI (0,0)
UE 8b2d: dlsch_rounds 13/0/0/0, dlsch_errors 0, pucch0_DTX 0, BLER 0.07290 MCS (0) 9
UE 8b2d: ulsch_rounds 24/0/0/0, ulsch_errors 0, ulsch_DTX 0, BLER 0.03487 MCS (0) 9 (Qm 2 deltaMCS 0 dB) NPRB 5  SNR 27.0 dB
UE 8b2d: MAC:    TX           2472 RX           3796 bytes
UE 8b2d: LCID 1: TX            253 RX           1314 bytes

[0m[NR_MAC]   Frame.Slot 896.0
UE RNTI 8b2d CU-UE-ID 1 in-sync PH 31 dB PCMAX 21 dBm, average RSRP -93 (16 meas)
UE 8b2d: CQI 14, RI 2, PMI (0,0)
UE 8b2d: dlsch_rounds 14/0/0/0, dlsch_errors 0, pucch0_DTX 0, BLER 0.06561 MCS (0) 9
UE 8b2d: ulsch_rounds 38/0/0/0, ulsch_errors 0, ulsch_DTX 0, BLER 0.00886 MCS (0) 9 (Qm 2 deltaMCS 0 dB) NPRB 5  SNR 27.0 dB
UE 8b2d: MAC:    TX           2697 RX           5210 bytes
UE 8b2d: LCID 1: TX            253 RX           1314 bytes

[0m[1;31m[NFAPI_VNF]   
============================================================================
sfn slot doesn't match unpacked one! L2->L1 972.12  vs L1->L2 972.16  
============================================================================
[0m[1;31m[NFAPI_VNF]   
============================================================================
sfn slot doesn't match unpacked one! L2->L1 973.2  vs L1->L2 973.7  
============================================================================
[0m[NR_MAC]   Frame.Slot 0.0
UE RNTI 8b2d CU-UE-ID 1 in-sync PH 31 dB PCMAX 21 dBm, average RSRP -93 (16 meas)
UE 8b2d: CQI 14, RI 2, PMI (0,0)
UE 8b2d: dlsch_rounds 15/0/0/0, dlsch_errors 0, pucch0_DTX 0, BLER 0.05905 MCS (0) 9
UE 8b2d: ulsch_rounds 50/0/0/0, ulsch_errors 0, ulsch_DTX 0, BLER 0.00250 MCS (0) 9 (Qm 2 deltaMCS 0 dB) NPRB 5  SNR 30.0 dB
UE 8b2d: MAC:    TX           2922 RX           6422 bytes
UE 8b2d: LCID 1: TX            253 RX           1314 bytes

[0m[NR_MAC]   Frame.Slot 128.0
UE RNTI 8b2d CU-UE-ID 1 in-sync PH 31 dB PCMAX 21 dBm, average RSRP -93 (16 meas)
UE 8b2d: CQI 14, RI 2, PMI (0,0)
UE 8b2d: dlsch_rounds 17/0/0/0, dlsch_errors 0, pucch0_DTX 0, BLER 0.04783 MCS (0) 9
UE 8b2d: ulsch_rounds 63/0/0/0, ulsch_errors 0, ulsch_DTX 0, BLER 0.00064 MCS (0) 9 (Qm 2 deltaMCS 0 dB) NPRB 5  SNR 29.0 dB
UE 8b2d: MAC:    TX           3372 RX           7735 bytes
UE 8b2d: LCID 1: TX            253 RX           1314 bytes

[0m[NR_MAC]   Frame.Slot 256.0
UE RNTI 8b2d CU-UE-ID 1 in-sync PH 30 dB PCMAX 21 dBm, average RSRP -94 (16 meas)
UE 8b2d: CQI 14, RI 2, PMI (0,0)
UE 8b2d: dlsch_rounds 18/0/0/0, dlsch_errors 0, pucch0_DTX 0, BLER 0.04305 MCS (0) 9
UE 8b2d: ulsch_rounds 76/0/0/0, ulsch_errors 0, ulsch_DTX 0, BLER 0.00016 MCS (0) 9 (Qm 2 deltaMCS 0 dB) NPRB 5  SNR 33.0 dB
UE 8b2d: MAC:    TX           3597 RX           9048 bytes
UE 8b2d: LCID 1: TX            253 RX           1314 bytes

[0m[NR_MAC]   Frame.Slot 384.0
UE RNTI 8b2d CU-UE-ID 1 in-sync PH 27 dB PCMAX 21 dBm, average RSRP -94 (16 meas)
UE 8b2d: CQI 14, RI 2, PMI (0,0)
UE 8b2d: dlsch_rounds 19/0/0/0, dlsch_errors 0, pucch0_DTX 0, BLER 0.03874 MCS (0) 9
UE 8b2d: ulsch_rounds 90/0/0/0, ulsch_errors 0, ulsch_DTX 0, BLER 0.00004 MCS (0) 9 (Qm 2 deltaMCS 0 dB) NPRB 5  SNR 32.0 dB
UE 8b2d: MAC:    TX           3822 RX          10462 bytes
UE 8b2d: LCID 1: TX            253 RX           1314 bytes

[0m[NR_MAC]   Frame.Slot 512.0
UE RNTI 8b2d CU-UE-ID 1 in-sync PH 31 dB PCMAX 21 dBm, average RSRP -94 (16 meas)
UE 8b2d: CQI 14, RI 2, PMI (0,0)
UE 8b2d: dlsch_rounds 20/0/0/0, dlsch_errors 0, pucch0_DTX 0, BLER 0.03487 MCS (0) 9
UE 8b2d: ulsch_rounds 102/0/0/0, ulsch_errors 0, ulsch_DTX 0, BLER 0.00001 MCS (0) 9 (Qm 2 deltaMCS 0 dB) NPRB 5  SNR 28.0 dB
UE 8b2d: MAC:    TX           4047 RX          11674 bytes
UE 8b2d: LCID 1: TX            253 RX           1314 bytes

[0m[NR_MAC]   Frame.Slot 640.0
UE RNTI 8b2d CU-UE-ID 1 in-sync PH 28 dB PCMAX 21 dBm, average RSRP -93 (16 meas)
UE 8b2d: CQI 14, RI 2, PMI (0,0)
UE 8b2d: dlsch_rounds 22/0/0/0, dlsch_errors 0, pucch0_DTX 0, BLER 0.02824 MCS (0) 9
UE 8b2d: ulsch_rounds 115/0/0/0, ulsch_errors 0, ulsch_DTX 0, BLER 0.00000 MCS (0) 9 (Qm 2 deltaMCS 0 dB) NPRB 5  SNR 29.0 dB
UE 8b2d: MAC:    TX           4497 RX          12987 bytes
UE 8b2d: LCID 1: TX            253 RX           1314 bytes

[0m[NR_MAC]   RACH.indication put_queue successfull
[0m[32m[NR_MAC]   681.19 UE RA-RNTI 010b TC-RNTI 9252: Activating RA process index 0
[0m[NR_MAC]   UE 9252: Msg3 scheduled at 682.17 (682.6 TDA 2)
[0m[32m[NR_MAC]   UE 9252: 682.6 Generating RA-Msg2 DCI, RA RNTI 0x10b, state 1, CoreSetType 0, preamble_index(RAPID) 1, timing_offset = 0 (estimated distance 0.0 [m])
[0m[32m[NR_MAC]   682.6 Send RAR to RA-RNTI 010b
[0m[NR_MAC]   Adding new UE context with RNTI 0x9252
[0m[32m[NR_MAC]    682.17 PUSCH with TC_RNTI 0x9252 received correctly
[0m[MAC]   [RAPROC] Received SDU for CCCH length 6 for UE 9252
[0m[RLC]   Activated srb0 for UE 37458
[0m[RLC]   Added srb 1 to UE 37458
[0m[NR_MAC]   Activating scheduling Msg4 for TC_RNTI 0x9252 (state WAIT_Msg3)
[0m[93m[NR_MAC]   Unexpected ULSCH HARQ PID 0 (have -1) for RNTI 0x9252
[0m[NR_RRC]   Decoding CCCH: RNTI 9252, payload_size 6
[0m[NR_RRC]   Received UE 5G-S-TMSI-Part1 278099133864
[0m[32m[NR_RRC]   [--] (cellID 0, UE ID 2 RNTI 9252) Create UE context: CU UE ID 2 DU UE ID 37458 (rnti: 9252, random ue id 40c00005a8)
[0m[RRC]   activate SRB 1 of UE 2
[0m[32m[NR_RRC]   [DL] (cellID bc614e, UE ID 2 RNTI 9252) Send RRC Setup
[0m[NR_MAC]   UE 9252 Generate Msg4: feedback at  683. 7, payload 225 bytes, next state nrRA_WAIT_Msg4_MsgB_ACK
[0m[32m[NR_MAC]    683.13 UE 9252: Received Ack of Msg4. CBRA procedure succeeded!
[0m[32m[NR_RRC]   [UL] (cellID bc614e, UE ID 2 RNTI 9252) Received RRCSetupComplete (RRC_CONNECTED reached)
[0m[RRC]   s_tmsi part2 0 (00 00)
[0m[NR_RRC]   5g_s_TMSI: 0x40C00005A8, amf_set_id: 0x1 (1), amf_pointer: 0x0 (0), 5g TMSI: 0xC00005A8 
[0m[NGAP]   UE 2: Chose AMF 'open5gs-amf' (assoc_id 74) through selected PLMN Identity index 0 MCC 1 MNC 1
[0m[34m[NGAP]   FIVEG_S_TMSI_PRESENT
[0m[32m[NR_RRC]   [DL] (cellID bc614e, UE ID 1 RNTI 8b2d) Send RRC Release
[0m[34m[NGAP]   NGAP_FIND_PROTOCOLIE_BY_ID ie is NULL (searching for ie: 110)
[0m[93m[NGAP]   could not find NGAP_ProtocolIE_ID_id_UEAggregateMaximumBitRate
[0m[34m[NGAP]   NGAP_FIND_PROTOCOLIE_BY_ID ie is NULL (searching for ie: 71)
[0m[34m[NGAP]   AllowedNSSAI.list.count 2
[0m[34m[NGAP]   NGAP_FIND_PROTOCOLIE_BY_ID ie is NULL (searching for ie: 36)
[0m[32m[NR_RRC]   [--] (cellID bc614e, UE ID 2 RNTI 9252) Selected security algorithms: ciphering 0, integrity 2
[0m[NR_RRC]   [UE 9252] Saved security key 86
[0m[NR_RRC]   UE 2 Logical Channel DL-DCCH, Generate SecurityModeCommand (bytes 3)
[0m[32m[NR_RRC]   [UL] (cellID bc614e, UE ID 2 RNTI 9252) Received Security Mode Complete
[0m[NR_RRC]   UE 2: Logical Channel DL-DCCH, Generate NR UECapabilityEnquiry (bytes 8, xid 3)
[0m[32m[NR_RRC]   [UL] (cellID bc614e, UE ID 2 RNTI 9252) Received UE capabilities
[0m[NR_RRC]   Send message to ngap: NGAP_UE_CAPABILITIES_IND
[0m[32m[NR_RRC]   [DL] (cellID bc614e, UE ID 2 RNTI 9252) Send DL Information Transfer [14 bytes]
[0m[NR_RRC]   Send message to sctp: NGAP_InitialContextSetupResponse
[0m[32m[NR_RRC]   [UL] (cellID bc614e, UE ID 2 RNTI 9252) Received RRC UL Information Transfer [83 bytes]
[0m[93m[NR_MAC]   UE 8b2d: Detected UL Failure on PUSCH after 10 PUSCH DTX, stopping scheduling
[0m[93m[RLC]   Remove UE 35629
[0m[NR_RRC]   removed UE CU UE ID 1/RNTI 8b2d 
[0m[NR_MAC]   Remove NR rnti 0x8b2d
[0m[32m[NR_RRC]   [--] (cellID bc614e, UE ID 1 RNTI 8b2d) Remove UE context
[0m[NGAP]   PDUSESSIONSetup initiating message
[0m[NR_RRC]   UE 2: received PDU Session Resource Setup Request
[0m[NR_RRC]   Adding pdusession 1, total nb of sessions 1
[0m[NR_RRC]   UE 2: configure DRB ID 1 for PDU session ID 1
[0m[32m[NR_RRC]   [--] (cellID bc614e, UE ID 2 RNTI 9252) selecting CU-UP ID 3589 based on exact NSSAI match (1:0xffffff)
[0m[RRC]   UE 2 associating to CU-UP assoc_id -1 out of 1 CU-UPs
[0m[GTPU]   [95] Created tunnel for UE ID 2, teid for incoming: 1d9bfcc1, teid for outgoing 4da5 to remote IPv4: 10.128.3.206, IPv6 ::
[0m[PDCP]   added drb 1 to UE ID 2
[0m[SDAP]   Default DRB for the created SDAP entity: 1 
[0m[RRC]   activate SRB 2 of UE 2
[0m[RLC]   Added srb 2 to UE 37458
[0m[RLC]   Added drb 1 to UE 37458
[0m[RLC]   Added DRB to UE 37458
[0m[RRC]   UE 2 trigger UE context setup request with 1 DRBs
[0m[RRC]   UE 9252 replacing existing CellGroupConfig with new one received from DU
[0m[E1AP]   UE 2: updating PDU session ID 1 (1 bearers)
[0m[PDCP]   DRB 1 re-established
[0m[32m[NR_RRC]   [DL] (cellID bc614e, UE ID 2 RNTI 9252) Generate RRCReconfiguration (bytes 359, xid 1)
[0m[RRC]   UE 2: PDU session ID 1 modified 1 bearers
[0m[1;31m[RLC]   max RETX reached on SRB 1
[0m[93m[RLC]   UE 9252: RLF detected, but no callable RLF handler registered
[0m[1;31m[RLC]   max RETX reached on SRB 1
[0m[93m[RLC]   UE 9252: RLF detected, but no callable RLF handler registered
[0m[1;31m[RLC]   max RETX reached on SRB 1
[0m[93m[RLC]   UE 9252: RLF detected, but no callable RLF handler registered
[0m[1;31m[RLC]   max RETX reached on SRB 1
[0m[93m[RLC]   UE 9252: RLF detected, but no callable RLF handler registered
[0m[NR_MAC]   Frame.Slot 768.0
UE RNTI 9252 CU-UE-ID 2 in-sync PH 36 dB PCMAX 21 dBm, average RSRP -94 (9 meas)
UE 9252: CQI 13, RI 2, PMI (0,0)
UE 9252: dlsch_rounds 20/12/12/12, dlsch_errors 12, pucch0_DTX 1, BLER 0.40295 MCS (1) 6
UE 9252: ulsch_rounds 15/5/5/5, ulsch_errors 5, ulsch_DTX 0, BLER 0.39173 MCS (1) 6 (Qm 4 deltaMCS 0 dB) NPRB 5  SNR 26.0 dB
UE 9252: MAC:    TX           6088 RX           2382 bytes
UE 9252: LCID 1: TX           4835 RX           1284 bytes
UE 9252: LCID 2: TX              0 RX              0 bytes
UE 9252: LCID 4: TX              0 RX              0 bytes

[0m[1;31m[RLC]   max RETX reached on SRB 1
[0m[93m[RLC]   UE 9252: RLF detected, but no callable RLF handler registered
[0m[1;31m[RLC]   max RETX reached on SRB 1
[0m[93m[RLC]   UE 9252: RLF detected, but no callable RLF handler registered
[0m[1;31m[RLC]   max RETX reached on SRB 1
[0m[93m[RLC]   UE 9252: RLF detected, but no callable RLF handler registered
[0m[1;31m[RLC]   max RETX reached on SRB 1
[0m[93m[RLC]   UE 9252: RLF detected, but no callable RLF handler registered
[0m[1;31m[RLC]   max RETX reached on SRB 1
[0m[93m[RLC]   UE 9252: RLF detected, but no callable RLF handler registered
[0m[1;31m[RLC]   max RETX reached on SRB 1
[0m[93m[RLC]   UE 9252: RLF detected, but no callable RLF handler registered
[0m[1;31m[RLC]   max RETX reached on SRB 1
[0m[93m[RLC]   UE 9252: RLF detected, but no callable RLF handler registered
[0m[1;31m[RLC]   max RETX reached on SRB 1
[0m[93m[RLC]   UE 9252: RLF detected, but no callable RLF handler registered
[0m[1;31m[RLC]   max RETX reached on SRB 1
[0m[93m[RLC]   UE 9252: RLF detected, but no callable RLF handler registered
[0m[1;31m[RLC]   max RETX reached on SRB 1
[0m[93m[RLC]   UE 9252: RLF detected, but no callable RLF handler registered
[0m[1;31m[RLC]   max RETX reached on SRB 1
[0m[93m[RLC]   UE 9252: RLF detected, but no callable RLF handler registered
[0m[1;31m[RLC]   max RETX reached on SRB 1
[0m[93m[RLC]   UE 9252: RLF detected, but no callable RLF handler registered
[0m[1;31m[RLC]   max RETX reached on SRB 1
[0m[93m[RLC]   UE 9252: RLF detected, but no callable RLF handler registered
[0m[1;31m[RLC]   max RETX reached on SRB 1
[0m[93m[RLC]   UE 9252: RLF detected, but no callable RLF handler registered
[0m[1;31m[RLC]   max RETX reached on SRB 1
[0m[93m[RLC]   UE 9252: RLF detected, but no callable RLF handler registered
[0m[1;31m[RLC]   max RETX reached on SRB 1
[0m[93m[RLC]   UE 9252: RLF detected, but no callable RLF handler registered
[0m[1;31m[RLC]   max RETX reached on SRB 1
[0m[93m[RLC]   UE 9252: RLF detected, but no callable RLF handler registered
[0m[1;31m[RLC]   max RETX reached on SRB 1
[0m[93m[RLC]   UE 9252: RLF detected, but no callable RLF handler registered
[0m[1;31m[RLC]   max RETX reached on SRB 1
[0m[93m[RLC]   UE 9252: RLF detected, but no callable RLF handler registered
[0m[1;31m[RLC]   max RETX reached on SRB 1
[0m[93m[RLC]   UE 9252: RLF detected, but no callable RLF handler registered
[0m[1;31m[RLC]   max RETX reached on SRB 1
[0m[93m[RLC]   UE 9252: RLF detected, but no callable RLF handler registered
[0m[1;31m[RLC]   max RETX reached on SRB 1
[0m[93m[RLC]   UE 9252: RLF detected, but no callable RLF handler registered
[0m[1;31m[RLC]   max RETX reached on SRB 1
[0m[93m[RLC]   UE 9252: RLF detected, but no callable RLF handler registered
[0m[1;31m[RLC]   max RETX reached on SRB 1
[0m[93m[RLC]   UE 9252: RLF detected, but no callable RLF handler registered
[0m[1;31m[RLC]   max RETX reached on SRB 1
[0m[93m[RLC]   UE 9252: RLF detected, but no callable RLF handler registered
[0m[1;31m[RLC]   max RETX reached on SRB 1
[0m[93m[RLC]   UE 9252: RLF detected, but no callable RLF handler registered
[0m[1;31m[RLC]   max RETX reached on SRB 1
[0m[93m[RLC]   UE 9252: RLF detected, but no callable RLF handler registered
[0m[NR_MAC]   Frame.Slot 896.0
UE RNTI 9252 CU-UE-ID 2 in-sync PH 36 dB PCMAX 21 dBm, average RSRP -94 (16 meas)
UE 9252: CQI 14, RI 2, PMI (0,0)
UE 9252: dlsch_rounds 48/41/41/41, dlsch_errors 41, pucch0_DTX 2, BLER 0.79182 MCS (1) 6
UE 9252: ulsch_rounds 26/16/16/16, ulsch_errors 16, ulsch_DTX 0, BLER 0.80912 MCS (1) 6 (Qm 4 deltaMCS 0 dB) NPRB 5  SNR 32.0 dB
UE 9252: MAC:    TX          16841 RX           2382 bytes
UE 9252: LCID 1: TX          14744 RX           1284 bytes
UE 9252: LCID 2: TX              0 RX              0 bytes
UE 9252: LCID 4: TX              0 RX              0 bytes

[0m[1;31m[RLC]   max RETX reached on SRB 1
[0m[93m[RLC]   UE 9252: RLF detected, but no callable RLF handler registered
[0m[1;31m[RLC]   max RETX reached on SRB 1
[0m[93m[RLC]   UE 9252: RLF detected, but no callable RLF handler registered
[0m[1;31m[RLC]   max RETX reached on SRB 1
[0m[93m[RLC]   UE 9252: RLF detected, but no callable RLF handler registered
[0m[1;31m[RLC]   max RETX reached on SRB 1
[0m[93m[RLC]   UE 9252: RLF detected, but no callable RLF handler registered
[0m[1;31m[RLC]   max RETX reached on SRB 1
[0m[93m[RLC]   UE 9252: RLF detected, but no callable RLF handler registered
[0m[1;31m[RLC]   max RETX reached on SRB 1
[0m[93m[RLC]   UE 9252: RLF detected, but no callable RLF handler registered
[0m[1;31m[RLC]   max RETX reached on SRB 1
[0m[93m[RLC]   UE 9252: RLF detected, but no callable RLF handler registered
[0m[1;31m[RLC]   max RETX reached on SRB 1
[0m[93m[RLC]   UE 9252: RLF detected, but no callable RLF handler registered
[0m[1;31m[RLC]   max RETX reached on SRB 1
[0m[93m[RLC]   UE 9252: RLF detected, but no callable RLF handler registered
[0m[1;31m[RLC]   max RETX reached on SRB 1
[0m[93m[RLC]   UE 9252: RLF detected, but no callable RLF handler registered
[0m[1;31m[RLC]   max RETX reached on SRB 1
[0m[93m[RLC]   UE 9252: RLF detected, but no callable RLF handler registered
[0m[1;31m[RLC]   max RETX reached on SRB 1
[0m[93m[RLC]   UE 9252: RLF detected, but no callable RLF handler registered
[0m[1;31m[RLC]   max RETX reached on SRB 1
[0m[93m[RLC]   UE 9252: RLF detected, but no callable RLF handler registered
[0m[1;31m[RLC]   max RETX reached on SRB 1
[0m[93m[RLC]   UE 9252: RLF detected, but no callable RLF handler registered
[0m[1;31m[RLC]   max RETX reached on SRB 1
[0m[93m[RLC]   UE 9252: RLF detected, but no callable RLF handler registered
[0m[1;31m[RLC]   max RETX reached on SRB 1
[0m[93m[RLC]   UE 9252: RLF detected, but no callable RLF handler registered
[0m[1;31m[RLC]   max RETX reached on SRB 1
[0m[93m[RLC]   UE 9252: RLF detected, but no callable RLF handler registered
[0m[1;31m[RLC]   max RETX reached on SRB 1
[0m[93m[RLC]   UE 9252: RLF detected, but no callable RLF handler registered
[0m[1;31m[RLC]   max RETX reached on SRB 1
[0m[93m[RLC]   UE 9252: RLF detected, but no callable RLF handler registered
[0m[1;31m[RLC]   max RETX reached on SRB 1
[0m[93m[RLC]   UE 9252: RLF detected, but no callable RLF handler registered
[0m[1;31m[RLC]   max RETX reached on SRB 1
[0m[93m[RLC]   UE 9252: RLF detected, but no callable RLF handler registered
[0m[1;31m[RLC]   max RETX reached on SRB 1
[0m[93m[RLC]   UE 9252: RLF detected, but no callable RLF handler registered
[0m[1;31m[RLC]   max RETX reached on SRB 1
[0m[93m[RLC]   UE 9252: RLF detected, but no callable RLF handler registered
[0m[1;31m[RLC]   max RETX reached on SRB 1
[0m[93m[RLC]   UE 9252: RLF detected, but no callable RLF handler registered
[0m[1;31m[RLC]   max RETX reached on SRB 1
[0m[93m[RLC]   UE 9252: RLF detected, but no callable RLF handler registered
[0m[1;31m[RLC]   max RETX reached on SRB 1
[0m[93m[RLC]   UE 9252: RLF detected, but no callable RLF handler registered
[0m[1;31m[RLC]   max RETX reached on SRB 1
[0m[93m[RLC]   UE 9252: RLF detected, but no callable RLF handler registered
[0m[1;31m[RLC]   max RETX reached on SRB 1
[0m[93m[RLC]   UE 9252: RLF detected, but no callable RLF handler registered
[0m[NR_MAC]   Frame.Slot 0.0
UE RNTI 9252 CU-UE-ID 2 in-sync PH 36 dB PCMAX 21 dBm, average RSRP -94 (16 meas)
UE 9252: CQI 14, RI 2, PMI (0,0)
UE 9252: dlsch_rounds 78/71/71/71, dlsch_errors 71, pucch0_DTX 3, BLER 0.93467 MCS (1) 6
UE 9252: ulsch_rounds 38/28/28/28, ulsch_errors 28, ulsch_DTX 0, BLER 0.94609 MCS (1) 6 (Qm 4 deltaMCS 0 dB) NPRB 5  SNR 26.0 dB
UE 9252: MAC:    TX          28276 RX           2382 bytes
UE 9252: LCID 1: TX          25020 RX           1284 bytes
UE 9252: LCID 2: TX              0 RX              0 bytes
UE 9252: LCID 4: TX              0 RX              0 bytes

[0m[1;31m[RLC]   max RETX reached on SRB 1
[0m[93m[RLC]   UE 9252: RLF detected, but no callable RLF handler registered
[0m[1;31m[RLC]   max RETX reached on SRB 1
[0m[93m[RLC]   UE 9252: RLF detected, but no callable RLF handler registered
[0m[1;31m[RLC]   max RETX reached on SRB 1
[0m[93m[RLC]   UE 9252: RLF detected, but no callable RLF handler registered
[0m[1;31m[RLC]   max RETX reached on SRB 1
[0m[93m[RLC]   UE 9252: RLF detected, but no callable RLF handler registered
[0m[1;31m[RLC]   max RETX reached on SRB 1
[0m[93m[RLC]   UE 9252: RLF detected, but no callable RLF handler registered
[0m[1;31m[RLC]   max RETX reached on SRB 1
[0m[93m[RLC]   UE 9252: RLF detected, but no callable RLF handler registered
[0m[1;31m[RLC]   max RETX reached on SRB 1
[0m[93m[RLC]   UE 9252: RLF detected, but no callable RLF handler registered
[0m[1;31m[RLC]   max RETX reached on SRB 1
[0m[93m[RLC]   UE 9252: RLF detected, but no callable RLF handler registered
[0m[1;31m[RLC]   max RETX reached on SRB 1
[0m[93m[RLC]   UE 9252: RLF detected, but no callable RLF handler registered
[0m[1;31m[RLC]   max RETX reached on SRB 1
[0m[93m[RLC]   UE 9252: RLF detected, but no callable RLF handler registered
[0m[1;31m[RLC]   max RETX reached on SRB 1
[0m[93m[RLC]   UE 9252: RLF detected, but no callable RLF handler registered
[0m[1;31m[RLC]   max RETX reached on SRB 1
[0m[93m[RLC]   UE 9252: RLF detected, but no callable RLF handler registered
[0m[1;31m[RLC]   max RETX reached on SRB 1
[0m[93m[RLC]   UE 9252: RLF detected, but no callable RLF handler registered
[0m[1;31m[RLC]   max RETX reached on SRB 1
[0m[93m[RLC]   UE 9252: RLF detected, but no callable RLF handler registered
[0m[1;31m[RLC]   max RETX reached on SRB 1
[0m[93m[RLC]   UE 9252: RLF detected, but no callable RLF handler registered
[0m[1;31m[RLC]   max RETX reached on SRB 1
[0m[93m[RLC]   UE 9252: RLF detected, but no callable RLF handler registered
[0m[1;31m[RLC]   max RETX reached on SRB 1
[0m[93m[RLC]   UE 9252: RLF detected, but no callable RLF handler registered
[0m[1;31m[RLC]   max RETX reached on SRB 1
[0m[93m[RLC]   UE 9252: RLF detected, but no callable RLF handler registered
[0m[1;31m[RLC]   max RETX reached on SRB 1
[0m[93m[RLC]   UE 9252: RLF detected, but no callable RLF handler registered
[0m[1;31m[RLC]   max RETX reached on SRB 1
[0m[93m[RLC]   UE 9252: RLF detected, but no callable RLF handler registered
[0m[1;31m[RLC]   max RETX reached on SRB 1
[0m[93m[RLC]   UE 9252: RLF detected, but no callable RLF handler registered
[0m[1;31m[RLC]   max RETX reached on SRB 1
[0m[93m[RLC]   UE 9252: RLF detected, but no callable RLF handler registered
[0m[1;31m[RLC]   max RETX reached on SRB 1
[0m[93m[RLC]   UE 9252: RLF detected, but no callable RLF handler registered
[0m[1;31m[RLC]   max RETX reached on SRB 1
[0m[93m[RLC]   UE 9252: RLF detected, but no callable RLF handler registered
[0m[1;31m[RLC]   max RETX reached on SRB 1
[0m[93m[RLC]   UE 9252: RLF detected, but no callable RLF handler registered
[0m[1;31m[RLC]   max RETX reached on SRB 1
[0m[93m[RLC]   UE 9252: RLF detected, but no callable RLF handler registered
[0m[1;31m[RLC]   max RETX reached on SRB 1
[0m[93m[RLC]   UE 9252: RLF detected, but no callable RLF handler registered
[0m[1;31m[RLC]   max RETX reached on SRB 1
[0m[93m[RLC]   UE 9252: RLF detected, but no callable RLF handler registered
[0m[NR_MAC]   Frame.Slot 128.0
UE RNTI 9252 CU-UE-ID 2 in-sync PH 36 dB PCMAX 21 dBm, average RSRP -94 (16 meas)
UE 9252: CQI 14, RI 2, PMI (0,0)
UE 9252: dlsch_rounds 107/100/99/99, dlsch_errors 99, pucch0_DTX 4, BLER 0.97722 MCS (1) 6
UE 9252: ulsch_rounds 50/40/40/40, ulsch_errors 40, ulsch_DTX 0, BLER 0.98477 MCS (1) 6 (Qm 4 deltaMCS 0 dB) NPRB 5  SNR 31.0 dB
UE 9252: MAC:    TX          39417 RX           2382 bytes
UE 9252: LCID 1: TX          35296 RX           1284 bytes
UE 9252: LCID 2: TX              0 RX              0 bytes
UE 9252: LCID 4: TX              0 RX              0 bytes

[0m[1;31m[RLC]   max RETX reached on SRB 1
[0m[93m[RLC]   UE 9252: RLF detected, but no callable RLF handler registered
[0m[1;31m[RLC]   max RETX reached on SRB 1
[0m[93m[RLC]   UE 9252: RLF detected, but no callable RLF handler registered
[0m[1;31m[RLC]   max RETX reached on SRB 1
[0m[93m[RLC]   UE 9252: RLF detected, but no callable RLF handler registered
[0m[1;31m[RLC]   max RETX reached on SRB 1
[0m[93m[RLC]   UE 9252: RLF detected, but no callable RLF handler registered
[0m[1;31m[RLC]   max RETX reached on SRB 1
[0m[93m[RLC]   UE 9252: RLF detected, but no callable RLF handler registered
[0m[1;31m[RLC]   max RETX reached on SRB 1
[0m[93m[RLC]   UE 9252: RLF detected, but no callable RLF handler registered
[0m[1;31m[RLC]   max RETX reached on SRB 1
[0m[93m[RLC]   UE 9252: RLF detected, but no callable RLF handler registered
[0m[1;31m[RLC]   max RETX reached on SRB 1
[0m[93m[RLC]   UE 9252: RLF detected, but no callable RLF handler registered
[0m[1;31m[RLC]   max RETX reached on SRB 1
[0m[93m[RLC]   UE 9252: RLF detected, but no callable RLF handler registered
[0m[1;31m[RLC]   max RETX reached on SRB 1
[0m[93m[RLC]   UE 9252: RLF detected, but no callable RLF handler registered
[0m[1;31m[RLC]   max RETX reached on SRB 1
[0m[93m[RLC]   UE 9252: RLF detected, but no callable RLF handler registered
[0m[1;31m[RLC]   max RETX reached on SRB 1
[0m[93m[RLC]   UE 9252: RLF detected, but no callable RLF handler registered
[0m[1;31m[RLC]   max RETX reached on SRB 1
[0m[93m[RLC]   UE 9252: RLF detected, but no callable RLF handler registered
[0m[1;31m[RLC]   max RETX reached on SRB 1
[0m[93m[RLC]   UE 9252: RLF detected, but no callable RLF handler registered
[0m[1;31m[RLC]   max RETX reached on SRB 1
[0m[93m[RLC]   UE 9252: RLF detected, but no callable RLF handler registered
[0m[1;31m[RLC]   max RETX reached on SRB 1
[0m[93m[RLC]   UE 9252: RLF detected, but no callable RLF handler registered
[0m[1;31m[RLC]   max RETX reached on SRB 1
[0m[93m[RLC]   UE 9252: RLF detected, but no callable RLF handler registered
[0m[1;31m[RLC]   max RETX reached on SRB 1
[0m[93m[RLC]   UE 9252: RLF detected, but no callable RLF handler registered
[0m[1;31m[RLC]   max RETX reached on SRB 1
[0m[93m[RLC]   UE 9252: RLF detected, but no callable RLF handler registered
[0m[1;31m[RLC]   max RETX reached on SRB 1
[0m[93m[RLC]   UE 9252: RLF detected, but no callable RLF handler registered
[0m[1;31m[RLC]   max RETX reached on SRB 1
[0m[93m[RLC]   UE 9252: RLF detected, but no callable RLF handler registered
[0m[1;31m[RLC]   max RETX reached on SRB 1
[0m[93m[RLC]   UE 9252: RLF detected, but no callable RLF handler registered
[0m[1;31m[RLC]   max RETX reached on SRB 1
[0m[93m[RLC]   UE 9252: RLF detected, but no callable RLF handler registered
[0m[1;31m[RLC]   max RETX reached on SRB 1
[0m[93m[RLC]   UE 9252: RLF detected, but no callable RLF handler registered
[0m[1;31m[RLC]   max RETX reached on SRB 1
[0m[93m[RLC]   UE 9252: RLF detected, but no callable RLF handler registered
[0m[1;31m[RLC]   max RETX reached on SRB 1
[0m[93m[RLC]   UE 9252: RLF detected, but no callable RLF handler registered
[0m[1;31m[RLC]   max RETX reached on SRB 1
[0m[93m[RLC]   UE 9252: RLF detected, but no callable RLF handler registered
[0m[NR_MAC]   Frame.Slot 256.0
UE RNTI 9252 CU-UE-ID 2 in-sync PH 36 dB PCMAX 21 dBm, average RSRP -94 (16 meas)
UE 9252: CQI 14, RI 2, PMI (0,0)
UE 9252: dlsch_rounds 135/128/128/128, dlsch_errors 128, pucch0_DTX 11, BLER 0.99206 MCS (1) 6
UE 9252: ulsch_rounds 61/51/51/51, ulsch_errors 51, ulsch_DTX 0, BLER 0.99522 MCS (1) 6 (Qm 4 deltaMCS 0 dB) NPRB 5  SNR 31.0 dB
UE 9252: MAC:    TX          50170 RX           2382 bytes
UE 9252: LCID 1: TX          45205 RX           1284 bytes
UE 9252: LCID 2: TX              0 RX              0 bytes
UE 9252: LCID 4: TX              0 RX              0 bytes

[0m[1;31m[RLC]   max RETX reached on SRB 1
[0m[93m[RLC]   UE 9252: RLF detected, but no callable RLF handler registered
[0m[1;31m[RLC]   max RETX reached on SRB 1
[0m[93m[RLC]   UE 9252: RLF detected, but no callable RLF handler registered
[0m[1;31m[RLC]   max RETX reached on SRB 1
[0m[93m[RLC]   UE 9252: RLF detected, but no callable RLF handler registered
[0m[1;31m[RLC]   max RETX reached on SRB 1
[0m[93m[RLC]   UE 9252: RLF detected, but no callable RLF handler registered
[0m[1;31m[RLC]   max RETX reached on SRB 1
[0m[93m[RLC]   UE 9252: RLF detected, but no callable RLF handler registered
[0m[1;31m[RLC]   max RETX reached on SRB 1
[0m[93m[RLC]   UE 9252: RLF detected, but no callable RLF handler registered
[0m[1;31m[RLC]   max RETX reached on SRB 1
[0m[93m[RLC]   UE 9252: RLF detected, but no callable RLF handler registered
[0m[1;31m[RLC]   max RETX reached on SRB 1
[0m[93m[RLC]   UE 9252: RLF detected, but no callable RLF handler registered
[0m[1;31m[RLC]   max RETX reached on SRB 1
[0m[93m[RLC]   UE 9252: RLF detected, but no callable RLF handler registered
[0m[1;31m[RLC]   max RETX reached on SRB 1
[0m[93m[RLC]   UE 9252: RLF detected, but no callable RLF handler registered
[0m[1;31m[RLC]   max RETX reached on SRB 1
[0m[93m[RLC]   UE 9252: RLF detected, but no callable RLF handler registered
[0m[1;31m[RLC]   max RETX reached on SRB 1
[0m[93m[RLC]   UE 9252: RLF detected, but no callable RLF handler registered
[0m[1;31m[RLC]   max RETX reached on SRB 1
[0m[93m[RLC]   UE 9252: RLF detected, but no callable RLF handler registered
[0m[1;31m[RLC]   max RETX reached on SRB 1
[0m[93m[RLC]   UE 9252: RLF detected, but no callable RLF handler registered
[0m[1;31m[RLC]   max RETX reached on SRB 1
[0m[93m[RLC]   UE 9252: RLF detected, but no callable RLF handler registered
[0m[1;31m[RLC]   max RETX reached on SRB 1
[0m[93m[RLC]   UE 9252: RLF detected, but no callable RLF handler registered
[0m[1;31m[RLC]   max RETX reached on SRB 1
[0m[93m[RLC]   UE 9252: RLF detected, but no callable RLF handler registered
[0m[1;31m[RLC]   max RETX reached on SRB 1
[0m[93m[RLC]   UE 9252: RLF detected, but no callable RLF handler registered
[0m[1;31m[RLC]   max RETX reached on SRB 1
[0m[93m[RLC]   UE 9252: RLF detected, but no callable RLF handler registered
[0m[1;31m[RLC]   max RETX reached on SRB 1
[0m[93m[RLC]   UE 9252: RLF detected, but no callable RLF handler registered
[0m[1;31m[RLC]   max RETX reached on SRB 1
[0m[93m[RLC]   UE 9252: RLF detected, but no callable RLF handler registered
[0m[1;31m[RLC]   max RETX reached on SRB 1
[0m[93m[RLC]   UE 9252: RLF detected, but no callable RLF handler registered
[0m[1;31m[RLC]   max RETX reached on SRB 1
[0m[93m[RLC]   UE 9252: RLF detected, but no callable RLF handler registered
[0m[1;31m[RLC]   max RETX reached on SRB 1
[0m[93m[RLC]   UE 9252: RLF detected, but no callable RLF handler registered
[0m[1;31m[RLC]   max RETX reached on SRB 1
[0m[93m[RLC]   UE 9252: RLF detected, but no callable RLF handler registered
[0m[1;31m[RLC]   max RETX reached on SRB 1
[0m[93m[RLC]   UE 9252: RLF detected, but no callable RLF handler registered
[0m[1;31m[NFAPI_VNF]   
============================================================================
sfn slot doesn't match unpacked one! L2->L1 377.0  vs L1->L2 377.2  
============================================================================
[0m[1;31m[RLC]   max RETX reached on SRB 1
[0m[93m[RLC]   UE 9252: RLF detected, but no callable RLF handler registered
[0m[1;31m[RLC]   max RETX reached on SRB 1
[0m[93m[RLC]   UE 9252: RLF detected, but no callable RLF handler registered
[0m[NR_MAC]   Frame.Slot 384.0
UE RNTI 9252 CU-UE-ID 2 in-sync PH 36 dB PCMAX 21 dBm, average RSRP -93 (16 meas)
UE 9252: CQI 14, RI 2, PMI (0,0)
UE 9252: dlsch_rounds 164/157/157/157, dlsch_errors 157, pucch0_DTX 12, BLER 0.99751 MCS (1) 6
UE 9252: ulsch_rounds 73/63/63/63, ulsch_errors 63, ulsch_DTX 0, BLER 0.99850 MCS (1) 6 (Qm 4 deltaMCS 0 dB) NPRB 5  SNR 22.0 dB
UE 9252: MAC:    TX          61328 RX           2382 bytes
UE 9252: LCID 1: TX          55481 RX           1284 bytes
UE 9252: LCID 2: TX              0 RX              0 bytes
UE 9252: LCID 4: TX              0 RX              0 bytes

[0m[1;31m[RLC]   max RETX reached on SRB 1
[0m[93m[RLC]   UE 9252: RLF detected, but no callable RLF handler registered
[0m[1;31m[RLC]   max RETX reached on SRB 1
[0m[93m[RLC]   UE 9252: RLF detected, but no callable RLF handler registered
[0m[1;31m[RLC]   max RETX reached on SRB 1
[0m[93m[RLC]   UE 9252: RLF detected, but no callable RLF handler registered
[0m[1;31m[RLC]   max RETX reached on SRB 1
[0m[93m[RLC]   UE 9252: RLF detected, but no callable RLF handler registered
[0m[1;31m[RLC]   max RETX reached on SRB 1
[0m[93m[RLC]   UE 9252: RLF detected, but no callable RLF handler registered
[0m[1;31m[RLC]   max RETX reached on SRB 1
[0m[93m[RLC]   UE 9252: RLF detected, but no callable RLF handler registered
[0m[1;31m[RLC]   max RETX reached on SRB 1
[0m[93m[RLC]   UE 9252: RLF detected, but no callable RLF handler registered
[0m[1;31m[RLC]   max RETX reached on SRB 1
[0m[93m[RLC]   UE 9252: RLF detected, but no callable RLF handler registered
[0m[1;31m[RLC]   max RETX reached on SRB 1
[0m[93m[RLC]   UE 9252: RLF detected, but no callable RLF handler registered
[0m[1;31m[RLC]   max RETX reached on SRB 1
[0m[93m[RLC]   UE 9252: RLF detected, but no callable RLF handler registered
[0m[1;31m[RLC]   max RETX reached on SRB 1
[0m[93m[RLC]   UE 9252: RLF detected, but no callable RLF handler registered
[0m[1;31m[RLC]   max RETX reached on SRB 1
[0m[93m[RLC]   UE 9252: RLF detected, but no callable RLF handler registered
[0m[1;31m[RLC]   max RETX reached on SRB 1
[0m[93m[RLC]   UE 9252: RLF detected, but no callable RLF handler registered
[0m[1;31m[RLC]   max RETX reached on SRB 1
[0m[93m[RLC]   UE 9252: RLF detected, but no callable RLF handler registered
[0m[1;31m[RLC]   max RETX reached on SRB 1
[0m[93m[RLC]   UE 9252: RLF detected, but no callable RLF handler registered
[0m[1;31m[RLC]   max RETX reached on SRB 1
[0m[93m[RLC]   UE 9252: RLF detected, but no callable RLF handler registered
[0m[1;31m[RLC]   max RETX reached on SRB 1
[0m[93m[RLC]   UE 9252: RLF detected, but no callable RLF handler registered
[0m[1;31m[RLC]   max RETX reached on SRB 1
[0m[93m[RLC]   UE 9252: RLF detected, but no callable RLF handler registered
[0m[1;31m[RLC]   max RETX reached on SRB 1
[0m[93m[RLC]   UE 9252: RLF detected, but no callable RLF handler registered
[0m[1;31m[RLC]   max RETX reached on SRB 1
[0m[93m[RLC]   UE 9252: RLF detected, but no callable RLF handler registered
[0m[1;31m[RLC]   max RETX reached on SRB 1
[0m[93m[RLC]   UE 9252: RLF detected, but no callable RLF handler registered
[0m[1;31m[RLC]   max RETX reached on SRB 1
[0m[93m[RLC]   UE 9252: RLF detected, but no callable RLF handler registered
[0m[1;31m[RLC]   max RETX reached on SRB 1
[0m[93m[RLC]   UE 9252: RLF detected, but no callable RLF handler registered
[0m[1;31m[RLC]   max RETX reached on SRB 1
[0m[93m[RLC]   UE 9252: RLF detected, but no callable RLF handler registered
[0m[1;31m[RLC]   max RETX reached on SRB 1
[0m[93m[RLC]   UE 9252: RLF detected, but no callable RLF handler registered
[0m[1;31m[RLC]   max RETX reached on SRB 1
[0m[93m[RLC]   UE 9252: RLF detected, but no callable RLF handler registered
[0m[1;31m[RLC]   max RETX reached on SRB 1
[0m[93m[RLC]   UE 9252: RLF detected, but no callable RLF handler registered
[0m[1;31m[RLC]   max RETX reached on SRB 1
[0m[93m[RLC]   UE 9252: RLF detected, but no callable RLF handler registered
[0m[NR_MAC]   Frame.Slot 512.0
UE RNTI 9252 CU-UE-ID 2 in-sync PH 36 dB PCMAX 21 dBm, average RSRP -93 (16 meas)
UE 9252: CQI 14, RI 2, PMI (0,0)
UE 9252: dlsch_rounds 194/187/186/186, dlsch_errors 186, pucch0_DTX 15, BLER 0.99913 MCS (1) 6
UE 9252: ulsch_rounds 86/76/76/76, ulsch_errors 75, ulsch_DTX 0, BLER 0.99958 MCS (1) 6 (Qm 4 deltaMCS 0 dB) NPRB 5  SNR 26.0 dB
UE 9252: MAC:    TX          72746 RX           2382 bytes
UE 9252: LCID 1: TX          65757 RX           1284 bytes
UE 9252: LCID 2: TX              0 RX              0 bytes
UE 9252: LCID 4: TX              0 RX              0 bytes

[0m[1;31m[RLC]   max RETX reached on SRB 1
[0m[93m[RLC]   UE 9252: RLF detected, but no callable RLF handler registered
[0m[1;31m[RLC]   max RETX reached on SRB 1
[0m[93m[RLC]   UE 9252: RLF detected, but no callable RLF handler registered
[0m[1;31m[RLC]   max RETX reached on SRB 1
[0m[93m[RLC]   UE 9252: RLF detected, but no callable RLF handler registered
[0m[1;31m[RLC]   max RETX reached on SRB 1
[0m[93m[RLC]   UE 9252: RLF detected, but no callable RLF handler registered
[0m[1;31m[RLC]   max RETX reached on SRB 1
[0m[93m[RLC]   UE 9252: RLF detected, but no callable RLF handler registered
[0m[1;31m[RLC]   max RETX reached on SRB 1
[0m[93m[RLC]   UE 9252: RLF detected, but no callable RLF handler registered
[0m[1;31m[RLC]   max RETX reached on SRB 1
[0m[93m[RLC]   UE 9252: RLF detected, but no callable RLF handler registered
[0m[1;31m[RLC]   max RETX reached on SRB 1
[0m[93m[RLC]   UE 9252: RLF detected, but no callable RLF handler registered
[0m[1;31m[RLC]   max RETX reached on SRB 1
[0m[93m[RLC]   UE 9252: RLF detected, but no callable RLF handler registered
[0m[1;31m[RLC]   max RETX reached on SRB 1
[0m[93m[RLC]   UE 9252: RLF detected, but no callable RLF handler registered
[0m[1;31m[RLC]   max RETX reached on SRB 1
[0m[93m[RLC]   UE 9252: RLF detected, but no callable RLF handler registered
[0m[1;31m[RLC]   max RETX reached on SRB 1
[0m[93m[RLC]   UE 9252: RLF detected, but no callable RLF handler registered
[0m[1;31m[RLC]   max RETX reached on SRB 1
[0m[93m[RLC]   UE 9252: RLF detected, but no callable RLF handler registered
[0m[1;31m[RLC]   max RETX reached on SRB 1
[0m[93m[RLC]   UE 9252: RLF detected, but no callable RLF handler registered
[0m[1;31m[RLC]   max RETX reached on SRB 1
[0m[93m[RLC]   UE 9252: RLF detected, but no callable RLF handler registered
[0m[1;31m[RLC]   max RETX reached on SRB 1
[0m[93m[RLC]   UE 9252: RLF detected, but no callable RLF handler registered
[0m[1;31m[RLC]   max RETX reached on SRB 1
[0m[93m[RLC]   UE 9252: RLF detected, but no callable RLF handler registered
[0m[1;31m[RLC]   max RETX reached on SRB 1
[0m[93m[RLC]   UE 9252: RLF detected, but no callable RLF handler registered
[0m[1;31m[RLC]   max RETX reached on SRB 1
[0m[93m[RLC]   UE 9252: RLF detected, but no callable RLF handler registered
[0m[1;31m[RLC]   max RETX reached on SRB 1
[0m[93m[RLC]   UE 9252: RLF detected, but no callable RLF handler registered
[0m[1;31m[RLC]   max RETX reached on SRB 1
[0m[93m[RLC]   UE 9252: RLF detected, but no callable RLF handler registered
[0m[1;31m[RLC]   max RETX reached on SRB 1
[0m[93m[RLC]   UE 9252: RLF detected, but no callable RLF handler registered
[0m[1;31m[RLC]   max RETX reached on SRB 1
[0m[93m[RLC]   UE 9252: RLF detected, but no callable RLF handler registered
[0m[1;31m[RLC]   max RETX reached on SRB 1
[0m[93m[RLC]   UE 9252: RLF detected, but no callable RLF handler registered
[0m[1;31m[RLC]   max RETX reached on SRB 1
[0m[93m[RLC]   UE 9252: RLF detected, but no callable RLF handler registered
[0m[1;31m[RLC]   max RETX reached on SRB 1
[0m[93m[RLC]   UE 9252: RLF detected, but no callable RLF handler registered
[0m[1;31m[RLC]   max RETX reached on SRB 1
[0m[93m[RLC]   UE 9252: RLF detected, but no callable RLF handler registered
[0m[NR_MAC]   Frame.Slot 640.0
UE RNTI 9252 CU-UE-ID 2 in-sync PH 36 dB PCMAX 21 dBm, average RSRP -93 (16 meas)
UE 9252: CQI 14, RI 2, PMI (0,0)
UE 9252: dlsch_rounds 222/215/215/215, dlsch_errors 215, pucch0_DTX 17, BLER 0.99973 MCS (1) 6
UE 9252: ulsch_rounds 97/87/87/87, ulsch_errors 87, ulsch_DTX 0, BLER 0.99987 MCS (1) 6 (Qm 4 deltaMCS 0 dB) NPRB 5  SNR 31.0 dB
UE 9252: MAC:    TX          83516 RX           2382 bytes
UE 9252: LCID 1: TX          75666 RX           1284 bytes
UE 9252: LCID 2: TX              0 RX              0 bytes
UE 9252: LCID 4: TX              0 RX              0 bytes

[0m[1;31m[RLC]   max RETX reached on SRB 1
[0m[93m[RLC]   UE 9252: RLF detected, but no callable RLF handler registered
[0m[1;31m[RLC]   max RETX reached on SRB 1
[0m[93m[RLC]   UE 9252: RLF detected, but no callable RLF handler registered
[0m[1;31m[RLC]   max RETX reached on SRB 1
[0m[93m[RLC]   UE 9252: RLF detected, but no callable RLF handler registered
[0m[1;31m[RLC]   max RETX reached on SRB 1
[0m[93m[RLC]   UE 9252: RLF detected, but no callable RLF handler registered
[0m[1;31m[RLC]   max RETX reached on SRB 1
[0m[93m[RLC]   UE 9252: RLF detected, but no callable RLF handler registered
[0m[1;31m[RLC]   max RETX reached on SRB 1
[0m[93m[RLC]   UE 9252: RLF detected, but no callable RLF handler registered
[0m[1;31m[RLC]   max RETX reached on SRB 1
[0m[93m[RLC]   UE 9252: RLF detected, but no callable RLF handler registered
[0m[1;31m[RLC]   max RETX reached on SRB 1
[0m[93m[RLC]   UE 9252: RLF detected, but no callable RLF handler registered
[0m[1;31m[RLC]   max RETX reached on SRB 1
[0m[93m[RLC]   UE 9252: RLF detected, but no callable RLF handler registered
[0m[1;31m[RLC]   max RETX reached on SRB 1
[0m[93m[RLC]   UE 9252: RLF detected, but no callable RLF handler registered
[0m[1;31m[RLC]   max RETX reached on SRB 1
[0m[93m[RLC]   UE 9252: RLF detected, but no callable RLF handler registered
[0m[1;31m[RLC]   max RETX reached on SRB 1
[0m[93m[RLC]   UE 9252: RLF detected, but no callable RLF handler registered
[0m[1;31m[RLC]   max RETX reached on SRB 1
[0m[93m[RLC]   UE 9252: RLF detected, but no callable RLF handler registered
[0m[1;31m[RLC]   max RETX reached on SRB 1
[0m[93m[RLC]   UE 9252: RLF detected, but no callable RLF handler registered
[0m[1;31m[RLC]   max RETX reached on SRB 1
[0m[93m[RLC]   UE 9252: RLF detected, but no callable RLF handler registered
[0m[1;31m[RLC]   max RETX reached on SRB 1
[0m[93m[RLC]   UE 9252: RLF detected, but no callable RLF handler registered
[0m[1;31m[NFAPI_VNF]   
============================================================================
sfn slot doesn't match unpacked one! L2->L1 711.17  vs L1->L2 711.19  
============================================================================
[0m[93m[NR_MAC]   Current 712.17 : future UL_tti_req's frame.slot  711.17 does not match PUCCH  712.17
[0m[1;31m[NFAPI_VNF]   
============================================================================
sfn slot doesn't match unpacked one! L2->L1 711.17  vs L1->L2 712.17  
============================================================================
[0m[1;31m[RLC]   max RETX reached on SRB 1
[0m[93m[RLC]   UE 9252: RLF detected, but no callable RLF handler registered
[0m[1;31m[RLC]   max RETX reached on SRB 1
[0m[93m[RLC]   UE 9252: RLF detected, but no callable RLF handler registered
[0m[1;31m[RLC]   max RETX reached on SRB 1
[0m[93m[RLC]   UE 9252: RLF detected, but no callable RLF handler registered
[0m[1;31m[RLC]   max RETX reached on SRB 1
[0m[93m[RLC]   UE 9252: RLF detected, but no callable RLF handler registered
[0m[1;31m[RLC]   max RETX reached on SRB 1
[0m[93m[RLC]   UE 9252: RLF detected, but no callable RLF handler registered
[0m[1;31m[RLC]   max RETX reached on SRB 1
[0m[93m[RLC]   UE 9252: RLF detected, but no callable RLF handler registered
[0m[1;31m[RLC]   max RETX reached on SRB 1
[0m[93m[RLC]   UE 9252: RLF detected, but no callable RLF handler registered
[0m[1;31m[RLC]   max RETX reached on SRB 1
[0m[93m[RLC]   UE 9252: RLF detected, but no callable RLF handler registered
[0m[1;31m[RLC]   max RETX reached on SRB 1
[0m[93m[RLC]   UE 9252: RLF detected, but no callable RLF handler registered
[0m[1;31m[RLC]   max RETX reached on SRB 1
[0m[93m[RLC]   UE 9252: RLF detected, but no callable RLF handler registered
[0m[1;31m[RLC]   max RETX reached on SRB 1
[0m[93m[RLC]   UE 9252: RLF detected, but no callable RLF handler registered
[0m[1;31m[RLC]   max RETX reached on SRB 1
[0m[93m[RLC]   UE 9252: RLF detected, but no callable RLF handler registered
[0m[NR_MAC]   Frame.Slot 768.0
UE RNTI 9252 CU-UE-ID 2 in-sync PH 36 dB PCMAX 21 dBm, average RSRP -93 (15 meas)
UE 9252: CQI 14, RI 2, PMI (0,0)
UE 9252: dlsch_rounds 251/244/244/244, dlsch_errors 244, pucch0_DTX 28, BLER 0.99990 MCS (1) 6
UE 9252: ulsch_rounds 109/99/99/99, ulsch_errors 99, ulsch_DTX 0, BLER 0.99996 MCS (1) 6 (Qm 4 deltaMCS 0 dB) NPRB 5  SNR 30.0 dB
UE 9252: MAC:    TX          94657 RX           2382 bytes
UE 9252: LCID 1: TX          85942 RX           1284 bytes
UE 9252: LCID 2: TX              0 RX              0 bytes
UE 9252: LCID 4: TX              0 RX              0 bytes

[0m[1;31m[RLC]   max RETX reached on SRB 1
[0m[93m[RLC]   UE 9252: RLF detected, but no callable RLF handler registered
[0m[1;31m[RLC]   max RETX reached on SRB 1
[0m[93m[RLC]   UE 9252: RLF detected, but no callable RLF handler registered
[0m[1;31m[RLC]   max RETX reached on SRB 1
[0m[93m[RLC]   UE 9252: RLF detected, but no callable RLF handler registered
[0m[1;31m[RLC]   max RETX reached on SRB 1
[0m[93m[RLC]   UE 9252: RLF detected, but no callable RLF handler registered
[0m[1;31m[RLC]   max RETX reached on SRB 1
[0m[93m[RLC]   UE 9252: RLF detected, but no callable RLF handler registered
[0m[1;31m[RLC]   max RETX reached on SRB 1
[0m[93m[RLC]   UE 9252: RLF detected, but no callable RLF handler registered
[0m[1;31m[RLC]   max RETX reached on SRB 1
[0m[93m[RLC]   UE 9252: RLF detected, but no callable RLF handler registered
[0m[1;31m[RLC]   max RETX reached on SRB 1
[0m[93m[RLC]   UE 9252: RLF detected, but no callable RLF handler registered
[0m[1;31m[RLC]   max RETX reached on SRB 1
[0m[93m[RLC]   UE 9252: RLF detected, but no callable RLF handler registered
[0m[1;31m[RLC]   max RETX reached on SRB 1
[0m[93m[RLC]   UE 9252: RLF detected, but no callable RLF handler registered
[0m[1;31m[RLC]   max RETX reached on SRB 1
[0m[93m[RLC]   UE 9252: RLF detected, but no callable RLF handler registered
[0m[1;31m[RLC]   max RETX reached on SRB 1
[0m[93m[RLC]   UE 9252: RLF detected, but no callable RLF handler registered
[0m[1;31m[RLC]   max RETX reached on SRB 1
[0m[93m[RLC]   UE 9252: RLF detected, but no callable RLF handler registered
[0m[1;31m[RLC]   max RETX reached on SRB 1
[0m[93m[RLC]   UE 9252: RLF detected, but no callable RLF handler registered
[0m[1;31m[RLC]   max RETX reached on SRB 1
[0m[93m[RLC]   UE 9252: RLF detected, but no callable RLF handler registered
[0m[1;31m[RLC]   max RETX reached on SRB 1
[0m[93m[RLC]   UE 9252: RLF detected, but no callable RLF handler registered
[0m[1;31m[RLC]   max RETX reached on SRB 1
[0m[93m[RLC]   UE 9252: RLF detected, but no callable RLF handler registered
[0m[1;31m[RLC]   max RETX reached on SRB 1
[0m[93m[RLC]   UE 9252: RLF detected, but no callable RLF handler registered
[0m[1;31m[RLC]   max RETX reached on SRB 1
[0m[93m[RLC]   UE 9252: RLF detected, but no callable RLF handler registered
[0m[1;31m[RLC]   max RETX reached on SRB 1
[0m[93m[RLC]   UE 9252: RLF detected, but no callable RLF handler registered
[0m[1;31m[RLC]   max RETX reached on SRB 1
[0m[93m[RLC]   UE 9252: RLF detected, but no callable RLF handler registered
[0m[1;31m[RLC]   max RETX reached on SRB 1
[0m[93m[RLC]   UE 9252: RLF detected, but no callable RLF handler registered
[0m[1;31m[RLC]   max RETX reached on SRB 1
[0m[93m[RLC]   UE 9252: RLF detected, but no callable RLF handler registered
[0m[1;31m[RLC]   max RETX reached on SRB 1
[0m[93m[RLC]   UE 9252: RLF detected, but no callable RLF handler registered
[0m[1;31m[RLC]   max RETX reached on SRB 1
[0m[93m[RLC]   UE 9252: RLF detected, but no callable RLF handler registered
[0m[1;31m[RLC]   max RETX reached on SRB 1
[0m[93m[RLC]   UE 9252: RLF detected, but no callable RLF handler registered
[0m[1;31m[RLC]   max RETX reached on SRB 1
[0m[93m[RLC]   UE 9252: RLF detected, but no callable RLF handler registered
[0m[1;31m[RLC]   max RETX reached on SRB 1
[0m[93m[RLC]   UE 9252: RLF detected, but no callable RLF handler registered
[0m[NR_MAC]   Frame.Slot 896.0
UE RNTI 9252 CU-UE-ID 2 in-sync PH 36 dB PCMAX 21 dBm, average RSRP -93 (16 meas)
UE 9252: CQI 13, RI 2, PMI (0,0)
UE 9252: dlsch_rounds 280/273/272/272, dlsch_errors 272, pucch0_DTX 39, BLER 0.99997 MCS (1) 6
UE 9252: ulsch_rounds 121/111/110/110, ulsch_errors 110, ulsch_DTX 0, BLER 0.99999 MCS (1) 6 (Qm 4 deltaMCS 0 dB) NPRB 5  SNR 28.0 dB
UE 9252: MAC:    TX         105798 RX           2382 bytes
UE 9252: LCID 1: TX          96218 RX           1284 bytes
UE 9252: LCID 2: TX              0 RX              0 bytes
UE 9252: LCID 4: TX              0 RX              0 bytes

[0m[1;31m[RLC]   max RETX reached on SRB 1
[0m[93m[RLC]   UE 9252: RLF detected, but no callable RLF handler registered
[0m[1;31m[RLC]   max RETX reached on SRB 1
[0m[93m[RLC]   UE 9252: RLF detected, but no callable RLF handler registered
[0m[1;31m[RLC]   max RETX reached on SRB 1
[0m[93m[RLC]   UE 9252: RLF detected, but no callable RLF handler registered
[0m[1;31m[RLC]   max RETX reached on SRB 1
[0m[93m[RLC]   UE 9252: RLF detected, but no callable RLF handler registered
[0m[1;31m[RLC]   max RETX reached on SRB 1
[0m[93m[RLC]   UE 9252: RLF detected, but no callable RLF handler registered
[0m[1;31m[RLC]   max RETX reached on SRB 1
[0m[93m[RLC]   UE 9252: RLF detected, but no callable RLF handler registered
[0m[1;31m[RLC]   max RETX reached on SRB 1
[0m[93m[RLC]   UE 9252: RLF detected, but no callable RLF handler registered
[0m[1;31m[RLC]   max RETX reached on SRB 1
[0m[93m[RLC]   UE 9252: RLF detected, but no callable RLF handler registered
[0m[1;31m[RLC]   max RETX reached on SRB 1
[0m[93m[RLC]   UE 9252: RLF detected, but no callable RLF handler registered
[0m[1;31m[RLC]   max RETX reached on SRB 1
[0m[93m[RLC]   UE 9252: RLF detected, but no callable RLF handler registered
[0m[1;31m[RLC]   max RETX reached on SRB 1
[0m[93m[RLC]   UE 9252: RLF detected, but no callable RLF handler registered
[0m[1;31m[RLC]   max RETX reached on SRB 1
[0m[93m[RLC]   UE 9252: RLF detected, but no callable RLF handler registered
[0m[1;31m[RLC]   max RETX reached on SRB 1
[0m[93m[RLC]   UE 9252: RLF detected, but no callable RLF handler registered
[0m[1;31m[RLC]   max RETX reached on SRB 1
[0m[93m[RLC]   UE 9252: RLF detected, but no callable RLF handler registered
[0m[1;31m[RLC]   max RETX reached on SRB 1
[0m[93m[RLC]   UE 9252: RLF detected, but no callable RLF handler registered
[0m[1;31m[RLC]   max RETX reached on SRB 1
[0m[93m[RLC]   UE 9252: RLF detected, but no callable RLF handler registered
[0m[1;31m[RLC]   max RETX reached on SRB 1
[0m[93m[RLC]   UE 9252: RLF detected, but no callable RLF handler registered
[0m[1;31m[RLC]   max RETX reached on SRB 1
[0m[93m[RLC]   UE 9252: RLF detected, but no callable RLF handler registered
[0m[1;31m[RLC]   max RETX reached on SRB 1
[0m[93m[RLC]   UE 9252: RLF detected, but no callable RLF handler registered
[0m[1;31m[RLC]   max RETX reached on SRB 1
[0m[93m[RLC]   UE 9252: RLF detected, but no callable RLF handler registered
[0m[1;31m[RLC]   max RETX reached on SRB 1
[0m[93m[RLC]   UE 9252: RLF detected, but no callable RLF handler registered
[0m[1;31m[RLC]   max RETX reached on SRB 1
[0m[93m[RLC]   UE 9252: RLF detected, but no callable RLF handler registered
[0m[1;31m[RLC]   max RETX reached on SRB 1
[0m[93m[RLC]   UE 9252: RLF detected, but no callable RLF handler registered
[0m[1;31m[RLC]   max RETX reached on SRB 1
[0m[93m[RLC]   UE 9252: RLF detected, but no callable RLF handler registered
[0m[1;31m[RLC]   max RETX reached on SRB 1
[0m[93m[RLC]   UE 9252: RLF detected, but no callable RLF handler registered
[0m[1;31m[RLC]   max RETX reached on SRB 1
[0m[93m[RLC]   UE 9252: RLF detected, but no callable RLF handler registered
[0m[1;31m[RLC]   max RETX reached on SRB 1
[0m[93m[RLC]   UE 9252: RLF detected, but no callable RLF handler registered
[0m[NR_MAC]   Frame.Slot 0.0
UE RNTI 9252 CU-UE-ID 2 in-sync PH 36 dB PCMAX 21 dBm, average RSRP -93 (16 meas)
UE 9252: CQI 14, RI 2, PMI (0,0)
UE 9252: dlsch_rounds 308/301/301/301, dlsch_errors 301, pucch0_DTX 40, BLER 0.99999 MCS (1) 6
UE 9252: ulsch_rounds 132/122/122/122, ulsch_errors 122, ulsch_DTX 0, BLER 1.00000 MCS (1) 6 (Qm 4 deltaMCS 0 dB) NPRB 5  SNR 25.0 dB
UE 9252: MAC:    TX         116568 RX           2382 bytes
UE 9252: LCID 1: TX         106127 RX           1284 bytes
UE 9252: LCID 2: TX              0 RX              0 bytes
UE 9252: LCID 4: TX              0 RX              0 bytes

[0m[1;31m[RLC]   max RETX reached on SRB 1
[0m[93m[RLC]   UE 9252: RLF detected, but no callable RLF handler registered
[0m[1;31m[RLC]   max RETX reached on SRB 1
[0m[93m[RLC]   UE 9252: RLF detected, but no callable RLF handler registered
[0m[1;31m[RLC]   max RETX reached on SRB 1
[0m[93m[RLC]   UE 9252: RLF detected, but no callable RLF handler registered
[0m[1;31m[RLC]   max RETX reached on SRB 1
[0m[93m[RLC]   UE 9252: RLF detected, but no callable RLF handler registered
[0m[1;31m[RLC]   max RETX reached on SRB 1
[0m[93m[RLC]   UE 9252: RLF detected, but no callable RLF handler registered
[0m[1;31m[RLC]   max RETX reached on SRB 1
[0m[93m[RLC]   UE 9252: RLF detected, but no callable RLF handler registered
[0m[1;31m[RLC]   max RETX reached on SRB 1
[0m[93m[RLC]   UE 9252: RLF detected, but no callable RLF handler registered
[0m[1;31m[RLC]   max RETX reached on SRB 1
[0m[93m[RLC]   UE 9252: RLF detected, but no callable RLF handler registered
[0m[1;31m[RLC]   max RETX reached on SRB 1
[0m[93m[RLC]   UE 9252: RLF detected, but no callable RLF handler registered
[0m[1;31m[RLC]   max RETX reached on SRB 1
[0m[93m[RLC]   UE 9252: RLF detected, but no callable RLF handler registered
[0m[1;31m[RLC]   max RETX reached on SRB 1
[0m[93m[RLC]   UE 9252: RLF detected, but no callable RLF handler registered
[0m[1;31m[RLC]   max RETX reached on SRB 1
[0m[93m[RLC]   UE 9252: RLF detected, but no callable RLF handler registered
[0m[1;31m[RLC]   max RETX reached on SRB 1
[0m[93m[RLC]   UE 9252: RLF detected, but no callable RLF handler registered
[0m[1;31m[RLC]   max RETX reached on SRB 1
[0m[93m[RLC]   UE 9252: RLF detected, but no callable RLF handler registered
[0m[1;31m[RLC]   max RETX reached on SRB 1
[0m[93m[RLC]   UE 9252: RLF detected, but no callable RLF handler registered
[0m[1;31m[RLC]   max RETX reached on SRB 1
[0m[93m[RLC]   UE 9252: RLF detected, but no callable RLF handler registered
[0m[1;31m[RLC]   max RETX reached on SRB 1
[0m[93m[RLC]   UE 9252: RLF detected, but no callable RLF handler registered
[0m[1;31m[RLC]   max RETX reached on SRB 1
[0m[93m[RLC]   UE 9252: RLF detected, but no callable RLF handler registered
[0m[1;31m[RLC]   max RETX reached on SRB 1
[0m[93m[RLC]   UE 9252: RLF detected, but no callable RLF handler registered
[0m[1;31m[RLC]   max RETX reached on SRB 1
[0m[93m[RLC]   UE 9252: RLF detected, but no callable RLF handler registered
[0m[1;31m[RLC]   max RETX reached on SRB 1
[0m[93m[RLC]   UE 9252: RLF detected, but no callable RLF handler registered
[0m[1;31m[RLC]   max RETX reached on SRB 1
[0m[93m[RLC]   UE 9252: RLF detected, but no callable RLF handler registered
[0m[1;31m[RLC]   max RETX reached on SRB 1
[0m[93m[RLC]   UE 9252: RLF detected, but no callable RLF handler registered
[0m[1;31m[RLC]   max RETX reached on SRB 1
[0m[93m[RLC]   UE 9252: RLF detected, but no callable RLF handler registered
[0m[1;31m[RLC]   max RETX reached on SRB 1
[0m[93m[RLC]   UE 9252: RLF detected, but no callable RLF handler registered
[0m[1;31m[RLC]   max RETX reached on SRB 1
[0m[93m[RLC]   UE 9252: RLF detected, but no callable RLF handler registered
[0m[1;31m[RLC]   max RETX reached on SRB 1
[0m[93m[RLC]   UE 9252: RLF detected, but no callable RLF handler registered
[0m[1;31m[RLC]   max RETX reached on SRB 1
[0m[93m[RLC]   UE 9252: RLF detected, but no callable RLF handler registered
[0m[NR_MAC]   Frame.Slot 128.0
UE RNTI 9252 CU-UE-ID 2 in-sync PH 36 dB PCMAX 21 dBm, average RSRP -93 (16 meas)
UE 9252: CQI 14, RI 2, PMI (0,0)
UE 9252: dlsch_rounds 337/330/330/330, dlsch_errors 330, pucch0_DTX 42, BLER 1.00000 MCS (1) 6
UE 9252: ulsch_rounds 144/134/134/134, ulsch_errors 134, ulsch_DTX 0, BLER 1.00000 MCS (1) 6 (Qm 4 deltaMCS 0 dB) NPRB 5  SNR 30.0 dB
UE 9252: MAC:    TX         127709 RX           2382 bytes
UE 9252: LCID 1: TX         116403 RX           1284 bytes
UE 9252: LCID 2: TX              0 RX              0 bytes
UE 9252: LCID 4: TX              0 RX              0 bytes

[0m[1;31m[RLC]   max RETX reached on SRB 1
[0m[93m[RLC]   UE 9252: RLF detected, but no callable RLF handler registered
[0m[1;31m[RLC]   max RETX reached on SRB 1
[0m[93m[RLC]   UE 9252: RLF detected, but no callable RLF handler registered
[0m[1;31m[RLC]   max RETX reached on SRB 1
[0m[93m[RLC]   UE 9252: RLF detected, but no callable RLF handler registered
[0m[1;31m[RLC]   max RETX reached on SRB 1
[0m[93m[RLC]   UE 9252: RLF detected, but no callable RLF handler registered
[0m[1;31m[RLC]   max RETX reached on SRB 1
[0m[93m[RLC]   UE 9252: RLF detected, but no callable RLF handler registered
[0m[1;31m[RLC]   max RETX reached on SRB 1
[0m[93m[RLC]   UE 9252: RLF detected, but no callable RLF handler registered
[0m[1;31m[RLC]   max RETX reached on SRB 1
[0m[93m[RLC]   UE 9252: RLF detected, but no callable RLF handler registered
[0m[1;31m[RLC]   max RETX reached on SRB 1
[0m[93m[RLC]   UE 9252: RLF detected, but no callable RLF handler registered
[0m[1;31m[RLC]   max RETX reached on SRB 1
[0m[93m[RLC]   UE 9252: RLF detected, but no callable RLF handler registered
[0m[1;31m[RLC]   max RETX reached on SRB 1
[0m[93m[RLC]   UE 9252: RLF detected, but no callable RLF handler registered
[0m[1;31m[RLC]   max RETX reached on SRB 1
[0m[93m[RLC]   UE 9252: RLF detected, but no callable RLF handler registered
[0m[1;31m[RLC]   max RETX reached on SRB 1
[0m[93m[RLC]   UE 9252: RLF detected, but no callable RLF handler registered
[0m[1;31m[RLC]   max RETX reached on SRB 1
[0m[93m[RLC]   UE 9252: RLF detected, but no callable RLF handler registered
[0m[1;31m[RLC]   max RETX reached on SRB 1
[0m[93m[RLC]   UE 9252: RLF detected, but no callable RLF handler registered
[0m[1;31m[RLC]   max RETX reached on SRB 1
[0m[93m[RLC]   UE 9252: RLF detected, but no callable RLF handler registered
[0m[1;31m[RLC]   max RETX reached on SRB 1
[0m[93m[RLC]   UE 9252: RLF detected, but no callable RLF handler registered
[0m[1;31m[RLC]   max RETX reached on SRB 1
[0m[93m[RLC]   UE 9252: RLF detected, but no callable RLF handler registered
[0m[1;31m[RLC]   max RETX reached on SRB 1
[0m[93m[RLC]   UE 9252: RLF detected, but no callable RLF handler registered
[0m[1;31m[RLC]   max RETX reached on SRB 1
[0m[93m[RLC]   UE 9252: RLF detected, but no callable RLF handler registered
[0m[1;31m[RLC]   max RETX reached on SRB 1
[0m[93m[RLC]   UE 9252: RLF detected, but no callable RLF handler registered
[0m[1;31m[RLC]   max RETX reached on SRB 1
[0m[93m[RLC]   UE 9252: RLF detected, but no callable RLF handler registered
[0m[1;31m[RLC]   max RETX reached on SRB 1
[0m[93m[RLC]   UE 9252: RLF detected, but no callable RLF handler registered
[0m[1;31m[RLC]   max RETX reached on SRB 1
[0m[93m[RLC]   UE 9252: RLF detected, but no callable RLF handler registered
[0m[1;31m[RLC]   max RETX reached on SRB 1
[0m[93m[RLC]   UE 9252: RLF detected, but no callable RLF handler registered
[0m[1;31m[RLC]   max RETX reached on SRB 1
[0m[93m[RLC]   UE 9252: RLF detected, but no callable RLF handler registered
[0m[1;31m[RLC]   max RETX reached on SRB 1
[0m[93m[RLC]   UE 9252: RLF detected, but no callable RLF handler registered
[0m[1;31m[RLC]   max RETX reached on SRB 1
[0m[93m[RLC]   UE 9252: RLF detected, but no callable RLF handler registered
[0m[1;31m[RLC]   max RETX reached on SRB 1
[0m[93m[RLC]   UE 9252: RLF detected, but no callable RLF handler registered
[0m[NR_MAC]   Frame.Slot 256.0
UE RNTI 9252 CU-UE-ID 2 in-sync PH 36 dB PCMAX 21 dBm, average RSRP -93 (15 meas)
UE 9252: CQI 14, RI 2, PMI (0,0)
UE 9252: dlsch_rounds 366/359/358/358, dlsch_errors 358, pucch0_DTX 47, BLER 1.00000 MCS (1) 6
UE 9252: ulsch_rounds 158/148/148/148, ulsch_errors 148, ulsch_DTX 0, BLER 1.00000 MCS (1) 6 (Qm 4 deltaMCS 0 dB) NPRB 5  SNR 28.0 dB
UE 9252: MAC:    TX         138867 RX           2382 bytes
UE 9252: LCID 1: TX         126679 RX           1284 bytes
UE 9252: LCID 2: TX              0 RX              0 bytes
UE 9252: LCID 4: TX              0 RX              0 bytes

[0m[1;31m[RLC]   max RETX reached on SRB 1
[0m[93m[RLC]   UE 9252: RLF detected, but no callable RLF handler registered
[0m[1;31m[RLC]   max RETX reached on SRB 1
[0m[93m[RLC]   UE 9252: RLF detected, but no callable RLF handler registered
[0m[1;31m[RLC]   max RETX reached on SRB 1
[0m[93m[RLC]   UE 9252: RLF detected, but no callable RLF handler registered
[0m[1;31m[RLC]   max RETX reached on SRB 1
[0m[93m[RLC]   UE 9252: RLF detected, but no callable RLF handler registered
[0m[1;31m[RLC]   max RETX reached on SRB 1
[0m[93m[RLC]   UE 9252: RLF detected, but no callable RLF handler registered
[0m[1;31m[RLC]   max RETX reached on SRB 1
[0m[93m[RLC]   UE 9252: RLF detected, but no callable RLF handler registered
[0m[1;31m[RLC]   max RETX reached on SRB 1
[0m[93m[RLC]   UE 9252: RLF detected, but no callable RLF handler registered
[0m[1;31m[RLC]   max RETX reached on SRB 1
[0m[93m[RLC]   UE 9252: RLF detected, but no callable RLF handler registered
[0m[1;31m[RLC]   max RETX reached on SRB 1
[0m[93m[RLC]   UE 9252: RLF detected, but no callable RLF handler registered
[0m[1;31m[RLC]   max RETX reached on SRB 1
[0m[93m[RLC]   UE 9252: RLF detected, but no callable RLF handler registered
[0m[1;31m[RLC]   max RETX reached on SRB 1
[0m[93m[RLC]   UE 9252: RLF detected, but no callable RLF handler registered
[0m[1;31m[RLC]   max RETX reached on SRB 1
[0m[93m[RLC]   UE 9252: RLF detected, but no callable RLF handler registered
[0m[1;31m[RLC]   max RETX reached on SRB 1
[0m[93m[RLC]   UE 9252: RLF detected, but no callable RLF handler registered
[0m[1;31m[RLC]   max RETX reached on SRB 1
[0m[93m[RLC]   UE 9252: RLF detected, but no callable RLF handler registered
[0m[1;31m[RLC]   max RETX reached on SRB 1
[0m[93m[RLC]   UE 9252: RLF detected, but no callable RLF handler registered
[0m[1;31m[RLC]   max RETX reached on SRB 1
[0m[93m[RLC]   UE 9252: RLF detected, but no callable RLF handler registered
[0m[1;31m[RLC]   max RETX reached on SRB 1
[0m[93m[RLC]   UE 9252: RLF detected, but no callable RLF handler registered
[0m[1;31m[RLC]   max RETX reached on SRB 1
[0m[93m[RLC]   UE 9252: RLF detected, but no callable RLF handler registered
[0m[1;31m[RLC]   max RETX reached on SRB 1
[0m[93m[RLC]   UE 9252: RLF detected, but no callable RLF handler registered
[0m[1;31m[RLC]   max RETX reached on SRB 1
[0m[93m[RLC]   UE 9252: RLF detected, but no callable RLF handler registered
[0m[1;31m[RLC]   max RETX reached on SRB 1
[0m[93m[RLC]   UE 9252: RLF detected, but no callable RLF handler registered
[0m[1;31m[RLC]   max RETX reached on SRB 1
[0m[93m[RLC]   UE 9252: RLF detected, but no callable RLF handler registered
[0m[1;31m[RLC]   max RETX reached on SRB 1
[0m[93m[RLC]   UE 9252: RLF detected, but no callable RLF handler registered
[0m[1;31m[RLC]   max RETX reached on SRB 1
[0m[93m[RLC]   UE 9252: RLF detected, but no callable RLF handler registered
[0m[NR_MAC]   RACH.indication put_queue successfull
[0m[32m[NR_MAC]   367.19 UE RA-RNTI 010b TC-RNTI 1a60: Activating RA process index 0
[0m[NR_MAC]   UE 1a60: Msg3 scheduled at 368.17 (368.6 TDA 2)
[0m[32m[NR_MAC]   UE 1a60: 368.6 Generating RA-Msg2 DCI, RA RNTI 0x10b, state 1, CoreSetType 0, preamble_index(RAPID) 38, timing_offset = 0 (estimated distance 0.0 [m])
[0m[32m[NR_MAC]   368.6 Send RAR to RA-RNTI 010b
[0m[NR_MAC]   Adding new UE context with RNTI 0x1a60
[0m[32m[NR_MAC]    368.17 PUSCH with TC_RNTI 0x1a60 received correctly
[0m[MAC]   [RAPROC] Received SDU for CCCH length 6 for UE 1a60
[0m[RLC]   Activated srb0 for UE 6752
[0m[RLC]   Added srb 1 to UE 6752
[0m[NR_MAC]   Activating scheduling Msg4 for TC_RNTI 0x1a60 (state WAIT_Msg3)
[0m[93m[NR_MAC]   Unexpected ULSCH HARQ PID 0 (have -1) for RNTI 0x1a60
[0m[NR_RRC]   Decoding CCCH: RNTI 1a60, payload_size 6
[0m[NR_RRC]   Received UE 5G-S-TMSI-Part1 278099133864
[0m[32m[NR_RRC]   [--] (cellID 0, UE ID 1 RNTI 1a60) Create UE context: CU UE ID 1 DU UE ID 6752 (rnti: 1a60, random ue id 40c00005a8)
[0m[RRC]   activate SRB 1 of UE 1
[0m[32m[NR_RRC]   [DL] (cellID bc614e, UE ID 1 RNTI 1a60) Send RRC Setup
[0m[NR_MAC]   UE 1a60 Generate Msg4: feedback at  369. 7, payload 225 bytes, next state nrRA_WAIT_Msg4_MsgB_ACK
[0m[32m[NR_MAC]    369.13 UE 1a60: Received Ack of Msg4. CBRA procedure succeeded!
[0m[1;31m[RLC]   max RETX reached on SRB 1
[0m[93m[RLC]   UE 9252: RLF detected, but no callable RLF handler registered
[0m[32m[NR_RRC]   [UL] (cellID bc614e, UE ID 1 RNTI 1a60) Received RRCSetupComplete (RRC_CONNECTED reached)
[0m[RRC]   s_tmsi part2 0 (00 00)
[0m[NR_RRC]   5g_s_TMSI: 0x40C00005A8, amf_set_id: 0x1 (1), amf_pointer: 0x0 (0), 5g TMSI: 0xC00005A8 
[0m[NGAP]   UE 1: Chose AMF 'open5gs-amf' (assoc_id 74) through selected PLMN Identity index 0 MCC 1 MNC 1
[0m[34m[NGAP]   FIVEG_S_TMSI_PRESENT
[0m[E1AP]   releasing UE 2
[0m[GTPU]   [95] Deleted all tunnels for ue id 2 (1 tunnels deleted)
[0m[32m[NR_RRC]   [DL] (cellID bc614e, UE ID 2 RNTI 9252) Send RRC Release
[0m[34m[NGAP]   NGAP_FIND_PROTOCOLIE_BY_ID ie is NULL (searching for ie: 110)
[0m[93m[NGAP]   could not find NGAP_ProtocolIE_ID_id_UEAggregateMaximumBitRate
[0m[34m[NGAP]   NGAP_FIND_PROTOCOLIE_BY_ID ie is NULL (searching for ie: 71)
[0m[34m[NGAP]   AllowedNSSAI.list.count 2
[0m[34m[NGAP]   NGAP_FIND_PROTOCOLIE_BY_ID ie is NULL (searching for ie: 36)
[0m[RRC]   UE 2: received bearer release complete
[0m[32m[NR_RRC]   [--] (cellID bc614e, UE ID 1 RNTI 1a60) Selected security algorithms: ciphering 0, integrity 2
[0m[NR_RRC]   [UE 1a60] Saved security key D3
[0m[NR_RRC]   UE 1 Logical Channel DL-DCCH, Generate SecurityModeCommand (bytes 3)
[0m[32m[NR_RRC]   [UL] (cellID bc614e, UE ID 1 RNTI 1a60) Received Security Mode Complete
[0m[NR_RRC]   UE 1: Logical Channel DL-DCCH, Generate NR UECapabilityEnquiry (bytes 8, xid 1)
[0m[32m[NR_RRC]   [UL] (cellID bc614e, UE ID 1 RNTI 1a60) Received UE capabilities
[0m[NR_RRC]   Send message to ngap: NGAP_UE_CAPABILITIES_IND
[0m[32m[NR_RRC]   [DL] (cellID bc614e, UE ID 1 RNTI 1a60) Send DL Information Transfer [61 bytes]
[0m[NR_RRC]   Send message to sctp: NGAP_InitialContextSetupResponse
[0m[1;31m[RLC]   max RETX reached on SRB 1
[0m[93m[RLC]   UE 9252: RLF detected, but no callable RLF handler registered
[0m[32m[NR_RRC]   [UL] (cellID bc614e, UE ID 1 RNTI 1a60) Received RRC UL Information Transfer [13 bytes]
[0m[93m[NR_MAC]   UE 9252: Detected UL Failure on PUSCH after 10 PUSCH DTX, stopping scheduling
[0m[1;31m[RLC]   max RETX reached on SRB 1
[0m[93m[RLC]   UE 9252: RLF detected, but no callable RLF handler registered
[0m[93m[RLC]   Remove UE 37458
[0m[NR_RRC]   removed UE CU UE ID 2/RNTI 9252 
[0m[32m[NR_RRC]   [--] (cellID bc614e, UE ID 2 RNTI 9252) Remove UE context
[0m[NR_MAC]   Remove NR rnti 0x9252
[0m[NR_MAC]   Frame.Slot 384.0
UE RNTI 1a60 CU-UE-ID 1 in-sync PH 34 dB PCMAX 21 dBm, average RSRP -94 (1 meas)
UE 1a60: CQI 14, RI 2, PMI (0,0)
UE 1a60: dlsch_rounds 7/0/0/0, dlsch_errors 0, pucch0_DTX 0, BLER 0.10000 MCS (0) 9
UE 1a60: ulsch_rounds 8/0/0/0, ulsch_errors 0, ulsch_DTX 0, BLER 0.10000 MCS (0) 9 (Qm 2 deltaMCS 0 dB) NPRB 5  SNR 30.0 dB
UE 1a60: MAC:    TX            738 RX           2180 bytes
UE 1a60: LCID 1: TX            111 RX           1259 bytes

[0m[32m[NR_RRC]   [DL] (cellID bc614e, UE ID 1 RNTI 1a60) Send DL Information Transfer [46 bytes]
[0m[32m[NR_RRC]   [UL] (cellID bc614e, UE ID 1 RNTI 1a60) Received RRC UL Information Transfer [83 bytes]
[0m[NGAP]   PDUSESSIONSetup initiating message
[0m[NR_RRC]   UE 1: received PDU Session Resource Setup Request
[0m[NR_RRC]   Adding pdusession 1, total nb of sessions 1
[0m[NR_RRC]   UE 1: configure DRB ID 1 for PDU session ID 1
[0m[32m[NR_RRC]   [--] (cellID bc614e, UE ID 1 RNTI 1a60) selecting CU-UP ID 3589 based on exact NSSAI match (1:0xffffff)
[0m[RRC]   UE 1 associating to CU-UP assoc_id -1 out of 1 CU-UPs
[0m[GTPU]   [95] Created tunnel for UE ID 1, teid for incoming: 3eaa3ca8, teid for outgoing 9e99 to remote IPv4: 10.128.3.206, IPv6 ::
[0m[PDCP]   added drb 1 to UE ID 1
[0m[SDAP]   Default DRB for the created SDAP entity: 1 
[0m[RRC]   activate SRB 2 of UE 1
[0m[RLC]   Added srb 2 to UE 6752
[0m[RLC]   Added drb 1 to UE 6752
[0m[RLC]   Added DRB to UE 6752
[0m[RRC]   UE 1 trigger UE context setup request with 1 DRBs
[0m[RRC]   UE 1a60 replacing existing CellGroupConfig with new one received from DU
[0m[E1AP]   UE 1: updating PDU session ID 1 (1 bearers)
[0m[PDCP]   DRB 1 re-established
[0m[32m[NR_RRC]   [DL] (cellID bc614e, UE ID 1 RNTI 1a60) Generate RRCReconfiguration (bytes 359, xid 0)
[0m[RRC]   UE 1: PDU session ID 1 modified 1 bearers
[0m[32m[NR_RRC]   [UL] (cellID bc614e, UE ID 1 RNTI 1a60) Received RRCReconfigurationComplete
[0m[NR_RRC]   msg index 0, pdu_sessions index 0, status 2, xid 0): nb_of_pdusessions 1,  pdusession_id 1, teid: 1051344040 
 [0m[NR_RRC]   NGAP_PDUSESSION_SETUP_RESP: sending the message
[0m[34m[NGAP]   pdusession_setup_resp_p: pdusession ID 1, gnb_addr 10.131.3.93, SIZE 4, TEID 1051344040
[0m[NR_RRC]   HO LOG: Event A2 (Serving becomes worse than threshold)
[0m[NR_MAC]   Frame.Slot 512.0
UE RNTI 1a60 CU-UE-ID 1 in-sync PH 38 dB PCMAX 21 dBm, average RSRP -93 (15 meas)
UE 1a60: CQI 12, RI 2, PMI (0,1)
UE 1a60: dlsch_rounds 13/1/1/1, dlsch_errors 1, pucch0_DTX 4, BLER 0.09790 MCS (1) 9
UE 1a60: ulsch_rounds 29/0/0/0, ulsch_errors 0, ulsch_DTX 0, BLER 0.02824 MCS (1) 9 (Qm 4 deltaMCS 0 dB) NPRB 5  SNR 26.0 dB
UE 1a60: MAC:    TX           2808 RX           5040 bytes
UE 1a60: LCID 1: TX            547 RX           1407 bytes
UE 1a60: LCID 2: TX              0 RX              0 bytes
UE 1a60: LCID 4: TX              0 RX              0 bytes

[0m[NR_RRC]   HO LOG: Event A2 (Serving becomes worse than threshold)
[0m[NR_RRC]   HO LOG: Event A2 (Serving becomes worse than threshold)
[0m[NR_RRC]   HO LOG: Event A2 (Serving becomes worse than threshold)
[0m[NR_MAC]   Frame.Slot 640.0
UE RNTI 1a60 CU-UE-ID 1 in-sync PH 36 dB PCMAX 21 dBm, average RSRP -93 (16 meas)
UE 1a60: CQI 12, RI 2, PMI (0,1)
UE 1a60: dlsch_rounds 18/1/1/1, dlsch_errors 1, pucch0_DTX 4, BLER 0.07137 MCS (1) 9
UE 1a60: ulsch_rounds 47/0/0/0, ulsch_errors 0, ulsch_DTX 0, BLER 0.00886 MCS (1) 9 (Qm 4 deltaMCS 0 dB) NPRB 5  SNR 26.0 dB
UE 1a60: MAC:    TX           4833 RX           8555 bytes
UE 1a60: LCID 1: TX            559 RX           1486 bytes
UE 1a60: LCID 2: TX              0 RX              0 bytes
UE 1a60: LCID 4: TX              0 RX              0 bytes

[0m[NR_MAC]   Frame.Slot 768.0
UE RNTI 1a60 CU-UE-ID 1 in-sync PH 34 dB PCMAX 21 dBm, average RSRP -93 (16 meas)
UE 1a60: CQI 11, RI 2, PMI (0,1)
UE 1a60: dlsch_rounds 28/2/1/1, dlsch_errors 1, pucch0_DTX 4, BLER 0.11172 MCS (1) 9
UE 1a60: ulsch_rounds 69/0/0/0, ulsch_errors 0, ulsch_DTX 0, BLER 0.00309 MCS (1) 9 (Qm 4 deltaMCS 0 dB) NPRB 5  SNR 26.0 dB
UE 1a60: MAC:    TX           8883 RX          12625 bytes
UE 1a60: LCID 1: TX            565 RX           1530 bytes
UE 1a60: LCID 2: TX              0 RX              0 bytes
UE 1a60: LCID 4: TX             18 RX            917 bytes

[0m[NR_MAC]   Frame.Slot 896.0
UE RNTI 1a60 CU-UE-ID 1 in-sync PH 34 dB PCMAX 21 dBm, average RSRP -93 (16 meas)
UE 1a60: CQI 12, RI 2, PMI (0,1)
UE 1a60: dlsch_rounds 34/2/1/1, dlsch_errors 1, pucch0_DTX 4, BLER 0.07330 MCS (1) 9
UE 1a60: ulsch_rounds 89/0/0/0, ulsch_errors 0, ulsch_DTX 0, BLER 0.00087 MCS (1) 9 (Qm 4 deltaMCS 0 dB) NPRB 5  SNR 27.0 dB
UE 1a60: MAC:    TX          11313 RX          16325 bytes
UE 1a60: LCID 1: TX            568 RX           1552 bytes
UE 1a60: LCID 2: TX              0 RX              0 bytes
UE 1a60: LCID 4: TX             30 RX           1498 bytes

[0m[NR_MAC]   Frame.Slot 0.0
UE RNTI 1a60 CU-UE-ID 1 in-sync PH 36 dB PCMAX 21 dBm, average RSRP -93 (16 meas)
UE 1a60: CQI 12, RI 2, PMI (0,1)
UE 1a60: dlsch_rounds 37/3/1/1, dlsch_errors 1, pucch0_DTX 4, BLER 0.05344 MCS (1) 9
UE 1a60: ulsch_rounds 104/0/0/0, ulsch_errors 0, ulsch_DTX 0, BLER 0.00027 MCS (1) 9 (Qm 4 deltaMCS 0 dB) NPRB 5  SNR 27.0 dB
UE 1a60: MAC:    TX          12528 RX          19100 bytes
UE 1a60: LCID 1: TX            571 RX           1574 bytes
UE 1a60: LCID 2: TX              0 RX              0 bytes
UE 1a60: LCID 4: TX             33 RX           1577 bytes

[0m[NR_MAC]   Frame.Slot 128.0
UE RNTI 1a60 CU-UE-ID 1 in-sync PH 36 dB PCMAX 21 dBm, average RSRP -93 (16 meas)
UE 1a60: CQI 12, RI 2, PMI (0,1)
UE 1a60: dlsch_rounds 40/3/1/1, dlsch_errors 1, pucch0_DTX 4, BLER 0.11996 MCS (1) 9
UE 1a60: ulsch_rounds 120/0/0/0, ulsch_errors 0, ulsch_DTX 0, BLER 0.00008 MCS (1) 9 (Qm 4 deltaMCS 0 dB) NPRB 5  SNR 26.0 dB
UE 1a60: MAC:    TX          13743 RX          22060 bytes
UE 1a60: LCID 1: TX            574 RX           1596 bytes
UE 1a60: LCID 2: TX              0 RX              0 bytes
UE 1a60: LCID 4: TX             36 RX           1805 bytes

[0m[NR_MAC]   Frame.Slot 256.0
UE RNTI 1a60 CU-UE-ID 1 in-sync PH 32 dB PCMAX 21 dBm, average RSRP -93 (16 meas)
UE 1a60: CQI 12, RI 2, PMI (0,1)
UE 1a60: dlsch_rounds 44/3/1/1, dlsch_errors 1, pucch0_DTX 4, BLER 0.07870 MCS (1) 9
UE 1a60: ulsch_rounds 137/0/0/0, ulsch_errors 0, ulsch_DTX 0, BLER 0.00002 MCS (1) 9 (Qm 4 deltaMCS 0 dB) NPRB 5  SNR 27.0 dB
UE 1a60: MAC:    TX          15363 RX          25205 bytes
UE 1a60: LCID 1: TX            580 RX           1640 bytes
UE 1a60: LCID 2: TX              0 RX              0 bytes
UE 1a60: LCID 4: TX             36 RX           1805 bytes

[0m[NR_MAC]   Frame.Slot 384.0
UE RNTI 1a60 CU-UE-ID 1 in-sync PH 34 dB PCMAX 21 dBm, average RSRP -93 (16 meas)
UE 1a60: CQI 12, RI 2, PMI (0,1)
UE 1a60: dlsch_rounds 47/3/1/1, dlsch_errors 1, pucch0_DTX 4, BLER 0.05737 MCS (1) 9
UE 1a60: ulsch_rounds 152/0/0/0, ulsch_errors 0, ulsch_DTX 0, BLER 0.00001 MCS (1) 9 (Qm 4 deltaMCS 0 dB) NPRB 5  SNR 28.0 dB
UE 1a60: MAC:    TX          16578 RX          27980 bytes
UE 1a60: LCID 1: TX            583 RX           1662 bytes
UE 1a60: LCID 2: TX              0 RX              0 bytes
UE 1a60: LCID 4: TX             39 RX           1884 bytes

[0m[NR_MAC]   Frame.Slot 512.0
UE RNTI 1a60 CU-UE-ID 1 in-sync PH 34 dB PCMAX 21 dBm, average RSRP -93 (16 meas)
UE 1a60: CQI 12, RI 2, PMI (0,1)
UE 1a60: dlsch_rounds 49/3/1/1, dlsch_errors 1, pucch0_DTX 4, BLER 0.04647 MCS (1) 9
UE 1a60: ulsch_rounds 167/0/0/0, ulsch_errors 0, ulsch_DTX 0, BLER 0.00000 MCS (1) 9 (Qm 4 deltaMCS 0 dB) NPRB 5  SNR 28.0 dB
UE 1a60: MAC:    TX          17388 RX          30755 bytes
UE 1a60: LCID 1: TX            586 RX           1684 bytes
UE 1a60: LCID 2: TX              0 RX              0 bytes
UE 1a60: LCID 4: TX             39 RX           1884 bytes

[0m[NR_MAC]   Frame.Slot 640.0
UE RNTI 1a60 CU-UE-ID 1 in-sync PH 28 dB PCMAX 21 dBm, average RSRP -94 (16 meas)
UE 1a60: CQI 12, RI 2, PMI (0,1)
UE 1a60: dlsch_rounds 52/3/1/1, dlsch_errors 1, pucch0_DTX 4, BLER 0.03388 MCS (1) 9
UE 1a60: ulsch_rounds 182/0/0/0, ulsch_errors 0, ulsch_DTX 0, BLER 0.00000 MCS (1) 9 (Qm 4 deltaMCS 0 dB) NPRB 5  SNR 29.0 dB
UE 1a60: MAC:    TX          18603 RX          33530 bytes
UE 1a60: LCID 1: TX            589 RX           1706 bytes
UE 1a60: LCID 2: TX              0 RX              0 bytes
UE 1a60: LCID 4: TX             39 RX           1884 bytes

[0m[NR_MAC]   Frame.Slot 768.0
UE RNTI 1a60 CU-UE-ID 1 in-sync PH 29 dB PCMAX 21 dBm, average RSRP -94 (13 meas)
UE 1a60: CQI 11, RI 2, PMI (0,1)
UE 1a60: dlsch_rounds 271/11/1/1, dlsch_errors 1, pucch0_DTX 6, BLER 0.03344 MCS (1) 15
UE 1a60: ulsch_rounds 230/0/0/0, ulsch_errors 0, ulsch_DTX 0, BLER 0.00000 MCS (1) 15 (Qm 6 deltaMCS 0 dB) NPRB 5  SNR 28.0 dB
UE 1a60: MAC:    TX        5518841 RX          42341 bytes
UE 1a60: LCID 1: TX            595 RX           1750 bytes
UE 1a60: LCID 2: TX              0 RX              0 bytes
UE 1a60: LCID 4: TX        5482273 RX           2656 bytes

[0m[NR_MAC]   Frame.Slot 896.0
UE RNTI 1a60 CU-UE-ID 1 in-sync PH 34 dB PCMAX 21 dBm, average RSRP -94 (10 meas)
UE 1a60: CQI 11, RI 2, PMI (0,1)
UE 1a60: dlsch_rounds 758/81/1/1, dlsch_errors 1, pucch0_DTX 6, BLER 0.09917 MCS (1) 13
UE 1a60: ulsch_rounds 302/0/0/0, ulsch_errors 0, ulsch_DTX 0, BLER 0.00000 MCS (1) 27 (Qm 8 deltaMCS 0 dB) NPRB 5  SNR 32.0 dB
UE 1a60: MAC:    TX       20674223 RX          55846 bytes
UE 1a60: LCID 1: TX            598 RX           1772 bytes
UE 1a60: LCID 2: TX              0 RX              0 bytes
UE 1a60: LCID 4: TX       20601118 RX           2770 bytes

[0m[1;31m[NFAPI_VNF]   
============================================================================
sfn slot doesn't match unpacked one! L2->L1 1004.12  vs L1->L2 1004.14  
============================================================================
[0m[NR_MAC]   Frame.Slot 0.0
UE RNTI 1a60 CU-UE-ID 1 in-sync PH 32 dB PCMAX 21 dBm, average RSRP -93 (7 meas)
UE 1a60: CQI 13, RI 2, PMI (0,0)
UE 1a60: dlsch_rounds 1640/124/1/1, dlsch_errors 1, pucch0_DTX 6, BLER 0.04509 MCS (1) 17
UE 1a60: ulsch_rounds 407/0/0/0, ulsch_errors 0, ulsch_DTX 0, BLER 0.00000 MCS (1) 27 (Qm 8 deltaMCS 0 dB) NPRB 5  SNR 29.0 dB
UE 1a60: MAC:    TX       46889584 RX          75461 bytes
UE 1a60: LCID 1: TX            601 RX           1794 bytes
UE 1a60: LCID 2: TX              0 RX              0 bytes
UE 1a60: LCID 4: TX       46749096 RX           3643 bytes

[0m[NR_RRC]   HO LOG: Event A2 (Serving becomes worse than threshold)
[0m[NR_MAC]   Frame.Slot 128.0
UE RNTI 1a60 CU-UE-ID 1 in-sync PH 27 dB PCMAX 21 dBm, average RSRP -93 (4 meas)
UE 1a60: CQI 11, RI 2, PMI (0,1)
UE 1a60: dlsch_rounds 2711/256/1/1, dlsch_errors 1, pucch0_DTX 6, BLER 0.09856 MCS (1) 9
UE 1a60: ulsch_rounds 519/0/0/0, ulsch_errors 0, ulsch_DTX 0, BLER 0.00000 MCS (1) 27 (Qm 8 deltaMCS 0 dB) NPRB 5  SNR 31.0 dB
UE 1a60: MAC:    TX       73770960 RX          96366 bytes
UE 1a60: LCID 1: TX            607 RX           1835 bytes
UE 1a60: LCID 2: TX              0 RX              0 bytes
UE 1a60: LCID 4: TX       73563875 RX           3832 bytes

[0m[NR_RRC]   HO LOG: Event A2 (Serving becomes worse than threshold)
[0m[NR_RRC]   HO LOG: Event A2 (Serving becomes worse than threshold)
[0m[NR_MAC]   Frame.Slot 256.0
UE RNTI 1a60 CU-UE-ID 1 in-sync PH 34 dB PCMAX 21 dBm, average RSRP -102 (3 meas)
UE 1a60: CQI 12, RI 2, PMI (0,1)
UE 1a60: dlsch_rounds 3879/276/1/1, dlsch_errors 1, pucch0_DTX 6, BLER 0.04220 MCS (1) 16
UE 1a60: ulsch_rounds 627/0/0/0, ulsch_errors 0, ulsch_DTX 0, BLER 0.00000 MCS (1) 27 (Qm 8 deltaMCS 0 dB) NPRB 5  SNR 27.0 dB
UE 1a60: MAC:    TX      101356769 RX         116346 bytes
UE 1a60: LCID 1: TX            619 RX           1917 bytes
UE 1a60: LCID 2: TX              0 RX              0 bytes
UE 1a60: LCID 4: TX      101083443 RX           4094 bytes

[0m[NR_RRC]   HO LOG: Event A2 (Serving becomes worse than threshold)
[0m[1;31m[NFAPI_VNF]   
============================================================================
sfn slot doesn't match unpacked one! L2->L1 322.16  vs L1->L2 322.18  
============================================================================
[0m[NR_MAC]   Frame.Slot 384.0
UE RNTI 1a60 CU-UE-ID 1 in-sync PH 29 dB PCMAX 21 dBm, average RSRP -93 (4 meas)
UE 1a60: CQI 12, RI 2, PMI (0,1)
UE 1a60: dlsch_rounds 4759/394/1/1, dlsch_errors 1, pucch0_DTX 6, BLER 0.07492 MCS (1) 14
UE 1a60: ulsch_rounds 726/0/0/0, ulsch_errors 0, ulsch_DTX 0, BLER 0.00000 MCS (1) 27 (Qm 8 deltaMCS 0 dB) NPRB 5  SNR 28.0 dB
UE 1a60: MAC:    TX      128651461 RX         134476 bytes
UE 1a60: LCID 1: TX            625 RX           1958 bytes
UE 1a60: LCID 2: TX              0 RX              0 bytes
UE 1a60: LCID 4: TX      128311996 RX           4256 bytes

[0m[NR_MAC]   Frame.Slot 512.0
UE RNTI 1a60 CU-UE-ID 1 in-sync PH 31 dB PCMAX 21 dBm, average RSRP -94 (4 meas)
UE 1a60: CQI 12, RI 2, PMI (0,0)
UE 1a60: dlsch_rounds 5621/456/1/1, dlsch_errors 1, pucch0_DTX 8, BLER 0.06257 MCS (1) 16
UE 1a60: ulsch_rounds 824/0/0/0, ulsch_errors 0, ulsch_DTX 0, BLER 0.00000 MCS (1) 27 (Qm 8 deltaMCS 0 dB) NPRB 5  SNR 32.0 dB
UE 1a60: MAC:    TX      156154917 RX         152606 bytes
UE 1a60: LCID 1: TX            628 RX           1980 bytes
UE 1a60: LCID 2: TX              0 RX              0 bytes
UE 1a60: LCID 4: TX      155747336 RX           4415 bytes

[0m[NR_MAC]   Frame.Slot 640.0
UE RNTI 1a60 CU-UE-ID 1 in-sync PH 34 dB PCMAX 21 dBm, average RSRP -94 (6 meas)
UE 1a60: CQI 12, RI 2, PMI (0,0)
UE 1a60: dlsch_rounds 6401/546/1/1, dlsch_errors 1, pucch0_DTX 14, BLER 0.11489 MCS (1) 16
UE 1a60: ulsch_rounds 918/0/0/0, ulsch_errors 0, ulsch_DTX 0, BLER 0.00000 MCS (1) 27 (Qm 8 deltaMCS 0 dB) NPRB 5  SNR 30.0 dB
UE 1a60: MAC:    TX      184128164 RX         170181 bytes
UE 1a60: LCID 1: TX            631 RX           2002 bytes
UE 1a60: LCID 2: TX              0 RX              0 bytes
UE 1a60: LCID 4: TX      183653671 RX           4574 bytes

[0m[1;31m[NFAPI_VNF]   
============================================================================
sfn slot doesn't match unpacked one! L2->L1 641.9  vs L1->L2 641.11  
============================================================================
[0m[NR_RRC]   HO LOG: Event A2 (Serving becomes worse than threshold)
[0m[NR_RRC]   HO LOG: Event A2 (Serving becomes worse than threshold)
[0m[NR_RRC]   HO LOG: Event A2 (Serving becomes worse than threshold)
[0m[NR_MAC]   Frame.Slot 768.0
UE RNTI 1a60 CU-UE-ID 1 in-sync PH 34 dB PCMAX 21 dBm, average RSRP -93 (4 meas)
UE 1a60: CQI 12, RI 2, PMI (0,0)
UE 1a60: dlsch_rounds 7313/617/1/1, dlsch_errors 1, pucch0_DTX 14, BLER 0.07596 MCS (1) 13
UE 1a60: ulsch_rounds 1019/0/0/0, ulsch_errors 0, ulsch_DTX 0, BLER 0.00000 MCS (1) 27 (Qm 8 deltaMCS 0 dB) NPRB 5  SNR 30.0 dB
UE 1a60: MAC:    TX      211204533 RX         188866 bytes
UE 1a60: LCID 1: TX            646 RX           2103 bytes
UE 1a60: LCID 2: TX              0 RX              0 bytes
UE 1a60: LCID 4: TX      210664083 RX           4745 bytes

[0m[NR_RRC]   HO LOG: Event A2 (Serving becomes worse than threshold)
[0m[NR_MAC]   Frame.Slot 896.0
UE RNTI 1a60 CU-UE-ID 1 in-sync PH 36 dB PCMAX 21 dBm, average RSRP -93 (6 meas)
UE 1a60: CQI 12, RI 2, PMI (0,0)
UE 1a60: dlsch_rounds 8210/743/1/1, dlsch_errors 1, pucch0_DTX 14, BLER 0.14621 MCS (1) 15
UE 1a60: ulsch_rounds 1123/0/0/0, ulsch_errors 0, ulsch_DTX 0, BLER 0.00000 MCS (1) 27 (Qm 8 deltaMCS 0 dB) NPRB 5  SNR 27.0 dB
UE 1a60: MAC:    TX      238781257 RX         208106 bytes
UE 1a60: LCID 1: TX            652 RX           2144 bytes
UE 1a60: LCID 2: TX              0 RX              0 bytes
UE 1a60: LCID 4: TX      238170213 RX           4969 bytes

[0m