[UTIL]   running in SA mode (no --phy-test, --do-ra, --nsa option present)
[0m[OPT]   OPT disabled
[0m[HW]   Version: Branch: HEAD Abrev. Hash: f0fce7c167 Date: Tue Feb 25 22:58:21 2025 +0000
[0m[GNB_APP]   Initialized RAN Context: RC.nb_nr_inst = 1, RC.nb_nr_macrlc_inst = 1, RC.nb_nr_L1_inst = 0, RC.nb_RU = 0, RC.nb_nr_CC[0] = 0
[0m[GNB_APP]   pdsch_AntennaPorts N1 2 N2 1 XP 2 pusch_AntennaPorts 2
[0m[1;31m[GNB_APP]   RU information not present in config file. Assuming physical antenna ports equal to logical antenna ports 4
[0m[GNB_APP]   minTXRXTIME 3
[0m[GNB_APP]   SIB1 TDA 1
[0m[GNB_APP]   CSI-RS 1, SRS 0, 256 QAM may be on, delta_MCS off, maxMIMO_Layers -1, HARQ feedback enabled, num DLHARQ:16, num ULHARQ:16
[0m[GNB_APP]   sr_ProhibitTimer 0, sr_TransMax 64, sr_ProhibitTimer_v1700 0, t300 400, t301 400, t310 2000, n310 10, t311 3000, n311 1, t319 400
[0m[NR_MAC]   Candidates per PDCCH aggregation level on UESS: L1: 0, L2: 2, L4: 0, L8: 0, L16: 0
[0m[RRC]   Read in ServingCellConfigCommon (PhysCellId 0, ABSFREQSSB 649920, DLBand 78, ABSFREQPOINTA 646724, DLBW 273,RACH_TargetReceivedPower -96
[0m[RRC]   absoluteFrequencySSB 649920 corresponds to 3748800000 Hz
[0m[NR_MAC]   TDD period index = 6, based on the sum of dl_UL_TransmissionPeriodicity from Pattern1 (5.000000 ms) and Pattern2 (0.000000 ms): Total = 5.000000 ms
[0m[UTIL]   threadCreate() for MAC_STATS: creating thread with affinity ffffffff, priority 2
[0m[NR_MAC]   PUSCH Target 280, PUCCH Target 100, PUCCH Failure 10, PUSCH Failure 10
[0m[GNB_APP]   Configuring VNF for Aerial connection with prefix (null)
[0m[NR_PHY]   Copying 0 blacklisted PRB to L1 context
[0m[NR_MAC]   Set TX antenna number to 4, Set RX antenna number to 2 (num ssb 1: 80000000,0)
[0m[NR_MAC]   TDD period index = 6, based on the sum of dl_UL_TransmissionPeriodicity from Pattern1 (5.000000 ms) and Pattern2 (0.000000 ms): Total = 5.000000 ms
[0m[NR_MAC]   Set TDD configuration period to: 7 DL slots, 3 UL slots, 10 slots per period (NR_TDD_UL_DL_Pattern is 6 DL slots, 3 UL slots, 10 DL symbols, 0 UL symbols)
[0m[NR_MAC]   Configured 1 TDD patterns (total slots: pattern1 = 10, pattern2 = 0)
[0m[NR_PHY]   Set TDD Period Configuration: 2 periods per frame, 20 slots to be configured (7 DL, 3 UL)
[0m[NR_PHY]   TDD period configuration: slot 0 is DOWNLINK
[0m[NR_PHY]   TDD period configuration: slot 1 is DOWNLINK
[0m[NR_PHY]   TDD period configuration: slot 2 is DOWNLINK
[0m[NR_PHY]   TDD period configuration: slot 3 is DOWNLINK
[0m[NR_PHY]   TDD period configuration: slot 4 is DOWNLINK
[0m[NR_PHY]   TDD period configuration: slot 5 is DOWNLINK
[0m[NR_PHY]   TDD period configuration: slot 6 is FLEXIBLE: DDDDDDDDDDFFFF
[0m[NR_PHY]   TDD period configuration: slot 7 is UPLINK
[0m[NR_PHY]   TDD period configuration: slot 8 is UPLINK
[0m[NR_PHY]   TDD period configuration: slot 9 is UPLINK
[0m[NR_RRC]   SIB1 freq: offsetToPointA 246
[0m[GNB_APP]   F1AP: gNB idx 0 gNB_DU_id 3589, gNB_DU_name gNB-OAI-devkit05, TAC 1 MCC/MNC/length 1/1/2 cellID 12345678
[0m[GNB_APP]   ngran_DU: Configuring Cell 0 for TDD
[0m[GNB_APP]   SDAP layer is disabled
[0m[GNB_APP]   Data Radio Bearer count 1
[0m[NR_RRC]   do_SIB23_NR, size 9
[0m[UTIL]   threadCreate() for TASK_SCTP: creating thread with affinity ffffffff, priority 50
[0m[X2AP]   X2AP is disabled.
[0m[UTIL]   threadCreate() for TASK_NGAP: creating thread with affinity ffffffff, priority 50
[0m[UTIL]   threadCreate() for TASK_GNB_APP: creating thread with affinity ffffffff, priority 50
[0m[34m[NGAP]   Starting NGAP layer
[0m[NGAP]   Registered new gNB[0] and macro gNB id 3589
[0m[UTIL]   threadCreate() for TASK_RRC_GNB: creating thread with affinity ffffffff, priority 50
[0m[NGAP]   [gNB 0] check the amf registration state
[0m[NR_RRC]   Entering main loop of NR_RRC message task
[0m[NR_RRC]   Received F1 Setup Request from gNB_DU 3589 (gNB-OAI-devkit05) on assoc_id -1
[0m[GTPU]   Configuring GTPu
[0m[GTPU]   SA mode 
[0m[GTPU]   Configuring GTPu address : 10.131.3.93, port : 2152
[0m[GTPU]   Initializing UDP for local address 10.131.3.93 with port 2152
[0m[RRC]   Accepting DU 3589 (gNB-OAI-devkit05), sending F1 Setup Response
[0m[RRC]   DU uses RRC version 17.3.0
[0m[MAC]   received F1 Setup Response from CU (null)
[0m[MAC]   CU uses RRC version 17.3.0
[0m[MAC]   Clearing the DU's UE states before, if any.
[0m[GTPU]   Created gtpu instance id: 95
[0m[UTIL]   threadCreate() for TASK_GTPV1_U: creating thread with affinity ffffffff, priority 50
[0m[NR_RRC]   Accepting new CU-UP ID 3589 name gNB-OAI-devkit05 (assoc_id -1)
[0m[32m[NGAP]   Send NGSetupRequest to AMF
[0m[NGAP]   3589 -> 0000e050
[0m[34m[NGAP]   servedGUAMIs.list.count 1
[0m[34m[NGAP]   PLMNSupportList.list.count 1
[0m[34m[NGAP]   PLMNSupportList.list.count 3
[0m[32m[NGAP]   Received NGSetupResponse from AMF
[0m[GNB_APP]   [gNB 0] Received NGAP_REGISTER_GNB_CNF: associated AMF 1
[0m[NFAPI_VNF]   nvIPC_Init: creating IPC interface with prefix nvipc
[0m[NFAPI_VNF]   nvIPC_Init: create IPC interface successful
[0m[UTIL]   threadCreate() for vnf_nvipc_aerial: creating thread with affinity 1c, priority 50
[0m[NFAPI_VNF]   Received CONFIG.response, gNB is ready! 
[0m[1;31m[NFAPI_VNF]   
============================================================================
sfn slot doesn't match unpacked one! L2->L1 0.0  vs L1->L2 0.3  
============================================================================
[0m[NR_MAC]   Frame.Slot 128.0

[0m[NR_MAC]   Frame.Slot 256.0

[0m[NR_MAC]   Frame.Slot 384.0

[0m[NR_MAC]   Frame.Slot 512.0

[0m[NR_MAC]   Frame.Slot 640.0

[0m[NR_MAC]   Frame.Slot 768.0

[0m[NR_MAC]   Frame.Slot 896.0

[0m[NR_MAC]   Frame.Slot 0.0

[0m[NR_MAC]   Frame.Slot 128.0

[0m[NR_MAC]   Frame.Slot 256.0

[0m[NR_MAC]   RACH.indication put_queue successfull
[0m[32m[NR_MAC]   312.19 UE RA-RNTI 010b TC-RNTI 8fe9: Activating RA process index 0
[0m[NR_MAC]   UE 8fe9: Msg3 scheduled at 313.17 (313.6 TDA 2)
[0m[32m[NR_MAC]   UE 8fe9: 313.6 Generating RA-Msg2 DCI, RA RNTI 0x10b, state 1, CoreSetType 0, preamble_index(RAPID) 47, timing_offset = 10 (estimated distance 390.6 [m])
[0m[32m[NR_MAC]   313.6 Send RAR to RA-RNTI 010b
[0m[1;31m[NR_MAC]   Couldn't identify UE connected with current UL HARQ process
[0m[NR_MAC]    314 9: RA RNTI 8fe9 CC_id 0 Scheduling retransmission of Msg3 in (314,17)
[0m[1;31m[NR_MAC]   Couldn't identify UE connected with current UL HARQ process
[0m[NR_MAC]    315 9: RA RNTI 8fe9 CC_id 0 Scheduling retransmission of Msg3 in (315,17)
[0m[1;31m[NR_MAC]   Couldn't identify UE connected with current UL HARQ process
[0m[NR_MAC]    316 9: RA RNTI 8fe9 CC_id 0 Scheduling retransmission of Msg3 in (316,17)
[0m[93m[NR_MAC]   Random Access 0 failed at state WAIT_Msg3 (Reached msg3 max harq rounds)
[0m[1;31m[NR_MAC]   Couldn't identify UE connected with current UL HARQ process
[0m[NR_MAC]   Frame.Slot 384.0

[0m[NR_MAC]   Frame.Slot 512.0

[0m[NR_MAC]   Frame.Slot 640.0

[0m[NR_MAC]   Frame.Slot 768.0

[0m[NR_MAC]   Frame.Slot 896.0

[0m[NR_MAC]   Frame.Slot 0.0

[0m[NR_MAC]   Frame.Slot 128.0

[0m[1;31m[NFAPI_VNF]   
============================================================================
sfn slot doesn't match unpacked one! L2->L1 186.18  vs L1->L2 187.0  
============================================================================
[0m[NR_MAC]   Frame.Slot 256.0

[0m[NR_MAC]   Frame.Slot 384.0

[0m[NR_MAC]   Frame.Slot 512.0

[0m[NR_MAC]   Frame.Slot 640.0

[0m[NR_MAC]   Frame.Slot 768.0

[0m[NR_MAC]   Frame.Slot 896.0

[0m[NR_MAC]   Frame.Slot 0.0

[0m[NR_MAC]   Frame.Slot 128.0

[0m[NR_MAC]   Frame.Slot 256.0

[0m[NR_MAC]   Frame.Slot 384.0

[0m[NR_MAC]   Frame.Slot 512.0

[0m[NR_MAC]   Frame.Slot 640.0

[0m[NR_MAC]   Frame.Slot 768.0

[0m[NR_MAC]   Frame.Slot 896.0

[0m[NR_MAC]   Frame.Slot 0.0

[0m[NR_MAC]   Frame.Slot 128.0

[0m[NR_MAC]   Frame.Slot 256.0

[0m[NR_MAC]   Frame.Slot 384.0

[0m[NR_MAC]   Frame.Slot 512.0

[0m[NR_MAC]   Frame.Slot 640.0

[0m[NR_MAC]   Frame.Slot 768.0

[0m[NR_MAC]   Frame.Slot 896.0

[0m[NR_MAC]   Frame.Slot 0.0

[0m[NR_MAC]   Frame.Slot 128.0

[0m[NR_MAC]   Frame.Slot 256.0

[0m[NR_MAC]   Frame.Slot 384.0

[0m[NR_MAC]   Frame.Slot 512.0

[0m[NR_MAC]   Frame.Slot 640.0

[0m[NR_MAC]   Frame.Slot 768.0

[0m[NR_MAC]   Frame.Slot 896.0

[0m[NR_MAC]   Frame.Slot 0.0

[0m[NR_MAC]   Frame.Slot 128.0

[0m[NR_MAC]   Frame.Slot 256.0

[0m[NR_MAC]   Frame.Slot 384.0

[0m[NR_MAC]   Frame.Slot 512.0

[0m[NR_MAC]   Frame.Slot 640.0

[0m[NR_MAC]   Frame.Slot 768.0

[0m[NR_MAC]   Frame.Slot 896.0

[0m[NR_MAC]   Frame.Slot 0.0

[0m[NR_MAC]   Frame.Slot 128.0

[0m[NR_MAC]   Frame.Slot 256.0

[0m[NR_MAC]   RACH.indication put_queue successfull
[0m[32m[NR_MAC]   280.19 UE RA-RNTI 010b TC-RNTI 0ea3: Activating RA process index 0
[0m[NR_MAC]   UE 0ea3: Msg3 scheduled at 281.17 (281.6 TDA 2)
[0m[32m[NR_MAC]   UE 0ea3: 281.6 Generating RA-Msg2 DCI, RA RNTI 0x10b, state 1, CoreSetType 0, preamble_index(RAPID) 50, timing_offset = 0 (estimated distance 0.0 [m])
[0m[32m[NR_MAC]   281.6 Send RAR to RA-RNTI 010b
[0m[NR_MAC]   Adding new UE context with RNTI 0x0ea3
[0m[32m[NR_MAC]    281.17 PUSCH with TC_RNTI 0x0ea3 received correctly
[0m[MAC]   [RAPROC] Received SDU for CCCH length 6 for UE 0ea3
[0m[RLC]   Activated srb0 for UE 3747
[0m[RLC]   Added srb 1 to UE 3747
[0m[NR_MAC]   Activating scheduling Msg4 for TC_RNTI 0x0ea3 (state WAIT_Msg3)
[0m[93m[NR_MAC]   Unexpected ULSCH HARQ PID 0 (have -1) for RNTI 0x0ea3
[0m[NR_RRC]   Decoding CCCH: RNTI 0ea3, payload_size 6
[0m[32m[NR_RRC]   [--] (cellID 0, UE ID 1 RNTI 0ea3) Create UE context: CU UE ID 1 DU UE ID 3747 (rnti: 0ea3, random ue id 4ee2ad2b6d000000)
[0m[RRC]   activate SRB 1 of UE 1
[0m[32m[NR_RRC]   [DL] (cellID bc614e, UE ID 1 RNTI 0ea3) Send RRC Setup
[0m[NR_MAC]   UE 0ea3 Generate Msg4: feedback at  282. 7, payload 225 bytes, next state nrRA_WAIT_Msg4_MsgB_ACK
[0m[32m[NR_MAC]    282.13 UE 0ea3: Received Ack of Msg4. CBRA procedure succeeded!
[0m[32m[NR_RRC]   [UL] (cellID bc614e, UE ID 1 RNTI 0ea3) Received RRCSetupComplete (RRC_CONNECTED reached)
[0m[NGAP]   Build NGAP_NAS_FIRST_REQ adding in s_TMSI: GUAMI amf_set_id 1 amf_region_id 2 ue ea3
[0m[NGAP]   UE 1: Chose AMF 'open5gs-amf' (assoc_id 64) through selected PLMN Identity index 0 MCC 1 MNC 1
[0m[34m[NGAP]   NGAP_FIND_PROTOCOLIE_BY_ID ie is NULL (searching for ie: 110)
[0m[93m[NGAP]   could not find NGAP_ProtocolIE_ID_id_UEAggregateMaximumBitRate
[0m[34m[NGAP]   NGAP_FIND_PROTOCOLIE_BY_ID ie is NULL (searching for ie: 71)
[0m[34m[NGAP]   AllowedNSSAI.list.count 2
[0m[34m[NGAP]   NGAP_FIND_PROTOCOLIE_BY_ID ie is NULL (searching for ie: 36)
[0m[32m[NR_RRC]   [--] (cellID bc614e, UE ID 1 RNTI 0ea3) Selected security algorithms: ciphering 0, integrity 2
[0m[NR_RRC]   [UE ea3] Saved security key 3E
[0m[NR_RRC]   UE 1 Logical Channel DL-DCCH, Generate SecurityModeCommand (bytes 3)
[0m[32m[NR_RRC]   [UL] (cellID bc614e, UE ID 1 RNTI 0ea3) Received Security Mode Complete
[0m[NR_RRC]   UE 1: Logical Channel DL-DCCH, Generate NR UECapabilityEnquiry (bytes 8, xid 3)
[0m[32m[NR_RRC]   [UL] (cellID bc614e, UE ID 1 RNTI 0ea3) Received UE capabilities
[0m[NR_RRC]   Send message to ngap: NGAP_UE_CAPABILITIES_IND
[0m[32m[NR_RRC]   [DL] (cellID bc614e, UE ID 1 RNTI 0ea3) Send DL Information Transfer [57 bytes]
[0m[NR_RRC]   Send message to sctp: NGAP_InitialContextSetupResponse
[0m[32m[NR_RRC]   [UL] (cellID bc614e, UE ID 1 RNTI 0ea3) Received RRC UL Information Transfer [13 bytes]
[0m[32m[NR_RRC]   [DL] (cellID bc614e, UE ID 1 RNTI 0ea3) Send DL Information Transfer [46 bytes]
[0m[NR_MAC]   Frame.Slot 384.0
UE RNTI 0ea3 CU-UE-ID 1 in-sync PH 38 dB PCMAX 21 dBm, average RSRP -77 (12 meas)
UE 0ea3: CQI 15, RI 2, PMI (11,1)
UE 0ea3: dlsch_rounds 9/2/0/0, dlsch_errors 0, pucch0_DTX 0, BLER 0.10671 MCS (0) 9
UE 0ea3: ulsch_rounds 18/0/0/0, ulsch_errors 0, ulsch_DTX 0, BLER 0.03874 MCS (0) 9 (Qm 2 deltaMCS 0 dB) NPRB 5  SNR 24.0 dB
UE 0ea3: MAC:    TX           1116 RX           3190 bytes
UE 0ea3: LCID 1: TX            164 RX           1260 bytes

[0m[NR_MAC]   Frame.Slot 512.0
UE RNTI 0ea3 CU-UE-ID 1 in-sync PH 34 dB PCMAX 21 dBm, average RSRP -77 (16 meas)
UE 0ea3: CQI 15, RI 2, PMI (13,0)
UE 0ea3: dlsch_rounds 10/2/0/0, dlsch_errors 0, pucch0_DTX 0, BLER 0.09604 MCS (0) 9
UE 0ea3: ulsch_rounds 31/0/0/0, ulsch_errors 0, ulsch_DTX 0, BLER 0.00985 MCS (0) 9 (Qm 2 deltaMCS 0 dB) NPRB 5  SNR 26.0 dB
UE 0ea3: MAC:    TX           1341 RX           4503 bytes
UE 0ea3: LCID 1: TX            164 RX           1260 bytes

[0m[NR_MAC]   Frame.Slot 640.0
UE RNTI 0ea3 CU-UE-ID 1 in-sync PH 32 dB PCMAX 21 dBm, average RSRP -77 (16 meas)
UE 0ea3: CQI 15, RI 2, PMI (11,0)
UE 0ea3: dlsch_rounds 11/2/0/0, dlsch_errors 0, pucch0_DTX 0, BLER 0.08644 MCS (0) 9
UE 0ea3: ulsch_rounds 43/0/0/0, ulsch_errors 0, ulsch_DTX 0, BLER 0.00278 MCS (0) 9 (Qm 2 deltaMCS 0 dB) NPRB 5  SNR 30.0 dB
UE 0ea3: MAC:    TX           1566 RX           5715 bytes
UE 0ea3: LCID 1: TX            164 RX           1260 bytes

[0m[NR_MAC]   Frame.Slot 768.0
UE RNTI 0ea3 CU-UE-ID 1 in-sync PH 31 dB PCMAX 21 dBm, average RSRP -77 (15 meas)
UE 0ea3: CQI 15, RI 2, PMI (13,0)
UE 0ea3: dlsch_rounds 12/2/0/0, dlsch_errors 0, pucch0_DTX 0, BLER 0.07779 MCS (0) 9
UE 0ea3: ulsch_rounds 57/0/0/0, ulsch_errors 0, ulsch_DTX 0, BLER 0.00079 MCS (0) 9 (Qm 2 deltaMCS 0 dB) NPRB 5  SNR 28.0 dB
UE 0ea3: MAC:    TX           1791 RX           7129 bytes
UE 0ea3: LCID 1: TX            164 RX           1260 bytes

[0m[NR_MAC]   Frame.Slot 896.0
UE RNTI 0ea3 CU-UE-ID 1 in-sync PH 28 dB PCMAX 21 dBm, average RSRP -77 (16 meas)
UE 0ea3: CQI 15, RI 2, PMI (11,0)
UE 0ea3: dlsch_rounds 14/2/0/0, dlsch_errors 0, pucch0_DTX 0, BLER 0.06301 MCS (0) 9
UE 0ea3: ulsch_rounds 70/0/0/0, ulsch_errors 0, ulsch_DTX 0, BLER 0.00022 MCS (0) 9 (Qm 2 deltaMCS 0 dB) NPRB 5  SNR 28.0 dB
UE 0ea3: MAC:    TX           2241 RX           8442 bytes
UE 0ea3: LCID 1: TX            164 RX           1260 bytes

[0m[1;31m[NFAPI_VNF]   
============================================================================
sfn slot doesn't match unpacked one! L2->L1 973.13  vs L1->L2 973.15  
============================================================================
[0m[NR_MAC]   Frame.Slot 0.0
UE RNTI 0ea3 CU-UE-ID 1 in-sync PH 28 dB PCMAX 21 dBm, average RSRP -78 (16 meas)
UE 0ea3: CQI 15, RI 2, PMI (11,0)
UE 0ea3: dlsch_rounds 15/2/0/0, dlsch_errors 0, pucch0_DTX 0, BLER 0.05671 MCS (0) 9
UE 0ea3: ulsch_rounds 84/0/0/0, ulsch_errors 0, ulsch_DTX 0, BLER 0.00006 MCS (0) 9 (Qm 2 deltaMCS 0 dB) NPRB 5  SNR 28.0 dB
UE 0ea3: MAC:    TX           2466 RX           9856 bytes
UE 0ea3: LCID 1: TX            164 RX           1260 bytes

[0m[NR_MAC]   Frame.Slot 128.0
UE RNTI 0ea3 CU-UE-ID 1 in-sync PH 28 dB PCMAX 21 dBm, average RSRP -78 (16 meas)
UE 0ea3: CQI 15, RI 2, PMI (11,0)
UE 0ea3: dlsch_rounds 16/2/0/0, dlsch_errors 0, pucch0_DTX 0, BLER 0.05104 MCS (0) 9
UE 0ea3: ulsch_rounds 96/0/0/0, ulsch_errors 0, ulsch_DTX 0, BLER 0.00002 MCS (0) 9 (Qm 2 deltaMCS 0 dB) NPRB 5  SNR 29.0 dB
UE 0ea3: MAC:    TX           2691 RX          11068 bytes
UE 0ea3: LCID 1: TX            164 RX           1260 bytes

[0m[NR_MAC]   Frame.Slot 256.0
UE RNTI 0ea3 CU-UE-ID 1 in-sync PH 29 dB PCMAX 21 dBm, average RSRP -78 (16 meas)
UE 0ea3: CQI 15, RI 2, PMI (11,0)
UE 0ea3: dlsch_rounds 17/2/0/0, dlsch_errors 0, pucch0_DTX 0, BLER 0.04594 MCS (0) 9
UE 0ea3: ulsch_rounds 110/0/0/0, ulsch_errors 0, ulsch_DTX 0, BLER 0.00000 MCS (0) 9 (Qm 2 deltaMCS 0 dB) NPRB 5  SNR 29.0 dB
UE 0ea3: MAC:    TX           2916 RX          12482 bytes
UE 0ea3: LCID 1: TX            164 RX           1260 bytes

[0m[NR_MAC]   RACH.indication put_queue successfull
[0m[32m[NR_MAC]   284.19 UE RA-RNTI 010b TC-RNTI 4bd4: Activating RA process index 0
[0m[NR_MAC]   UE 4bd4: Msg3 scheduled at 285.17 (285.6 TDA 2)
[0m[32m[NR_MAC]   UE 4bd4: 285.6 Generating RA-Msg2 DCI, RA RNTI 0x10b, state 1, CoreSetType 0, preamble_index(RAPID) 36, timing_offset = 0 (estimated distance 0.0 [m])
[0m[32m[NR_MAC]   285.6 Send RAR to RA-RNTI 010b
[0m[NR_MAC]   Adding new UE context with RNTI 0x4bd4
[0m[32m[NR_MAC]    285.17 PUSCH with TC_RNTI 0x4bd4 received correctly
[0m[MAC]   [RAPROC] Received SDU for CCCH length 6 for UE 4bd4
[0m[RLC]   Activated srb0 for UE 19412
[0m[RLC]   Added srb 1 to UE 19412
[0m[NR_MAC]   Activating scheduling Msg4 for TC_RNTI 0x4bd4 (state WAIT_Msg3)
[0m[93m[NR_MAC]   Unexpected ULSCH HARQ PID 0 (have -1) for RNTI 0x4bd4
[0m[NR_RRC]   Decoding CCCH: RNTI 4bd4, payload_size 6
[0m[NR_RRC]   Received UE 5G-S-TMSI-Part1 278099133336
[0m[32m[NR_RRC]   [--] (cellID 0, UE ID 2 RNTI 4bd4) Create UE context: CU UE ID 2 DU UE ID 19412 (rnti: 4bd4, random ue id 40c0000398)
[0m[RRC]   activate SRB 1 of UE 2
[0m[32m[NR_RRC]   [DL] (cellID bc614e, UE ID 2 RNTI 4bd4) Send RRC Setup
[0m[NR_MAC]   UE 4bd4 Generate Msg4: feedback at  286. 7, payload 225 bytes, next state nrRA_WAIT_Msg4_MsgB_ACK
[0m[32m[NR_MAC]    286.13 UE 4bd4: Received Ack of Msg4. CBRA procedure succeeded!
[0m[32m[NR_RRC]   [UL] (cellID bc614e, UE ID 2 RNTI 4bd4) Received RRCSetupComplete (RRC_CONNECTED reached)
[0m[RRC]   s_tmsi part2 0 (00 00)
[0m[NR_RRC]   5g_s_TMSI: 0x40C0000398, amf_set_id: 0x1 (1), amf_pointer: 0x0 (0), 5g TMSI: 0xC0000398 
[0m[NGAP]   UE 2: Chose AMF 'open5gs-amf' (assoc_id 64) through selected PLMN Identity index 0 MCC 1 MNC 1
[0m[34m[NGAP]   FIVEG_S_TMSI_PRESENT
[0m[32m[NR_RRC]   [DL] (cellID bc614e, UE ID 1 RNTI 0ea3) Send RRC Release
[0m[34m[NGAP]   NGAP_FIND_PROTOCOLIE_BY_ID ie is NULL (searching for ie: 110)
[0m[93m[NGAP]   could not find NGAP_ProtocolIE_ID_id_UEAggregateMaximumBitRate
[0m[34m[NGAP]   NGAP_FIND_PROTOCOLIE_BY_ID ie is NULL (searching for ie: 71)
[0m[34m[NGAP]   AllowedNSSAI.list.count 2
[0m[34m[NGAP]   NGAP_FIND_PROTOCOLIE_BY_ID ie is NULL (searching for ie: 36)
[0m[32m[NR_RRC]   [--] (cellID bc614e, UE ID 2 RNTI 4bd4) Selected security algorithms: ciphering 0, integrity 2
[0m[NR_RRC]   [UE 4bd4] Saved security key 5F
[0m[NR_RRC]   UE 2 Logical Channel DL-DCCH, Generate SecurityModeCommand (bytes 3)
[0m[32m[NR_RRC]   [UL] (cellID bc614e, UE ID 2 RNTI 4bd4) Received Security Mode Complete
[0m[NR_RRC]   UE 2: Logical Channel DL-DCCH, Generate NR UECapabilityEnquiry (bytes 8, xid 1)
[0m[32m[NR_RRC]   [UL] (cellID bc614e, UE ID 2 RNTI 4bd4) Received UE capabilities
[0m[NR_RRC]   Send message to ngap: NGAP_UE_CAPABILITIES_IND
[0m[32m[NR_RRC]   [DL] (cellID bc614e, UE ID 2 RNTI 4bd4) Send DL Information Transfer [14 bytes]
[0m[NR_RRC]   Send message to sctp: NGAP_InitialContextSetupResponse
[0m[93m[NR_MAC]   UE 0ea3: Detected UL Failure on PUSCH after 10 PUSCH DTX, stopping scheduling
[0m[32m[NR_RRC]   [UL] (cellID bc614e, UE ID 2 RNTI 4bd4) Received RRC UL Information Transfer [83 bytes]
[0m[93m[RLC]   Remove UE 3747
[0m[NR_RRC]   removed UE CU UE ID 1/RNTI 0ea3 
[0m[NR_MAC]   Remove NR rnti 0x0ea3
[0m[32m[NR_RRC]   [--] (cellID bc614e, UE ID 1 RNTI 0ea3) Remove UE context
[0m[NGAP]   PDUSESSIONSetup initiating message
[0m[NR_RRC]   UE 2: received PDU Session Resource Setup Request
[0m[NR_RRC]   Adding pdusession 1, total nb of sessions 1
[0m[NR_RRC]   UE 2: configure DRB ID 1 for PDU session ID 1
[0m[32m[NR_RRC]   [--] (cellID bc614e, UE ID 2 RNTI 4bd4) selecting CU-UP ID 3589 based on exact NSSAI match (1:0xffffff)
[0m[RRC]   UE 2 associating to CU-UP assoc_id -1 out of 1 CU-UPs
[0m[GTPU]   [95] Created tunnel for UE ID 2, teid for incoming: a53a96d5, teid for outgoing 94dd to remote IPv4: 10.128.3.206, IPv6 ::
[0m[PDCP]   added drb 1 to UE ID 2
[0m[SDAP]   Default DRB for the created SDAP entity: 1 
[0m[RRC]   activate SRB 2 of UE 2
[0m[RLC]   Added srb 2 to UE 19412
[0m[RLC]   Added drb 1 to UE 19412
[0m[RLC]   Added DRB to UE 19412
[0m[RRC]   UE 2 trigger UE context setup request with 1 DRBs
[0m[RRC]   UE 4bd4 replacing existing CellGroupConfig with new one received from DU
[0m[E1AP]   UE 2: updating PDU session ID 1 (1 bearers)
[0m[PDCP]   DRB 1 re-established
[0m[32m[NR_RRC]   [DL] (cellID bc614e, UE ID 2 RNTI 4bd4) Generate RRCReconfiguration (bytes 360, xid 3)
[0m[RRC]   UE 2: PDU session ID 1 modified 1 bearers
[0m[32m[NR_RRC]   [UL] (cellID bc614e, UE ID 2 RNTI 4bd4) Received RRCReconfigurationComplete
[0m[NR_RRC]   msg index 0, pdu_sessions index 0, status 2, xid 3): nb_of_pdusessions 1,  pdusession_id 1, teid: 2772080341 
 [0m[NR_RRC]   NGAP_PDUSESSION_SETUP_RESP: sending the message
[0m[34m[NGAP]   pdusession_setup_resp_p: pdusession ID 1, gnb_addr 10.131.3.93, SIZE 4, TEID 2772080341
[0m[NR_MAC]   Frame.Slot 384.0
UE RNTI 4bd4 CU-UE-ID 2 in-sync PH 44 dB PCMAX 21 dBm, average RSRP -78 (10 meas)
UE 4bd4: CQI 11, RI 4, PMI (5,1)
UE 4bd4: dlsch_rounds 10/0/0/0, dlsch_errors 0, pucch0_DTX 0, BLER 0.09000 MCS (1) 9
UE 4bd4: ulsch_rounds 19/0/0/0, ulsch_errors 0, ulsch_DTX 0, BLER 0.04305 MCS (1) 9 (Qm 4 deltaMCS 0 dB) NPRB 5  SNR 25.0 dB
UE 4bd4: MAC:    TX           1881 RX           4131 bytes
UE 4bd4: LCID 1: TX            438 RX           1319 bytes
UE 4bd4: LCID 2: TX              0 RX              0 bytes
UE 4bd4: LCID 4: TX              0 RX              0 bytes

[0m[NR_MAC]   Frame.Slot 512.0
UE RNTI 4bd4 CU-UE-ID 2 in-sync PH 42 dB PCMAX 21 dBm, average RSRP -77 (16 meas)
UE 4bd4: CQI 10, RI 4, PMI (5,1)
UE 4bd4: dlsch_rounds 12/0/0/0, dlsch_errors 0, pucch0_DTX 0, BLER 0.08100 MCS (1) 9
UE 4bd4: ulsch_rounds 33/0/0/0, ulsch_errors 0, ulsch_DTX 0, BLER 0.01216 MCS (1) 9 (Qm 4 deltaMCS 0 dB) NPRB 5  SNR 27.0 dB
UE 4bd4: MAC:    TX           3449 RX           6721 bytes
UE 4bd4: LCID 1: TX            441 RX           1341 bytes
UE 4bd4: LCID 2: TX              0 RX              0 bytes
UE 4bd4: LCID 4: TX              0 RX              0 bytes

[0m[NR_MAC]   Frame.Slot 640.0
UE RNTI 4bd4 CU-UE-ID 2 in-sync PH 36 dB PCMAX 21 dBm, average RSRP -77 (16 meas)
UE 4bd4: CQI 10, RI 4, PMI (4,1)
UE 4bd4: dlsch_rounds 22/0/0/0, dlsch_errors 0, pucch0_DTX 0, BLER 0.03487 MCS (1) 9
UE 4bd4: ulsch_rounds 57/0/0/0, ulsch_errors 0, ulsch_DTX 0, BLER 0.00343 MCS (1) 10 (Qm 4 deltaMCS 0 dB) NPRB 5  SNR 29.0 dB
UE 4bd4: MAC:    TX          11289 RX          11161 bytes
UE 4bd4: LCID 1: TX            447 RX           1385 bytes
UE 4bd4: LCID 2: TX              0 RX              0 bytes
UE 4bd4: LCID 4: TX             18 RX           1137 bytes

[0m[NR_MAC]   Frame.Slot 768.0
UE RNTI 4bd4 CU-UE-ID 2 in-sync PH 34 dB PCMAX 21 dBm, average RSRP -77 (15 meas)
UE 4bd4: CQI 10, RI 4, PMI (4,1)
UE 4bd4: dlsch_rounds 26/0/0/0, dlsch_errors 0, pucch0_DTX 0, BLER 0.02288 MCS (1) 9
UE 4bd4: ulsch_rounds 74/0/0/0, ulsch_errors 0, ulsch_DTX 0, BLER 0.00108 MCS (1) 9 (Qm 4 deltaMCS 0 dB) NPRB 5  SNR 28.0 dB
UE 4bd4: MAC:    TX          14425 RX          14306 bytes
UE 4bd4: LCID 1: TX            450 RX           1407 bytes
UE 4bd4: LCID 2: TX              0 RX              0 bytes
UE 4bd4: LCID 4: TX             24 RX           1444 bytes

[0m[1;31m[NFAPI_VNF]   
============================================================================
sfn slot doesn't match unpacked one! L2->L1 881.19  vs L1->L2 882.1  
============================================================================
[0m[1;31m[NFAPI_VNF]   
============================================================================
sfn slot doesn't match unpacked one! L2->L1 881.19  vs L1->L2 882.19  
============================================================================
[0m[NR_MAC]   Frame.Slot 896.0
UE RNTI 4bd4 CU-UE-ID 2 in-sync PH 34 dB PCMAX 21 dBm, average RSRP -77 (16 meas)
UE 4bd4: CQI 10, RI 4, PMI (4,1)
UE 4bd4: dlsch_rounds 29/0/0/0, dlsch_errors 0, pucch0_DTX 0, BLER 0.01668 MCS (1) 9
UE 4bd4: ulsch_rounds 90/0/0/0, ulsch_errors 0, ulsch_DTX 0, BLER 0.00027 MCS (1) 9 (Qm 4 deltaMCS 0 dB) NPRB 5  SNR 28.0 dB
UE 4bd4: MAC:    TX          16777 RX          17266 bytes
UE 4bd4: LCID 1: TX            453 RX           1429 bytes
UE 4bd4: LCID 2: TX              0 RX              0 bytes
UE 4bd4: LCID 4: TX             27 RX           1523 bytes

[0m[NR_MAC]   Frame.Slot 0.0
UE RNTI 4bd4 CU-UE-ID 2 in-sync PH 32 dB PCMAX 21 dBm, average RSRP -77 (16 meas)
UE 4bd4: CQI 11, RI 4, PMI (4,1)
UE 4bd4: dlsch_rounds 33/0/0/0, dlsch_errors 0, pucch0_DTX 0, BLER 0.01094 MCS (1) 9
UE 4bd4: ulsch_rounds 105/0/0/0, ulsch_errors 0, ulsch_DTX 0, BLER 0.00009 MCS (1) 9 (Qm 4 deltaMCS 0 dB) NPRB 5  SNR 29.0 dB
UE 4bd4: MAC:    TX          19913 RX          20041 bytes
UE 4bd4: LCID 1: TX            456 RX           1451 bytes
UE 4bd4: LCID 2: TX              0 RX              0 bytes
UE 4bd4: LCID 4: TX             30 RX           1751 bytes

[0m[NR_MAC]   Frame.Slot 128.0
UE RNTI 4bd4 CU-UE-ID 2 in-sync PH 28 dB PCMAX 21 dBm, average RSRP -77 (15 meas)
UE 4bd4: CQI 11, RI 4, PMI (4,1)
UE 4bd4: dlsch_rounds 36/0/0/0, dlsch_errors 0, pucch0_DTX 0, BLER 0.00798 MCS (1) 9
UE 4bd4: ulsch_rounds 121/0/0/0, ulsch_errors 0, ulsch_DTX 0, BLER 0.00002 MCS (1) 9 (Qm 4 deltaMCS 0 dB) NPRB 5  SNR 30.0 dB
UE 4bd4: MAC:    TX          22265 RX          23001 bytes
UE 4bd4: LCID 1: TX            462 RX           1495 bytes
UE 4bd4: LCID 2: TX              0 RX              0 bytes
UE 4bd4: LCID 4: TX             30 RX           1751 bytes

[0m[NR_MAC]   Frame.Slot 256.0
UE RNTI 4bd4 CU-UE-ID 2 in-sync PH 28 dB PCMAX 21 dBm, average RSRP -77 (16 meas)
UE 4bd4: CQI 11, RI 4, PMI (4,1)
UE 4bd4: dlsch_rounds 39/0/0/0, dlsch_errors 0, pucch0_DTX 0, BLER 0.00646 MCS (1) 9
UE 4bd4: ulsch_rounds 137/0/0/0, ulsch_errors 0, ulsch_DTX 0, BLER 0.00001 MCS (1) 9 (Qm 4 deltaMCS 0 dB) NPRB 5  SNR 30.0 dB
UE 4bd4: MAC:    TX          24617 RX          25961 bytes
UE 4bd4: LCID 1: TX            465 RX           1517 bytes
UE 4bd4: LCID 2: TX              0 RX              0 bytes
UE 4bd4: LCID 4: TX             33 RX           1830 bytes

[0m[NR_MAC]   Frame.Slot 384.0
UE RNTI 4bd4 CU-UE-ID 2 in-sync PH 31 dB PCMAX 21 dBm, average RSRP -77 (16 meas)
UE 4bd4: CQI 11, RI 4, PMI (4,1)
UE 4bd4: dlsch_rounds 41/0/0/0, dlsch_errors 0, pucch0_DTX 0, BLER 0.00523 MCS (1) 9
UE 4bd4: ulsch_rounds 152/0/0/0, ulsch_errors 0, ulsch_DTX 0, BLER 0.00000 MCS (1) 9 (Qm 4 deltaMCS 0 dB) NPRB 5  SNR 32.0 dB
UE 4bd4: MAC:    TX          26185 RX          28736 bytes
UE 4bd4: LCID 1: TX            468 RX           1539 bytes
UE 4bd4: LCID 2: TX              0 RX              0 bytes
UE 4bd4: LCID 4: TX             33 RX           1830 bytes

[0m[NR_MAC]   Frame.Slot 512.0
UE RNTI 4bd4 CU-UE-ID 2 in-sync PH 31 dB PCMAX 21 dBm, average RSRP -77 (16 meas)
UE 4bd4: CQI 11, RI 4, PMI (4,1)
UE 4bd4: dlsch_rounds 44/0/0/0, dlsch_errors 0, pucch0_DTX 0, BLER 0.00382 MCS (1) 9
UE 4bd4: ulsch_rounds 166/0/0/0, ulsch_errors 0, ulsch_DTX 0, BLER 0.00000 MCS (1) 9 (Qm 4 deltaMCS 0 dB) NPRB 5  SNR 27.0 dB
UE 4bd4: MAC:    TX          28537 RX          31326 bytes
UE 4bd4: LCID 1: TX            471 RX           1561 bytes
UE 4bd4: LCID 2: TX              0 RX              0 bytes
UE 4bd4: LCID 4: TX             33 RX           1830 bytes

[0m[NR_MAC]   Frame.Slot 640.0
UE RNTI 4bd4 CU-UE-ID 2 in-sync PH 34 dB PCMAX 21 dBm, average RSRP -78 (15 meas)
UE 4bd4: CQI 10, RI 4, PMI (5,1)
UE 4bd4: dlsch_rounds 47/0/0/0, dlsch_errors 0, pucch0_DTX 0, BLER 0.00278 MCS (1) 9
UE 4bd4: ulsch_rounds 182/0/0/0, ulsch_errors 0, ulsch_DTX 0, BLER 0.00000 MCS (1) 9 (Qm 4 deltaMCS 0 dB) NPRB 5  SNR 28.0 dB
UE 4bd4: MAC:    TX          30889 RX          34286 bytes
UE 4bd4: LCID 1: TX            477 RX           1605 bytes
UE 4bd4: LCID 2: TX              0 RX              0 bytes
UE 4bd4: LCID 4: TX             33 RX           1830 bytes

[0m[NR_MAC]   Frame.Slot 768.0
UE RNTI 4bd4 CU-UE-ID 2 in-sync PH 34 dB PCMAX 21 dBm, average RSRP -78 (15 meas)
UE 4bd4: CQI 10, RI 4, PMI (5,1)
UE 4bd4: dlsch_rounds 61/0/0/0, dlsch_errors 0, pucch0_DTX 0, BLER 0.00203 MCS (1) 9
UE 4bd4: ulsch_rounds 211/0/0/0, ulsch_errors 0, ulsch_DTX 0, BLER 0.00000 MCS (1) 10 (Qm 4 deltaMCS 0 dB) NPRB 5  SNR 26.0 dB
UE 4bd4: MAC:    TX          42242 RX          39582 bytes
UE 4bd4: LCID 1: TX            480 RX           1627 bytes
UE 4bd4: LCID 2: TX              0 RX              0 bytes
UE 4bd4: LCID 4: TX           1889 RX           2560 bytes

[0m[NR_MAC]   Frame.Slot 896.0
UE RNTI 4bd4 CU-UE-ID 2 in-sync PH 25 dB PCMAX 21 dBm, average RSRP -78 (14 meas)
UE 4bd4: CQI 10, RI 4, PMI (4,1)
UE 4bd4: dlsch_rounds 340/33/0/0, dlsch_errors 0, pucch0_DTX 0, BLER 0.12252 MCS (1) 14
UE 4bd4: ulsch_rounds 261/0/0/0, ulsch_errors 0, ulsch_DTX 0, BLER 0.00000 MCS (1) 23 (Qm 8 deltaMCS 0 dB) NPRB 5  SNR 24.0 dB
UE 4bd4: MAC:    TX       13910585 RX          49017 bytes
UE 4bd4: LCID 1: TX            483 RX           1649 bytes
UE 4bd4: LCID 2: TX              0 RX              0 bytes
UE 4bd4: LCID 4: TX       13807730 RX           2635 bytes

[0m[NR_MAC]   Frame.Slot 0.0
UE RNTI 4bd4 CU-UE-ID 2 in-sync PH 21 dB PCMAX 21 dBm, average RSRP -78 (15 meas)
UE 4bd4: CQI 10, RI 4, PMI (4,1)
UE 4bd4: dlsch_rounds 598/45/0/0, dlsch_errors 0, pucch0_DTX 0, BLER 0.08655 MCS (1) 16
UE 4bd4: ulsch_rounds 318/0/0/0, ulsch_errors 0, ulsch_DTX 0, BLER 0.00000 MCS (1) 27 (Qm 8 deltaMCS 0 dB) NPRB 5  SNR 29.0 dB
UE 4bd4: MAC:    TX       28478071 RX          59377 bytes
UE 4bd4: LCID 1: TX            486 RX           1671 bytes
UE 4bd4: LCID 2: TX              0 RX              0 bytes
UE 4bd4: LCID 4: TX       28319999 RX           2792 bytes

[0m[NR_MAC]   Frame.Slot 128.0
UE RNTI 4bd4 CU-UE-ID 2 in-sync PH 22 dB PCMAX 21 dBm, average RSRP -78 (16 meas)
UE 4bd4: CQI 10, RI 4, PMI (4,1)
UE 4bd4: dlsch_rounds 840/67/0/0, dlsch_errors 0, pucch0_DTX 0, BLER 0.06920 MCS (1) 15
UE 4bd4: ulsch_rounds 373/0/0/0, ulsch_errors 0, ulsch_DTX 0, BLER 0.00000 MCS (1) 27 (Qm 8 deltaMCS 0 dB) NPRB 5  SNR 29.0 dB
UE 4bd4: MAC:    TX       42752087 RX          69737 bytes
UE 4bd4: LCID 1: TX            492 RX           1715 bytes
UE 4bd4: LCID 2: TX              0 RX              0 bytes
UE 4bd4: LCID 4: TX       42538764 RX           2870 bytes

[0m[NR_MAC]   Frame.Slot 256.0
UE RNTI 4bd4 CU-UE-ID 2 in-sync PH 22 dB PCMAX 21 dBm, average RSRP -78 (16 meas)
UE 4bd4: CQI 11, RI 4, PMI (6,1)
UE 4bd4: dlsch_rounds 1077/74/0/0, dlsch_errors 0, pucch0_DTX 0, BLER 0.03753 MCS (1) 19
UE 4bd4: ulsch_rounds 425/0/0/0, ulsch_errors 0, ulsch_DTX 0, BLER 0.00000 MCS (1) 27 (Qm 8 deltaMCS 0 dB) NPRB 5  SNR 27.0 dB
UE 4bd4: MAC:    TX       58079042 RX          79357 bytes
UE 4bd4: LCID 1: TX            495 RX           1737 bytes
UE 4bd4: LCID 2: TX              0 RX              0 bytes
UE 4bd4: LCID 4: TX       57808045 RX           2948 bytes

[0m[NR_MAC]   Frame.Slot 384.0
UE RNTI 4bd4 CU-UE-ID 2 in-sync PH 21 dB PCMAX 21 dBm, average RSRP -78 (16 meas)
UE 4bd4: CQI 11, RI 4, PMI (5,1)
UE 4bd4: dlsch_rounds 1303/104/0/0, dlsch_errors 0, pucch0_DTX 0, BLER 0.10132 MCS (1) 17
UE 4bd4: ulsch_rounds 478/0/0/0, ulsch_errors 0, ulsch_DTX 0, BLER 0.00000 MCS (1) 27 (Qm 8 deltaMCS 0 dB) NPRB 5  SNR 29.0 dB
UE 4bd4: MAC:    TX       73190477 RX          89162 bytes
UE 4bd4: LCID 1: TX            498 RX           1759 bytes
UE 4bd4: LCID 2: TX              0 RX              0 bytes
UE 4bd4: LCID 4: TX       72856091 RX           3026 bytes

[0m[NR_MAC]   Frame.Slot 512.0
UE RNTI 4bd4 CU-UE-ID 2 in-sync PH 22 dB PCMAX 21 dBm, average RSRP -77 (15 meas)
UE 4bd4: CQI 11, RI 4, PMI (5,1)
UE 4bd4: dlsch_rounds 1531/124/0/0, dlsch_errors 0, pucch0_DTX 0, BLER 0.10524 MCS (1) 19
UE 4bd4: ulsch_rounds 530/0/0/0, ulsch_errors 0, ulsch_DTX 0, BLER 0.00000 MCS (1) 27 (Qm 8 deltaMCS 0 dB) NPRB 5  SNR 25.0 dB
UE 4bd4: MAC:    TX       88878786 RX          98782 bytes
UE 4bd4: LCID 1: TX            501 RX           1781 bytes
UE 4bd4: LCID 2: TX              0 RX              0 bytes
UE 4bd4: LCID 4: TX       88484622 RX           3101 bytes

[0m[NR_MAC]   Frame.Slot 640.0
UE RNTI 4bd4 CU-UE-ID 2 in-sync PH 22 dB PCMAX 21 dBm, average RSRP -77 (16 meas)
UE 4bd4: CQI 11, RI 4, PMI (5,1)
UE 4bd4: dlsch_rounds 1752/141/0/0, dlsch_errors 0, pucch0_DTX 0, BLER 0.07507 MCS (1) 18
UE 4bd4: ulsch_rounds 585/0/0/0, ulsch_errors 0, ulsch_DTX 0, BLER 0.00000 MCS (1) 27 (Qm 8 deltaMCS 0 dB) NPRB 5  SNR 25.0 dB
UE 4bd4: MAC:    TX      104227623 RX         108772 bytes
UE 4bd4: LCID 1: TX            507 RX           1825 bytes
UE 4bd4: LCID 2: TX              0 RX              0 bytes
UE 4bd4: LCID 4: TX      103771808 RX           3176 bytes

[0m[NR_MAC]   Frame.Slot 768.0
UE RNTI 4bd4 CU-UE-ID 2 in-sync PH 21 dB PCMAX 21 dBm, average RSRP -77 (15 meas)
UE 4bd4: CQI 11, RI 4, PMI (5,1)
UE 4bd4: dlsch_rounds 1966/157/0/0, dlsch_errors 0, pucch0_DTX 0, BLER 0.08166 MCS (1) 19
UE 4bd4: ulsch_rounds 636/0/0/0, ulsch_errors 0, ulsch_DTX 0, BLER 0.00000 MCS (1) 27 (Qm 8 deltaMCS 0 dB) NPRB 5  SNR 26.0 dB
UE 4bd4: MAC:    TX      119148365 RX         118392 bytes
UE 4bd4: LCID 1: TX            510 RX           1847 bytes
UE 4bd4: LCID 2: TX              0 RX              0 bytes
UE 4bd4: LCID 4: TX      118619370 RX           3254 bytes

[0m[NR_MAC]   Frame.Slot 896.0
UE RNTI 4bd4 CU-UE-ID 2 in-sync PH 21 dB PCMAX 21 dBm, average RSRP -78 (15 meas)
UE 4bd4: CQI 10, RI 4, PMI (6,0)
UE 4bd4: dlsch_rounds 2263/272/0/0, dlsch_errors 0, pucch0_DTX 0, BLER 0.29183 MCS (1) 8
UE 4bd4: ulsch_rounds 694/0/0/0, ulsch_errors 0, ulsch_DTX 0, BLER 0.00000 MCS (1) 27 (Qm 8 deltaMCS 0 dB) NPRB 5  SNR 27.0 dB
UE 4bd4: MAC:    TX      134959759 RX         129122 bytes
UE 4bd4: LCID 1: TX            513 RX           1869 bytes
UE 4bd4: LCID 2: TX              0 RX              0 bytes
UE 4bd4: LCID 4: TX      134380983 RX           3341 bytes

[0m[NR_MAC]   Frame.Slot 0.0
UE RNTI 4bd4 CU-UE-ID 2 in-sync PH 22 dB PCMAX 21 dBm, average RSRP -78 (16 meas)
UE 4bd4: CQI 10, RI 4, PMI (7,0)
UE 4bd4: dlsch_rounds 2784/272/0/0, dlsch_errors 0, pucch0_DTX 0, BLER 0.07418 MCS (1) 6
UE 4bd4: ulsch_rounds 768/0/0/0, ulsch_errors 0, ulsch_DTX 0, BLER 0.00000 MCS (1) 27 (Qm 8 deltaMCS 0 dB) NPRB 5  SNR 26.0 dB
UE 4bd4: MAC:    TX      149936336 RX         142812 bytes
UE 4bd4: LCID 1: TX            516 RX           1891 bytes
UE 4bd4: LCID 2: TX              0 RX              0 bytes
UE 4bd4: LCID 4: TX      149320074 RX           3452 bytes

[0m[NR_MAC]   Frame.Slot 128.0
UE RNTI 4bd4 CU-UE-ID 2 in-sync PH 22 dB PCMAX 21 dBm, average RSRP -78 (15 meas)
UE 4bd4: CQI 10, RI 4, PMI (7,0)
UE 4bd4: dlsch_rounds 3161/308/0/0, dlsch_errors 0, pucch0_DTX 0, BLER 0.11493 MCS (1) 15
UE 4bd4: ulsch_rounds 830/0/0/0, ulsch_errors 0, ulsch_DTX 0, BLER 0.00000 MCS (1) 27 (Qm 8 deltaMCS 0 dB) NPRB 5  SNR 26.0 dB
UE 4bd4: MAC:    TX      164551548 RX         154282 bytes
UE 4bd4: LCID 1: TX            522 RX           1935 bytes
UE 4bd4: LCID 2: TX              0 RX              0 bytes
UE 4bd4: LCID 4: TX      163889421 RX           3539 bytes

[0m[NR_MAC]   Frame.Slot 256.0
UE RNTI 4bd4 CU-UE-ID 2 in-sync PH 23 dB PCMAX 21 dBm, average RSRP -78 (16 meas)
UE 4bd4: CQI 10, RI 4, PMI (7,0)
UE 4bd4: dlsch_rounds 3450/311/0/0, dlsch_errors 0, pucch0_DTX 0, BLER 0.05792 MCS (1) 12
UE 4bd4: ulsch_rounds 883/0/0/0, ulsch_errors 0, ulsch_DTX 0, BLER 0.00000 MCS (1) 27 (Qm 8 deltaMCS 0 dB) NPRB 5  SNR 28.0 dB
UE 4bd4: MAC:    TX      178417835 RX         163902 bytes
UE 4bd4: LCID 1: TX            525 RX           1957 bytes
UE 4bd4: LCID 2: TX              0 RX              0 bytes
UE 4bd4: LCID 4: TX      177707711 RX           3617 bytes

[0m[NR_MAC]   Frame.Slot 384.0
UE RNTI 4bd4 CU-UE-ID 2 in-sync PH 40 dB PCMAX 21 dBm, average RSRP -77 (16 meas)
UE 4bd4: CQI 10, RI 4, PMI (7,0)
UE 4bd4: dlsch_rounds 3717/349/0/0, dlsch_errors 0, pucch0_DTX 0, BLER 0.13033 MCS (1) 12
UE 4bd4: ulsch_rounds 936/0/0/0, ulsch_errors 0, ulsch_DTX 0, BLER 0.00000 MCS (1) 27 (Qm 8 deltaMCS 0 dB) NPRB 5  SNR 28.0 dB
UE 4bd4: MAC:    TX      192601178 RX         173892 bytes
UE 4bd4: LCID 1: TX            528 RX           1979 bytes
UE 4bd4: LCID 2: TX              0 RX              0 bytes
UE 4bd4: LCID 4: TX      191835791 RX           3698 bytes

[0m[NR_MAC]   Frame.Slot 512.0
UE RNTI 4bd4 CU-UE-ID 2 in-sync PH 27 dB PCMAX 21 dBm, average RSRP -77 (16 meas)
UE 4bd4: CQI 11, RI 4, PMI (7,0)
UE 4bd4: dlsch_rounds 4008/352/0/0, dlsch_errors 0, pucch0_DTX 0, BLER 0.03313 MCS (1) 16
UE 4bd4: ulsch_rounds 993/0/0/0, ulsch_errors 0, ulsch_DTX 0, BLER 0.00000 MCS (1) 27 (Qm 8 deltaMCS 0 dB) NPRB 5  SNR 26.0 dB
UE 4bd4: MAC:    TX      207356939 RX         184252 bytes
UE 4bd4: LCID 1: TX            531 RX           2001 bytes
UE 4bd4: LCID 2: TX              0 RX              0 bytes
UE 4bd4: LCID 4: TX      206547074 RX           3776 bytes

[0m[NR_MAC]   Frame.Slot 640.0
UE RNTI 4bd4 CU-UE-ID 2 in-sync PH 21 dB PCMAX 21 dBm, average RSRP -77 (15 meas)
UE 4bd4: CQI 11, RI 4, PMI (7,0)
UE 4bd4: dlsch_rounds 4315/411/0/0, dlsch_errors 0, pucch0_DTX 0, BLER 0.15333 MCS (1) 8
UE 4bd4: ulsch_rounds 1054/0/0/0, ulsch_errors 0, ulsch_DTX 0, BLER 0.00000 MCS (1) 27 (Qm 8 deltaMCS 0 dB) NPRB 5  SNR 31.0 dB
UE 4bd4: MAC:    TX      222839466 RX         195722 bytes
UE 4bd4: LCID 1: TX            537 RX           2045 bytes
UE 4bd4: LCID 2: TX              0 RX              0 bytes
UE 4bd4: LCID 4: TX      221977050 RX           3939 bytes

[0m[NR_MAC]   Frame.Slot 768.0
UE RNTI 4bd4 CU-UE-ID 2 in-sync PH 22 dB PCMAX 21 dBm, average RSRP -77 (15 meas)
UE 4bd4: CQI 11, RI 4, PMI (7,0)
UE 4bd4: dlsch_rounds 4747/411/0/0, dlsch_errors 0, pucch0_DTX 0, BLER 0.03898 MCS (1) 11
UE 4bd4: ulsch_rounds 1105/0/0/0, ulsch_errors 0, ulsch_DTX 0, BLER 0.00000 MCS (1) 27 (Qm 8 deltaMCS 0 dB) NPRB 5  SNR 27.0 dB
UE 4bd4: MAC:    TX      238820207 RX         205157 bytes
UE 4bd4: LCID 1: TX            540 RX           2067 bytes
UE 4bd4: LCID 2: TX              0 RX              0 bytes
UE 4bd4: LCID 4: TX      237916294 RX           4014 bytes

[0m[NR_MAC]   Frame.Slot 896.0
UE RNTI 4bd4 CU-UE-ID 2 in-sync PH 22 dB PCMAX 21 dBm, average RSRP -77 (16 meas)
UE 4bd4: CQI 11, RI 4, PMI (7,0)
UE 4bd4: dlsch_rounds 5012/454/0/0, dlsch_errors 0, pucch0_DTX 0, BLER 0.13785 MCS (1) 11
UE 4bd4: ulsch_rounds 1157/0/0/0, ulsch_errors 0, ulsch_DTX 0, BLER 0.00000 MCS (1) 27 (Qm 8 deltaMCS 0 dB) NPRB 5  SNR 27.0 dB
UE 4bd4: MAC:    TX      252920445 RX         214592 bytes
UE 4bd4: LCID 1: TX            543 RX           2089 bytes
UE 4bd4: LCID 2: TX              0 RX              0 bytes
UE 4bd4: LCID 4: TX      251967458 RX           4089 bytes

[0m[NR_MAC]   Frame.Slot 0.0
UE RNTI 4bd4 CU-UE-ID 2 in-sync PH 22 dB PCMAX 21 dBm, average RSRP -77 (15 meas)
UE 4bd4: CQI 11, RI 4, PMI (7,1)
UE 4bd4: dlsch_rounds 5357/455/0/0, dlsch_errors 0, pucch0_DTX 0, BLER 0.04112 MCS (1) 13
UE 4bd4: ulsch_rounds 1212/0/0/0, ulsch_errors 0, ulsch_DTX 0, BLER 0.00000 MCS (1) 27 (Qm 8 deltaMCS 0 dB) NPRB 5  SNR 28.0 dB
UE 4bd4: MAC:    TX      268268839 RX         224952 bytes
UE 4bd4: LCID 1: TX            549 RX           2133 bytes
UE 4bd4: LCID 2: TX              0 RX              0 bytes
UE 4bd4: LCID 4: TX      267272654 RX           4167 bytes

[0m[NR_MAC]   Frame.Slot 128.0
UE RNTI 4bd4 CU-UE-ID 2 in-sync PH 22 dB PCMAX 21 dBm, average RSRP -77 (16 meas)
UE 4bd4: CQI 11, RI 4, PMI (7,1)
UE 4bd4: dlsch_rounds 5592/460/0/0, dlsch_errors 0, pucch0_DTX 0, BLER 0.03161 MCS (1) 19
UE 4bd4: ulsch_rounds 1267/0/0/0, ulsch_errors 0, ulsch_DTX 0, BLER 0.00000 MCS (1) 27 (Qm 8 deltaMCS 0 dB) NPRB 5  SNR 33.0 dB
UE 4bd4: MAC:    TX      283979333 RX         235127 bytes
UE 4bd4: LCID 1: TX            552 RX           2155 bytes
UE 4bd4: LCID 2: TX              0 RX              0 bytes
UE 4bd4: LCID 4: TX      282923342 RX           4245 bytes

[0m[NR_MAC]   Frame.Slot 256.0
UE RNTI 4bd4 CU-UE-ID 2 in-sync PH 38 dB PCMAX 21 dBm, average RSRP -78 (16 meas)
UE 4bd4: CQI 11, RI 4, PMI (4,1)
UE 4bd4: dlsch_rounds 5809/466/0/0, dlsch_errors 0, pucch0_DTX 0, BLER 0.02618 MCS (1) 19
UE 4bd4: ulsch_rounds 1319/0/0/0, ulsch_errors 0, ulsch_DTX 0, BLER 0.00000 MCS (1) 27 (Qm 8 deltaMCS 0 dB) NPRB 5  SNR 25.0 dB
UE 4bd4: MAC:    TX      297715616 RX         244747 bytes
UE 4bd4: LCID 1: TX            555 RX           2177 bytes
UE 4bd4: LCID 2: TX              0 RX              0 bytes
UE 4bd4: LCID 4: TX      296589248 RX           4323 bytes

[0m[NR_MAC]   Frame.Slot 384.0
UE RNTI 4bd4 CU-UE-ID 2 in-sync PH 38 dB PCMAX 21 dBm, average RSRP -78 (15 meas)
UE 4bd4: CQI 11, RI 4, PMI (7,0)
UE 4bd4: dlsch_rounds 6023/483/0/0, dlsch_errors 0, pucch0_DTX 0, BLER 0.06669 MCS (1) 19
UE 4bd4: ulsch_rounds 1369/0/0/0, ulsch_errors 0, ulsch_DTX 0, BLER 0.00000 MCS (1) 27 (Qm 8 deltaMCS 0 dB) NPRB 5  SNR 26.0 dB
UE 4bd4: MAC:    TX      312733623 RX         253997 bytes
UE 4bd4: LCID 1: TX            558 RX           2199 bytes
UE 4bd4: LCID 2: TX              0 RX              0 bytes
UE 4bd4: LCID 4: TX      311543233 RX           4398 bytes

[0m[NR_MAC]   Frame.Slot 512.0
UE RNTI 4bd4 CU-UE-ID 2 in-sync PH 38 dB PCMAX 21 dBm, average RSRP -77 (15 meas)
UE 4bd4: CQI 11, RI 4, PMI (4,0)
UE 4bd4: dlsch_rounds 6241/488/0/0, dlsch_errors 0, pucch0_DTX 0, BLER 0.03082 MCS (1) 19
UE 4bd4: ulsch_rounds 1424/0/0/0, ulsch_errors 0, ulsch_DTX 0, BLER 0.00000 MCS (1) 27 (Qm 8 deltaMCS 0 dB) NPRB 5  SNR 28.0 dB
UE 4bd4: MAC:    TX      328298281 RX         263987 bytes
UE 4bd4: LCID 1: TX            564 RX           2243 bytes
UE 4bd4: LCID 2: TX              0 RX              0 bytes
UE 4bd4: LCID 4: TX      327037138 RX           4473 bytes

[0m[NR_MAC]   Frame.Slot 640.0
UE RNTI 4bd4 CU-UE-ID 2 in-sync PH 36 dB PCMAX 21 dBm, average RSRP -77 (16 meas)
UE 4bd4: CQI 11, RI 4, PMI (5,1)
UE 4bd4: dlsch_rounds 6454/497/0/0, dlsch_errors 0, pucch0_DTX 0, BLER 0.04254 MCS (1) 19
UE 4bd4: ulsch_rounds 1477/0/0/0, ulsch_errors 0, ulsch_DTX 0, BLER 0.00000 MCS (1) 27 (Qm 8 deltaMCS 0 dB) NPRB 5  SNR 28.0 dB
UE 4bd4: MAC:    TX      343370582 RX         273977 bytes
UE 4bd4: LCID 1: TX            567 RX           2265 bytes
UE 4bd4: LCID 2: TX              0 RX              0 bytes
UE 4bd4: LCID 4: TX      342042814 RX           4551 bytes

[0m