[UTIL]   running in SA mode (no --phy-test, --do-ra, --nsa option present)
[0m[OPT]   OPT disabled
[0m[HW]   Version: Branch: HEAD Abrev. Hash: f0fce7c167 Date: Tue Feb 25 22:58:21 2025 +0000
[0m[GNB_APP]   Initialized RAN Context: RC.nb_nr_inst = 1, RC.nb_nr_macrlc_inst = 1, RC.nb_nr_L1_inst = 0, RC.nb_RU = 0, RC.nb_nr_CC[0] = 0
[0m[GNB_APP]   pdsch_AntennaPorts N1 2 N2 1 XP 2 pusch_AntennaPorts 2
[0m[1;31m[GNB_APP]   RU information not present in config file. Assuming physical antenna ports equal to logical antenna ports 4
[0m[GNB_APP]   minTXRXTIME 3
[0m[GNB_APP]   SIB1 TDA 1
[0m[GNB_APP]   CSI-RS 1, SRS 0, 256 QAM may be on, delta_MCS off, maxMIMO_Layers -1, HARQ feedback enabled, num DLHARQ:16, num ULHARQ:16
[0m[GNB_APP]   sr_ProhibitTimer 0, sr_TransMax 64, sr_ProhibitTimer_v1700 0, t300 400, t301 400, t310 2000, n310 10, t311 3000, n311 1, t319 400
[0m[NR_MAC]   Candidates per PDCCH aggregation level on UESS: L1: 0, L2: 2, L4: 0, L8: 0, L16: 0
[0m[RRC]   Read in ServingCellConfigCommon (PhysCellId 0, ABSFREQSSB 649920, DLBand 78, ABSFREQPOINTA 646724, DLBW 273,RACH_TargetReceivedPower -96
[0m[RRC]   absoluteFrequencySSB 649920 corresponds to 3748800000 Hz
[0m[NR_MAC]   TDD period index = 6, based on the sum of dl_UL_TransmissionPeriodicity from Pattern1 (5.000000 ms) and Pattern2 (0.000000 ms): Total = 5.000000 ms
[0m[UTIL]   threadCreate() for MAC_STATS: creating thread with affinity ffffffff, priority 2
[0m[NR_MAC]   PUSCH Target 280, PUCCH Target 100, PUCCH Failure 10, PUSCH Failure 10
[0m[GNB_APP]   Configuring VNF for Aerial connection with prefix (null)
[0m[NR_PHY]   Copying 0 blacklisted PRB to L1 context
[0m[NR_MAC]   Set TX antenna number to 4, Set RX antenna number to 2 (num ssb 1: 80000000,0)
[0m[NR_MAC]   TDD period index = 6, based on the sum of dl_UL_TransmissionPeriodicity from Pattern1 (5.000000 ms) and Pattern2 (0.000000 ms): Total = 5.000000 ms
[0m[NR_MAC]   Set TDD configuration period to: 7 DL slots, 3 UL slots, 10 slots per period (NR_TDD_UL_DL_Pattern is 6 DL slots, 3 UL slots, 10 DL symbols, 0 UL symbols)
[0m[NR_MAC]   Configured 1 TDD patterns (total slots: pattern1 = 10, pattern2 = 0)
[0m[NR_PHY]   Set TDD Period Configuration: 2 periods per frame, 20 slots to be configured (7 DL, 3 UL)
[0m[NR_PHY]   TDD period configuration: slot 0 is DOWNLINK
[0m[NR_PHY]   TDD period configuration: slot 1 is DOWNLINK
[0m[NR_PHY]   TDD period configuration: slot 2 is DOWNLINK
[0m[NR_PHY]   TDD period configuration: slot 3 is DOWNLINK
[0m[NR_PHY]   TDD period configuration: slot 4 is DOWNLINK
[0m[NR_PHY]   TDD period configuration: slot 5 is DOWNLINK
[0m[NR_PHY]   TDD period configuration: slot 6 is FLEXIBLE: DDDDDDDDDDFFFF
[0m[NR_PHY]   TDD period configuration: slot 7 is UPLINK
[0m[NR_PHY]   TDD period configuration: slot 8 is UPLINK
[0m[NR_PHY]   TDD period configuration: slot 9 is UPLINK
[0m[NR_RRC]   SIB1 freq: offsetToPointA 246
[0m[GNB_APP]   F1AP: gNB idx 0 gNB_DU_id 3589, gNB_DU_name gNB-OAI-devkit05, TAC 1 MCC/MNC/length 1/1/2 cellID 12345678
[0m[GNB_APP]   ngran_DU: Configuring Cell 0 for TDD
[0m[GNB_APP]   SDAP layer is disabled
[0m[GNB_APP]   Data Radio Bearer count 1
[0m[NR_RRC]   do_SIB23_NR, size 9
[0m[UTIL]   threadCreate() for TASK_SCTP: creating thread with affinity ffffffff, priority 50
[0m[X2AP]   X2AP is disabled.
[0m[UTIL]   threadCreate() for TASK_NGAP: creating thread with affinity ffffffff, priority 50
[0m[UTIL]   threadCreate() for TASK_GNB_APP: creating thread with affinity ffffffff, priority 50
[0m[34m[NGAP]   Starting NGAP layer
[0m[UTIL]   threadCreate() for TASK_RRC_GNB: creating thread with affinity ffffffff, priority 50
[0m[NGAP]   Registered new gNB[0] and macro gNB id 3589
[0m[NGAP]   [gNB 0] check the amf registration state
[0m[NR_RRC]   Entering main loop of NR_RRC message task
[0m[GTPU]   Configuring GTPu
[0m[NR_RRC]   Received F1 Setup Request from gNB_DU 3589 (gNB-OAI-devkit05) on assoc_id -1
[0m[GTPU]   SA mode 
[0m[GTPU]   Configuring GTPu address : 10.131.2.18, port : 2152
[0m[GTPU]   Initializing UDP for local address 10.131.2.18 with port 2152
[0m[RRC]   Accepting DU 3589 (gNB-OAI-devkit05), sending F1 Setup Response
[0m[RRC]   DU uses RRC version 17.3.0
[0m[GTPU]   Created gtpu instance id: 95
[0m[MAC]   received F1 Setup Response from CU (null)
[0m[MAC]   CU uses RRC version 17.3.0
[0m[MAC]   Clearing the DU's UE states before, if any.
[0m[UTIL]   threadCreate() for TASK_GTPV1_U: creating thread with affinity ffffffff, priority 50
[0m[NR_RRC]   Accepting new CU-UP ID 3589 name gNB-OAI-devkit05 (assoc_id -1)
[0m[32m[NGAP]   Send NGSetupRequest to AMF
[0m[NGAP]   3589 -> 0000e050
[0m[34m[NGAP]   servedGUAMIs.list.count 1
[0m[34m[NGAP]   PLMNSupportList.list.count 1
[0m[34m[NGAP]   PLMNSupportList.list.count 3
[0m[32m[NGAP]   Received NGSetupResponse from AMF
[0m[GNB_APP]   [gNB 0] Received NGAP_REGISTER_GNB_CNF: associated AMF 1
[0m[NFAPI_VNF]   nvIPC_Init: creating IPC interface with prefix nvipc
[0m[NFAPI_VNF]   nvIPC_Init: create IPC interface successful
[0m[UTIL]   threadCreate() for vnf_nvipc_aerial: creating thread with affinity 1c, priority 50
[0m[NFAPI_VNF]   Received CONFIG.response, gNB is ready! 
[0m[1;31m[NFAPI_VNF]   
============================================================================
sfn slot doesn't match unpacked one! L2->L1 0.0  vs L1->L2 0.3  
============================================================================
[0m[NR_MAC]   Frame.Slot 128.0

[0m[NR_MAC]   Frame.Slot 256.0

[0m[NR_MAC]   Frame.Slot 384.0

[0m[NR_MAC]   Frame.Slot 512.0

[0m[NR_MAC]   Frame.Slot 640.0

[0m[NR_MAC]   Frame.Slot 768.0

[0m[NR_MAC]   Frame.Slot 896.0

[0m[NR_MAC]   Frame.Slot 0.0

[0m[NR_MAC]   Frame.Slot 128.0

[0m[NR_MAC]   Frame.Slot 256.0

[0m[NR_MAC]   Frame.Slot 384.0

[0m[NR_MAC]   Frame.Slot 512.0

[0m[NR_MAC]   RACH.indication put_queue successfull
[0m[32m[NR_MAC]   571.19 UE RA-RNTI 010b TC-RNTI 391c: Activating RA process index 0
[0m[NR_MAC]   UE 391c: Msg3 scheduled at 572.17 (572.6 TDA 2)
[0m[32m[NR_MAC]   UE 391c: 572.6 Generating RA-Msg2 DCI, RA RNTI 0x10b, state 1, CoreSetType 0, preamble_index(RAPID) 9, timing_offset = 0 (estimated distance 0.0 [m])
[0m[32m[NR_MAC]   572.6 Send RAR to RA-RNTI 010b
[0m[NR_MAC]   Adding new UE context with RNTI 0x391c
[0m[32m[NR_MAC]    572.17 PUSCH with TC_RNTI 0x391c received correctly
[0m[MAC]   [RAPROC] Received SDU for CCCH length 6 for UE 391c
[0m[RLC]   Activated srb0 for UE 14620
[0m[RLC]   Added srb 1 to UE 14620
[0m[NR_MAC]   Activating scheduling Msg4 for TC_RNTI 0x391c (state WAIT_Msg3)
[0m[93m[NR_MAC]   Unexpected ULSCH HARQ PID 0 (have -1) for RNTI 0x391c
[0m[NR_RRC]   Decoding CCCH: RNTI 391c, payload_size 6
[0m[32m[NR_RRC]   [--] (cellID 0, UE ID 1 RNTI 391c) Create UE context: CU UE ID 1 DU UE ID 14620 (rnti: 391c, random ue id 46f1c9cd28000000)
[0m[RRC]   activate SRB 1 of UE 1
[0m[32m[NR_RRC]   [DL] (cellID bc614e, UE ID 1 RNTI 391c) Send RRC Setup
[0m[NR_MAC]   UE 391c Generate Msg4: feedback at  573. 7, payload 225 bytes, next state nrRA_WAIT_Msg4_MsgB_ACK
[0m[NR_MAC]   (UE 391c) Received Nack in Msg4, preparing retransmission!
[0m[NR_MAC]   UE 391c Generate Msg4: feedback at  573.17, payload 225 bytes, next state nrRA_WAIT_Msg4_MsgB_ACK
[0m[NR_MAC]   (UE 391c) Received Nack in Msg4, preparing retransmission!
[0m[NR_MAC]   UE 391c Generate Msg4: feedback at  574. 7, payload 225 bytes, next state nrRA_WAIT_Msg4_MsgB_ACK
[0m[NR_MAC]   (UE 391c) Received Nack in Msg4, preparing retransmission!
[0m[NR_MAC]   UE 391c Generate Msg4: feedback at  574.17, payload 225 bytes, next state nrRA_WAIT_Msg4_MsgB_ACK
[0m[NR_MAC]    575. 3 UE 391c: RA Procedure failed at Msg4!
[0m[NR_MAC]   RACH.indication put_queue successfull
[0m[32m[NR_MAC]   612.19 UE RA-RNTI 010b TC-RNTI 20c2: Activating RA process index 0
[0m[NR_MAC]   UE 20c2: Msg3 scheduled at 613.17 (613.6 TDA 2)
[0m[32m[NR_MAC]   UE 20c2: 613.6 Generating RA-Msg2 DCI, RA RNTI 0x10b, state 1, CoreSetType 0, preamble_index(RAPID) 16, timing_offset = 0 (estimated distance 0.0 [m])
[0m[32m[NR_MAC]   613.6 Send RAR to RA-RNTI 010b
[0m[1;31m[NR_MAC]   Couldn't identify UE connected with current UL HARQ process
[0m[NR_MAC]    614 9: RA RNTI 20c2 CC_id 0 Scheduling retransmission of Msg3 in (614,17)
[0m[1;31m[NR_MAC]   Couldn't identify UE connected with current UL HARQ process
[0m[NR_MAC]    615 9: RA RNTI 20c2 CC_id 0 Scheduling retransmission of Msg3 in (615,17)
[0m[1;31m[NR_MAC]   Couldn't identify UE connected with current UL HARQ process
[0m[NR_MAC]    616 9: RA RNTI 20c2 CC_id 0 Scheduling retransmission of Msg3 in (616,17)
[0m[93m[NR_MAC]   Random Access 0 failed at state WAIT_Msg3 (Reached msg3 max harq rounds)
[0m[1;31m[NR_MAC]   Couldn't identify UE connected with current UL HARQ process
[0m[NR_MAC]   RACH.indication put_queue successfull
[0m[32m[NR_MAC]   620.19 UE RA-RNTI 010b TC-RNTI a3c3: Activating RA process index 0
[0m[NR_MAC]   UE a3c3: Msg3 scheduled at 621.17 (621.6 TDA 2)
[0m[32m[NR_MAC]   UE a3c3: 621.6 Generating RA-Msg2 DCI, RA RNTI 0x10b, state 1, CoreSetType 0, preamble_index(RAPID) 11, timing_offset = 0 (estimated distance 0.0 [m])
[0m[32m[NR_MAC]   621.6 Send RAR to RA-RNTI 010b
[0m[NR_MAC]   Adding new UE context with RNTI 0xa3c3
[0m[32m[NR_MAC]    621.17 PUSCH with TC_RNTI 0xa3c3 received correctly
[0m[NR_MAC]   Received UL_SCH_LCID_C_RNTI with C-RNTI 0x391c, triggering RRC Reconfiguration
[0m[NR_MAC]   Activating scheduling Msg4 for TC_RNTI 0x391c (state WAIT_Msg3)
[0m[93m[NR_MAC]   Unexpected ULSCH HARQ PID 0 (have -1) for RNTI 0xa3c3
[0m[RRC]   UE Context Modification Required: new CellGroupConfig for UE ID 1/RNTI 391c, triggering reconfiguration
[0m[RRC]   UE 1/RNTI 391c replacing existing CellGroupConfig with new one received from DU
[0m[NR_MAC]   UE 391c Generate Msg4: feedback at  622. 7, payload 225 bytes, next state nrRA_WAIT_Msg4_MsgB_ACK
[0m[NR_MAC]   (UE 391c) Received Nack in Msg4, preparing retransmission!
[0m[NR_MAC]   UE 391c Generate Msg4: feedback at  622.17, payload 225 bytes, next state nrRA_WAIT_Msg4_MsgB_ACK
[0m[NR_MAC]   (UE 391c) Received Nack in Msg4, preparing retransmission!
[0m[NR_MAC]   UE 391c Generate Msg4: feedback at  623. 7, payload 225 bytes, next state nrRA_WAIT_Msg4_MsgB_ACK
[0m[NR_MAC]   (UE 391c) Received Nack in Msg4, preparing retransmission!
[0m[NR_MAC]   UE 391c Generate Msg4: feedback at  623.17, payload 225 bytes, next state nrRA_WAIT_Msg4_MsgB_ACK
[0m[NR_MAC]    624. 3 UE 391c: RA Procedure failed at Msg4!
[0m[93m[RLC]   Remove UE 41923
[0m[93m[RLC]   Warning: ue 41923 not found
[0m[NR_MAC]   Remove NR rnti 0xa3c3
[0m[NR_MAC]   RACH.indication put_queue successfull
[0m[32m[NR_MAC]   631.19 UE RA-RNTI 010b TC-RNTI 5a5f: Activating RA process index 0
[0m[NR_MAC]   UE 5a5f: Msg3 scheduled at 632.17 (632.6 TDA 2)
[0m[32m[NR_MAC]   UE 5a5f: 632.6 Generating RA-Msg2 DCI, RA RNTI 0x10b, state 1, CoreSetType 0, preamble_index(RAPID) 42, timing_offset = 0 (estimated distance 0.0 [m])
[0m[32m[NR_MAC]   632.6 Send RAR to RA-RNTI 010b
[0m[NR_MAC]   Adding new UE context with RNTI 0x5a5f
[0m[32m[NR_MAC]    632.17 PUSCH with TC_RNTI 0x5a5f received correctly
[0m[NR_MAC]   Received UL_SCH_LCID_C_RNTI with C-RNTI 0x391c, triggering RRC Reconfiguration
[0m[RRC]   UE Context Modification Required: new CellGroupConfig for UE ID 1/RNTI 391c, triggering reconfiguration
[0m[NR_MAC]   Activating scheduling Msg4 for TC_RNTI 0x391c (state WAIT_Msg3)
[0m[93m[NR_MAC]   Unexpected ULSCH HARQ PID 0 (have -1) for RNTI 0x5a5f
[0m[RRC]   UE 1/RNTI 391c replacing existing CellGroupConfig with new one received from DU
[0m[32m[NR_RRC]   [UL] (cellID bc614e, UE ID 1 RNTI 391c) Received RRCSetupComplete (RRC_CONNECTED reached)
[0m[NGAP]   UE 1: Chose AMF 'open5gs-amf' (assoc_id 12) through selected PLMN Identity index 0 MCC 1 MNC 1
[0m[NR_MAC]   UE 391c Generate Msg4: feedback at  633. 7, payload 437 bytes, next state nrRA_WAIT_Msg4_MsgB_ACK
[0m[32m[NR_MAC]    633.13 UE 391c: Received Ack of Msg4. CBRA procedure succeeded!
[0m[32m[NR_RRC]   [DL] (cellID bc614e, UE ID 1 RNTI 391c) Send DL Information Transfer [42 bytes]
[0m[NR_MAC]   Frame.Slot 640.0
UE RNTI 391c CU-UE-ID 1 in-sync PH 16 dB PCMAX 21 dBm, average RSRP -61 (1 meas)
UE 391c: CQI 7, RI 2, PMI (8,0)
UE 391c: dlsch_rounds 7/6/6/6, dlsch_errors 5, pucch0_DTX 8, BLER 0.10000 MCS (0) 9
UE 391c: ulsch_rounds 1/0/0/0, ulsch_errors 0, ulsch_DTX 0, BLER 0.10000 MCS (0) 9 (Qm 2 deltaMCS 0 dB) NPRB 5  SNR 18.0 dB
UE 391c: MAC:    TX           1056 RX            101 bytes
UE 391c: LCID 1: TX            620 RX             57 bytes
UE RNTI 5a5f CU-UE-ID (none) in-sync PH 0 dB PCMAX 0 dBm, average RSRP 0 (0 meas)
UE 5a5f: dlsch_rounds 0/0/0/0, dlsch_errors 0, pucch0_DTX 0, BLER 0.00000 MCS (0) 0
UE 5a5f: ulsch_rounds 0/0/0/0, ulsch_errors 0, ulsch_DTX 0, BLER 0.00000 MCS (0) 0 (Qm 2 deltaMCS 0 dB) NPRB 0  SNR 14.0 dB
UE 5a5f: MAC:    TX              0 RX              0 bytes

[0m[93m[RLC]   Remove UE 23135
[0m[93m[RLC]   Warning: ue 23135 not found
[0m[NR_MAC]   Remove NR rnti 0x5a5f
[0m[32m[NR_RRC]   [UL] (cellID bc614e, UE ID 1 RNTI 391c) Received RRCReconfigurationComplete
[0m[RRC]   UE 1: transaction 3 still ongoing for action 5
[0m[1;31m[NR_MAC]   invalid cqi_idx 0, default to MCS 9
[0m[32m[NR_RRC]   [UL] (cellID bc614e, UE ID 1 RNTI 391c) Received RRCReconfigurationComplete
[0m[32m[NR_RRC]   [UL] (cellID bc614e, UE ID 1 RNTI 391c) Received RRC UL Information Transfer [24 bytes]
[0m[32m[NR_RRC]   [DL] (cellID bc614e, UE ID 1 RNTI 391c) Send DL Information Transfer [19 bytes]
[0m[32m[NR_RRC]   [UL] (cellID bc614e, UE ID 1 RNTI 391c) Received RRC UL Information Transfer [73 bytes]
[0m[34m[NGAP]   NGAP_FIND_PROTOCOLIE_BY_ID ie is NULL (searching for ie: 110)
[0m[93m[NGAP]   could not find NGAP_ProtocolIE_ID_id_UEAggregateMaximumBitRate
[0m[34m[NGAP]   NGAP_FIND_PROTOCOLIE_BY_ID ie is NULL (searching for ie: 71)
[0m[34m[NGAP]   AllowedNSSAI.list.count 1
[0m[34m[NGAP]   NGAP_FIND_PROTOCOLIE_BY_ID ie is NULL (searching for ie: 36)
[0m[32m[NR_RRC]   [--] (cellID bc614e, UE ID 1 RNTI 391c) Selected security algorithms: ciphering 0, integrity 2
[0m[NR_RRC]   [UE 391c] Saved security key 8F
[0m[NR_RRC]   UE 1 Logical Channel DL-DCCH, Generate SecurityModeCommand (bytes 3)
[0m[32m[NR_RRC]   [UL] (cellID bc614e, UE ID 1 RNTI 391c) Received Security Mode Complete
[0m[NR_RRC]   UE 1: Logical Channel DL-DCCH, Generate NR UECapabilityEnquiry (bytes 8, xid 3)
[0m[32m[NR_RRC]   [UL] (cellID bc614e, UE ID 1 RNTI 391c) Received UE capabilities
[0m[NR_RRC]   Send message to ngap: NGAP_UE_CAPABILITIES_IND
[0m[32m[NR_RRC]   [DL] (cellID bc614e, UE ID 1 RNTI 391c) Send DL Information Transfer [59 bytes]
[0m[NR_RRC]   Send message to sctp: NGAP_InitialContextSetupResponse
[0m[32m[NR_RRC]   [UL] (cellID bc614e, UE ID 1 RNTI 391c) Received RRC UL Information Transfer [13 bytes]
[0m[32m[NR_RRC]   [DL] (cellID bc614e, UE ID 1 RNTI 391c) Send DL Information Transfer [46 bytes]
[0m[NR_MAC]   Frame.Slot 768.0
UE RNTI 391c CU-UE-ID 1 in-sync PH 9 dB PCMAX 21 dBm, average RSRP -106 (16 meas)
UE 391c: CQI 9, RI 2, PMI (15,1)
UE 391c: dlsch_rounds 25/21/21/20, dlsch_errors 18, pucch0_DTX 59, BLER 0.47257 MCS (0) 0
UE 391c: ulsch_rounds 61/1/1/0, ulsch_errors 0, ulsch_DTX 1, BLER 0.07012 MCS (0) 0 (Qm 2 deltaMCS 0 dB) NPRB 5  SNR 17.0 dB
UE 391c: MAC:    TX           2369 RX           1619 bytes
UE 391c: LCID 1: TX           1506 RX            770 bytes

[0m[32m[NR_RRC]   [UL] (cellID bc614e, UE ID 1 RNTI 391c) Received RRC UL Information Transfer [82 bytes]
[0m[NGAP]   PDUSESSIONSetup initiating message
[0m[NR_RRC]   UE 1: received PDU Session Resource Setup Request
[0m[NR_RRC]   Adding pdusession 1, total nb of sessions 1
[0m[NR_RRC]   UE 1: configure DRB ID 1 for PDU session ID 1
[0m[32m[NR_RRC]   [--] (cellID bc614e, UE ID 1 RNTI 391c) selecting CU-UP ID 3589 based on exact NSSAI match (1:0xffffff)
[0m[RRC]   UE 1 associating to CU-UP assoc_id -1 out of 1 CU-UPs
[0m[GTPU]   [95] Created tunnel for UE ID 1, teid for incoming: e1388948, teid for outgoing d27a to remote IPv4: 10.128.0.42, IPv6 ::
[0m[PDCP]   added drb 1 to UE ID 1
[0m[SDAP]   Default DRB for the created SDAP entity: 1 
[0m[RRC]   activate SRB 2 of UE 1
[0m[RLC]   Added srb 2 to UE 14620
[0m[RLC]   Added drb 1 to UE 14620
[0m[RLC]   Added DRB to UE 14620
[0m[RRC]   UE 1 trigger UE context setup request with 1 DRBs
[0m[RRC]   UE 391c replacing existing CellGroupConfig with new one received from DU
[0m[E1AP]   UE 1: updating PDU session ID 1 (1 bearers)
[0m[PDCP]   DRB 1 re-established
[0m[32m[NR_RRC]   [DL] (cellID bc614e, UE ID 1 RNTI 391c) Generate RRCReconfiguration (bytes 401, xid 2)
[0m[RRC]   UE 1: PDU session ID 1 modified 1 bearers
[0m[32m[NR_RRC]   [UL] (cellID bc614e, UE ID 1 RNTI 391c) Received RRCReconfigurationComplete
[0m[NR_RRC]   msg index 0, pdu_sessions index 0, status 2, xid 2): nb_of_pdusessions 1,  pdusession_id 1, teid: 3778578760 
 [0m[NR_RRC]   NGAP_PDUSESSION_SETUP_RESP: sending the message
[0m[34m[NGAP]   pdusession_setup_resp_p: pdusession ID 1, gnb_addr 10.131.2.18, SIZE 4, TEID 3778578760
[0m[NR_RRC]   HO LOG: Event A2 (Serving becomes worse than threshold)
[0m[NR_RRC]   HO LOG: Event A2 (Serving becomes worse than threshold)
[0m[NR_RRC]   HO LOG: Event A2 (Serving becomes worse than threshold)
[0m[NR_MAC]   Frame.Slot 896.0
UE RNTI 391c CU-UE-ID 1 in-sync PH 10 dB PCMAX 21 dBm, average RSRP -106 (15 meas)
UE 391c: CQI 5, RI 2, PMI (15,1)
UE 391c: dlsch_rounds 104/90/78/63, dlsch_errors 55, pucch0_DTX 256, BLER 0.74435 MCS (1) 0
UE 391c: ulsch_rounds 291/1/1/0, ulsch_errors 0, ulsch_DTX 1, BLER 0.02201 MCS (1) 6 (Qm 4 deltaMCS 0 dB) NPRB 5  SNR 10.0 dB
UE 391c: MAC:    TX          35837 RX          12856 bytes
UE 391c: LCID 1: TX           1930 RX           1012 bytes
UE 391c: LCID 2: TX              0 RX              0 bytes
UE 391c: LCID 4: TX          31471 RX           8940 bytes

[0m[NR_RRC]   HO LOG: Event A2 (Serving becomes worse than threshold)
[0m[NR_MAC]   Frame.Slot 0.0
UE RNTI 391c CU-UE-ID 1 in-sync PH 11 dB PCMAX 21 dBm, average RSRP -107 (15 meas)
UE 391c: CQI 5, RI 2, PMI (15,0)
UE 391c: dlsch_rounds 115/100/86/69, dlsch_errors 59, pucch0_DTX 277, BLER 0.83082 MCS (1) 0
UE 391c: ulsch_rounds 310/1/1/0, ulsch_errors 0, ulsch_DTX 1, BLER 0.00691 MCS (1) 7 (Qm 4 deltaMCS 0 dB) NPRB 5  SNR 19.0 dB
UE 391c: MAC:    TX          37459 RX          15499 bytes
UE 391c: LCID 1: TX           1936 RX           1053 bytes
UE 391c: LCID 2: TX              0 RX              0 bytes
UE 391c: LCID 4: TX          32771 RX           9506 bytes

[0m[NR_MAC]   Frame.Slot 128.0
UE RNTI 391c CU-UE-ID 1 in-sync PH 10 dB PCMAX 21 dBm, average RSRP -107 (16 meas)
UE 391c: CQI 5, RI 2, PMI (15,1)
UE 391c: dlsch_rounds 117/102/88/69, dlsch_errors 59, pucch0_DTX 277, BLER 0.86296 MCS (1) 0
UE 391c: ulsch_rounds 325/1/1/0, ulsch_errors 0, ulsch_DTX 1, BLER 0.00176 MCS (1) 7 (Qm 4 deltaMCS 0 dB) NPRB 5  SNR 15.0 dB
UE 391c: MAC:    TX          37535 RX          17674 bytes
UE 391c: LCID 1: TX           1939 RX           1075 bytes
UE 391c: LCID 2: TX              0 RX              0 bytes
UE 391c: LCID 4: TX          32771 RX           9506 bytes

[0m[NR_MAC]   Frame.Slot 256.0
UE RNTI 391c CU-UE-ID 1 in-sync PH 10 dB PCMAX 21 dBm, average RSRP -108 (16 meas)
UE 391c: CQI 5, RI 2, PMI (15,1)
UE 391c: dlsch_rounds 120/105/90/71, dlsch_errors 60, pucch0_DTX 283, BLER 0.90010 MCS (1) 0
UE 391c: ulsch_rounds 339/1/1/0, ulsch_errors 0, ulsch_DTX 1, BLER 0.00050 MCS (1) 7 (Qm 4 deltaMCS 0 dB) NPRB 5  SNR 16.0 dB
UE 391c: MAC:    TX          37649 RX          19704 bytes
UE 391c: LCID 1: TX           1942 RX           1097 bytes
UE 391c: LCID 2: TX              0 RX              0 bytes
UE 391c: LCID 4: TX          32771 RX           9506 bytes

[0m[NR_MAC]   Frame.Slot 384.0
UE RNTI 391c CU-UE-ID 1 in-sync PH 10 dB PCMAX 21 dBm, average RSRP -108 (16 meas)
UE 391c: CQI 5, RI 2, PMI (13,0)
UE 391c: dlsch_rounds 123/108/90/71, dlsch_errors 60, pucch0_DTX 283, BLER 0.92717 MCS (1) 0
UE 391c: ulsch_rounds 355/1/1/0, ulsch_errors 0, ulsch_DTX 1, BLER 0.00013 MCS (1) 7 (Qm 4 deltaMCS 0 dB) NPRB 5  SNR 18.0 dB
UE 391c: MAC:    TX          37763 RX          22024 bytes
UE 391c: LCID 1: TX           1948 RX           1141 bytes
UE 391c: LCID 2: TX              0 RX              0 bytes
UE 391c: LCID 4: TX          32771 RX           9506 bytes

[0m[NR_MAC]   Frame.Slot 512.0
UE RNTI 391c CU-UE-ID 1 in-sync PH 10 dB PCMAX 21 dBm, average RSRP -107 (16 meas)
UE 391c: CQI 6, RI 2, PMI (15,1)
UE 391c: dlsch_rounds 125/110/90/71, dlsch_errors 60, pucch0_DTX 283, BLER 0.94101 MCS (1) 0
UE 391c: ulsch_rounds 369/1/1/0, ulsch_errors 0, ulsch_DTX 1, BLER 0.00004 MCS (1) 7 (Qm 4 deltaMCS 0 dB) NPRB 5  SNR 19.0 dB
UE 391c: MAC:    TX          37839 RX          24054 bytes
UE 391c: LCID 1: TX           1951 RX           1163 bytes
UE 391c: LCID 2: TX              0 RX              0 bytes
UE 391c: LCID 4: TX          32771 RX           9506 bytes

[0m[NR_MAC]   Frame.Slot 640.0
UE RNTI 391c CU-UE-ID 1 in-sync PH 11 dB PCMAX 21 dBm, average RSRP -106 (15 meas)
UE 391c: CQI 6, RI 2, PMI (15,1)
UE 391c: dlsch_rounds 129/113/91/72, dlsch_errors 60, pucch0_DTX 286, BLER 0.95700 MCS (1) 0
UE 391c: ulsch_rounds 385/1/1/0, ulsch_errors 0, ulsch_DTX 1, BLER 0.00001 MCS (1) 7 (Qm 4 deltaMCS 0 dB) NPRB 5  SNR 13.0 dB
UE 391c: MAC:    TX          38033 RX          26374 bytes
UE 391c: LCID 1: TX           1954 RX           1185 bytes
UE 391c: LCID 2: TX              0 RX              0 bytes
UE 391c: LCID 4: TX          32832 RX           9728 bytes

[0m[NR_MAC]   Frame.Slot 768.0
UE RNTI 391c CU-UE-ID 1 in-sync PH 9 dB PCMAX 21 dBm, average RSRP -106 (15 meas)
UE 391c: CQI 5, RI 2, PMI (15,0)
UE 391c: dlsch_rounds 148/131/104/79, dlsch_errors 66, pucch0_DTX 316, BLER 0.94596 MCS (1) 0
UE 391c: ulsch_rounds 412/1/1/0, ulsch_errors 0, ulsch_DTX 1, BLER 0.00000 MCS (1) 9 (Qm 4 deltaMCS 0 dB) NPRB 5  SNR 12.0 dB
UE 391c: MAC:    TX          41121 RX          31209 bytes
UE 391c: LCID 1: TX           1957 RX           1207 bytes
UE 391c: LCID 2: TX              0 RX              0 bytes
UE 391c: LCID 4: TX          35371 RX          10638 bytes

[0m[NR_MAC]   Frame.Slot 896.0
UE RNTI 391c CU-UE-ID 1 in-sync PH 9 dB PCMAX 21 dBm, average RSRP -106 (16 meas)
UE 391c: CQI 5, RI 2, PMI (15,1)
UE 391c: dlsch_rounds 151/133/104/79, dlsch_errors 66, pucch0_DTX 316, BLER 0.86060 MCS (1) 0
UE 391c: ulsch_rounds 428/1/1/0, ulsch_errors 0, ulsch_DTX 1, BLER 0.00000 MCS (1) 9 (Qm 4 deltaMCS 0 dB) NPRB 5  SNR 15.0 dB
UE 391c: MAC:    TX          41235 RX          34169 bytes
UE 391c: LCID 1: TX           1963 RX           1251 bytes
UE 391c: LCID 2: TX              0 RX              0 bytes
UE 391c: LCID 4: TX          35371 RX          10638 bytes

[0m[NR_MAC]   Frame.Slot 0.0
UE RNTI 391c CU-UE-ID 1 in-sync PH 8 dB PCMAX 21 dBm, average RSRP -106 (15 meas)
UE 391c: CQI 6, RI 2, PMI (15,1)
UE 391c: dlsch_rounds 153/135/104/79, dlsch_errors 66, pucch0_DTX 316, BLER 0.88709 MCS (1) 0
UE 391c: ulsch_rounds 442/1/1/0, ulsch_errors 0, ulsch_DTX 1, BLER 0.00000 MCS (1) 9 (Qm 4 deltaMCS 0 dB) NPRB 5  SNR 15.0 dB
UE 391c: MAC:    TX          41311 RX          36759 bytes
UE 391c: LCID 1: TX           1966 RX           1273 bytes
UE 391c: LCID 2: TX              0 RX              0 bytes
UE 391c: LCID 4: TX          35371 RX          10638 bytes

[0m[NR_MAC]   Frame.Slot 128.0
UE RNTI 391c CU-UE-ID 1 in-sync PH 8 dB PCMAX 21 dBm, average RSRP -107 (16 meas)
UE 391c: CQI 6, RI 2, PMI (15,1)
UE 391c: dlsch_rounds 156/138/104/79, dlsch_errors 66, pucch0_DTX 316, BLER 0.91769 MCS (1) 0
UE 391c: ulsch_rounds 457/1/1/0, ulsch_errors 0, ulsch_DTX 1, BLER 0.00000 MCS (1) 9 (Qm 4 deltaMCS 0 dB) NPRB 5  SNR 19.0 dB
UE 391c: MAC:    TX          41425 RX          39534 bytes
UE 391c: LCID 1: TX           1969 RX           1295 bytes
UE 391c: LCID 2: TX              0 RX              0 bytes
UE 391c: LCID 4: TX          35371 RX          10638 bytes

[0m[NR_MAC]   Frame.Slot 256.0
UE RNTI 391c CU-UE-ID 1 in-sync PH 7 dB PCMAX 21 dBm, average RSRP -106 (16 meas)
UE 391c: CQI 6, RI 2, PMI (15,1)
UE 391c: dlsch_rounds 158/140/104/79, dlsch_errors 66, pucch0_DTX 316, BLER 0.93333 MCS (1) 0
UE 391c: ulsch_rounds 472/1/1/0, ulsch_errors 0, ulsch_DTX 1, BLER 0.00000 MCS (1) 9 (Qm 4 deltaMCS 0 dB) NPRB 5  SNR 19.0 dB
UE 391c: MAC:    TX          41501 RX          42309 bytes
UE 391c: LCID 1: TX           1972 RX           1317 bytes
UE 391c: LCID 2: TX              0 RX              0 bytes
UE 391c: LCID 4: TX          35371 RX          10638 bytes

[0m[NR_MAC]   Frame.Slot 384.0
UE RNTI 391c CU-UE-ID 1 in-sync PH 8 dB PCMAX 21 dBm, average RSRP -107 (15 meas)
UE 391c: CQI 6, RI 2, PMI (15,0)
UE 391c: dlsch_rounds 165/146/104/79, dlsch_errors 66, pucch0_DTX 316, BLER 0.93126 MCS (1) 0
UE 391c: ulsch_rounds 499/1/1/0, ulsch_errors 0, ulsch_DTX 1, BLER 0.00000 MCS (1) 0 (Qm 2 deltaMCS 0 dB) NPRB 5  SNR 14.0 dB
UE 391c: MAC:    TX          42348 RX          44470 bytes
UE 391c: LCID 1: TX           1978 RX           1365 bytes
UE 391c: LCID 2: TX              0 RX              0 bytes
UE 391c: LCID 4: TX          35992 RX          10971 bytes

[0m[NR_MAC]   Frame.Slot 512.0
UE RNTI 391c CU-UE-ID 1 in-sync PH 7 dB PCMAX 21 dBm, average RSRP -107 (16 meas)
UE 391c: CQI 6, RI 2, PMI (15,1)
UE 391c: dlsch_rounds 167/147/104/79, dlsch_errors 66, pucch0_DTX 316, BLER 0.94432 MCS (1) 0
UE 391c: ulsch_rounds 515/1/1/0, ulsch_errors 0, ulsch_DTX 1, BLER 0.00000 MCS (1) 1 (Qm 2 deltaMCS 0 dB) NPRB 5  SNR 15.0 dB
UE 391c: MAC:    TX          42424 RX          44797 bytes
UE 391c: LCID 1: TX           1981 RX           1395 bytes
UE 391c: LCID 2: TX              0 RX              0 bytes
UE 391c: LCID 4: TX          35992 RX          10971 bytes

[0m[NR_MAC]   Frame.Slot 640.0
UE RNTI 391c CU-UE-ID 1 in-sync PH 7 dB PCMAX 21 dBm, average RSRP -108 (16 meas)
UE 391c: CQI 6, RI 2, PMI (15,1)
UE 391c: dlsch_rounds 170/150/104/79, dlsch_errors 66, pucch0_DTX 316, BLER 0.87841 MCS (1) 0
UE 391c: ulsch_rounds 529/1/1/0, ulsch_errors 0, ulsch_DTX 1, BLER 0.00000 MCS (1) 0 (Qm 2 deltaMCS 0 dB) NPRB 5  SNR 19.0 dB
UE 391c: MAC:    TX          42538 RX          45101 bytes
UE 391c: LCID 1: TX           1984 RX           1421 bytes
UE 391c: LCID 2: TX              0 RX              0 bytes
UE 391c: LCID 4: TX          35992 RX          10971 bytes

[0m[NR_MAC]   Frame.Slot 768.0
UE RNTI 391c CU-UE-ID 1 in-sync PH 8 dB PCMAX 21 dBm, average RSRP -107 (16 meas)
UE 391c: CQI 5, RI 2, PMI (15,1)
UE 391c: dlsch_rounds 173/152/104/79, dlsch_errors 66, pucch0_DTX 316, BLER 0.91136 MCS (1) 0
UE 391c: ulsch_rounds 552/1/1/0, ulsch_errors 0, ulsch_DTX 1, BLER 0.00000 MCS (1) 0 (Qm 2 deltaMCS 0 dB) NPRB 5  SNR 14.0 dB
UE 391c: MAC:    TX          42652 RX          45562 bytes
UE 391c: LCID 1: TX           1990 RX           1477 bytes
UE 391c: LCID 2: TX              0 RX              0 bytes
UE 391c: LCID 4: TX          35992 RX          11006 bytes

[0m[NR_MAC]   Frame.Slot 896.0
UE RNTI 391c CU-UE-ID 1 in-sync PH 8 dB PCMAX 21 dBm, average RSRP -107 (15 meas)
UE 391c: CQI 6, RI 2, PMI (15,1)
UE 391c: dlsch_rounds 194/162/104/79, dlsch_errors 66, pucch0_DTX 316, BLER 0.74791 MCS (1) 0
UE 391c: ulsch_rounds 811/1/1/0, ulsch_errors 0, ulsch_DTX 1, BLER 0.00000 MCS (1) 0 (Qm 2 deltaMCS 0 dB) NPRB 5  SNR 16.0 dB
UE 391c: MAC:    TX          45872 RX          50082 bytes
UE 391c: LCID 1: TX           1993 RX           1503 bytes
UE 391c: LCID 2: TX              0 RX              0 bytes
UE 391c: LCID 4: TX          38689 RX          14491 bytes

[0m[NR_MAC]   Frame.Slot 0.0
UE RNTI 391c CU-UE-ID 1 in-sync PH 7 dB PCMAX 21 dBm, average RSRP -107 (16 meas)
UE 391c: CQI 6, RI 2, PMI (15,1)
UE 391c: dlsch_rounds 197/165/104/79, dlsch_errors 66, pucch0_DTX 316, BLER 0.81623 MCS (1) 0
UE 391c: ulsch_rounds 828/1/1/0, ulsch_errors 0, ulsch_DTX 1, BLER 0.00000 MCS (1) 1 (Qm 2 deltaMCS 0 dB) NPRB 5  SNR 15.0 dB
UE 391c: MAC:    TX          45986 RX          50437 bytes
UE 391c: LCID 1: TX           1996 RX           1533 bytes
UE 391c: LCID 2: TX              0 RX              0 bytes
UE 391c: LCID 4: TX          38689 RX          14491 bytes

[0m[NR_MAC]   Frame.Slot 128.0
UE RNTI 391c CU-UE-ID 1 in-sync PH 8 dB PCMAX 21 dBm, average RSRP -107 (16 meas)
UE 391c: CQI 6, RI 2, PMI (15,1)
UE 391c: dlsch_rounds 203/168/104/79, dlsch_errors 66, pucch0_DTX 316, BLER 0.79103 MCS (1) 0
UE 391c: ulsch_rounds 872/1/1/0, ulsch_errors 0, ulsch_DTX 1, BLER 0.00000 MCS (1) 1 (Qm 2 deltaMCS 0 dB) NPRB 5  SNR 19.0 dB
UE 391c: MAC:    TX          46795 RX          51306 bytes
UE 391c: LCID 1: TX           1999 RX           1559 bytes
UE 391c: LCID 2: TX              0 RX              0 bytes
UE 391c: LCID 4: TX          39310 RX          14909 bytes

[0m[NR_MAC]   Frame.Slot 256.0
UE RNTI 391c CU-UE-ID 1 in-sync PH 6 dB PCMAX 21 dBm, average RSRP -108 (15 meas)
UE 391c: CQI 5, RI 2, PMI (9,0)
UE 391c: dlsch_rounds 206/171/104/79, dlsch_errors 66, pucch0_DTX 316, BLER 0.84766 MCS (1) 0
UE 391c: ulsch_rounds 889/1/1/0, ulsch_errors 0, ulsch_DTX 1, BLER 0.00000 MCS (1) 0 (Qm 2 deltaMCS 0 dB) NPRB 5  SNR 15.0 dB
UE 391c: MAC:    TX          46909 RX          51628 bytes
UE 391c: LCID 1: TX           2005 RX           1615 bytes
UE 391c: LCID 2: TX              0 RX              0 bytes
UE 391c: LCID 4: TX          39310 RX          14909 bytes

[0m[NR_MAC]   Frame.Slot 384.0
UE RNTI 391c CU-UE-ID 1 in-sync PH 8 dB PCMAX 21 dBm, average RSRP -107 (16 meas)
UE 391c: CQI 5, RI 2, PMI (15,0)
UE 391c: dlsch_rounds 208/173/104/79, dlsch_errors 66, pucch0_DTX 316, BLER 0.87660 MCS (1) 0
UE 391c: ulsch_rounds 904/1/1/0, ulsch_errors 0, ulsch_DTX 1, BLER 0.00000 MCS (1) 0 (Qm 2 deltaMCS 0 dB) NPRB 5  SNR 21.0 dB
UE 391c: MAC:    TX          46985 RX          52015 bytes
UE 391c: LCID 1: TX           2008 RX           1641 bytes
UE 391c: LCID 2: TX              0 RX              0 bytes
UE 391c: LCID 4: TX          39310 RX          14909 bytes

[0m[NR_MAC]   Frame.Slot 512.0
UE RNTI 391c CU-UE-ID 1 in-sync PH 7 dB PCMAX 21 dBm, average RSRP -108 (16 meas)
UE 391c: CQI 6, RI 2, PMI (15,1)
UE 391c: dlsch_rounds 211/176/105/79, dlsch_errors 66, pucch0_DTX 316, BLER 0.91004 MCS (1) 0
UE 391c: ulsch_rounds 920/1/1/0, ulsch_errors 0, ulsch_DTX 1, BLER 0.00000 MCS (1) 1 (Qm 2 deltaMCS 0 dB) NPRB 5  SNR 18.0 dB
UE 391c: MAC:    TX          47099 RX          52342 bytes
UE 391c: LCID 1: TX           2011 RX           1671 bytes
UE 391c: LCID 2: TX              0 RX              0 bytes
UE 391c: LCID 4: TX          39310 RX          14909 bytes

[0m[NR_MAC]   Frame.Slot 640.0
UE RNTI 391c CU-UE-ID 1 in-sync PH 8 dB PCMAX 21 dBm, average RSRP -108 (15 meas)
UE 391c: CQI 5, RI 2, PMI (15,1)
UE 391c: dlsch_rounds 213/178/105/79, dlsch_errors 66, pucch0_DTX 316, BLER 0.92714 MCS (1) 0
UE 391c: ulsch_rounds 935/1/1/0, ulsch_errors 0, ulsch_DTX 1, BLER 0.00000 MCS (1) 0 (Qm 2 deltaMCS 0 dB) NPRB 5  SNR 11.0 dB
UE 391c: MAC:    TX          47175 RX          52663 bytes
UE 391c: LCID 1: TX           2014 RX           1697 bytes
UE 391c: LCID 2: TX              0 RX              0 bytes
UE 391c: LCID 4: TX          39310 RX          14909 bytes

[0m[NR_MAC]   Frame.Slot 768.0
UE RNTI 391c CU-UE-ID 1 in-sync PH 7 dB PCMAX 21 dBm, average RSRP -107 (16 meas)
UE 391c: CQI 5, RI 2, PMI (9,0)
UE 391c: dlsch_rounds 216/181/105/79, dlsch_errors 66, pucch0_DTX 316, BLER 0.94688 MCS (1) 0
UE 391c: ulsch_rounds 952/1/1/0, ulsch_errors 0, ulsch_DTX 1, BLER 0.00000 MCS (1) 0 (Qm 2 deltaMCS 0 dB) NPRB 5  SNR 19.0 dB
UE 391c: MAC:    TX          47289 RX          53073 bytes
UE 391c: LCID 1: TX           2020 RX           1753 bytes
UE 391c: LCID 2: TX              0 RX              0 bytes
UE 391c: LCID 4: TX          39310 RX          14909 bytes

[0m[NR_MAC]   Frame.Slot 896.0
UE RNTI 391c CU-UE-ID 1 in-sync PH 6 dB PCMAX 21 dBm, average RSRP -108 (16 meas)
UE 391c: CQI 6, RI 2, PMI (15,0)
UE 391c: dlsch_rounds 221/184/106/79, dlsch_errors 66, pucch0_DTX 316, BLER 0.96128 MCS (1) 0
UE 391c: ulsch_rounds 1036/1/1/0, ulsch_errors 0, ulsch_DTX 1, BLER 0.00000 MCS (1) 0 (Qm 2 deltaMCS 0 dB) NPRB 5  SNR 21.0 dB
UE 391c: MAC:    TX          48060 RX          54472 bytes
UE 391c: LCID 1: TX           2023 RX           1783 bytes
UE 391c: LCID 2: TX              0 RX              0 bytes
UE 391c: LCID 4: TX          39928 RX          15854 bytes

[0m[NR_MAC]   Frame.Slot 0.0
UE RNTI 391c CU-UE-ID 1 in-sync PH 6 dB PCMAX 21 dBm, average RSRP -108 (16 meas)
UE 391c: CQI 5, RI 2, PMI (15,0)
UE 391c: dlsch_rounds 259/208/108/79, dlsch_errors 66, pucch0_DTX 316, BLER 0.81130 MCS (1) 0
UE 391c: ulsch_rounds 1804/1/1/0, ulsch_errors 0, ulsch_DTX 1, BLER 0.00000 MCS (1) 0 (Qm 2 deltaMCS 0 dB) NPRB 5  SNR 18.0 dB
UE 391c: MAC:    TX          69790 RX          67528 bytes
UE 391c: LCID 1: TX           2026 RX           1813 bytes
UE 391c: LCID 2: TX              0 RX              0 bytes
UE 391c: LCID 4: TX          60806 RX          26630 bytes

[0m[NR_MAC]   Frame.Slot 128.0
UE RNTI 391c CU-UE-ID 1 in-sync PH 7 dB PCMAX 21 dBm, average RSRP -108 (16 meas)
UE 391c: CQI 5, RI 2, PMI (15,1)
UE 391c: dlsch_rounds 306/239/113/79, dlsch_errors 66, pucch0_DTX 317, BLER 0.73350 MCS (1) 0
UE 391c: ulsch_rounds 2572/1/1/0, ulsch_errors 0, ulsch_DTX 1, BLER 0.00000 MCS (1) 0 (Qm 2 deltaMCS 0 dB) NPRB 5  SNR 18.0 dB
UE 391c: MAC:    TX          85800 RX          80584 bytes
UE 391c: LCID 1: TX           2029 RX           1843 bytes
UE 391c: LCID 2: TX              0 RX              0 bytes
UE 391c: LCID 4: TX          75631 RX          37341 bytes

[0m[NR_MAC]   Frame.Slot 256.0
UE RNTI 391c CU-UE-ID 1 in-sync PH 8 dB PCMAX 21 dBm, average RSRP -107 (16 meas)
UE 391c: CQI 6, RI 2, PMI (15,0)
UE 391c: dlsch_rounds 361/277/117/80, dlsch_errors 67, pucch0_DTX 317, BLER 0.67655 MCS (1) 0
UE 391c: ulsch_rounds 3340/1/1/0, ulsch_errors 0, ulsch_DTX 1, BLER 0.00000 MCS (1) 0 (Qm 2 deltaMCS 0 dB) NPRB 5  SNR 20.0 dB
UE 391c: MAC:    TX         102291 RX          93640 bytes
UE 391c: LCID 1: TX           2035 RX           1903 bytes
UE 391c: LCID 2: TX              0 RX              0 bytes
UE 391c: LCID 4: TX          90879 RX          48009 bytes

[0m[NR_MAC]   Frame.Slot 384.0
UE RNTI 391c CU-UE-ID 1 in-sync PH 7 dB PCMAX 21 dBm, average RSRP -107 (16 meas)
UE 391c: CQI 6, RI 2, PMI (15,0)
UE 391c: dlsch_rounds 407/306/117/80, dlsch_errors 67, pucch0_DTX 317, BLER 0.68351 MCS (1) 0
UE 391c: ulsch_rounds 4108/1/1/0, ulsch_errors 0, ulsch_DTX 1, BLER 0.00000 MCS (1) 0 (Qm 2 deltaMCS 0 dB) NPRB 5  SNR 13.0 dB
UE 391c: MAC:    TX         124084 RX         106696 bytes
UE 391c: LCID 1: TX           2038 RX           1933 bytes
UE 391c: LCID 2: TX              0 RX              0 bytes
UE 391c: LCID 4: TX         111475 RX          58779 bytes

[0m[NR_MAC]   Frame.Slot 512.0
UE RNTI 391c CU-UE-ID 1 in-sync PH 8 dB PCMAX 21 dBm, average RSRP -107 (16 meas)
UE 391c: CQI 5, RI 2, PMI (9,0)
UE 391c: dlsch_rounds 432/317/117/80, dlsch_errors 67, pucch0_DTX 317, BLER 0.46733 MCS (1) 0
UE 391c: ulsch_rounds 4876/1/1/0, ulsch_errors 0, ulsch_DTX 1, BLER 0.00000 MCS (1) 0 (Qm 2 deltaMCS 0 dB) NPRB 5  SNR 18.0 dB
UE 391c: MAC:    TX         127055 RX         119752 bytes
UE 391c: LCID 1: TX           2041 RX           1963 bytes
UE 391c: LCID 2: TX              0 RX              0 bytes
UE 391c: LCID 4: TX         113726 RX          69549 bytes

[0m[NR_MAC]   Frame.Slot 640.0
UE RNTI 391c CU-UE-ID 1 in-sync PH 8 dB PCMAX 21 dBm, average RSRP -107 (16 meas)
UE 391c: CQI 5, RI 2, PMI (9,0)
UE 391c: dlsch_rounds 459/336/117/80, dlsch_errors 67, pucch0_DTX 317, BLER 0.54795 MCS (1) 0
UE 391c: ulsch_rounds 5370/1/1/0, ulsch_errors 0, ulsch_DTX 1, BLER 0.00000 MCS (1) 1 (Qm 2 deltaMCS 0 dB) NPRB 5  SNR 13.0 dB
UE 391c: MAC:    TX         129083 RX         128256 bytes
UE 391c: LCID 1: TX           2044 RX           1993 bytes
UE 391c: LCID 2: TX              0 RX              0 bytes
UE 391c: LCID 4: TX         115032 RX          76402 bytes

[0m[NR_MAC]   Frame.Slot 768.0
UE RNTI 391c CU-UE-ID 1 in-sync PH 8 dB PCMAX 21 dBm, average RSRP -106 (16 meas)
UE 391c: CQI 6, RI 2, PMI (15,0)
UE 391c: dlsch_rounds 469/343/117/80, dlsch_errors 67, pucch0_DTX 317, BLER 0.63674 MCS (1) 0
UE 391c: ulsch_rounds 5529/1/1/0, ulsch_errors 0, ulsch_DTX 1, BLER 0.00000 MCS (1) 0 (Qm 2 deltaMCS 0 dB) NPRB 5  SNR 15.0 dB
UE 391c: MAC:    TX         129852 RX         130941 bytes
UE 391c: LCID 1: TX           2050 RX           2049 bytes
UE 391c: LCID 2: TX              0 RX              0 bytes
UE 391c: LCID 4: TX         115507 RX          78377 bytes

[0m[NR_MAC]   Frame.Slot 896.0
UE RNTI 391c CU-UE-ID 1 in-sync PH 9 dB PCMAX 21 dBm, average RSRP -107 (16 meas)
UE 391c: CQI 5, RI 2, PMI (9,0)
UE 391c: dlsch_rounds 487/354/119/81, dlsch_errors 68, pucch0_DTX 317, BLER 0.66354 MCS (1) 0
UE 391c: ulsch_rounds 5719/1/1/0, ulsch_errors 0, ulsch_DTX 1, BLER 0.00000 MCS (1) 1 (Qm 2 deltaMCS 0 dB) NPRB 5  SNR 18.0 dB
UE 391c: MAC:    TX         131891 RX         134332 bytes
UE 391c: LCID 1: TX           2059 RX           2105 bytes
UE 391c: LCID 2: TX              0 RX              0 bytes
UE 391c: LCID 4: TX         117073 RX          80870 bytes

[0m[NR_MAC]   Frame.Slot 0.0
UE RNTI 391c CU-UE-ID 1 in-sync PH 9 dB PCMAX 21 dBm, average RSRP -105 (16 meas)
UE 391c: CQI 5, RI 2, PMI (15,0)
UE 391c: dlsch_rounds 489/356/119/81, dlsch_errors 68, pucch0_DTX 317, BLER 0.72747 MCS (1) 0
UE 391c: ulsch_rounds 5734/1/1/0, ulsch_errors 0, ulsch_DTX 1, BLER 0.00000 MCS (1) 0 (Qm 2 deltaMCS 0 dB) NPRB 5  SNR 13.0 dB
UE 391c: MAC:    TX         131967 RX         134675 bytes
UE 391c: LCID 1: TX           2062 RX           2131 bytes
UE 391c: LCID 2: TX              0 RX              0 bytes
UE 391c: LCID 4: TX         117073 RX          80870 bytes

[0m[NR_MAC]   Frame.Slot 128.0
UE RNTI 391c CU-UE-ID 1 in-sync PH 8 dB PCMAX 21 dBm, average RSRP -106 (16 meas)
UE 391c: CQI 6, RI 2, PMI (15,1)
UE 391c: dlsch_rounds 491/358/120/81, dlsch_errors 68, pucch0_DTX 317, BLER 0.75472 MCS (1) 0
UE 391c: ulsch_rounds 5749/1/1/0, ulsch_errors 0, ulsch_DTX 1, BLER 0.00000 MCS (1) 1 (Qm 2 deltaMCS 0 dB) NPRB 5  SNR 19.0 dB
UE 391c: MAC:    TX         132043 RX         135018 bytes
UE 391c: LCID 1: TX           2065 RX           2161 bytes
UE 391c: LCID 2: TX              0 RX              0 bytes
UE 391c: LCID 4: TX         117073 RX          80870 bytes

[0m[NR_MAC]   Frame.Slot 256.0
UE RNTI 391c CU-UE-ID 1 in-sync PH 9 dB PCMAX 21 dBm, average RSRP -106 (14 meas)
UE 391c: CQI 6, RI 2, PMI (9,0)
UE 391c: dlsch_rounds 499/360/120/81, dlsch_errors 68, pucch0_DTX 317, BLER 0.72119 MCS (1) 0
UE 391c: ulsch_rounds 5799/1/1/0, ulsch_errors 0, ulsch_DTX 1, BLER 0.00000 MCS (1) 1 (Qm 2 deltaMCS 0 dB) NPRB 5  SNR 15.0 dB
UE 391c: MAC:    TX         132928 RX         135912 bytes
UE 391c: LCID 1: TX           2071 RX           2217 bytes
UE 391c: LCID 2: TX              0 RX              0 bytes
UE 391c: LCID 4: TX         117694 RX          81296 bytes

[0m[NR_MAC]   Frame.Slot 384.0
UE RNTI 391c CU-UE-ID 1 in-sync PH 9 dB PCMAX 21 dBm, average RSRP -106 (15 meas)
UE 391c: CQI 6, RI 2, PMI (9,0)
UE 391c: dlsch_rounds 505/364/120/81, dlsch_errors 68, pucch0_DTX 317, BLER 0.68417 MCS (1) 0
UE 391c: ulsch_rounds 5843/1/1/0, ulsch_errors 0, ulsch_DTX 1, BLER 0.00000 MCS (1) 1 (Qm 2 deltaMCS 0 dB) NPRB 5  SNR 20.0 dB
UE 391c: MAC:    TX         133733 RX         136825 bytes
UE 391c: LCID 1: TX           2074 RX           2247 bytes
UE 391c: LCID 2: TX              0 RX              0 bytes
UE 391c: LCID 4: TX         118315 RX          81714 bytes

[0m[NR_MAC]   Frame.Slot 512.0
UE RNTI 391c CU-UE-ID 1 in-sync PH 8 dB PCMAX 21 dBm, average RSRP -106 (16 meas)
UE 391c: CQI 6, RI 2, PMI (9,0)
UE 391c: dlsch_rounds 507/365/120/81, dlsch_errors 68, pucch0_DTX 317, BLER 0.66575 MCS (1) 0
UE 391c: ulsch_rounds 5857/1/1/0, ulsch_errors 0, ulsch_DTX 1, BLER 0.00000 MCS (1) 0 (Qm 2 deltaMCS 0 dB) NPRB 5  SNR 19.0 dB
UE 391c: MAC:    TX         133809 RX         137140 bytes
UE 391c: LCID 1: TX           2077 RX           2273 bytes
UE 391c: LCID 2: TX              0 RX              0 bytes
UE 391c: LCID 4: TX         118315 RX          81714 bytes

[0m[NR_MAC]   Frame.Slot 640.0
UE RNTI 391c CU-UE-ID 1 in-sync PH 8 dB PCMAX 21 dBm, average RSRP -107 (15 meas)
UE 391c: CQI 6, RI 2, PMI (9,0)
UE 391c: dlsch_rounds 527/367/120/81, dlsch_errors 68, pucch0_DTX 317, BLER 0.44021 MCS (1) 0
UE 391c: ulsch_rounds 6091/1/1/0, ulsch_errors 0, ulsch_DTX 1, BLER 0.00000 MCS (1) 0 (Qm 2 deltaMCS 0 dB) NPRB 5  SNR 19.0 dB
UE 391c: MAC:    TX         144538 RX         141155 bytes
UE 391c: LCID 1: TX           2080 RX           2303 bytes
UE 391c: LCID 2: TX              0 RX              0 bytes
UE 391c: LCID 4: TX         128636 RX          84756 bytes

[0m[NR_MAC]   Frame.Slot 768.0
UE RNTI 391c CU-UE-ID 1 in-sync PH 8 dB PCMAX 21 dBm, average RSRP -106 (16 meas)
UE 391c: CQI 5, RI 2, PMI (15,0)
UE 391c: dlsch_rounds 546/376/124/84, dlsch_errors 69, pucch0_DTX 328, BLER 0.45286 MCS (1) 0
UE 391c: ulsch_rounds 6366/1/1/0, ulsch_errors 0, ulsch_DTX 1, BLER 0.00000 MCS (1) 0 (Qm 2 deltaMCS 0 dB) NPRB 5  SNR 12.0 dB
UE 391c: MAC:    TX         148332 RX         145958 bytes
UE 391c: LCID 1: TX           2086 RX           2359 bytes
UE 391c: LCID 2: TX              0 RX              0 bytes
UE 391c: LCID 4: TX         131865 RX          88457 bytes

[0m[NR_MAC]   Frame.Slot 896.0
UE RNTI 391c CU-UE-ID 1 in-sync PH 8 dB PCMAX 21 dBm, average RSRP -106 (15 meas)
UE 391c: CQI 5, RI 2, PMI (13,1)
UE 391c: dlsch_rounds 548/377/125/85, dlsch_errors 70, pucch0_DTX 332, BLER 0.55682 MCS (1) 0
UE 391c: ulsch_rounds 6381/1/1/0, ulsch_errors 0, ulsch_DTX 1, BLER 0.00000 MCS (1) 1 (Qm 2 deltaMCS 0 dB) NPRB 5  SNR 14.0 dB
UE 391c: MAC:    TX         148408 RX         146246 bytes
UE 391c: LCID 1: TX           2089 RX           2389 bytes
UE 391c: LCID 2: TX              0 RX              0 bytes
UE 391c: LCID 4: TX         131865 RX          88457 bytes

[0m[NR_MAC]   RACH.indication put_queue successfull
[0m[32m[NR_MAC]   923.19 UE RA-RNTI 010b TC-RNTI ff8c: Activating RA process index 0
[0m[NR_MAC]   UE ff8c: Msg3 scheduled at 924.17 (924.6 TDA 2)
[0m[32m[NR_MAC]   UE ff8c: 924.6 Generating RA-Msg2 DCI, RA RNTI 0x10b, state 1, CoreSetType 0, preamble_index(RAPID) 26, timing_offset = 0 (estimated distance 0.0 [m])
[0m[32m[NR_MAC]   924.6 Send RAR to RA-RNTI 010b
[0m[NR_MAC]   Adding new UE context with RNTI 0xff8c
[0m[32m[NR_MAC]    924.17 PUSCH with TC_RNTI 0xff8c received correctly
[0m[MAC]   [RAPROC] Received SDU for CCCH length 6 for UE ff8c
[0m[RLC]   Activated srb0 for UE 65420
[0m[RLC]   Added srb 1 to UE 65420
[0m[NR_MAC]   Activating scheduling Msg4 for TC_RNTI 0xff8c (state WAIT_Msg3)
[0m[93m[NR_MAC]   Unexpected ULSCH HARQ PID 0 (have -1) for RNTI 0xff8c
[0m[NR_RRC]   Decoding CCCH: RNTI ff8c, payload_size 6
[0m[32m[NR_RRC]   [--] (cellID 0, UE ID 2 RNTI ff8c) Create UE context: CU UE ID 2 DU UE ID 65420 (rnti: ff8c, random ue id 9a347bb419000000)
[0m[RRC]   activate SRB 1 of UE 2
[0m[32m[NR_RRC]   [DL] (cellID bc614e, UE ID 2 RNTI ff8c) Send RRC Setup
[0m[NR_MAC]   UE ff8c Generate Msg4: feedback at  925. 7, payload 225 bytes, next state nrRA_WAIT_Msg4_MsgB_ACK
[0m[32m[NR_MAC]    925.13 UE ff8c: Received Ack of Msg4. CBRA procedure succeeded!
[0m[32m[NR_RRC]   [UL] (cellID bc614e, UE ID 2 RNTI ff8c) Received RRCSetupComplete (RRC_CONNECTED reached)
[0m[NGAP]   Build NGAP_NAS_FIRST_REQ adding in s_TMSI: GUAMI amf_set_id 1 amf_region_id 2 ue ff8c
[0m[NGAP]   UE 2: Chose AMF 'open5gs-amf' (assoc_id 12) through selected PLMN Identity index 0 MCC 1 MNC 1
[0m[34m[NGAP]   NGAP_FIND_PROTOCOLIE_BY_ID ie is NULL (searching for ie: 110)
[0m[93m[NGAP]   could not find NGAP_ProtocolIE_ID_id_UEAggregateMaximumBitRate
[0m[34m[NGAP]   NGAP_FIND_PROTOCOLIE_BY_ID ie is NULL (searching for ie: 71)
[0m[34m[NGAP]   AllowedNSSAI.list.count 2
[0m[34m[NGAP]   NGAP_FIND_PROTOCOLIE_BY_ID ie is NULL (searching for ie: 36)
[0m[32m[NR_RRC]   [--] (cellID bc614e, UE ID 2 RNTI ff8c) Selected security algorithms: ciphering 0, integrity 2
[0m[NR_RRC]   [UE ff8c] Saved security key C9
[0m[NR_RRC]   UE 2 Logical Channel DL-DCCH, Generate SecurityModeCommand (bytes 3)
[0m[32m[NR_RRC]   [UL] (cellID bc614e, UE ID 2 RNTI ff8c) Received Security Mode Complete
[0m[NR_RRC]   UE 2: Logical Channel DL-DCCH, Generate NR UECapabilityEnquiry (bytes 8, xid 1)
[0m[32m[NR_RRC]   [UL] (cellID bc614e, UE ID 2 RNTI ff8c) Received UE capabilities
[0m[NR_RRC]   Send message to ngap: NGAP_UE_CAPABILITIES_IND
[0m[32m[NR_RRC]   [DL] (cellID bc614e, UE ID 2 RNTI ff8c) Send DL Information Transfer [57 bytes]
[0m[NR_RRC]   Send message to sctp: NGAP_InitialContextSetupResponse
[0m[32m[NR_RRC]   [UL] (cellID bc614e, UE ID 2 RNTI ff8c) Received RRC UL Information Transfer [13 bytes]
[0m[32m[NR_RRC]   [DL] (cellID bc614e, UE ID 2 RNTI ff8c) Send DL Information Transfer [46 bytes]
[0m[NR_MAC]   Frame.Slot 0.0
UE RNTI 391c CU-UE-ID 1 in-sync PH 8 dB PCMAX 21 dBm, average RSRP -107 (16 meas)
UE 391c: CQI 6, RI 2, PMI (13,0)
UE 391c: dlsch_rounds 550/379/127/87, dlsch_errors 71, pucch0_DTX 339, BLER 0.55102 MCS (1) 0
UE 391c: ulsch_rounds 6395/1/1/0, ulsch_errors 0, ulsch_DTX 1, BLER 0.00000 MCS (1) 0 (Qm 2 deltaMCS 0 dB) NPRB 5  SNR 19.0 dB
UE 391c: MAC:    TX         148484 RX         146561 bytes
UE 391c: LCID 1: TX           2092 RX           2415 bytes
UE 391c: LCID 2: TX              0 RX              0 bytes
UE 391c: LCID 4: TX         131865 RX          88457 bytes
UE RNTI ff8c CU-UE-ID 2 in-sync PH 40 dB PCMAX 21 dBm, average RSRP -78 (12 meas)
UE ff8c: CQI 15, RI 2, PMI (6,0)
UE ff8c: dlsch_rounds 8/0/0/0, dlsch_errors 0, pucch0_DTX 0, BLER 0.09000 MCS (0) 9
UE ff8c: ulsch_rounds 17/0/0/0, ulsch_errors 0, ulsch_DTX 0, BLER 0.04305 MCS (0) 9 (Qm 2 deltaMCS 0 dB) NPRB 5  SNR 25.0 dB
UE ff8c: MAC:    TX           1377 RX           3089 bytes
UE ff8c: LCID 1: TX            164 RX           1260 bytes

[0m[NR_MAC]   Frame.Slot 128.0
UE RNTI 391c CU-UE-ID 1 in-sync PH 8 dB PCMAX 21 dBm, average RSRP -107 (16 meas)
UE 391c: CQI 5, RI 2, PMI (13,0)
UE 391c: dlsch_rounds 553/382/127/87, dlsch_errors 71, pucch0_DTX 339, BLER 0.67270 MCS (1) 0
UE 391c: ulsch_rounds 6411/1/1/0, ulsch_errors 0, ulsch_DTX 1, BLER 0.00000 MCS (1) 0 (Qm 2 deltaMCS 0 dB) NPRB 5  SNR 15.0 dB
UE 391c: MAC:    TX         148598 RX         146833 bytes
UE 391c: LCID 1: TX           2095 RX           2445 bytes
UE 391c: LCID 2: TX              0 RX              0 bytes
UE 391c: LCID 4: TX         131865 RX          88457 bytes
UE RNTI ff8c CU-UE-ID 2 in-sync PH 38 dB PCMAX 21 dBm, average RSRP -78 (16 meas)
UE ff8c: CQI 15, RI 2, PMI (6,0)
UE ff8c: dlsch_rounds 10/0/0/0, dlsch_errors 0, pucch0_DTX 0, BLER 0.07290 MCS (0) 9
UE ff8c: ulsch_rounds 30/0/0/0, ulsch_errors 0, ulsch_DTX 0, BLER 0.01094 MCS (0) 9 (Qm 2 deltaMCS 0 dB) NPRB 5  SNR 24.0 dB
UE ff8c: MAC:    TX           1803 RX           4402 bytes
UE ff8c: LCID 1: TX            164 RX           1260 bytes

[0m[NR_MAC]   Frame.Slot 256.0
UE RNTI 391c CU-UE-ID 1 in-sync PH 8 dB PCMAX 21 dBm, average RSRP -107 (15 meas)
UE 391c: CQI 5, RI 2, PMI (13,0)
UE 391c: dlsch_rounds 556/384/127/87, dlsch_errors 71, pucch0_DTX 339, BLER 0.76139 MCS (1) 0
UE 391c: ulsch_rounds 6428/1/1/0, ulsch_errors 0, ulsch_DTX 1, BLER 0.00000 MCS (1) 0 (Qm 2 deltaMCS 0 dB) NPRB 5  SNR 15.0 dB
UE 391c: MAC:    TX         148712 RX         147243 bytes
UE 391c: LCID 1: TX           2101 RX           2501 bytes
UE 391c: LCID 2: TX              0 RX              0 bytes
UE 391c: LCID 4: TX         131865 RX          88457 bytes
UE RNTI ff8c CU-UE-ID 2 in-sync PH 32 dB PCMAX 21 dBm, average RSRP -77 (16 meas)
UE ff8c: CQI 15, RI 2, PMI (6,0)
UE ff8c: dlsch_rounds 11/0/0/0, dlsch_errors 0, pucch0_DTX 0, BLER 0.06561 MCS (0) 9
UE ff8c: ulsch_rounds 43/0/0/0, ulsch_errors 0, ulsch_DTX 0, BLER 0.00278 MCS (0) 9 (Qm 2 deltaMCS 0 dB) NPRB 5  SNR 29.0 dB
UE ff8c: MAC:    TX           2004 RX           5715 bytes
UE ff8c: LCID 1: TX            164 RX           1260 bytes

[0m[32m[NR_RRC]   [UL] (cellID bc614e, UE ID 2 RNTI ff8c) Received RRC UL Information Transfer [27 bytes]
[0m[32m[NR_RRC]   [DL] (cellID bc614e, UE ID 2 RNTI ff8c) Send RRC Release
[0m[1;31m[NR_MAC]   UE ff8c: reported RSRP index 119 invalid
[0m[93m[RLC]   Remove UE 65420
[0m[NR_RRC]   removed UE CU UE ID 2/RNTI ff8c 
[0m[NR_MAC]   Remove NR rnti 0xff8c
[0m[32m[NR_RRC]   [--] (cellID bc614e, UE ID 2 RNTI ff8c) Remove UE context
[0m[1;31m[NR_MAC]   Couldn't identify UE connected with current UL HARQ process
[0m[NR_MAC]   Frame.Slot 384.0
UE RNTI 391c CU-UE-ID 1 in-sync PH 8 dB PCMAX 21 dBm, average RSRP -107 (15 meas)
UE 391c: CQI 6, RI 2, PMI (13,0)
UE 391c: dlsch_rounds 558/384/127/87, dlsch_errors 71, pucch0_DTX 339, BLER 0.61673 MCS (1) 0
UE 391c: ulsch_rounds 6444/1/1/0, ulsch_errors 0, ulsch_DTX 1, BLER 0.00000 MCS (1) 1 (Qm 2 deltaMCS 0 dB) NPRB 5  SNR 20.0 dB
UE 391c: MAC:    TX         148788 RX         147559 bytes
UE 391c: LCID 1: TX           2104 RX           2531 bytes
UE 391c: LCID 2: TX              0 RX              0 bytes
UE 391c: LCID 4: TX         131865 RX          88457 bytes

[0m[NR_MAC]   Frame.Slot 512.0
UE RNTI 391c CU-UE-ID 1 in-sync PH 9 dB PCMAX 21 dBm, average RSRP -106 (16 meas)
UE 391c: CQI 6, RI 2, PMI (13,0)
UE 391c: dlsch_rounds 560/385/127/87, dlsch_errors 71, pucch0_DTX 339, BLER 0.49955 MCS (1) 0
UE 391c: ulsch_rounds 6458/1/1/0, ulsch_errors 0, ulsch_DTX 1, BLER 0.00000 MCS (1) 0 (Qm 2 deltaMCS 0 dB) NPRB 5  SNR 15.0 dB
UE 391c: MAC:    TX         148864 RX         147874 bytes
UE 391c: LCID 1: TX           2107 RX           2557 bytes
UE 391c: LCID 2: TX              0 RX              0 bytes
UE 391c: LCID 4: TX         131865 RX          88457 bytes

[0m[1;31m[NFAPI_VNF]   
============================================================================
sfn slot doesn't match unpacked one! L2->L1 584.17  vs L1->L2 584.19  
============================================================================
[0m[1;31m[NR_MAC]   Cannot schedule SR. PRBs not available
[0m[1;31m[NFAPI_VNF]   
============================================================================
sfn slot doesn't match unpacked one! L2->L1 584.17  vs L1->L2 585.17  
============================================================================
[0m[NR_MAC]   RACH.indication put_queue successfull
[0m[32m[NR_MAC]   600.19 UE RA-RNTI 010b TC-RNTI 8298: Activating RA process index 0
[0m[NR_MAC]   UE 8298: Msg3 scheduled at 601.17 (601.6 TDA 2)
[0m[32m[NR_MAC]   UE 8298: 601.6 Generating RA-Msg2 DCI, RA RNTI 0x10b, state 1, CoreSetType 0, preamble_index(RAPID) 5, timing_offset = 0 (estimated distance 0.0 [m])
[0m[32m[NR_MAC]   601.6 Send RAR to RA-RNTI 010b
[0m[NR_MAC]   Adding new UE context with RNTI 0x8298
[0m[32m[NR_MAC]    601.17 PUSCH with TC_RNTI 0x8298 received correctly
[0m[MAC]   [RAPROC] Received SDU for CCCH length 6 for UE 8298
[0m[RLC]   Activated srb0 for UE 33432
[0m[RLC]   Added srb 1 to UE 33432
[0m[NR_MAC]   Activating scheduling Msg4 for TC_RNTI 0x8298 (state WAIT_Msg3)
[0m[93m[NR_MAC]   Unexpected ULSCH HARQ PID 0 (have -1) for RNTI 0x8298
[0m[NR_RRC]   Decoding CCCH: RNTI 8298, payload_size 6
[0m[32m[NR_RRC]   [--] (cellID 0, UE ID 2 RNTI 8298) Create UE context: CU UE ID 2 DU UE ID 33432 (rnti: 8298, random ue id 8499018fa7000000)
[0m[RRC]   activate SRB 1 of UE 2
[0m[32m[NR_RRC]   [DL] (cellID bc614e, UE ID 2 RNTI 8298) Send RRC Setup
[0m[NR_MAC]   UE 8298 Generate Msg4: feedback at  602. 7, payload 225 bytes, next state nrRA_WAIT_Msg4_MsgB_ACK
[0m[32m[NR_MAC]    602.13 UE 8298: Received Ack of Msg4. CBRA procedure succeeded!
[0m[32m[NR_RRC]   [UL] (cellID bc614e, UE ID 2 RNTI 8298) Received RRCSetupComplete (RRC_CONNECTED reached)
[0m[NGAP]   Build NGAP_NAS_FIRST_REQ adding in s_TMSI: GUAMI amf_set_id 1 amf_region_id 2 ue 8298
[0m[NGAP]   UE 2: Chose AMF 'open5gs-amf' (assoc_id 12) through selected PLMN Identity index 0 MCC 1 MNC 1
[0m[34m[NGAP]   NGAP_FIND_PROTOCOLIE_BY_ID ie is NULL (searching for ie: 110)
[0m[93m[NGAP]   could not find NGAP_ProtocolIE_ID_id_UEAggregateMaximumBitRate
[0m[34m[NGAP]   NGAP_FIND_PROTOCOLIE_BY_ID ie is NULL (searching for ie: 71)
[0m[34m[NGAP]   AllowedNSSAI.list.count 2
[0m[34m[NGAP]   NGAP_FIND_PROTOCOLIE_BY_ID ie is NULL (searching for ie: 36)
[0m[32m[NR_RRC]   [--] (cellID bc614e, UE ID 2 RNTI 8298) Selected security algorithms: ciphering 0, integrity 2
[0m[NR_RRC]   [UE 8298] Saved security key D6
[0m[NR_RRC]   UE 2 Logical Channel DL-DCCH, Generate SecurityModeCommand (bytes 3)
[0m[32m[NR_RRC]   [UL] (cellID bc614e, UE ID 2 RNTI 8298) Received Security Mode Complete
[0m[NR_RRC]   UE 2: Logical Channel DL-DCCH, Generate NR UECapabilityEnquiry (bytes 8, xid 3)
[0m[32m[NR_RRC]   [UL] (cellID bc614e, UE ID 2 RNTI 8298) Received UE capabilities
[0m[NR_RRC]   Send message to ngap: NGAP_UE_CAPABILITIES_IND
[0m[32m[NR_RRC]   [DL] (cellID bc614e, UE ID 2 RNTI 8298) Send DL Information Transfer [57 bytes]
[0m[NR_RRC]   Send message to sctp: NGAP_InitialContextSetupResponse
[0m[32m[NR_RRC]   [UL] (cellID bc614e, UE ID 2 RNTI 8298) Received RRC UL Information Transfer [13 bytes]
[0m[32m[NR_RRC]   [DL] (cellID bc614e, UE ID 2 RNTI 8298) Send DL Information Transfer [46 bytes]
[0m[NR_MAC]   Frame.Slot 640.0
UE RNTI 391c CU-UE-ID 1 in-sync PH 9 dB PCMAX 21 dBm, average RSRP -106 (16 meas)
UE 391c: CQI 6, RI 2, PMI (13,0)
UE 391c: dlsch_rounds 563/386/128/87, dlsch_errors 71, pucch0_DTX 339, BLER 0.53517 MCS (1) 0
UE 391c: ulsch_rounds 6474/1/1/0, ulsch_errors 0, ulsch_DTX 1, BLER 0.00000 MCS (1) 1 (Qm 2 deltaMCS 0 dB) NPRB 5  SNR 14.0 dB
UE 391c: MAC:    TX         148978 RX         148245 bytes
UE 391c: LCID 1: TX           2110 RX           2587 bytes
UE 391c: LCID 2: TX              0 RX              0 bytes
UE 391c: LCID 4: TX         131865 RX          88457 bytes
UE RNTI 8298 CU-UE-ID 2 in-sync PH 40 dB PCMAX 21 dBm, average RSRP -79 (4 meas)
UE 8298: CQI 15, RI 2, PMI (9,1)
UE 8298: dlsch_rounds 8/0/0/0, dlsch_errors 0, pucch0_DTX 0, BLER 0.09000 MCS (0) 9
UE 8298: ulsch_rounds 12/0/0/0, ulsch_errors 0, ulsch_DTX 0, BLER 0.08100 MCS (0) 9 (Qm 2 deltaMCS 0 dB) NPRB 5  SNR 25.0 dB
UE 8298: MAC:    TX           1035 RX           2584 bytes
UE 8298: LCID 1: TX            164 RX           1260 bytes

[0m[NR_MAC]   Frame.Slot 768.0
UE RNTI 391c CU-UE-ID 1 in-sync PH 9 dB PCMAX 21 dBm, average RSRP -106 (15 meas)
UE 391c: CQI 5, RI 2, PMI (13,0)
UE 391c: dlsch_rounds 566/388/128/87, dlsch_errors 71, pucch0_DTX 339, BLER 0.49014 MCS (1) 0
UE 391c: ulsch_rounds 6491/1/1/0, ulsch_errors 0, ulsch_DTX 1, BLER 0.00000 MCS (1) 1 (Qm 2 deltaMCS 0 dB) NPRB 5  SNR 15.0 dB
UE 391c: MAC:    TX         149092 RX         148567 bytes
UE 391c: LCID 1: TX           2116 RX           2643 bytes
UE 391c: LCID 2: TX              0 RX              0 bytes
UE 391c: LCID 4: TX         131865 RX          88457 bytes
UE RNTI 8298 CU-UE-ID 2 in-sync PH 38 dB PCMAX 21 dBm, average RSRP -79 (16 meas)
UE 8298: CQI 15, RI 2, PMI (9,0)
UE 8298: dlsch_rounds 9/0/0/0, dlsch_errors 0, pucch0_DTX 0, BLER 0.08100 MCS (0) 9
UE 8298: ulsch_rounds 26/0/0/0, ulsch_errors 0, ulsch_DTX 0, BLER 0.02059 MCS (0) 9 (Qm 2 deltaMCS 0 dB) NPRB 5  SNR 27.0 dB
UE 8298: MAC:    TX           1260 RX           3998 bytes
UE 8298: LCID 1: TX            164 RX           1260 bytes

[0m[NR_MAC]   Frame.Slot 896.0
UE RNTI 391c CU-UE-ID 1 in-sync PH 8 dB PCMAX 21 dBm, average RSRP -106 (15 meas)
UE 391c: CQI 5, RI 2, PMI (13,0)
UE 391c: dlsch_rounds 570/391/128/87, dlsch_errors 71, pucch0_DTX 339, BLER 0.57831 MCS (1) 0
UE 391c: ulsch_rounds 6513/1/1/0, ulsch_errors 0, ulsch_DTX 1, BLER 0.00000 MCS (1) 0 (Qm 2 deltaMCS 0 dB) NPRB 5  SNR 19.0 dB
UE 391c: MAC:    TX         149286 RX         149051 bytes
UE 391c: LCID 1: TX           2119 RX           2669 bytes
UE 391c: LCID 2: TX              0 RX              0 bytes
UE 391c: LCID 4: TX         131926 RX          88543 bytes
UE RNTI 8298 CU-UE-ID 2 in-sync PH 34 dB PCMAX 21 dBm, average RSRP -79 (16 meas)
UE 8298: CQI 15, RI 2, PMI (15,0)
UE 8298: dlsch_rounds 10/0/0/0, dlsch_errors 0, pucch0_DTX 0, BLER 0.07290 MCS (0) 9
UE 8298: ulsch_rounds 39/0/0/0, ulsch_errors 0, ulsch_DTX 0, BLER 0.00523 MCS (0) 9 (Qm 2 deltaMCS 0 dB) NPRB 5  SNR 26.0 dB
UE 8298: MAC:    TX           1485 RX           5311 bytes
UE 8298: LCID 1: TX            164 RX           1260 bytes

[0m[NR_MAC]   Frame.Slot 0.0
UE RNTI 391c CU-UE-ID 1 in-sync PH 7 dB PCMAX 21 dBm, average RSRP -107 (16 meas)
UE 391c: CQI 6, RI 2, PMI (15,0)
UE 391c: dlsch_rounds 572/392/128/87, dlsch_errors 71, pucch0_DTX 339, BLER 0.65843 MCS (1) 0
UE 391c: ulsch_rounds 6528/1/1/0, ulsch_errors 0, ulsch_DTX 1, BLER 0.00000 MCS (1) 1 (Qm 2 deltaMCS 0 dB) NPRB 5  SNR 15.0 dB
UE 391c: MAC:    TX         149362 RX         149372 bytes
UE 391c: LCID 1: TX           2122 RX           2699 bytes
UE 391c: LCID 2: TX              0 RX              0 bytes
UE 391c: LCID 4: TX         131926 RX          88543 bytes
UE RNTI 8298 CU-UE-ID 2 in-sync PH 38 dB PCMAX 21 dBm, average RSRP -78 (16 meas)
UE 8298: CQI 15, RI 2, PMI (15,0)
UE 8298: dlsch_rounds 12/0/0/0, dlsch_errors 0, pucch0_DTX 0, BLER 0.05905 MCS (0) 9
UE 8298: ulsch_rounds 51/0/0/0, ulsch_errors 0, ulsch_DTX 0, BLER 0.00148 MCS (0) 9 (Qm 2 deltaMCS 0 dB) NPRB 5  SNR 26.0 dB
UE 8298: MAC:    TX           1935 RX           6523 bytes
UE 8298: LCID 1: TX            164 RX           1260 bytes

[0m[NR_MAC]   Frame.Slot 128.0
UE RNTI 391c CU-UE-ID 1 in-sync PH 7 dB PCMAX 21 dBm, average RSRP -108 (16 meas)
UE 391c: CQI 6, RI 2, PMI (15,1)
UE 391c: dlsch_rounds 575/393/128/87, dlsch_errors 71, pucch0_DTX 339, BLER 0.48000 MCS (1) 0
UE 391c: ulsch_rounds 6543/1/1/0, ulsch_errors 0, ulsch_DTX 1, BLER 0.00000 MCS (1) 0 (Qm 2 deltaMCS 0 dB) NPRB 5  SNR 14.0 dB
UE 391c: MAC:    TX         149476 RX         149682 bytes
UE 391c: LCID 1: TX           2125 RX           2725 bytes
UE 391c: LCID 2: TX              0 RX              0 bytes
UE 391c: LCID 4: TX         131926 RX          88543 bytes
UE RNTI 8298 CU-UE-ID 2 in-sync PH 38 dB PCMAX 21 dBm, average RSRP -78 (16 meas)
UE 8298: CQI 15, RI 2, PMI (15,0)
UE 8298: dlsch_rounds 13/0/0/0, dlsch_errors 0, pucch0_DTX 0, BLER 0.05314 MCS (0) 9
UE 8298: ulsch_rounds 65/0/0/0, ulsch_errors 0, ulsch_DTX 0, BLER 0.00038 MCS (0) 9 (Qm 2 deltaMCS 0 dB) NPRB 5  SNR 28.0 dB
UE 8298: MAC:    TX           2160 RX           7937 bytes
UE 8298: LCID 1: TX            164 RX           1260 bytes

[0m[NR_MAC]   Frame.Slot 256.0
UE RNTI 391c CU-UE-ID 1 in-sync PH 7 dB PCMAX 21 dBm, average RSRP -108 (15 meas)
UE 391c: CQI 6, RI 2, PMI (9,0)
UE 391c: dlsch_rounds 599/403/130/89, dlsch_errors 73, pucch0_DTX 348, BLER 0.47370 MCS (1) 0
UE 391c: ulsch_rounds 6904/1/1/0, ulsch_errors 0, ulsch_DTX 1, BLER 0.00000 MCS (1) 0 (Qm 2 deltaMCS 0 dB) NPRB 5  SNR 15.0 dB
UE 391c: MAC:    TX         152733 RX         155885 bytes
UE 391c: LCID 1: TX           2131 RX           2785 bytes
UE 391c: LCID 2: TX              0 RX              0 bytes
UE 391c: LCID 4: TX         134577 RX          93409 bytes
UE RNTI 8298 CU-UE-ID 2 in-sync PH 32 dB PCMAX 21 dBm, average RSRP -78 (16 meas)
UE 8298: CQI 15, RI 2, PMI (15,1)
UE 8298: dlsch_rounds 14/0/0/0, dlsch_errors 0, pucch0_DTX 0, BLER 0.04783 MCS (0) 9
UE 8298: ulsch_rounds 78/0/0/0, ulsch_errors 0, ulsch_DTX 0, BLER 0.00010 MCS (0) 9 (Qm 2 deltaMCS 0 dB) NPRB 5  SNR 23.0 dB
UE 8298: MAC:    TX           2385 RX           9250 bytes
UE 8298: LCID 1: TX            164 RX           1260 bytes

[0m[NR_MAC]   Frame.Slot 384.0
UE RNTI 391c CU-UE-ID 1 in-sync PH 7 dB PCMAX 21 dBm, average RSRP -108 (16 meas)
UE 391c: CQI 5, RI 2, PMI (9,0)
UE 391c: dlsch_rounds 601/405/130/89, dlsch_errors 73, pucch0_DTX 348, BLER 0.51370 MCS (1) 0
UE 391c: ulsch_rounds 6919/1/1/0, ulsch_errors 0, ulsch_DTX 1, BLER 0.00000 MCS (1) 1 (Qm 2 deltaMCS 0 dB) NPRB 5  SNR 12.0 dB
UE 391c: MAC:    TX         152809 RX         156294 bytes
UE 391c: LCID 1: TX           2134 RX           2811 bytes
UE 391c: LCID 2: TX              0 RX              0 bytes
UE 391c: LCID 4: TX         134577 RX          93409 bytes
UE RNTI 8298 CU-UE-ID 2 in-sync PH 32 dB PCMAX 21 dBm, average RSRP -78 (16 meas)
UE 8298: CQI 15, RI 2, PMI (15,0)
UE 8298: dlsch_rounds 16/0/0/0, dlsch_errors 0, pucch0_DTX 0, BLER 0.03874 MCS (0) 9
UE 8298: ulsch_rounds 91/0/0/0, ulsch_errors 0, ulsch_DTX 0, BLER 0.00002 MCS (0) 9 (Qm 2 deltaMCS 0 dB) NPRB 5  SNR 27.0 dB
UE 8298: MAC:    TX           2835 RX          10563 bytes
UE 8298: LCID 1: TX            164 RX           1260 bytes

[0m[NR_MAC]   Frame.Slot 512.0
UE RNTI 391c CU-UE-ID 1 in-sync PH 7 dB PCMAX 21 dBm, average RSRP -107 (16 meas)
UE 391c: CQI 5, RI 2, PMI (15,1)
UE 391c: dlsch_rounds 604/407/130/89, dlsch_errors 73, pucch0_DTX 348, BLER 0.64548 MCS (1) 0
UE 391c: ulsch_rounds 6934/1/1/0, ulsch_errors 0, ulsch_DTX 1, BLER 0.00000 MCS (1) 0 (Qm 2 deltaMCS 0 dB) NPRB 5  SNR 18.0 dB
UE 391c: MAC:    TX         152923 RX         156626 bytes
UE 391c: LCID 1: TX           2137 RX           2837 bytes
UE 391c: LCID 2: TX              0 RX              0 bytes
UE 391c: LCID 4: TX         134577 RX          93409 bytes
UE RNTI 8298 CU-UE-ID 2 in-sync PH 32 dB PCMAX 21 dBm, average RSRP -79 (16 meas)
UE 8298: CQI 15, RI 2, PMI (15,1)
UE 8298: dlsch_rounds 17/0/0/0, dlsch_errors 0, pucch0_DTX 0, BLER 0.03487 MCS (0) 9
UE 8298: ulsch_rounds 103/0/0/0, ulsch_errors 0, ulsch_DTX 0, BLER 0.00001 MCS (0) 9 (Qm 2 deltaMCS 0 dB) NPRB 5  SNR 26.0 dB
UE 8298: MAC:    TX           3060 RX          11775 bytes
UE 8298: LCID 1: TX            164 RX           1260 bytes

[0m[1;31m[NR_MAC]   UE 8298: reported RSRP index 0 invalid
[0m[NR_MAC]   RACH.indication put_queue successfull
[0m[32m[NR_MAC]   601.19 UE RA-RNTI 010b TC-RNTI f3c6: Activating RA process index 0
[0m[NR_MAC]   UE f3c6: Msg3 scheduled at 602.17 (602.6 TDA 2)
[0m[32m[NR_MAC]   UE f3c6: 602.6 Generating RA-Msg2 DCI, RA RNTI 0x10b, state 1, CoreSetType 0, preamble_index(RAPID) 39, timing_offset = 0 (estimated distance 0.0 [m])
[0m[32m[NR_MAC]   602.6 Send RAR to RA-RNTI 010b
[0m[NR_MAC]   Adding new UE context with RNTI 0xf3c6
[0m[32m[NR_MAC]    602.17 PUSCH with TC_RNTI 0xf3c6 received correctly
[0m[MAC]   [RAPROC] Received SDU for CCCH length 6 for UE f3c6
[0m[RLC]   Activated srb0 for UE 62406
[0m[RLC]   Added srb 1 to UE 62406
[0m[NR_MAC]   Activating scheduling Msg4 for TC_RNTI 0xf3c6 (state WAIT_Msg3)
[0m[93m[NR_MAC]   Unexpected ULSCH HARQ PID 0 (have -1) for RNTI 0xf3c6
[0m[NR_RRC]   Decoding CCCH: RNTI f3c6, payload_size 6
[0m[NR_RRC]   Received UE 5G-S-TMSI-Part1 278099132586
[0m[32m[NR_RRC]   [--] (cellID 0, UE ID 3 RNTI f3c6) Create UE context: CU UE ID 3 DU UE ID 62406 (rnti: f3c6, random ue id 40c00000aa)
[0m[RRC]   activate SRB 1 of UE 3
[0m[32m[NR_RRC]   [DL] (cellID bc614e, UE ID 3 RNTI f3c6) Send RRC Setup
[0m[NR_MAC]   UE f3c6 Generate Msg4: feedback at  603. 7, payload 225 bytes, next state nrRA_WAIT_Msg4_MsgB_ACK
[0m[32m[NR_MAC]    603.13 UE f3c6: Received Ack of Msg4. CBRA procedure succeeded!
[0m[32m[NR_RRC]   [UL] (cellID bc614e, UE ID 3 RNTI f3c6) Received RRCSetupComplete (RRC_CONNECTED reached)
[0m[RRC]   s_tmsi part2 0 (00 00)
[0m[NR_RRC]   5g_s_TMSI: 0x40C00000AA, amf_set_id: 0x1 (1), amf_pointer: 0x0 (0), 5g TMSI: 0xC00000AA 
[0m[NGAP]   UE 3: Chose AMF 'open5gs-amf' (assoc_id 12) through selected PLMN Identity index 0 MCC 1 MNC 1
[0m[34m[NGAP]   FIVEG_S_TMSI_PRESENT
[0m[32m[NR_RRC]   [DL] (cellID bc614e, UE ID 2 RNTI 8298) Send RRC Release
[0m[34m[NGAP]   NGAP_FIND_PROTOCOLIE_BY_ID ie is NULL (searching for ie: 110)
[0m[93m[NGAP]   could not find NGAP_ProtocolIE_ID_id_UEAggregateMaximumBitRate
[0m[34m[NGAP]   NGAP_FIND_PROTOCOLIE_BY_ID ie is NULL (searching for ie: 71)
[0m[34m[NGAP]   AllowedNSSAI.list.count 2
[0m[34m[NGAP]   NGAP_FIND_PROTOCOLIE_BY_ID ie is NULL (searching for ie: 36)
[0m[32m[NR_RRC]   [--] (cellID bc614e, UE ID 3 RNTI f3c6) Selected security algorithms: ciphering 0, integrity 2
[0m[NR_RRC]   [UE f3c6] Saved security key D8
[0m[NR_RRC]   UE 3 Logical Channel DL-DCCH, Generate SecurityModeCommand (bytes 3)
[0m[32m[NR_RRC]   [UL] (cellID bc614e, UE ID 3 RNTI f3c6) Received Security Mode Complete
[0m[NR_RRC]   UE 3: Logical Channel DL-DCCH, Generate NR UECapabilityEnquiry (bytes 8, xid 1)
[0m[1;31m[NR_MAC]   UE 8298: reported RSRP index 8 invalid
[0m[32m[NR_RRC]   [UL] (cellID bc614e, UE ID 3 RNTI f3c6) Received UE capabilities
[0m[NR_RRC]   Send message to ngap: NGAP_UE_CAPABILITIES_IND
[0m[32m[NR_RRC]   [DL] (cellID bc614e, UE ID 3 RNTI f3c6) Send DL Information Transfer [14 bytes]
[0m[NR_RRC]   Send message to sctp: NGAP_InitialContextSetupResponse
[0m[32m[NR_RRC]   [UL] (cellID bc614e, UE ID 3 RNTI f3c6) Received RRC UL Information Transfer [83 bytes]
[0m[93m[NR_MAC]   UE 8298: Detected UL Failure on PUSCH after 10 PUSCH DTX, stopping scheduling
[0m[93m[RLC]   Remove UE 33432
[0m[NR_RRC]   removed UE CU UE ID 2/RNTI 8298 
[0m[NR_MAC]   Remove NR rnti 0x8298
[0m[32m[NR_RRC]   [--] (cellID bc614e, UE ID 2 RNTI 8298) Remove UE context
[0m[NGAP]   PDUSESSIONSetup initiating message
[0m[NR_RRC]   UE 3: received PDU Session Resource Setup Request
[0m[NR_RRC]   Adding pdusession 1, total nb of sessions 1
[0m[NR_RRC]   UE 3: configure DRB ID 1 for PDU session ID 1
[0m[32m[NR_RRC]   [--] (cellID bc614e, UE ID 3 RNTI f3c6) selecting CU-UP ID 3589 based on exact NSSAI match (1:0xffffff)
[0m[RRC]   UE 3 associating to CU-UP assoc_id -1 out of 1 CU-UPs
[0m[GTPU]   [95] Created tunnel for UE ID 3, teid for incoming: 426997d4, teid for outgoing c3b8 to remote IPv4: 10.128.0.42, IPv6 ::
[0m[PDCP]   added drb 1 to UE ID 3
[0m[SDAP]   Default DRB for the created SDAP entity: 1 
[0m[RRC]   activate SRB 2 of UE 3
[0m[RLC]   Added srb 2 to UE 62406
[0m[RLC]   Added drb 1 to UE 62406
[0m[RLC]   Added DRB to UE 62406
[0m[RRC]   UE 3 trigger UE context setup request with 1 DRBs
[0m[RRC]   UE f3c6 replacing existing CellGroupConfig with new one received from DU
[0m[E1AP]   UE 3: updating PDU session ID 1 (1 bearers)
[0m[PDCP]   DRB 1 re-established
[0m[32m[NR_RRC]   [DL] (cellID bc614e, UE ID 3 RNTI f3c6) Generate RRCReconfiguration (bytes 360, xid 3)
[0m[RRC]   UE 3: PDU session ID 1 modified 1 bearers
[0m[32m[NR_RRC]   [UL] (cellID bc614e, UE ID 3 RNTI f3c6) Received RRCReconfigurationComplete
[0m[NR_RRC]   msg index 0, pdu_sessions index 0, status 2, xid 3): nb_of_pdusessions 1,  pdusession_id 1, teid: 1114216404 
 [0m[NR_RRC]   NGAP_PDUSESSION_SETUP_RESP: sending the message
[0m[34m[NGAP]   pdusession_setup_resp_p: pdusession ID 1, gnb_addr 10.131.2.18, SIZE 4, TEID 1114216404
[0m[NR_MAC]   Frame.Slot 640.0
UE RNTI 391c CU-UE-ID 1 in-sync PH 6 dB PCMAX 21 dBm, average RSRP -108 (15 meas)
UE 391c: CQI 6, RI 2, PMI (15,1)
UE 391c: dlsch_rounds 606/407/130/89, dlsch_errors 73, pucch0_DTX 348, BLER 0.52284 MCS (1) 0
UE 391c: ulsch_rounds 6950/1/1/0, ulsch_errors 0, ulsch_DTX 1, BLER 0.00000 MCS (1) 1 (Qm 2 deltaMCS 0 dB) NPRB 5  SNR 14.0 dB
UE 391c: MAC:    TX         152999 RX         156997 bytes
UE 391c: LCID 1: TX           2140 RX           2867 bytes
UE 391c: LCID 2: TX              0 RX              0 bytes
UE 391c: LCID 4: TX         134577 RX          93409 bytes
UE RNTI f3c6 CU-UE-ID 3 in-sync PH 46 dB PCMAX 21 dBm, average RSRP -80 (3 meas)
UE f3c6: CQI 15, RI 2, PMI (15,1)
UE f3c6: dlsch_rounds 10/1/1/1, dlsch_errors 1, pucch0_DTX 4, BLER 0.09000 MCS (1) 9
UE f3c6: ulsch_rounds 14/0/0/0, ulsch_errors 0, ulsch_DTX 0, BLER 0.08100 MCS (1) 9 (Qm 4 deltaMCS 0 dB) NPRB 5  SNR 25.0 dB
UE f3c6: MAC:    TX           2067 RX           3122 bytes
UE f3c6: LCID 1: TX            438 RX           1319 bytes
UE f3c6: LCID 2: TX              0 RX              0 bytes
UE f3c6: LCID 4: TX              0 RX              0 bytes

[0m[NR_MAC]   Frame.Slot 768.0
UE RNTI 391c CU-UE-ID 1 in-sync PH 7 dB PCMAX 21 dBm, average RSRP -108 (16 meas)
UE 391c: CQI 6, RI 2, PMI (15,1)
UE 391c: dlsch_rounds 609/410/131/90, dlsch_errors 74, pucch0_DTX 352, BLER 0.57115 MCS (1) 0
UE 391c: ulsch_rounds 6967/1/1/0, ulsch_errors 0, ulsch_DTX 1, BLER 0.00000 MCS (1) 1 (Qm 2 deltaMCS 0 dB) NPRB 5  SNR 15.0 dB
UE 391c: MAC:    TX         153113 RX         157319 bytes
UE 391c: LCID 1: TX           2146 RX           2923 bytes
UE 391c: LCID 2: TX              0 RX              0 bytes
UE 391c: LCID 4: TX         134577 RX          93409 bytes
UE RNTI f3c6 CU-UE-ID 3 in-sync PH 32 dB PCMAX 21 dBm, average RSRP -79 (15 meas)
UE f3c6: CQI 11, RI 4, PMI (7,0)
UE f3c6: dlsch_rounds 12/1/1/1, dlsch_errors 1, pucch0_DTX 4, BLER 0.10290 MCS (1) 9
UE f3c6: ulsch_rounds 28/0/0/0, ulsch_errors 0, ulsch_DTX 0, BLER 0.02288 MCS (1) 9 (Qm 4 deltaMCS 0 dB) NPRB 5  SNR 26.0 dB
UE f3c6: MAC:    TX           3635 RX           5712 bytes
UE f3c6: LCID 1: TX            441 RX           1341 bytes
UE f3c6: LCID 2: TX              0 RX              0 bytes
UE f3c6: LCID 4: TX              0 RX              0 bytes

[0m[NR_MAC]   Frame.Slot 896.0
UE RNTI 391c CU-UE-ID 1 in-sync PH 8 dB PCMAX 21 dBm, average RSRP -107 (16 meas)
UE 391c: CQI 6, RI 2, PMI (15,1)
UE 391c: dlsch_rounds 611/412/133/92, dlsch_errors 75, pucch0_DTX 359, BLER 0.65263 MCS (1) 0
UE 391c: ulsch_rounds 6981/1/1/0, ulsch_errors 0, ulsch_DTX 1, BLER 0.00000 MCS (1) 0 (Qm 2 deltaMCS 0 dB) NPRB 5  SNR 20.0 dB
UE 391c: MAC:    TX         153189 RX         157656 bytes
UE 391c: LCID 1: TX           2149 RX           2949 bytes
UE 391c: LCID 2: TX              0 RX              0 bytes
UE 391c: LCID 4: TX         134577 RX          93409 bytes
UE RNTI f3c6 CU-UE-ID 3 in-sync PH 32 dB PCMAX 21 dBm, average RSRP -79 (15 meas)
UE f3c6: CQI 11, RI 4, PMI (7,0)
UE f3c6: dlsch_rounds 17/1/1/1, dlsch_errors 1, pucch0_DTX 4, BLER 0.06751 MCS (1) 9
UE f3c6: ulsch_rounds 46/0/0/0, ulsch_errors 0, ulsch_DTX 0, BLER 0.00581 MCS (1) 9 (Qm 4 deltaMCS 0 dB) NPRB 5  SNR 26.0 dB
UE f3c6: MAC:    TX           7555 RX           9042 bytes
UE f3c6: LCID 1: TX            444 RX           1363 bytes
UE f3c6: LCID 2: TX              0 RX              0 bytes
UE f3c6: LCID 4: TX              9 RX            371 bytes

[0m[NR_MAC]   Frame.Slot 0.0
UE RNTI 391c CU-UE-ID 1 in-sync PH 7 dB PCMAX 21 dBm, average RSRP -108 (15 meas)
UE 391c: CQI 6, RI 2, PMI (15,1)
UE 391c: dlsch_rounds 614/415/134/93, dlsch_errors 76, pucch0_DTX 363, BLER 0.74677 MCS (1) 0
UE 391c: ulsch_rounds 6997/1/1/0, ulsch_errors 0, ulsch_DTX 1, BLER 0.00000 MCS (1) 1 (Qm 2 deltaMCS 0 dB) NPRB 5  SNR 14.0 dB
UE 391c: MAC:    TX         153303 RX         158005 bytes
UE 391c: LCID 1: TX           2152 RX           2979 bytes
UE 391c: LCID 2: TX              0 RX              0 bytes
UE 391c: LCID 4: TX         134577 RX          93409 bytes
UE RNTI f3c6 CU-UE-ID 3 in-sync PH 38 dB PCMAX 21 dBm, average RSRP -80 (15 meas)
UE f3c6: CQI 11, RI 4, PMI (7,0)
UE f3c6: dlsch_rounds 24/1/1/1, dlsch_errors 1, pucch0_DTX 4, BLER 0.04430 MCS (1) 9
UE f3c6: ulsch_rounds 68/0/0/0, ulsch_errors 0, ulsch_DTX 0, BLER 0.00164 MCS (1) 9 (Qm 4 deltaMCS 0 dB) NPRB 5  SNR 27.0 dB
UE f3c6: MAC:    TX          13043 RX          13120 bytes
UE f3c6: LCID 1: TX            447 RX           1385 bytes
UE f3c6: LCID 2: TX              0 RX              0 bytes
UE f3c6: LCID 4: TX             24 RX           1216 bytes

[0m[NR_MAC]   Frame.Slot 128.0
UE RNTI 391c CU-UE-ID 1 in-sync PH 6 dB PCMAX 21 dBm, average RSRP -108 (16 meas)
UE 391c: CQI 6, RI 2, PMI (15,1)
UE 391c: dlsch_rounds 616/417/134/93, dlsch_errors 76, pucch0_DTX 363, BLER 0.79488 MCS (1) 0
UE 391c: ulsch_rounds 7011/1/1/0, ulsch_errors 0, ulsch_DTX 1, BLER 0.00000 MCS (1) 0 (Qm 2 deltaMCS 0 dB) NPRB 5  SNR 19.0 dB
UE 391c: MAC:    TX         153379 RX         158287 bytes
UE 391c: LCID 1: TX           2155 RX           3005 bytes
UE 391c: LCID 2: TX              0 RX              0 bytes
UE 391c: LCID 4: TX         134577 RX          93409 bytes
UE RNTI f3c6 CU-UE-ID 3 in-sync PH 36 dB PCMAX 21 dBm, average RSRP -80 (15 meas)
UE f3c6: CQI 11, RI 4, PMI (7,0)
UE f3c6: dlsch_rounds 29/1/1/1, dlsch_errors 1, pucch0_DTX 4, BLER 0.02616 MCS (1) 9
UE f3c6: ulsch_rounds 85/0/0/0, ulsch_errors 0, ulsch_DTX 0, BLER 0.00046 MCS (1) 9 (Qm 4 deltaMCS 0 dB) NPRB 5  SNR 30.0 dB
UE f3c6: MAC:    TX          16963 RX          16265 bytes
UE f3c6: LCID 1: TX            453 RX           1429 bytes
UE f3c6: LCID 2: TX              0 RX              0 bytes
UE f3c6: LCID 4: TX             27 RX           1444 bytes

[0m[1;31m[NFAPI_VNF]   
============================================================================
sfn slot doesn't match unpacked one! L2->L1 139.14  vs L1->L2 139.16  
============================================================================
[0m[NR_MAC]   Frame.Slot 256.0
UE RNTI 391c CU-UE-ID 1 in-sync PH 6 dB PCMAX 21 dBm, average RSRP -108 (16 meas)
UE 391c: CQI 6, RI 2, PMI (15,1)
UE 391c: dlsch_rounds 619/419/134/93, dlsch_errors 76, pucch0_DTX 363, BLER 0.75047 MCS (1) 0
UE 391c: ulsch_rounds 7029/1/1/0, ulsch_errors 0, ulsch_DTX 1, BLER 0.00000 MCS (1) 1 (Qm 2 deltaMCS 0 dB) NPRB 5  SNR 18.0 dB
UE 391c: MAC:    TX         153493 RX         158615 bytes
UE 391c: LCID 1: TX           2161 RX           3065 bytes
UE 391c: LCID 2: TX              0 RX              0 bytes
UE 391c: LCID 4: TX         134577 RX          93409 bytes
UE RNTI f3c6 CU-UE-ID 3 in-sync PH 32 dB PCMAX 21 dBm, average RSRP -80 (15 meas)
UE f3c6: CQI 11, RI 4, PMI (7,0)
UE f3c6: dlsch_rounds 32/1/1/1, dlsch_errors 1, pucch0_DTX 4, BLER 0.01907 MCS (1) 9
UE f3c6: ulsch_rounds 100/0/0/0, ulsch_errors 0, ulsch_DTX 0, BLER 0.00015 MCS (1) 9 (Qm 4 deltaMCS 0 dB) NPRB 5  SNR 30.0 dB
UE f3c6: MAC:    TX          19315 RX          19040 bytes
UE f3c6: LCID 1: TX            456 RX           1451 bytes
UE f3c6: LCID 2: TX              0 RX              0 bytes
UE f3c6: LCID 4: TX             30 RX           1523 bytes

[0m[NR_MAC]   Frame.Slot 384.0
UE RNTI 391c CU-UE-ID 1 in-sync PH 7 dB PCMAX 21 dBm, average RSRP -109 (15 meas)
UE 391c: CQI 6, RI 2, PMI (15,1)
UE 391c: dlsch_rounds 622/421/134/93, dlsch_errors 76, pucch0_DTX 363, BLER 0.71809 MCS (1) 0
UE 391c: ulsch_rounds 7043/1/1/0, ulsch_errors 0, ulsch_DTX 1, BLER 0.00000 MCS (1) 0 (Qm 2 deltaMCS 0 dB) NPRB 5  SNR 15.0 dB
UE 391c: MAC:    TX         153607 RX         158952 bytes
UE 391c: LCID 1: TX           2164 RX           3091 bytes
UE 391c: LCID 2: TX              0 RX              0 bytes
UE 391c: LCID 4: TX         134577 RX          93409 bytes
UE RNTI f3c6 CU-UE-ID 3 in-sync PH 34 dB PCMAX 21 dBm, average RSRP -79 (16 meas)
UE f3c6: CQI 11, RI 4, PMI (7,0)
UE f3c6: dlsch_rounds 35/1/1/1, dlsch_errors 1, pucch0_DTX 4, BLER 0.01390 MCS (1) 9
UE f3c6: ulsch_rounds 116/0/0/0, ulsch_errors 0, ulsch_DTX 0, BLER 0.00004 MCS (1) 9 (Qm 4 deltaMCS 0 dB) NPRB 5  SNR 28.0 dB
UE f3c6: MAC:    TX          21667 RX          22000 bytes
UE f3c6: LCID 1: TX            459 RX           1473 bytes
UE f3c6: LCID 2: TX              0 RX              0 bytes
UE f3c6: LCID 4: TX             33 RX           1751 bytes

[0m[NR_MAC]   Frame.Slot 512.0
UE RNTI 391c CU-UE-ID 1 in-sync PH 7 dB PCMAX 21 dBm, average RSRP -108 (16 meas)
UE 391c: CQI 6, RI 2, PMI (15,1)
UE 391c: dlsch_rounds 624/422/134/93, dlsch_errors 76, pucch0_DTX 363, BLER 0.67166 MCS (1) 0
UE 391c: ulsch_rounds 7060/1/1/0, ulsch_errors 0, ulsch_DTX 1, BLER 0.00000 MCS (1) 1 (Qm 2 deltaMCS 0 dB) NPRB 5  SNR 11.0 dB
UE 391c: MAC:    TX         153683 RX         159318 bytes
UE 391c: LCID 1: TX           2167 RX           3121 bytes
UE 391c: LCID 2: TX              0 RX              0 bytes
UE 391c: LCID 4: TX         134577 RX          93409 bytes
UE RNTI f3c6 CU-UE-ID 3 in-sync PH 34 dB PCMAX 21 dBm, average RSRP -79 (16 meas)
UE f3c6: CQI 11, RI 4, PMI (7,0)
UE f3c6: dlsch_rounds 38/1/1/1, dlsch_errors 1, pucch0_DTX 4, BLER 0.01013 MCS (1) 9
UE f3c6: ulsch_rounds 131/0/0/0, ulsch_errors 0, ulsch_DTX 0, BLER 0.00001 MCS (1) 9 (Qm 4 deltaMCS 0 dB) NPRB 5  SNR 25.0 dB
UE f3c6: MAC:    TX          24019 RX          24775 bytes
UE f3c6: LCID 1: TX            462 RX           1495 bytes
UE f3c6: LCID 2: TX              0 RX              0 bytes
UE f3c6: LCID 4: TX             33 RX           1751 bytes

[0m[NR_MAC]   Frame.Slot 640.0
UE RNTI 391c CU-UE-ID 1 in-sync PH 6 dB PCMAX 21 dBm, average RSRP -108 (16 meas)
UE 391c: CQI 6, RI 2, PMI (15,1)
UE 391c: dlsch_rounds 626/424/134/93, dlsch_errors 76, pucch0_DTX 363, BLER 0.73404 MCS (1) 0
UE 391c: ulsch_rounds 7075/1/1/0, ulsch_errors 0, ulsch_DTX 1, BLER 0.00000 MCS (1) 1 (Qm 2 deltaMCS 0 dB) NPRB 5  SNR 14.0 dB
UE 391c: MAC:    TX         153759 RX         159727 bytes
UE 391c: LCID 1: TX           2170 RX           3147 bytes
UE 391c: LCID 2: TX              0 RX              0 bytes
UE 391c: LCID 4: TX         134577 RX          93409 bytes
UE RNTI f3c6 CU-UE-ID 3 in-sync PH 34 dB PCMAX 21 dBm, average RSRP -79 (15 meas)
UE f3c6: CQI 11, RI 4, PMI (7,0)
UE f3c6: dlsch_rounds 42/1/1/1, dlsch_errors 1, pucch0_DTX 4, BLER 0.00739 MCS (1) 9
UE f3c6: ulsch_rounds 148/0/0/0, ulsch_errors 0, ulsch_DTX 0, BLER 0.00000 MCS (1) 9 (Qm 4 deltaMCS 0 dB) NPRB 5  SNR 26.0 dB
UE f3c6: MAC:    TX          27155 RX          27920 bytes
UE f3c6: LCID 1: TX            468 RX           1539 bytes
UE f3c6: LCID 2: TX              0 RX              0 bytes
UE f3c6: LCID 4: TX             36 RX           1830 bytes

[0m[NR_MAC]   Frame.Slot 768.0
UE RNTI 391c CU-UE-ID 1 in-sync PH 7 dB PCMAX 21 dBm, average RSRP -108 (14 meas)
UE 391c: CQI 6, RI 2, PMI (15,1)
UE 391c: dlsch_rounds 631/429/134/93, dlsch_errors 76, pucch0_DTX 363, BLER 0.80612 MCS (1) 0
UE 391c: ulsch_rounds 7099/1/1/0, ulsch_errors 0, ulsch_DTX 1, BLER 0.00000 MCS (1) 0 (Qm 2 deltaMCS 0 dB) NPRB 5  SNR 17.0 dB
UE 391c: MAC:    TX         153991 RX         160212 bytes
UE 391c: LCID 1: TX           2176 RX           3199 bytes
UE 391c: LCID 2: TX              0 RX              0 bytes
UE 391c: LCID 4: TX         134638 RX          93500 bytes
UE RNTI f3c6 CU-UE-ID 3 in-sync PH 34 dB PCMAX 21 dBm, average RSRP -79 (15 meas)
UE f3c6: CQI 11, RI 4, PMI (7,0)
UE f3c6: dlsch_rounds 44/1/1/1, dlsch_errors 1, pucch0_DTX 4, BLER 0.00598 MCS (1) 9
UE f3c6: ulsch_rounds 163/0/0/0, ulsch_errors 0, ulsch_DTX 0, BLER 0.00000 MCS (1) 9 (Qm 4 deltaMCS 0 dB) NPRB 5  SNR 24.0 dB
UE f3c6: MAC:    TX          28723 RX          30695 bytes
UE f3c6: LCID 1: TX            471 RX           1561 bytes
UE f3c6: LCID 2: TX              0 RX              0 bytes
UE f3c6: LCID 4: TX             36 RX           1830 bytes

[0m[NR_MAC]   Frame.Slot 896.0
UE RNTI 391c CU-UE-ID 1 in-sync PH 7 dB PCMAX 21 dBm, average RSRP -108 (16 meas)
UE 391c: CQI 6, RI 2, PMI (15,1)
UE 391c: dlsch_rounds 634/432/134/93, dlsch_errors 76, pucch0_DTX 363, BLER 0.85866 MCS (1) 0
UE 391c: ulsch_rounds 7115/1/1/0, ulsch_errors 0, ulsch_DTX 1, BLER 0.00000 MCS (1) 1 (Qm 2 deltaMCS 0 dB) NPRB 5  SNR 18.0 dB
UE 391c: MAC:    TX         154105 RX         160539 bytes
UE 391c: LCID 1: TX           2179 RX           3229 bytes
UE 391c: LCID 2: TX              0 RX              0 bytes
UE 391c: LCID 4: TX         134638 RX          93500 bytes
UE RNTI f3c6 CU-UE-ID 3 in-sync PH 34 dB PCMAX 21 dBm, average RSRP -79 (16 meas)
UE f3c6: CQI 11, RI 4, PMI (7,0)
UE f3c6: dlsch_rounds 46/1/1/1, dlsch_errors 1, pucch0_DTX 4, BLER 0.00485 MCS (1) 9
UE f3c6: ulsch_rounds 177/0/0/0, ulsch_errors 0, ulsch_DTX 0, BLER 0.00000 MCS (1) 9 (Qm 4 deltaMCS 0 dB) NPRB 5  SNR 27.0 dB
UE f3c6: MAC:    TX          30291 RX          33285 bytes
UE f3c6: LCID 1: TX            474 RX           1583 bytes
UE f3c6: LCID 2: TX              0 RX              0 bytes
UE f3c6: LCID 4: TX             36 RX           1830 bytes

[0m[NR_MAC]   Frame.Slot 0.0
UE RNTI 391c CU-UE-ID 1 in-sync PH 6 dB PCMAX 21 dBm, average RSRP -109 (16 meas)
UE 391c: CQI 6, RI 2, PMI (15,1)
UE 391c: dlsch_rounds 636/434/134/93, dlsch_errors 76, pucch0_DTX 363, BLER 0.88551 MCS (1) 0
UE 391c: ulsch_rounds 7129/1/1/0, ulsch_errors 0, ulsch_DTX 1, BLER 0.00000 MCS (1) 0 (Qm 2 deltaMCS 0 dB) NPRB 5  SNR 18.0 dB
UE 391c: MAC:    TX         154181 RX         160843 bytes
UE 391c: LCID 1: TX           2182 RX           3255 bytes
UE 391c: LCID 2: TX              0 RX              0 bytes
UE 391c: LCID 4: TX         134638 RX          93500 bytes
UE RNTI f3c6 CU-UE-ID 3 in-sync PH 34 dB PCMAX 21 dBm, average RSRP -78 (16 meas)
UE f3c6: CQI 11, RI 4, PMI (7,0)
UE f3c6: dlsch_rounds 49/1/1/1, dlsch_errors 1, pucch0_DTX 4, BLER 0.00353 MCS (1) 9
UE f3c6: ulsch_rounds 192/0/0/0, ulsch_errors 0, ulsch_DTX 0, BLER 0.00000 MCS (1) 9 (Qm 4 deltaMCS 0 dB) NPRB 5  SNR 27.0 dB
UE f3c6: MAC:    TX          32643 RX          36060 bytes
UE f3c6: LCID 1: TX            477 RX           1605 bytes
UE f3c6: LCID 2: TX              0 RX              0 bytes
UE f3c6: LCID 4: TX             36 RX           1830 bytes

[0m[93m[NR_MAC]   UE f3c6 expected HARQ pid 14 feedback at   92. 8, but is at   92. 9 instead (HARQ feedback is in the past)
[0m[93m[NR_MAC]   UE f3c6 expected HARQ pid 15 feedback at   92. 8, but is at   92. 9 instead (HARQ feedback is in the past)
[0m[93m[NR_MAC]   UE f3c6 expected HARQ pid 3 feedback at   92.17, but is at   92. 8 instead (HARQ feedback is in the future)
[0m[1;31m[NR_MAC]   UE f3c6: Could not find a HARQ process at   92. 8!
[0m[NR_MAC]   Frame.Slot 128.0
UE RNTI 391c CU-UE-ID 1 in-sync PH 7 dB PCMAX 21 dBm, average RSRP -108 (16 meas)
UE 391c: CQI 6, RI 2, PMI (15,1)
UE 391c: dlsch_rounds 639/437/134/93, dlsch_errors 76, pucch0_DTX 364, BLER 0.91654 MCS (1) 0
UE 391c: ulsch_rounds 7147/1/1/0, ulsch_errors 0, ulsch_DTX 1, BLER 0.00000 MCS (1) 0 (Qm 2 deltaMCS 0 dB) NPRB 5  SNR 6.0 dB
UE 391c: MAC:    TX         154295 RX         161270 bytes
UE 391c: LCID 1: TX           2188 RX           3311 bytes
UE 391c: LCID 2: TX              0 RX              0 bytes
UE 391c: LCID 4: TX         134638 RX          93500 bytes
UE RNTI f3c6 CU-UE-ID 3 in-sync PH 30 dB PCMAX 21 dBm, average RSRP -79 (14 meas)
UE f3c6: CQI 11, RI 4, PMI (7,0)
UE f3c6: dlsch_rounds 195/3/1/1, dlsch_errors 1, pucch0_DTX 4, BLER 0.00947 MCS (1) 16
UE f3c6: ulsch_rounds 242/0/0/0, ulsch_errors 0, ulsch_DTX 0, BLER 0.00000 MCS (1) 17 (Qm 6 deltaMCS 0 dB) NPRB 5  SNR 24.0 dB
UE f3c6: MAC:    TX        6943988 RX          45434 bytes
UE f3c6: LCID 1: TX            483 RX           1649 bytes
UE f3c6: LCID 2: TX              0 RX              0 bytes
UE f3c6: LCID 4: TX        6884794 RX           2602 bytes

[0m[NR_MAC]   Frame.Slot 256.0
UE RNTI 391c CU-UE-ID 1 in-sync PH 6 dB PCMAX 21 dBm, average RSRP -108 (15 meas)
UE 391c: CQI 5, RI 2, PMI (15,1)
UE 391c: dlsch_rounds 669/461/146/100, dlsch_errors 81, pucch0_DTX 398, BLER 0.85835 MCS (1) 0
UE 391c: ulsch_rounds 7459/1/1/0, ulsch_errors 0, ulsch_DTX 1, BLER 0.00000 MCS (1) 0 (Qm 2 deltaMCS 0 dB) NPRB 5  SNR 6.0 dB
UE 391c: MAC:    TX         157464 RX         166607 bytes
UE 391c: LCID 1: TX           2191 RX           3337 bytes
UE 391c: LCID 2: TX              0 RX              0 bytes
UE 391c: LCID 4: TX         137111 RX          97760 bytes
UE RNTI f3c6 CU-UE-ID 3 in-sync PH 31 dB PCMAX 21 dBm, average RSRP -78 (15 meas)
UE f3c6: CQI 10, RI 4, PMI (7,0)
UE f3c6: dlsch_rounds 396/41/1/1, dlsch_errors 1, pucch0_DTX 4, BLER 0.13813 MCS (1) 15
UE f3c6: ulsch_rounds 295/0/0/0, ulsch_errors 0, ulsch_DTX 0, BLER 0.00000 MCS (1) 27 (Qm 8 deltaMCS 0 dB) NPRB 5  SNR 28.0 dB
UE f3c6: MAC:    TX       19696278 RX          55054 bytes
UE f3c6: LCID 1: TX            486 RX           1671 bytes
UE f3c6: LCID 2: TX              0 RX              0 bytes
UE f3c6: LCID 4: TX       19586124 RX           2680 bytes

[0m[NR_MAC]   Frame.Slot 384.0
UE RNTI 391c CU-UE-ID 1 in-sync PH 7 dB PCMAX 21 dBm, average RSRP -108 (16 meas)
UE 391c: CQI 6, RI 2, PMI (15,1)
UE 391c: dlsch_rounds 671/463/148/101, dlsch_errors 82, pucch0_DTX 404, BLER 0.88527 MCS (1) 0
UE 391c: ulsch_rounds 7474/1/1/0, ulsch_errors 0, ulsch_DTX 1, BLER 0.00000 MCS (1) 0 (Qm 2 deltaMCS 0 dB) NPRB 5  SNR 13.0 dB
UE 391c: MAC:    TX         157540 RX         166862 bytes
UE 391c: LCID 1: TX           2194 RX           3367 bytes
UE 391c: LCID 2: TX              0 RX              0 bytes
UE 391c: LCID 4: TX         137111 RX          97760 bytes
UE RNTI f3c6 CU-UE-ID 3 in-sync PH 31 dB PCMAX 21 dBm, average RSRP -78 (16 meas)
UE f3c6: CQI 11, RI 4, PMI (7,0)
UE f3c6: dlsch_rounds 614/55/2/1, dlsch_errors 1, pucch0_DTX 4, BLER 0.07092 MCS (1) 17
UE f3c6: ulsch_rounds 346/0/0/0, ulsch_errors 0, ulsch_DTX 0, BLER 0.00000 MCS (1) 27 (Qm 8 deltaMCS 0 dB) NPRB 5  SNR 27.0 dB
UE f3c6: MAC:    TX       32515543 RX          64674 bytes
UE f3c6: LCID 1: TX            489 RX           1693 bytes
UE f3c6: LCID 2: TX              0 RX              0 bytes
UE f3c6: LCID 4: TX       32362245 RX           2834 bytes

[0m[NR_MAC]   Frame.Slot 512.0
UE RNTI 391c CU-UE-ID 1 in-sync PH 6 dB PCMAX 21 dBm, average RSRP -107 (16 meas)
UE 391c: CQI 6, RI 2, PMI (9,1)
UE 391c: dlsch_rounds 673/465/150/103, dlsch_errors 84, pucch0_DTX 412, BLER 0.90707 MCS (1) 0
UE 391c: ulsch_rounds 7489/1/1/0, ulsch_errors 0, ulsch_DTX 1, BLER 0.00000 MCS (1) 1 (Qm 2 deltaMCS 0 dB) NPRB 5  SNR 19.0 dB
UE 391c: MAC:    TX         157616 RX         167194 bytes
UE 391c: LCID 1: TX           2197 RX           3397 bytes
UE 391c: LCID 2: TX              0 RX              0 bytes
UE 391c: LCID 4: TX         137111 RX          97760 bytes
UE RNTI f3c6 CU-UE-ID 3 in-sync PH 34 dB PCMAX 21 dBm, average RSRP -79 (16 meas)
UE f3c6: CQI 11, RI 4, PMI (7,0)
UE f3c6: dlsch_rounds 853/78/2/1, dlsch_errors 1, pucch0_DTX 4, BLER 0.07766 MCS (1) 13
UE f3c6: ulsch_rounds 397/0/0/0, ulsch_errors 0, ulsch_DTX 0, BLER 0.00000 MCS (1) 27 (Qm 8 deltaMCS 0 dB) NPRB 5  SNR 30.0 dB
UE f3c6: MAC:    TX       45374978 RX          74109 bytes
UE f3c6: LCID 1: TX            492 RX           1715 bytes
UE f3c6: LCID 2: TX              0 RX              0 bytes
UE f3c6: LCID 4: TX       45179043 RX           2909 bytes

[0m[NR_MAC]   Frame.Slot 640.0
UE RNTI 391c CU-UE-ID 1 in-sync PH 6 dB PCMAX 21 dBm, average RSRP -109 (13 meas)
UE 391c: CQI 6, RI 2, PMI (15,1)
UE 391c: dlsch_rounds 676/468/150/103, dlsch_errors 84, pucch0_DTX 412, BLER 0.93225 MCS (1) 0
UE 391c: ulsch_rounds 7506/1/1/0, ulsch_errors 0, ulsch_DTX 1, BLER 0.00000 MCS (1) 0 (Qm 2 deltaMCS 0 dB) NPRB 5  SNR 19.0 dB
UE 391c: MAC:    TX         157730 RX         167516 bytes
UE 391c: LCID 1: TX           2203 RX           3453 bytes
UE 391c: LCID 2: TX              0 RX              0 bytes
UE 391c: LCID 4: TX         137111 RX          97760 bytes
UE RNTI f3c6 CU-UE-ID 3 in-sync PH 34 dB PCMAX 21 dBm, average RSRP -78 (16 meas)
UE f3c6: CQI 11, RI 4, PMI (7,0)
UE f3c6: dlsch_rounds 1099/103/2/1, dlsch_errors 1, pucch0_DTX 4, BLER 0.15398 MCS (1) 14
UE f3c6: ulsch_rounds 454/0/0/0, ulsch_errors 0, ulsch_DTX 0, BLER 0.00000 MCS (1) 27 (Qm 8 deltaMCS 0 dB) NPRB 5  SNR 26.0 dB
UE f3c6: MAC:    TX       59885294 RX          84654 bytes
UE f3c6: LCID 1: TX            498 RX           1759 bytes
UE f3c6: LCID 2: TX              0 RX              0 bytes
UE f3c6: LCID 4: TX       59645035 RX           2987 bytes

[0m[NR_MAC]   Frame.Slot 768.0
UE RNTI 391c CU-UE-ID 1 in-sync PH 7 dB PCMAX 21 dBm, average RSRP -107 (16 meas)
UE 391c: CQI 6, RI 2, PMI (9,0)
UE 391c: dlsch_rounds 679/471/150/103, dlsch_errors 84, pucch0_DTX 412, BLER 0.95061 MCS (1) 0
UE 391c: ulsch_rounds 7521/1/1/0, ulsch_errors 0, ulsch_DTX 1, BLER 0.00000 MCS (1) 1 (Qm 2 deltaMCS 0 dB) NPRB 5  SNR 13.0 dB
UE 391c: MAC:    TX         157844 RX         167793 bytes
UE 391c: LCID 1: TX           2206 RX           3483 bytes
UE 391c: LCID 2: TX              0 RX              0 bytes
UE 391c: LCID 4: TX         137111 RX          97760 bytes
UE RNTI f3c6 CU-UE-ID 3 in-sync PH 31 dB PCMAX 21 dBm, average RSRP -77 (16 meas)
UE f3c6: CQI 11, RI 4, PMI (7,0)
UE f3c6: dlsch_rounds 1341/104/2/1, dlsch_errors 1, pucch0_DTX 4, BLER 0.04261 MCS (1) 16
UE f3c6: ulsch_rounds 507/0/0/0, ulsch_errors 0, ulsch_DTX 0, BLER 0.00000 MCS (1) 27 (Qm 8 deltaMCS 0 dB) NPRB 5  SNR 25.0 dB
UE f3c6: MAC:    TX       74038610 RX          94459 bytes
UE f3c6: LCID 1: TX            501 RX           1781 bytes
UE f3c6: LCID 2: TX              0 RX              0 bytes
UE f3c6: LCID 4: TX       73759089 RX           3065 bytes

[0m[NR_MAC]   Frame.Slot 896.0
UE RNTI 391c CU-UE-ID 1 in-sync PH 7 dB PCMAX 21 dBm, average RSRP -107 (16 meas)
UE 391c: CQI 6, RI 2, PMI (11,0)
UE 391c: dlsch_rounds 681/472/150/103, dlsch_errors 84, pucch0_DTX 412, BLER 0.85999 MCS (1) 0
UE 391c: ulsch_rounds 7536/1/1/0, ulsch_errors 0, ulsch_DTX 1, BLER 0.00000 MCS (1) 0 (Qm 2 deltaMCS 0 dB) NPRB 5  SNR 20.0 dB
UE 391c: MAC:    TX         157920 RX         168147 bytes
UE 391c: LCID 1: TX           2209 RX           3509 bytes
UE 391c: LCID 2: TX              0 RX              0 bytes
UE 391c: LCID 4: TX         137111 RX          97760 bytes
UE RNTI f3c6 CU-UE-ID 3 in-sync PH 30 dB PCMAX 21 dBm, average RSRP -80 (16 meas)
UE f3c6: CQI 10, RI 4, PMI (7,0)
UE f3c6: dlsch_rounds 1613/143/2/1, dlsch_errors 1, pucch0_DTX 4, BLER 0.10121 MCS (1) 10
UE f3c6: ulsch_rounds 560/0/0/0, ulsch_errors 0, ulsch_DTX 0, BLER 0.00000 MCS (1) 27 (Qm 8 deltaMCS 0 dB) NPRB 5  SNR 27.0 dB
UE f3c6: MAC:    TX       87963495 RX         104079 bytes
UE f3c6: LCID 1: TX            504 RX           1803 bytes
UE f3c6: LCID 2: TX              0 RX              0 bytes
UE f3c6: LCID 4: TX       87646670 RX           3143 bytes

[0m[NR_MAC]   RACH.indication put_queue successfull
[0m[32m[NR_MAC]   994.19 UE RA-RNTI 010b TC-RNTI 432a: Activating RA process index 0
[0m[NR_MAC]   UE 432a: Msg3 scheduled at 995.17 (995.6 TDA 2)
[0m[32m[NR_MAC]   UE 432a: 995.6 Generating RA-Msg2 DCI, RA RNTI 0x10b, state 1, CoreSetType 0, preamble_index(RAPID) 55, timing_offset = 9 (estimated distance 351.6 [m])
[0m[32m[NR_MAC]   995.6 Send RAR to RA-RNTI 010b
[0m[1;31m[NR_MAC]   Couldn't identify UE connected with current UL HARQ process
[0m[NR_MAC]    996 9: RA RNTI 432a CC_id 0 Scheduling retransmission of Msg3 in (996,17)
[0m[1;31m[NR_MAC]   Couldn't identify UE connected with current UL HARQ process
[0m[NR_MAC]    997 9: RA RNTI 432a CC_id 0 Scheduling retransmission of Msg3 in (997,17)
[0m[1;31m[NR_MAC]   Couldn't identify UE connected with current UL HARQ process
[0m[NR_MAC]    998 9: RA RNTI 432a CC_id 0 Scheduling retransmission of Msg3 in (998,17)
[0m[93m[NR_MAC]   Random Access 0 failed at state WAIT_Msg3 (Reached msg3 max harq rounds)
[0m[1;31m[NR_MAC]   Couldn't identify UE connected with current UL HARQ process
[0m[1;31m[NFAPI_VNF]   
============================================================================
sfn slot doesn't match unpacked one! L2->L1 1021.0  vs L1->L2 1021.2  
============================================================================
[0m[NR_MAC]   Frame.Slot 0.0
UE RNTI 391c CU-UE-ID 1 in-sync PH 8 dB PCMAX 21 dBm, average RSRP -107 (15 meas)
UE 391c: CQI 5, RI 2, PMI (9,0)
UE 391c: dlsch_rounds 683/474/152/104, dlsch_errors 85, pucch0_DTX 416, BLER 0.87400 MCS (1) 0
UE 391c: ulsch_rounds 7552/1/1/0, ulsch_errors 0, ulsch_DTX 1, BLER 0.00000 MCS (1) 1 (Qm 2 deltaMCS 0 dB) NPRB 5  SNR 13.0 dB
UE 391c: MAC:    TX         157996 RX         168507 bytes
UE 391c: LCID 1: TX           2212 RX           3539 bytes
UE 391c: LCID 2: TX              0 RX              0 bytes
UE 391c: LCID 4: TX         137111 RX          97760 bytes
UE RNTI f3c6 CU-UE-ID 3 in-sync PH 30 dB PCMAX 21 dBm, average RSRP -81 (16 meas)
UE f3c6: CQI 10, RI 4, PMI (7,0)
UE f3c6: dlsch_rounds 1904/157/2/1, dlsch_errors 1, pucch0_DTX 4, BLER 0.08050 MCS (1) 14
UE f3c6: ulsch_rounds 610/1/0/0, ulsch_errors 0, ulsch_DTX 0, BLER 0.02250 MCS (1) 27 (Qm 8 deltaMCS 0 dB) NPRB 5  SNR 22.0 dB
UE f3c6: MAC:    TX      101757125 RX         113514 bytes
UE f3c6: LCID 1: TX            507 RX           1825 bytes
UE f3c6: LCID 2: TX              0 RX              0 bytes
UE f3c6: LCID 4: TX      101401654 RX           3218 bytes

[0m